[2024-08-10 08:48:54,408] {taskinstance.py:877} INFO - Dependencies all met for <TaskInstance: migrate_data_dag.completeness_check 2024-08-10T08:48:43.710640+00:00 [queued]>
[2024-08-10 08:48:54,417] {taskinstance.py:877} INFO - Dependencies all met for <TaskInstance: migrate_data_dag.completeness_check 2024-08-10T08:48:43.710640+00:00 [queued]>
[2024-08-10 08:48:54,417] {taskinstance.py:1068} INFO - 
--------------------------------------------------------------------------------
[2024-08-10 08:48:54,417] {taskinstance.py:1069} INFO - Starting attempt 1 of 2
[2024-08-10 08:48:54,417] {taskinstance.py:1070} INFO - 
--------------------------------------------------------------------------------
[2024-08-10 08:48:54,430] {taskinstance.py:1089} INFO - Executing <Task(PythonOperator): completeness_check> on 2024-08-10T08:48:43.710640+00:00
[2024-08-10 08:48:54,433] {standard_task_runner.py:52} INFO - Started process 32328 to run task
[2024-08-10 08:48:54,436] {standard_task_runner.py:76} INFO - Running: ['airflow', 'tasks', 'run', 'migrate_data_dag', 'completeness_check', '2024-08-10T08:48:43.710640+00:00', '--job-id', '149', '--pool', 'default_pool', '--raw', '--subdir', 'DAGS_FOLDER/dag.py', '--cfg-path', '/tmp/tmp7p7lm964', '--error-file', '/tmp/tmpmr1ps1gw']
[2024-08-10 08:48:54,439] {standard_task_runner.py:77} INFO - Job 149: Subtask completeness_check
[2024-08-10 08:48:54,474] {logging_mixin.py:104} INFO - Running <TaskInstance: migrate_data_dag.completeness_check 2024-08-10T08:48:43.710640+00:00 [running]> on host bcea38538591
[2024-08-10 08:48:54,504] {taskinstance.py:1283} INFO - Exporting the following env vars:
AIRFLOW_CTX_DAG_OWNER=airflow
AIRFLOW_CTX_DAG_ID=migrate_data_dag
AIRFLOW_CTX_TASK_ID=completeness_check
AIRFLOW_CTX_EXECUTION_DATE=2024-08-10T08:48:43.710640+00:00
AIRFLOW_CTX_DAG_RUN_ID=manual__2024-08-10T08:48:43.710640+00:00
[2024-08-10 08:48:54,511] {base.py:78} INFO - Using connection to: id: postgres_source. Host: postgres, Port: 5432, Schema: source, Login: postgres, Password: XXXXXXXX, extra: None
[2024-08-10 08:48:54,517] {base.py:78} INFO - Using connection to: id: mysql_dest. Host: mysql-db-migrate, Port: 3306, Schema: db, Login: root, Password: XXXXXXXX, extra: None
[2024-08-10 08:48:54,523] {base.py:78} INFO - Using connection to: id: mysql_dest. Host: mysql-db-migrate, Port: 3306, Schema: db, Login: root, Password: XXXXXXXX, extra: None
[2024-08-10 08:48:54,563] {logging_mixin.py:104} INFO -    table_name
0  film_actor
1     address
2        city
3       actor
4  actor_info
[2024-08-10 08:48:54,564] {logging_mixin.py:104} INFO - 0    film_actor
1       address
2          city
3         actor
4    actor_info
Name: table_name, dtype: object
[2024-08-10 08:48:54,820] {python.py:118} INFO - Done. Returned value was: None
[2024-08-10 08:48:54,839] {taskinstance.py:1192} INFO - Marking task as SUCCESS. dag_id=migrate_data_dag, task_id=completeness_check, execution_date=20240810T084843, start_date=20240810T084854, end_date=20240810T084854
[2024-08-10 08:48:54,861] {taskinstance.py:1246} INFO - 0 downstream tasks scheduled from follow-on schedule check
[2024-08-10 08:48:54,889] {local_task_job.py:146} INFO - Task exited with return code 0
