[2024-08-10 08:42:12,357] {scheduler_job.py:182} INFO - Started process (PID=30466) to work on /home/airflow/.local/lib/python3.6/site-packages/airflow/example_dags/example_trigger_controller_dag.py
[2024-08-10 08:42:12,358] {scheduler_job.py:629} INFO - Processing file /home/airflow/.local/lib/python3.6/site-packages/airflow/example_dags/example_trigger_controller_dag.py for tasks to queue
[2024-08-10 08:42:12,359] {logging_mixin.py:104} INFO - [2024-08-10 08:42:12,359] {dagbag.py:451} INFO - Filling up the DagBag from /home/airflow/.local/lib/python3.6/site-packages/airflow/example_dags/example_trigger_controller_dag.py
[2024-08-10 08:42:12,369] {scheduler_job.py:639} INFO - DAG(s) dict_keys(['example_trigger_controller_dag']) retrieved from /home/airflow/.local/lib/python3.6/site-packages/airflow/example_dags/example_trigger_controller_dag.py
[2024-08-10 08:42:12,389] {logging_mixin.py:104} INFO - [2024-08-10 08:42:12,389] {dag.py:1824} INFO - Sync 1 DAGs
[2024-08-10 08:42:12,404] {logging_mixin.py:104} INFO - [2024-08-10 08:42:12,404] {dag.py:2280} INFO - Setting next_dagrun for example_trigger_controller_dag to 2024-08-08 00:00:00+00:00
[2024-08-10 08:42:12,412] {scheduler_job.py:190} INFO - Processing /home/airflow/.local/lib/python3.6/site-packages/airflow/example_dags/example_trigger_controller_dag.py took 0.059 seconds
[2024-08-10 08:42:42,926] {scheduler_job.py:182} INFO - Started process (PID=30611) to work on /home/airflow/.local/lib/python3.6/site-packages/airflow/example_dags/example_trigger_controller_dag.py
[2024-08-10 08:42:42,927] {scheduler_job.py:629} INFO - Processing file /home/airflow/.local/lib/python3.6/site-packages/airflow/example_dags/example_trigger_controller_dag.py for tasks to queue
[2024-08-10 08:42:42,928] {logging_mixin.py:104} INFO - [2024-08-10 08:42:42,928] {dagbag.py:451} INFO - Filling up the DagBag from /home/airflow/.local/lib/python3.6/site-packages/airflow/example_dags/example_trigger_controller_dag.py
[2024-08-10 08:42:42,939] {scheduler_job.py:639} INFO - DAG(s) dict_keys(['example_trigger_controller_dag']) retrieved from /home/airflow/.local/lib/python3.6/site-packages/airflow/example_dags/example_trigger_controller_dag.py
[2024-08-10 08:42:42,962] {logging_mixin.py:104} INFO - [2024-08-10 08:42:42,961] {dag.py:1824} INFO - Sync 1 DAGs
[2024-08-10 08:42:42,977] {logging_mixin.py:104} INFO - [2024-08-10 08:42:42,977] {dag.py:2280} INFO - Setting next_dagrun for example_trigger_controller_dag to 2024-08-08 00:00:00+00:00
[2024-08-10 08:42:42,989] {scheduler_job.py:190} INFO - Processing /home/airflow/.local/lib/python3.6/site-packages/airflow/example_dags/example_trigger_controller_dag.py took 0.066 seconds
[2024-08-10 08:43:13,773] {scheduler_job.py:182} INFO - Started process (PID=30792) to work on /home/airflow/.local/lib/python3.6/site-packages/airflow/example_dags/example_trigger_controller_dag.py
[2024-08-10 08:43:13,774] {scheduler_job.py:629} INFO - Processing file /home/airflow/.local/lib/python3.6/site-packages/airflow/example_dags/example_trigger_controller_dag.py for tasks to queue
[2024-08-10 08:43:13,775] {logging_mixin.py:104} INFO - [2024-08-10 08:43:13,775] {dagbag.py:451} INFO - Filling up the DagBag from /home/airflow/.local/lib/python3.6/site-packages/airflow/example_dags/example_trigger_controller_dag.py
[2024-08-10 08:43:13,784] {scheduler_job.py:639} INFO - DAG(s) dict_keys(['example_trigger_controller_dag']) retrieved from /home/airflow/.local/lib/python3.6/site-packages/airflow/example_dags/example_trigger_controller_dag.py
[2024-08-10 08:43:13,804] {logging_mixin.py:104} INFO - [2024-08-10 08:43:13,804] {dag.py:1824} INFO - Sync 1 DAGs
[2024-08-10 08:43:13,818] {logging_mixin.py:104} INFO - [2024-08-10 08:43:13,818] {dag.py:2280} INFO - Setting next_dagrun for example_trigger_controller_dag to 2024-08-08 00:00:00+00:00
[2024-08-10 08:43:13,827] {scheduler_job.py:190} INFO - Processing /home/airflow/.local/lib/python3.6/site-packages/airflow/example_dags/example_trigger_controller_dag.py took 0.057 seconds
[2024-08-10 08:43:43,991] {scheduler_job.py:182} INFO - Started process (PID=30907) to work on /home/airflow/.local/lib/python3.6/site-packages/airflow/example_dags/example_trigger_controller_dag.py
[2024-08-10 08:43:43,993] {scheduler_job.py:629} INFO - Processing file /home/airflow/.local/lib/python3.6/site-packages/airflow/example_dags/example_trigger_controller_dag.py for tasks to queue
[2024-08-10 08:43:43,994] {logging_mixin.py:104} INFO - [2024-08-10 08:43:43,994] {dagbag.py:451} INFO - Filling up the DagBag from /home/airflow/.local/lib/python3.6/site-packages/airflow/example_dags/example_trigger_controller_dag.py
[2024-08-10 08:43:44,014] {scheduler_job.py:639} INFO - DAG(s) dict_keys(['example_trigger_controller_dag']) retrieved from /home/airflow/.local/lib/python3.6/site-packages/airflow/example_dags/example_trigger_controller_dag.py
[2024-08-10 08:43:44,050] {logging_mixin.py:104} INFO - [2024-08-10 08:43:44,050] {dag.py:1824} INFO - Sync 1 DAGs
[2024-08-10 08:43:44,078] {logging_mixin.py:104} INFO - [2024-08-10 08:43:44,078] {dag.py:2280} INFO - Setting next_dagrun for example_trigger_controller_dag to 2024-08-08 00:00:00+00:00
[2024-08-10 08:43:44,097] {scheduler_job.py:190} INFO - Processing /home/airflow/.local/lib/python3.6/site-packages/airflow/example_dags/example_trigger_controller_dag.py took 0.112 seconds
[2024-08-10 08:44:14,217] {scheduler_job.py:182} INFO - Started process (PID=31055) to work on /home/airflow/.local/lib/python3.6/site-packages/airflow/example_dags/example_trigger_controller_dag.py
[2024-08-10 08:44:14,218] {scheduler_job.py:629} INFO - Processing file /home/airflow/.local/lib/python3.6/site-packages/airflow/example_dags/example_trigger_controller_dag.py for tasks to queue
[2024-08-10 08:44:14,221] {logging_mixin.py:104} INFO - [2024-08-10 08:44:14,221] {dagbag.py:451} INFO - Filling up the DagBag from /home/airflow/.local/lib/python3.6/site-packages/airflow/example_dags/example_trigger_controller_dag.py
[2024-08-10 08:44:14,236] {scheduler_job.py:639} INFO - DAG(s) dict_keys(['example_trigger_controller_dag']) retrieved from /home/airflow/.local/lib/python3.6/site-packages/airflow/example_dags/example_trigger_controller_dag.py
[2024-08-10 08:44:14,266] {logging_mixin.py:104} INFO - [2024-08-10 08:44:14,265] {dag.py:1824} INFO - Sync 1 DAGs
[2024-08-10 08:44:14,280] {logging_mixin.py:104} INFO - [2024-08-10 08:44:14,280] {dag.py:2280} INFO - Setting next_dagrun for example_trigger_controller_dag to 2024-08-08 00:00:00+00:00
[2024-08-10 08:44:14,288] {scheduler_job.py:190} INFO - Processing /home/airflow/.local/lib/python3.6/site-packages/airflow/example_dags/example_trigger_controller_dag.py took 0.075 seconds
[2024-08-10 08:44:44,966] {scheduler_job.py:182} INFO - Started process (PID=31173) to work on /home/airflow/.local/lib/python3.6/site-packages/airflow/example_dags/example_trigger_controller_dag.py
[2024-08-10 08:44:44,968] {scheduler_job.py:629} INFO - Processing file /home/airflow/.local/lib/python3.6/site-packages/airflow/example_dags/example_trigger_controller_dag.py for tasks to queue
[2024-08-10 08:44:44,970] {logging_mixin.py:104} INFO - [2024-08-10 08:44:44,969] {dagbag.py:451} INFO - Filling up the DagBag from /home/airflow/.local/lib/python3.6/site-packages/airflow/example_dags/example_trigger_controller_dag.py
[2024-08-10 08:44:44,999] {scheduler_job.py:639} INFO - DAG(s) dict_keys(['example_trigger_controller_dag']) retrieved from /home/airflow/.local/lib/python3.6/site-packages/airflow/example_dags/example_trigger_controller_dag.py
[2024-08-10 08:44:45,050] {logging_mixin.py:104} INFO - [2024-08-10 08:44:45,050] {dag.py:1824} INFO - Sync 1 DAGs
[2024-08-10 08:44:45,080] {logging_mixin.py:104} INFO - [2024-08-10 08:44:45,080] {dag.py:2280} INFO - Setting next_dagrun for example_trigger_controller_dag to 2024-08-08 00:00:00+00:00
[2024-08-10 08:44:45,105] {scheduler_job.py:190} INFO - Processing /home/airflow/.local/lib/python3.6/site-packages/airflow/example_dags/example_trigger_controller_dag.py took 0.147 seconds
[2024-08-10 08:45:15,554] {scheduler_job.py:182} INFO - Started process (PID=31288) to work on /home/airflow/.local/lib/python3.6/site-packages/airflow/example_dags/example_trigger_controller_dag.py
[2024-08-10 08:45:15,556] {scheduler_job.py:629} INFO - Processing file /home/airflow/.local/lib/python3.6/site-packages/airflow/example_dags/example_trigger_controller_dag.py for tasks to queue
[2024-08-10 08:45:15,557] {logging_mixin.py:104} INFO - [2024-08-10 08:45:15,557] {dagbag.py:451} INFO - Filling up the DagBag from /home/airflow/.local/lib/python3.6/site-packages/airflow/example_dags/example_trigger_controller_dag.py
[2024-08-10 08:45:15,574] {scheduler_job.py:639} INFO - DAG(s) dict_keys(['example_trigger_controller_dag']) retrieved from /home/airflow/.local/lib/python3.6/site-packages/airflow/example_dags/example_trigger_controller_dag.py
[2024-08-10 08:45:15,601] {logging_mixin.py:104} INFO - [2024-08-10 08:45:15,600] {dag.py:1824} INFO - Sync 1 DAGs
[2024-08-10 08:45:15,625] {logging_mixin.py:104} INFO - [2024-08-10 08:45:15,625] {dag.py:2280} INFO - Setting next_dagrun for example_trigger_controller_dag to 2024-08-08 00:00:00+00:00
[2024-08-10 08:45:15,638] {scheduler_job.py:190} INFO - Processing /home/airflow/.local/lib/python3.6/site-packages/airflow/example_dags/example_trigger_controller_dag.py took 0.091 seconds
[2024-08-10 08:45:46,601] {scheduler_job.py:182} INFO - Started process (PID=31463) to work on /home/airflow/.local/lib/python3.6/site-packages/airflow/example_dags/example_trigger_controller_dag.py
[2024-08-10 08:45:46,603] {scheduler_job.py:629} INFO - Processing file /home/airflow/.local/lib/python3.6/site-packages/airflow/example_dags/example_trigger_controller_dag.py for tasks to queue
[2024-08-10 08:45:46,604] {logging_mixin.py:104} INFO - [2024-08-10 08:45:46,604] {dagbag.py:451} INFO - Filling up the DagBag from /home/airflow/.local/lib/python3.6/site-packages/airflow/example_dags/example_trigger_controller_dag.py
[2024-08-10 08:45:46,614] {scheduler_job.py:639} INFO - DAG(s) dict_keys(['example_trigger_controller_dag']) retrieved from /home/airflow/.local/lib/python3.6/site-packages/airflow/example_dags/example_trigger_controller_dag.py
[2024-08-10 08:45:46,636] {logging_mixin.py:104} INFO - [2024-08-10 08:45:46,636] {dag.py:1824} INFO - Sync 1 DAGs
[2024-08-10 08:45:46,652] {logging_mixin.py:104} INFO - [2024-08-10 08:45:46,652] {dag.py:2280} INFO - Setting next_dagrun for example_trigger_controller_dag to 2024-08-08 00:00:00+00:00
[2024-08-10 08:45:46,664] {scheduler_job.py:190} INFO - Processing /home/airflow/.local/lib/python3.6/site-packages/airflow/example_dags/example_trigger_controller_dag.py took 0.066 seconds
[2024-08-10 08:46:16,957] {scheduler_job.py:182} INFO - Started process (PID=31598) to work on /home/airflow/.local/lib/python3.6/site-packages/airflow/example_dags/example_trigger_controller_dag.py
[2024-08-10 08:46:16,958] {scheduler_job.py:629} INFO - Processing file /home/airflow/.local/lib/python3.6/site-packages/airflow/example_dags/example_trigger_controller_dag.py for tasks to queue
[2024-08-10 08:46:16,958] {logging_mixin.py:104} INFO - [2024-08-10 08:46:16,958] {dagbag.py:451} INFO - Filling up the DagBag from /home/airflow/.local/lib/python3.6/site-packages/airflow/example_dags/example_trigger_controller_dag.py
[2024-08-10 08:46:16,968] {scheduler_job.py:639} INFO - DAG(s) dict_keys(['example_trigger_controller_dag']) retrieved from /home/airflow/.local/lib/python3.6/site-packages/airflow/example_dags/example_trigger_controller_dag.py
[2024-08-10 08:46:16,988] {logging_mixin.py:104} INFO - [2024-08-10 08:46:16,988] {dag.py:1824} INFO - Sync 1 DAGs
[2024-08-10 08:46:17,003] {logging_mixin.py:104} INFO - [2024-08-10 08:46:17,002] {dag.py:2280} INFO - Setting next_dagrun for example_trigger_controller_dag to 2024-08-08 00:00:00+00:00
[2024-08-10 08:46:17,013] {scheduler_job.py:190} INFO - Processing /home/airflow/.local/lib/python3.6/site-packages/airflow/example_dags/example_trigger_controller_dag.py took 0.059 seconds
[2024-08-10 08:46:47,238] {scheduler_job.py:182} INFO - Started process (PID=31708) to work on /home/airflow/.local/lib/python3.6/site-packages/airflow/example_dags/example_trigger_controller_dag.py
[2024-08-10 08:46:47,239] {scheduler_job.py:629} INFO - Processing file /home/airflow/.local/lib/python3.6/site-packages/airflow/example_dags/example_trigger_controller_dag.py for tasks to queue
[2024-08-10 08:46:47,239] {logging_mixin.py:104} INFO - [2024-08-10 08:46:47,239] {dagbag.py:451} INFO - Filling up the DagBag from /home/airflow/.local/lib/python3.6/site-packages/airflow/example_dags/example_trigger_controller_dag.py
[2024-08-10 08:46:47,251] {scheduler_job.py:639} INFO - DAG(s) dict_keys(['example_trigger_controller_dag']) retrieved from /home/airflow/.local/lib/python3.6/site-packages/airflow/example_dags/example_trigger_controller_dag.py
[2024-08-10 08:46:47,274] {logging_mixin.py:104} INFO - [2024-08-10 08:46:47,274] {dag.py:1824} INFO - Sync 1 DAGs
[2024-08-10 08:46:47,292] {logging_mixin.py:104} INFO - [2024-08-10 08:46:47,292] {dag.py:2280} INFO - Setting next_dagrun for example_trigger_controller_dag to 2024-08-08 00:00:00+00:00
[2024-08-10 08:46:47,306] {scheduler_job.py:190} INFO - Processing /home/airflow/.local/lib/python3.6/site-packages/airflow/example_dags/example_trigger_controller_dag.py took 0.072 seconds
[2024-08-10 08:47:17,543] {scheduler_job.py:182} INFO - Started process (PID=31838) to work on /home/airflow/.local/lib/python3.6/site-packages/airflow/example_dags/example_trigger_controller_dag.py
[2024-08-10 08:47:17,544] {scheduler_job.py:629} INFO - Processing file /home/airflow/.local/lib/python3.6/site-packages/airflow/example_dags/example_trigger_controller_dag.py for tasks to queue
[2024-08-10 08:47:17,545] {logging_mixin.py:104} INFO - [2024-08-10 08:47:17,545] {dagbag.py:451} INFO - Filling up the DagBag from /home/airflow/.local/lib/python3.6/site-packages/airflow/example_dags/example_trigger_controller_dag.py
[2024-08-10 08:47:17,555] {scheduler_job.py:639} INFO - DAG(s) dict_keys(['example_trigger_controller_dag']) retrieved from /home/airflow/.local/lib/python3.6/site-packages/airflow/example_dags/example_trigger_controller_dag.py
[2024-08-10 08:47:17,575] {logging_mixin.py:104} INFO - [2024-08-10 08:47:17,575] {dag.py:1824} INFO - Sync 1 DAGs
[2024-08-10 08:47:17,590] {logging_mixin.py:104} INFO - [2024-08-10 08:47:17,589] {dag.py:2280} INFO - Setting next_dagrun for example_trigger_controller_dag to 2024-08-08 00:00:00+00:00
[2024-08-10 08:47:17,600] {scheduler_job.py:190} INFO - Processing /home/airflow/.local/lib/python3.6/site-packages/airflow/example_dags/example_trigger_controller_dag.py took 0.060 seconds
[2024-08-10 08:47:47,905] {scheduler_job.py:182} INFO - Started process (PID=31973) to work on /home/airflow/.local/lib/python3.6/site-packages/airflow/example_dags/example_trigger_controller_dag.py
[2024-08-10 08:47:47,906] {scheduler_job.py:629} INFO - Processing file /home/airflow/.local/lib/python3.6/site-packages/airflow/example_dags/example_trigger_controller_dag.py for tasks to queue
[2024-08-10 08:47:47,907] {logging_mixin.py:104} INFO - [2024-08-10 08:47:47,907] {dagbag.py:451} INFO - Filling up the DagBag from /home/airflow/.local/lib/python3.6/site-packages/airflow/example_dags/example_trigger_controller_dag.py
[2024-08-10 08:47:47,916] {scheduler_job.py:639} INFO - DAG(s) dict_keys(['example_trigger_controller_dag']) retrieved from /home/airflow/.local/lib/python3.6/site-packages/airflow/example_dags/example_trigger_controller_dag.py
[2024-08-10 08:47:47,936] {logging_mixin.py:104} INFO - [2024-08-10 08:47:47,936] {dag.py:1824} INFO - Sync 1 DAGs
[2024-08-10 08:47:47,951] {logging_mixin.py:104} INFO - [2024-08-10 08:47:47,951] {dag.py:2280} INFO - Setting next_dagrun for example_trigger_controller_dag to 2024-08-08 00:00:00+00:00
[2024-08-10 08:47:47,960] {scheduler_job.py:190} INFO - Processing /home/airflow/.local/lib/python3.6/site-packages/airflow/example_dags/example_trigger_controller_dag.py took 0.058 seconds
[2024-08-10 08:48:18,514] {scheduler_job.py:182} INFO - Started process (PID=32120) to work on /home/airflow/.local/lib/python3.6/site-packages/airflow/example_dags/example_trigger_controller_dag.py
[2024-08-10 08:48:18,515] {scheduler_job.py:629} INFO - Processing file /home/airflow/.local/lib/python3.6/site-packages/airflow/example_dags/example_trigger_controller_dag.py for tasks to queue
[2024-08-10 08:48:18,516] {logging_mixin.py:104} INFO - [2024-08-10 08:48:18,516] {dagbag.py:451} INFO - Filling up the DagBag from /home/airflow/.local/lib/python3.6/site-packages/airflow/example_dags/example_trigger_controller_dag.py
[2024-08-10 08:48:18,525] {scheduler_job.py:639} INFO - DAG(s) dict_keys(['example_trigger_controller_dag']) retrieved from /home/airflow/.local/lib/python3.6/site-packages/airflow/example_dags/example_trigger_controller_dag.py
[2024-08-10 08:48:18,543] {logging_mixin.py:104} INFO - [2024-08-10 08:48:18,543] {dag.py:1824} INFO - Sync 1 DAGs
[2024-08-10 08:48:18,558] {logging_mixin.py:104} INFO - [2024-08-10 08:48:18,558] {dag.py:2280} INFO - Setting next_dagrun for example_trigger_controller_dag to 2024-08-08 00:00:00+00:00
[2024-08-10 08:48:18,567] {scheduler_job.py:190} INFO - Processing /home/airflow/.local/lib/python3.6/site-packages/airflow/example_dags/example_trigger_controller_dag.py took 0.056 seconds
[2024-08-10 08:48:48,803] {scheduler_job.py:182} INFO - Started process (PID=32265) to work on /home/airflow/.local/lib/python3.6/site-packages/airflow/example_dags/example_trigger_controller_dag.py
[2024-08-10 08:48:48,804] {scheduler_job.py:629} INFO - Processing file /home/airflow/.local/lib/python3.6/site-packages/airflow/example_dags/example_trigger_controller_dag.py for tasks to queue
[2024-08-10 08:48:48,805] {logging_mixin.py:104} INFO - [2024-08-10 08:48:48,805] {dagbag.py:451} INFO - Filling up the DagBag from /home/airflow/.local/lib/python3.6/site-packages/airflow/example_dags/example_trigger_controller_dag.py
[2024-08-10 08:48:48,814] {scheduler_job.py:639} INFO - DAG(s) dict_keys(['example_trigger_controller_dag']) retrieved from /home/airflow/.local/lib/python3.6/site-packages/airflow/example_dags/example_trigger_controller_dag.py
[2024-08-10 08:48:48,834] {logging_mixin.py:104} INFO - [2024-08-10 08:48:48,833] {dag.py:1824} INFO - Sync 1 DAGs
[2024-08-10 08:48:48,848] {logging_mixin.py:104} INFO - [2024-08-10 08:48:48,848] {dag.py:2280} INFO - Setting next_dagrun for example_trigger_controller_dag to 2024-08-08 00:00:00+00:00
[2024-08-10 08:48:48,865] {scheduler_job.py:190} INFO - Processing /home/airflow/.local/lib/python3.6/site-packages/airflow/example_dags/example_trigger_controller_dag.py took 0.065 seconds
[2024-08-10 08:49:19,529] {scheduler_job.py:182} INFO - Started process (PID=32407) to work on /home/airflow/.local/lib/python3.6/site-packages/airflow/example_dags/example_trigger_controller_dag.py
[2024-08-10 08:49:19,530] {scheduler_job.py:629} INFO - Processing file /home/airflow/.local/lib/python3.6/site-packages/airflow/example_dags/example_trigger_controller_dag.py for tasks to queue
[2024-08-10 08:49:19,530] {logging_mixin.py:104} INFO - [2024-08-10 08:49:19,530] {dagbag.py:451} INFO - Filling up the DagBag from /home/airflow/.local/lib/python3.6/site-packages/airflow/example_dags/example_trigger_controller_dag.py
[2024-08-10 08:49:19,539] {scheduler_job.py:639} INFO - DAG(s) dict_keys(['example_trigger_controller_dag']) retrieved from /home/airflow/.local/lib/python3.6/site-packages/airflow/example_dags/example_trigger_controller_dag.py
[2024-08-10 08:49:19,559] {logging_mixin.py:104} INFO - [2024-08-10 08:49:19,559] {dag.py:1824} INFO - Sync 1 DAGs
[2024-08-10 08:49:19,573] {logging_mixin.py:104} INFO - [2024-08-10 08:49:19,573] {dag.py:2280} INFO - Setting next_dagrun for example_trigger_controller_dag to 2024-08-08 00:00:00+00:00
[2024-08-10 08:49:19,582] {scheduler_job.py:190} INFO - Processing /home/airflow/.local/lib/python3.6/site-packages/airflow/example_dags/example_trigger_controller_dag.py took 0.057 seconds
[2024-08-10 08:49:49,833] {scheduler_job.py:182} INFO - Started process (PID=32542) to work on /home/airflow/.local/lib/python3.6/site-packages/airflow/example_dags/example_trigger_controller_dag.py
[2024-08-10 08:49:49,834] {scheduler_job.py:629} INFO - Processing file /home/airflow/.local/lib/python3.6/site-packages/airflow/example_dags/example_trigger_controller_dag.py for tasks to queue
[2024-08-10 08:49:49,834] {logging_mixin.py:104} INFO - [2024-08-10 08:49:49,834] {dagbag.py:451} INFO - Filling up the DagBag from /home/airflow/.local/lib/python3.6/site-packages/airflow/example_dags/example_trigger_controller_dag.py
[2024-08-10 08:49:49,843] {scheduler_job.py:639} INFO - DAG(s) dict_keys(['example_trigger_controller_dag']) retrieved from /home/airflow/.local/lib/python3.6/site-packages/airflow/example_dags/example_trigger_controller_dag.py
[2024-08-10 08:49:49,863] {logging_mixin.py:104} INFO - [2024-08-10 08:49:49,863] {dag.py:1824} INFO - Sync 1 DAGs
[2024-08-10 08:49:49,876] {logging_mixin.py:104} INFO - [2024-08-10 08:49:49,876] {dag.py:2280} INFO - Setting next_dagrun for example_trigger_controller_dag to 2024-08-08 00:00:00+00:00
[2024-08-10 08:49:49,886] {scheduler_job.py:190} INFO - Processing /home/airflow/.local/lib/python3.6/site-packages/airflow/example_dags/example_trigger_controller_dag.py took 0.055 seconds
[2024-08-10 08:50:20,320] {scheduler_job.py:182} INFO - Started process (PID=32697) to work on /home/airflow/.local/lib/python3.6/site-packages/airflow/example_dags/example_trigger_controller_dag.py
[2024-08-10 08:50:20,321] {scheduler_job.py:629} INFO - Processing file /home/airflow/.local/lib/python3.6/site-packages/airflow/example_dags/example_trigger_controller_dag.py for tasks to queue
[2024-08-10 08:50:20,321] {logging_mixin.py:104} INFO - [2024-08-10 08:50:20,321] {dagbag.py:451} INFO - Filling up the DagBag from /home/airflow/.local/lib/python3.6/site-packages/airflow/example_dags/example_trigger_controller_dag.py
[2024-08-10 08:50:20,331] {scheduler_job.py:639} INFO - DAG(s) dict_keys(['example_trigger_controller_dag']) retrieved from /home/airflow/.local/lib/python3.6/site-packages/airflow/example_dags/example_trigger_controller_dag.py
[2024-08-10 08:50:20,351] {logging_mixin.py:104} INFO - [2024-08-10 08:50:20,351] {dag.py:1824} INFO - Sync 1 DAGs
[2024-08-10 08:50:20,366] {logging_mixin.py:104} INFO - [2024-08-10 08:50:20,366] {dag.py:2280} INFO - Setting next_dagrun for example_trigger_controller_dag to 2024-08-08 00:00:00+00:00
[2024-08-10 08:50:20,376] {scheduler_job.py:190} INFO - Processing /home/airflow/.local/lib/python3.6/site-packages/airflow/example_dags/example_trigger_controller_dag.py took 0.059 seconds
[2024-08-10 08:50:50,461] {scheduler_job.py:182} INFO - Started process (PID=366) to work on /home/airflow/.local/lib/python3.6/site-packages/airflow/example_dags/example_trigger_controller_dag.py
[2024-08-10 08:50:50,463] {scheduler_job.py:629} INFO - Processing file /home/airflow/.local/lib/python3.6/site-packages/airflow/example_dags/example_trigger_controller_dag.py for tasks to queue
[2024-08-10 08:50:50,463] {logging_mixin.py:104} INFO - [2024-08-10 08:50:50,463] {dagbag.py:451} INFO - Filling up the DagBag from /home/airflow/.local/lib/python3.6/site-packages/airflow/example_dags/example_trigger_controller_dag.py
[2024-08-10 08:50:50,472] {scheduler_job.py:639} INFO - DAG(s) dict_keys(['example_trigger_controller_dag']) retrieved from /home/airflow/.local/lib/python3.6/site-packages/airflow/example_dags/example_trigger_controller_dag.py
[2024-08-10 08:50:50,493] {logging_mixin.py:104} INFO - [2024-08-10 08:50:50,493] {dag.py:1824} INFO - Sync 1 DAGs
[2024-08-10 08:50:50,510] {logging_mixin.py:104} INFO - [2024-08-10 08:50:50,510] {dag.py:2280} INFO - Setting next_dagrun for example_trigger_controller_dag to 2024-08-08 00:00:00+00:00
[2024-08-10 08:50:50,520] {scheduler_job.py:190} INFO - Processing /home/airflow/.local/lib/python3.6/site-packages/airflow/example_dags/example_trigger_controller_dag.py took 0.062 seconds
[2024-08-10 08:51:20,619] {scheduler_job.py:182} INFO - Started process (PID=499) to work on /home/airflow/.local/lib/python3.6/site-packages/airflow/example_dags/example_trigger_controller_dag.py
[2024-08-10 08:51:20,620] {scheduler_job.py:629} INFO - Processing file /home/airflow/.local/lib/python3.6/site-packages/airflow/example_dags/example_trigger_controller_dag.py for tasks to queue
[2024-08-10 08:51:20,621] {logging_mixin.py:104} INFO - [2024-08-10 08:51:20,621] {dagbag.py:451} INFO - Filling up the DagBag from /home/airflow/.local/lib/python3.6/site-packages/airflow/example_dags/example_trigger_controller_dag.py
[2024-08-10 08:51:20,632] {scheduler_job.py:639} INFO - DAG(s) dict_keys(['example_trigger_controller_dag']) retrieved from /home/airflow/.local/lib/python3.6/site-packages/airflow/example_dags/example_trigger_controller_dag.py
[2024-08-10 08:51:20,651] {logging_mixin.py:104} INFO - [2024-08-10 08:51:20,651] {dag.py:1824} INFO - Sync 1 DAGs
[2024-08-10 08:51:20,664] {logging_mixin.py:104} INFO - [2024-08-10 08:51:20,664] {dag.py:2280} INFO - Setting next_dagrun for example_trigger_controller_dag to 2024-08-08 00:00:00+00:00
[2024-08-10 08:51:20,673] {scheduler_job.py:190} INFO - Processing /home/airflow/.local/lib/python3.6/site-packages/airflow/example_dags/example_trigger_controller_dag.py took 0.058 seconds
[2024-08-10 08:51:50,858] {scheduler_job.py:182} INFO - Started process (PID=634) to work on /home/airflow/.local/lib/python3.6/site-packages/airflow/example_dags/example_trigger_controller_dag.py
[2024-08-10 08:51:50,859] {scheduler_job.py:629} INFO - Processing file /home/airflow/.local/lib/python3.6/site-packages/airflow/example_dags/example_trigger_controller_dag.py for tasks to queue
[2024-08-10 08:51:50,860] {logging_mixin.py:104} INFO - [2024-08-10 08:51:50,860] {dagbag.py:451} INFO - Filling up the DagBag from /home/airflow/.local/lib/python3.6/site-packages/airflow/example_dags/example_trigger_controller_dag.py
[2024-08-10 08:51:50,869] {scheduler_job.py:639} INFO - DAG(s) dict_keys(['example_trigger_controller_dag']) retrieved from /home/airflow/.local/lib/python3.6/site-packages/airflow/example_dags/example_trigger_controller_dag.py
[2024-08-10 08:51:50,887] {logging_mixin.py:104} INFO - [2024-08-10 08:51:50,887] {dag.py:1824} INFO - Sync 1 DAGs
[2024-08-10 08:51:50,900] {logging_mixin.py:104} INFO - [2024-08-10 08:51:50,900] {dag.py:2280} INFO - Setting next_dagrun for example_trigger_controller_dag to 2024-08-08 00:00:00+00:00
[2024-08-10 08:51:50,909] {scheduler_job.py:190} INFO - Processing /home/airflow/.local/lib/python3.6/site-packages/airflow/example_dags/example_trigger_controller_dag.py took 0.053 seconds
[2024-08-10 08:52:21,026] {scheduler_job.py:182} INFO - Started process (PID=764) to work on /home/airflow/.local/lib/python3.6/site-packages/airflow/example_dags/example_trigger_controller_dag.py
[2024-08-10 08:52:21,027] {scheduler_job.py:629} INFO - Processing file /home/airflow/.local/lib/python3.6/site-packages/airflow/example_dags/example_trigger_controller_dag.py for tasks to queue
[2024-08-10 08:52:21,028] {logging_mixin.py:104} INFO - [2024-08-10 08:52:21,028] {dagbag.py:451} INFO - Filling up the DagBag from /home/airflow/.local/lib/python3.6/site-packages/airflow/example_dags/example_trigger_controller_dag.py
[2024-08-10 08:52:21,037] {scheduler_job.py:639} INFO - DAG(s) dict_keys(['example_trigger_controller_dag']) retrieved from /home/airflow/.local/lib/python3.6/site-packages/airflow/example_dags/example_trigger_controller_dag.py
[2024-08-10 08:52:21,056] {logging_mixin.py:104} INFO - [2024-08-10 08:52:21,056] {dag.py:1824} INFO - Sync 1 DAGs
[2024-08-10 08:52:21,070] {logging_mixin.py:104} INFO - [2024-08-10 08:52:21,070] {dag.py:2280} INFO - Setting next_dagrun for example_trigger_controller_dag to 2024-08-08 00:00:00+00:00
[2024-08-10 08:52:21,079] {scheduler_job.py:190} INFO - Processing /home/airflow/.local/lib/python3.6/site-packages/airflow/example_dags/example_trigger_controller_dag.py took 0.056 seconds
[2024-08-10 08:52:51,214] {scheduler_job.py:182} INFO - Started process (PID=903) to work on /home/airflow/.local/lib/python3.6/site-packages/airflow/example_dags/example_trigger_controller_dag.py
[2024-08-10 08:52:51,215] {scheduler_job.py:629} INFO - Processing file /home/airflow/.local/lib/python3.6/site-packages/airflow/example_dags/example_trigger_controller_dag.py for tasks to queue
[2024-08-10 08:52:51,216] {logging_mixin.py:104} INFO - [2024-08-10 08:52:51,216] {dagbag.py:451} INFO - Filling up the DagBag from /home/airflow/.local/lib/python3.6/site-packages/airflow/example_dags/example_trigger_controller_dag.py
[2024-08-10 08:52:51,225] {scheduler_job.py:639} INFO - DAG(s) dict_keys(['example_trigger_controller_dag']) retrieved from /home/airflow/.local/lib/python3.6/site-packages/airflow/example_dags/example_trigger_controller_dag.py
[2024-08-10 08:52:51,243] {logging_mixin.py:104} INFO - [2024-08-10 08:52:51,243] {dag.py:1824} INFO - Sync 1 DAGs
[2024-08-10 08:52:51,256] {logging_mixin.py:104} INFO - [2024-08-10 08:52:51,256] {dag.py:2280} INFO - Setting next_dagrun for example_trigger_controller_dag to 2024-08-08 00:00:00+00:00
[2024-08-10 08:52:51,265] {scheduler_job.py:190} INFO - Processing /home/airflow/.local/lib/python3.6/site-packages/airflow/example_dags/example_trigger_controller_dag.py took 0.053 seconds
[2024-08-10 08:53:21,317] {scheduler_job.py:182} INFO - Started process (PID=1038) to work on /home/airflow/.local/lib/python3.6/site-packages/airflow/example_dags/example_trigger_controller_dag.py
[2024-08-10 08:53:21,318] {scheduler_job.py:629} INFO - Processing file /home/airflow/.local/lib/python3.6/site-packages/airflow/example_dags/example_trigger_controller_dag.py for tasks to queue
[2024-08-10 08:53:21,319] {logging_mixin.py:104} INFO - [2024-08-10 08:53:21,319] {dagbag.py:451} INFO - Filling up the DagBag from /home/airflow/.local/lib/python3.6/site-packages/airflow/example_dags/example_trigger_controller_dag.py
[2024-08-10 08:53:21,328] {scheduler_job.py:639} INFO - DAG(s) dict_keys(['example_trigger_controller_dag']) retrieved from /home/airflow/.local/lib/python3.6/site-packages/airflow/example_dags/example_trigger_controller_dag.py
[2024-08-10 08:53:21,346] {logging_mixin.py:104} INFO - [2024-08-10 08:53:21,346] {dag.py:1824} INFO - Sync 1 DAGs
[2024-08-10 08:53:21,362] {logging_mixin.py:104} INFO - [2024-08-10 08:53:21,362] {dag.py:2280} INFO - Setting next_dagrun for example_trigger_controller_dag to 2024-08-08 00:00:00+00:00
[2024-08-10 08:53:21,371] {scheduler_job.py:190} INFO - Processing /home/airflow/.local/lib/python3.6/site-packages/airflow/example_dags/example_trigger_controller_dag.py took 0.057 seconds
[2024-08-10 08:53:51,417] {scheduler_job.py:182} INFO - Started process (PID=1169) to work on /home/airflow/.local/lib/python3.6/site-packages/airflow/example_dags/example_trigger_controller_dag.py
[2024-08-10 08:53:51,418] {scheduler_job.py:629} INFO - Processing file /home/airflow/.local/lib/python3.6/site-packages/airflow/example_dags/example_trigger_controller_dag.py for tasks to queue
[2024-08-10 08:53:51,419] {logging_mixin.py:104} INFO - [2024-08-10 08:53:51,419] {dagbag.py:451} INFO - Filling up the DagBag from /home/airflow/.local/lib/python3.6/site-packages/airflow/example_dags/example_trigger_controller_dag.py
[2024-08-10 08:53:51,427] {scheduler_job.py:639} INFO - DAG(s) dict_keys(['example_trigger_controller_dag']) retrieved from /home/airflow/.local/lib/python3.6/site-packages/airflow/example_dags/example_trigger_controller_dag.py
[2024-08-10 08:53:51,445] {logging_mixin.py:104} INFO - [2024-08-10 08:53:51,445] {dag.py:1824} INFO - Sync 1 DAGs
[2024-08-10 08:53:51,459] {logging_mixin.py:104} INFO - [2024-08-10 08:53:51,459] {dag.py:2280} INFO - Setting next_dagrun for example_trigger_controller_dag to 2024-08-08 00:00:00+00:00
[2024-08-10 08:53:51,468] {scheduler_job.py:190} INFO - Processing /home/airflow/.local/lib/python3.6/site-packages/airflow/example_dags/example_trigger_controller_dag.py took 0.054 seconds
[2024-08-10 08:54:21,503] {scheduler_job.py:182} INFO - Started process (PID=1304) to work on /home/airflow/.local/lib/python3.6/site-packages/airflow/example_dags/example_trigger_controller_dag.py
[2024-08-10 08:54:21,504] {scheduler_job.py:629} INFO - Processing file /home/airflow/.local/lib/python3.6/site-packages/airflow/example_dags/example_trigger_controller_dag.py for tasks to queue
[2024-08-10 08:54:21,505] {logging_mixin.py:104} INFO - [2024-08-10 08:54:21,505] {dagbag.py:451} INFO - Filling up the DagBag from /home/airflow/.local/lib/python3.6/site-packages/airflow/example_dags/example_trigger_controller_dag.py
[2024-08-10 08:54:21,514] {scheduler_job.py:639} INFO - DAG(s) dict_keys(['example_trigger_controller_dag']) retrieved from /home/airflow/.local/lib/python3.6/site-packages/airflow/example_dags/example_trigger_controller_dag.py
[2024-08-10 08:54:21,533] {logging_mixin.py:104} INFO - [2024-08-10 08:54:21,533] {dag.py:1824} INFO - Sync 1 DAGs
[2024-08-10 08:54:21,547] {logging_mixin.py:104} INFO - [2024-08-10 08:54:21,547] {dag.py:2280} INFO - Setting next_dagrun for example_trigger_controller_dag to 2024-08-08 00:00:00+00:00
[2024-08-10 08:54:21,555] {scheduler_job.py:190} INFO - Processing /home/airflow/.local/lib/python3.6/site-packages/airflow/example_dags/example_trigger_controller_dag.py took 0.055 seconds
[2024-08-10 08:54:51,670] {scheduler_job.py:182} INFO - Started process (PID=1439) to work on /home/airflow/.local/lib/python3.6/site-packages/airflow/example_dags/example_trigger_controller_dag.py
[2024-08-10 08:54:51,672] {scheduler_job.py:629} INFO - Processing file /home/airflow/.local/lib/python3.6/site-packages/airflow/example_dags/example_trigger_controller_dag.py for tasks to queue
[2024-08-10 08:54:51,672] {logging_mixin.py:104} INFO - [2024-08-10 08:54:51,672] {dagbag.py:451} INFO - Filling up the DagBag from /home/airflow/.local/lib/python3.6/site-packages/airflow/example_dags/example_trigger_controller_dag.py
[2024-08-10 08:54:51,681] {scheduler_job.py:639} INFO - DAG(s) dict_keys(['example_trigger_controller_dag']) retrieved from /home/airflow/.local/lib/python3.6/site-packages/airflow/example_dags/example_trigger_controller_dag.py
[2024-08-10 08:54:51,701] {logging_mixin.py:104} INFO - [2024-08-10 08:54:51,701] {dag.py:1824} INFO - Sync 1 DAGs
[2024-08-10 08:54:51,715] {logging_mixin.py:104} INFO - [2024-08-10 08:54:51,715] {dag.py:2280} INFO - Setting next_dagrun for example_trigger_controller_dag to 2024-08-08 00:00:00+00:00
[2024-08-10 08:54:51,725] {scheduler_job.py:190} INFO - Processing /home/airflow/.local/lib/python3.6/site-packages/airflow/example_dags/example_trigger_controller_dag.py took 0.057 seconds
[2024-08-10 08:55:22,087] {scheduler_job.py:182} INFO - Started process (PID=1574) to work on /home/airflow/.local/lib/python3.6/site-packages/airflow/example_dags/example_trigger_controller_dag.py
[2024-08-10 08:55:22,088] {scheduler_job.py:629} INFO - Processing file /home/airflow/.local/lib/python3.6/site-packages/airflow/example_dags/example_trigger_controller_dag.py for tasks to queue
[2024-08-10 08:55:22,088] {logging_mixin.py:104} INFO - [2024-08-10 08:55:22,088] {dagbag.py:451} INFO - Filling up the DagBag from /home/airflow/.local/lib/python3.6/site-packages/airflow/example_dags/example_trigger_controller_dag.py
[2024-08-10 08:55:22,097] {scheduler_job.py:639} INFO - DAG(s) dict_keys(['example_trigger_controller_dag']) retrieved from /home/airflow/.local/lib/python3.6/site-packages/airflow/example_dags/example_trigger_controller_dag.py
[2024-08-10 08:55:22,117] {logging_mixin.py:104} INFO - [2024-08-10 08:55:22,117] {dag.py:1824} INFO - Sync 1 DAGs
[2024-08-10 08:55:22,131] {logging_mixin.py:104} INFO - [2024-08-10 08:55:22,131] {dag.py:2280} INFO - Setting next_dagrun for example_trigger_controller_dag to 2024-08-08 00:00:00+00:00
[2024-08-10 08:55:22,141] {scheduler_job.py:190} INFO - Processing /home/airflow/.local/lib/python3.6/site-packages/airflow/example_dags/example_trigger_controller_dag.py took 0.057 seconds
[2024-08-10 08:55:52,382] {scheduler_job.py:182} INFO - Started process (PID=1684) to work on /home/airflow/.local/lib/python3.6/site-packages/airflow/example_dags/example_trigger_controller_dag.py
[2024-08-10 08:55:52,384] {scheduler_job.py:629} INFO - Processing file /home/airflow/.local/lib/python3.6/site-packages/airflow/example_dags/example_trigger_controller_dag.py for tasks to queue
[2024-08-10 08:55:52,385] {logging_mixin.py:104} INFO - [2024-08-10 08:55:52,385] {dagbag.py:451} INFO - Filling up the DagBag from /home/airflow/.local/lib/python3.6/site-packages/airflow/example_dags/example_trigger_controller_dag.py
[2024-08-10 08:55:52,396] {scheduler_job.py:639} INFO - DAG(s) dict_keys(['example_trigger_controller_dag']) retrieved from /home/airflow/.local/lib/python3.6/site-packages/airflow/example_dags/example_trigger_controller_dag.py
[2024-08-10 08:55:52,418] {logging_mixin.py:104} INFO - [2024-08-10 08:55:52,418] {dag.py:1824} INFO - Sync 1 DAGs
[2024-08-10 08:55:52,432] {logging_mixin.py:104} INFO - [2024-08-10 08:55:52,432] {dag.py:2280} INFO - Setting next_dagrun for example_trigger_controller_dag to 2024-08-08 00:00:00+00:00
[2024-08-10 08:55:52,442] {scheduler_job.py:190} INFO - Processing /home/airflow/.local/lib/python3.6/site-packages/airflow/example_dags/example_trigger_controller_dag.py took 0.064 seconds
[2024-08-10 08:56:22,484] {scheduler_job.py:182} INFO - Started process (PID=1819) to work on /home/airflow/.local/lib/python3.6/site-packages/airflow/example_dags/example_trigger_controller_dag.py
[2024-08-10 08:56:22,485] {scheduler_job.py:629} INFO - Processing file /home/airflow/.local/lib/python3.6/site-packages/airflow/example_dags/example_trigger_controller_dag.py for tasks to queue
[2024-08-10 08:56:22,485] {logging_mixin.py:104} INFO - [2024-08-10 08:56:22,485] {dagbag.py:451} INFO - Filling up the DagBag from /home/airflow/.local/lib/python3.6/site-packages/airflow/example_dags/example_trigger_controller_dag.py
[2024-08-10 08:56:22,494] {scheduler_job.py:639} INFO - DAG(s) dict_keys(['example_trigger_controller_dag']) retrieved from /home/airflow/.local/lib/python3.6/site-packages/airflow/example_dags/example_trigger_controller_dag.py
[2024-08-10 08:56:22,513] {logging_mixin.py:104} INFO - [2024-08-10 08:56:22,513] {dag.py:1824} INFO - Sync 1 DAGs
[2024-08-10 08:56:22,527] {logging_mixin.py:104} INFO - [2024-08-10 08:56:22,527] {dag.py:2280} INFO - Setting next_dagrun for example_trigger_controller_dag to 2024-08-08 00:00:00+00:00
[2024-08-10 08:56:22,536] {scheduler_job.py:190} INFO - Processing /home/airflow/.local/lib/python3.6/site-packages/airflow/example_dags/example_trigger_controller_dag.py took 0.055 seconds
[2024-08-10 08:56:52,884] {scheduler_job.py:182} INFO - Started process (PID=1961) to work on /home/airflow/.local/lib/python3.6/site-packages/airflow/example_dags/example_trigger_controller_dag.py
[2024-08-10 08:56:52,886] {scheduler_job.py:629} INFO - Processing file /home/airflow/.local/lib/python3.6/site-packages/airflow/example_dags/example_trigger_controller_dag.py for tasks to queue
[2024-08-10 08:56:52,888] {logging_mixin.py:104} INFO - [2024-08-10 08:56:52,888] {dagbag.py:451} INFO - Filling up the DagBag from /home/airflow/.local/lib/python3.6/site-packages/airflow/example_dags/example_trigger_controller_dag.py
[2024-08-10 08:56:52,911] {scheduler_job.py:639} INFO - DAG(s) dict_keys(['example_trigger_controller_dag']) retrieved from /home/airflow/.local/lib/python3.6/site-packages/airflow/example_dags/example_trigger_controller_dag.py
[2024-08-10 08:56:52,945] {logging_mixin.py:104} INFO - [2024-08-10 08:56:52,945] {dag.py:1824} INFO - Sync 1 DAGs
[2024-08-10 08:56:52,980] {logging_mixin.py:104} INFO - [2024-08-10 08:56:52,980] {dag.py:2280} INFO - Setting next_dagrun for example_trigger_controller_dag to 2024-08-08 00:00:00+00:00
[2024-08-10 08:56:52,996] {scheduler_job.py:190} INFO - Processing /home/airflow/.local/lib/python3.6/site-packages/airflow/example_dags/example_trigger_controller_dag.py took 0.120 seconds
[2024-08-10 08:57:23,328] {scheduler_job.py:182} INFO - Started process (PID=2099) to work on /home/airflow/.local/lib/python3.6/site-packages/airflow/example_dags/example_trigger_controller_dag.py
[2024-08-10 08:57:23,329] {scheduler_job.py:629} INFO - Processing file /home/airflow/.local/lib/python3.6/site-packages/airflow/example_dags/example_trigger_controller_dag.py for tasks to queue
[2024-08-10 08:57:23,330] {logging_mixin.py:104} INFO - [2024-08-10 08:57:23,329] {dagbag.py:451} INFO - Filling up the DagBag from /home/airflow/.local/lib/python3.6/site-packages/airflow/example_dags/example_trigger_controller_dag.py
[2024-08-10 08:57:23,341] {scheduler_job.py:639} INFO - DAG(s) dict_keys(['example_trigger_controller_dag']) retrieved from /home/airflow/.local/lib/python3.6/site-packages/airflow/example_dags/example_trigger_controller_dag.py
[2024-08-10 08:57:23,363] {logging_mixin.py:104} INFO - [2024-08-10 08:57:23,363] {dag.py:1824} INFO - Sync 1 DAGs
[2024-08-10 08:57:23,378] {logging_mixin.py:104} INFO - [2024-08-10 08:57:23,378] {dag.py:2280} INFO - Setting next_dagrun for example_trigger_controller_dag to 2024-08-08 00:00:00+00:00
[2024-08-10 08:57:23,388] {scheduler_job.py:190} INFO - Processing /home/airflow/.local/lib/python3.6/site-packages/airflow/example_dags/example_trigger_controller_dag.py took 0.064 seconds
[2024-08-10 08:57:53,589] {scheduler_job.py:182} INFO - Started process (PID=2234) to work on /home/airflow/.local/lib/python3.6/site-packages/airflow/example_dags/example_trigger_controller_dag.py
[2024-08-10 08:57:53,590] {scheduler_job.py:629} INFO - Processing file /home/airflow/.local/lib/python3.6/site-packages/airflow/example_dags/example_trigger_controller_dag.py for tasks to queue
[2024-08-10 08:57:53,591] {logging_mixin.py:104} INFO - [2024-08-10 08:57:53,591] {dagbag.py:451} INFO - Filling up the DagBag from /home/airflow/.local/lib/python3.6/site-packages/airflow/example_dags/example_trigger_controller_dag.py
[2024-08-10 08:57:53,599] {scheduler_job.py:639} INFO - DAG(s) dict_keys(['example_trigger_controller_dag']) retrieved from /home/airflow/.local/lib/python3.6/site-packages/airflow/example_dags/example_trigger_controller_dag.py
[2024-08-10 08:57:53,617] {logging_mixin.py:104} INFO - [2024-08-10 08:57:53,617] {dag.py:1824} INFO - Sync 1 DAGs
[2024-08-10 08:57:53,631] {logging_mixin.py:104} INFO - [2024-08-10 08:57:53,631] {dag.py:2280} INFO - Setting next_dagrun for example_trigger_controller_dag to 2024-08-08 00:00:00+00:00
[2024-08-10 08:57:53,641] {scheduler_job.py:190} INFO - Processing /home/airflow/.local/lib/python3.6/site-packages/airflow/example_dags/example_trigger_controller_dag.py took 0.054 seconds
[2024-08-10 08:58:23,672] {scheduler_job.py:182} INFO - Started process (PID=2364) to work on /home/airflow/.local/lib/python3.6/site-packages/airflow/example_dags/example_trigger_controller_dag.py
[2024-08-10 08:58:23,673] {scheduler_job.py:629} INFO - Processing file /home/airflow/.local/lib/python3.6/site-packages/airflow/example_dags/example_trigger_controller_dag.py for tasks to queue
[2024-08-10 08:58:23,674] {logging_mixin.py:104} INFO - [2024-08-10 08:58:23,674] {dagbag.py:451} INFO - Filling up the DagBag from /home/airflow/.local/lib/python3.6/site-packages/airflow/example_dags/example_trigger_controller_dag.py
[2024-08-10 08:58:23,683] {scheduler_job.py:639} INFO - DAG(s) dict_keys(['example_trigger_controller_dag']) retrieved from /home/airflow/.local/lib/python3.6/site-packages/airflow/example_dags/example_trigger_controller_dag.py
[2024-08-10 08:58:23,701] {logging_mixin.py:104} INFO - [2024-08-10 08:58:23,701] {dag.py:1824} INFO - Sync 1 DAGs
[2024-08-10 08:58:23,715] {logging_mixin.py:104} INFO - [2024-08-10 08:58:23,715] {dag.py:2280} INFO - Setting next_dagrun for example_trigger_controller_dag to 2024-08-08 00:00:00+00:00
[2024-08-10 08:58:23,724] {scheduler_job.py:190} INFO - Processing /home/airflow/.local/lib/python3.6/site-packages/airflow/example_dags/example_trigger_controller_dag.py took 0.054 seconds
[2024-08-10 08:58:54,088] {scheduler_job.py:182} INFO - Started process (PID=2504) to work on /home/airflow/.local/lib/python3.6/site-packages/airflow/example_dags/example_trigger_controller_dag.py
[2024-08-10 08:58:54,089] {scheduler_job.py:629} INFO - Processing file /home/airflow/.local/lib/python3.6/site-packages/airflow/example_dags/example_trigger_controller_dag.py for tasks to queue
[2024-08-10 08:58:54,090] {logging_mixin.py:104} INFO - [2024-08-10 08:58:54,090] {dagbag.py:451} INFO - Filling up the DagBag from /home/airflow/.local/lib/python3.6/site-packages/airflow/example_dags/example_trigger_controller_dag.py
[2024-08-10 08:58:54,099] {scheduler_job.py:639} INFO - DAG(s) dict_keys(['example_trigger_controller_dag']) retrieved from /home/airflow/.local/lib/python3.6/site-packages/airflow/example_dags/example_trigger_controller_dag.py
[2024-08-10 08:58:54,118] {logging_mixin.py:104} INFO - [2024-08-10 08:58:54,118] {dag.py:1824} INFO - Sync 1 DAGs
[2024-08-10 08:58:54,134] {logging_mixin.py:104} INFO - [2024-08-10 08:58:54,134] {dag.py:2280} INFO - Setting next_dagrun for example_trigger_controller_dag to 2024-08-08 00:00:00+00:00
[2024-08-10 08:58:54,145] {scheduler_job.py:190} INFO - Processing /home/airflow/.local/lib/python3.6/site-packages/airflow/example_dags/example_trigger_controller_dag.py took 0.060 seconds
[2024-08-10 08:59:24,271] {scheduler_job.py:182} INFO - Started process (PID=2639) to work on /home/airflow/.local/lib/python3.6/site-packages/airflow/example_dags/example_trigger_controller_dag.py
[2024-08-10 08:59:24,273] {scheduler_job.py:629} INFO - Processing file /home/airflow/.local/lib/python3.6/site-packages/airflow/example_dags/example_trigger_controller_dag.py for tasks to queue
[2024-08-10 08:59:24,273] {logging_mixin.py:104} INFO - [2024-08-10 08:59:24,273] {dagbag.py:451} INFO - Filling up the DagBag from /home/airflow/.local/lib/python3.6/site-packages/airflow/example_dags/example_trigger_controller_dag.py
[2024-08-10 08:59:24,282] {scheduler_job.py:639} INFO - DAG(s) dict_keys(['example_trigger_controller_dag']) retrieved from /home/airflow/.local/lib/python3.6/site-packages/airflow/example_dags/example_trigger_controller_dag.py
[2024-08-10 08:59:24,300] {logging_mixin.py:104} INFO - [2024-08-10 08:59:24,300] {dag.py:1824} INFO - Sync 1 DAGs
[2024-08-10 08:59:24,313] {logging_mixin.py:104} INFO - [2024-08-10 08:59:24,313] {dag.py:2280} INFO - Setting next_dagrun for example_trigger_controller_dag to 2024-08-08 00:00:00+00:00
[2024-08-10 08:59:24,323] {scheduler_job.py:190} INFO - Processing /home/airflow/.local/lib/python3.6/site-packages/airflow/example_dags/example_trigger_controller_dag.py took 0.054 seconds
[2024-08-10 08:59:54,529] {scheduler_job.py:182} INFO - Started process (PID=2774) to work on /home/airflow/.local/lib/python3.6/site-packages/airflow/example_dags/example_trigger_controller_dag.py
[2024-08-10 08:59:54,530] {scheduler_job.py:629} INFO - Processing file /home/airflow/.local/lib/python3.6/site-packages/airflow/example_dags/example_trigger_controller_dag.py for tasks to queue
[2024-08-10 08:59:54,531] {logging_mixin.py:104} INFO - [2024-08-10 08:59:54,531] {dagbag.py:451} INFO - Filling up the DagBag from /home/airflow/.local/lib/python3.6/site-packages/airflow/example_dags/example_trigger_controller_dag.py
[2024-08-10 08:59:54,540] {scheduler_job.py:639} INFO - DAG(s) dict_keys(['example_trigger_controller_dag']) retrieved from /home/airflow/.local/lib/python3.6/site-packages/airflow/example_dags/example_trigger_controller_dag.py
[2024-08-10 08:59:54,559] {logging_mixin.py:104} INFO - [2024-08-10 08:59:54,558] {dag.py:1824} INFO - Sync 1 DAGs
[2024-08-10 08:59:54,575] {logging_mixin.py:104} INFO - [2024-08-10 08:59:54,575] {dag.py:2280} INFO - Setting next_dagrun for example_trigger_controller_dag to 2024-08-08 00:00:00+00:00
[2024-08-10 08:59:54,584] {scheduler_job.py:190} INFO - Processing /home/airflow/.local/lib/python3.6/site-packages/airflow/example_dags/example_trigger_controller_dag.py took 0.058 seconds
[2024-08-10 09:00:24,873] {scheduler_job.py:182} INFO - Started process (PID=2904) to work on /home/airflow/.local/lib/python3.6/site-packages/airflow/example_dags/example_trigger_controller_dag.py
[2024-08-10 09:00:24,874] {scheduler_job.py:629} INFO - Processing file /home/airflow/.local/lib/python3.6/site-packages/airflow/example_dags/example_trigger_controller_dag.py for tasks to queue
[2024-08-10 09:00:24,875] {logging_mixin.py:104} INFO - [2024-08-10 09:00:24,875] {dagbag.py:451} INFO - Filling up the DagBag from /home/airflow/.local/lib/python3.6/site-packages/airflow/example_dags/example_trigger_controller_dag.py
[2024-08-10 09:00:24,889] {scheduler_job.py:639} INFO - DAG(s) dict_keys(['example_trigger_controller_dag']) retrieved from /home/airflow/.local/lib/python3.6/site-packages/airflow/example_dags/example_trigger_controller_dag.py
[2024-08-10 09:00:24,929] {logging_mixin.py:104} INFO - [2024-08-10 09:00:24,929] {dag.py:1824} INFO - Sync 1 DAGs
[2024-08-10 09:00:24,954] {logging_mixin.py:104} INFO - [2024-08-10 09:00:24,954] {dag.py:2280} INFO - Setting next_dagrun for example_trigger_controller_dag to 2024-08-08 00:00:00+00:00
[2024-08-10 09:00:24,972] {scheduler_job.py:190} INFO - Processing /home/airflow/.local/lib/python3.6/site-packages/airflow/example_dags/example_trigger_controller_dag.py took 0.104 seconds
[2024-08-10 09:00:55,261] {scheduler_job.py:182} INFO - Started process (PID=3044) to work on /home/airflow/.local/lib/python3.6/site-packages/airflow/example_dags/example_trigger_controller_dag.py
[2024-08-10 09:00:55,262] {scheduler_job.py:629} INFO - Processing file /home/airflow/.local/lib/python3.6/site-packages/airflow/example_dags/example_trigger_controller_dag.py for tasks to queue
[2024-08-10 09:00:55,262] {logging_mixin.py:104} INFO - [2024-08-10 09:00:55,262] {dagbag.py:451} INFO - Filling up the DagBag from /home/airflow/.local/lib/python3.6/site-packages/airflow/example_dags/example_trigger_controller_dag.py
[2024-08-10 09:00:55,273] {scheduler_job.py:639} INFO - DAG(s) dict_keys(['example_trigger_controller_dag']) retrieved from /home/airflow/.local/lib/python3.6/site-packages/airflow/example_dags/example_trigger_controller_dag.py
[2024-08-10 09:00:55,293] {logging_mixin.py:104} INFO - [2024-08-10 09:00:55,293] {dag.py:1824} INFO - Sync 1 DAGs
[2024-08-10 09:00:55,306] {logging_mixin.py:104} INFO - [2024-08-10 09:00:55,306] {dag.py:2280} INFO - Setting next_dagrun for example_trigger_controller_dag to 2024-08-08 00:00:00+00:00
[2024-08-10 09:00:55,315] {scheduler_job.py:190} INFO - Processing /home/airflow/.local/lib/python3.6/site-packages/airflow/example_dags/example_trigger_controller_dag.py took 0.057 seconds
[2024-08-10 09:01:25,498] {scheduler_job.py:182} INFO - Started process (PID=3179) to work on /home/airflow/.local/lib/python3.6/site-packages/airflow/example_dags/example_trigger_controller_dag.py
[2024-08-10 09:01:25,499] {scheduler_job.py:629} INFO - Processing file /home/airflow/.local/lib/python3.6/site-packages/airflow/example_dags/example_trigger_controller_dag.py for tasks to queue
[2024-08-10 09:01:25,500] {logging_mixin.py:104} INFO - [2024-08-10 09:01:25,500] {dagbag.py:451} INFO - Filling up the DagBag from /home/airflow/.local/lib/python3.6/site-packages/airflow/example_dags/example_trigger_controller_dag.py
[2024-08-10 09:01:25,509] {scheduler_job.py:639} INFO - DAG(s) dict_keys(['example_trigger_controller_dag']) retrieved from /home/airflow/.local/lib/python3.6/site-packages/airflow/example_dags/example_trigger_controller_dag.py
[2024-08-10 09:01:25,529] {logging_mixin.py:104} INFO - [2024-08-10 09:01:25,529] {dag.py:1824} INFO - Sync 1 DAGs
[2024-08-10 09:01:25,546] {logging_mixin.py:104} INFO - [2024-08-10 09:01:25,546] {dag.py:2280} INFO - Setting next_dagrun for example_trigger_controller_dag to 2024-08-08 00:00:00+00:00
[2024-08-10 09:01:25,557] {scheduler_job.py:190} INFO - Processing /home/airflow/.local/lib/python3.6/site-packages/airflow/example_dags/example_trigger_controller_dag.py took 0.062 seconds
[2024-08-10 09:01:55,718] {scheduler_job.py:182} INFO - Started process (PID=3309) to work on /home/airflow/.local/lib/python3.6/site-packages/airflow/example_dags/example_trigger_controller_dag.py
[2024-08-10 09:01:55,719] {scheduler_job.py:629} INFO - Processing file /home/airflow/.local/lib/python3.6/site-packages/airflow/example_dags/example_trigger_controller_dag.py for tasks to queue
[2024-08-10 09:01:55,720] {logging_mixin.py:104} INFO - [2024-08-10 09:01:55,720] {dagbag.py:451} INFO - Filling up the DagBag from /home/airflow/.local/lib/python3.6/site-packages/airflow/example_dags/example_trigger_controller_dag.py
[2024-08-10 09:01:55,730] {scheduler_job.py:639} INFO - DAG(s) dict_keys(['example_trigger_controller_dag']) retrieved from /home/airflow/.local/lib/python3.6/site-packages/airflow/example_dags/example_trigger_controller_dag.py
[2024-08-10 09:01:55,750] {logging_mixin.py:104} INFO - [2024-08-10 09:01:55,750] {dag.py:1824} INFO - Sync 1 DAGs
[2024-08-10 09:01:55,765] {logging_mixin.py:104} INFO - [2024-08-10 09:01:55,765] {dag.py:2280} INFO - Setting next_dagrun for example_trigger_controller_dag to 2024-08-08 00:00:00+00:00
[2024-08-10 09:01:55,775] {scheduler_job.py:190} INFO - Processing /home/airflow/.local/lib/python3.6/site-packages/airflow/example_dags/example_trigger_controller_dag.py took 0.061 seconds
[2024-08-10 09:02:25,972] {scheduler_job.py:182} INFO - Started process (PID=3439) to work on /home/airflow/.local/lib/python3.6/site-packages/airflow/example_dags/example_trigger_controller_dag.py
[2024-08-10 09:02:25,973] {scheduler_job.py:629} INFO - Processing file /home/airflow/.local/lib/python3.6/site-packages/airflow/example_dags/example_trigger_controller_dag.py for tasks to queue
[2024-08-10 09:02:25,974] {logging_mixin.py:104} INFO - [2024-08-10 09:02:25,973] {dagbag.py:451} INFO - Filling up the DagBag from /home/airflow/.local/lib/python3.6/site-packages/airflow/example_dags/example_trigger_controller_dag.py
[2024-08-10 09:02:25,983] {scheduler_job.py:639} INFO - DAG(s) dict_keys(['example_trigger_controller_dag']) retrieved from /home/airflow/.local/lib/python3.6/site-packages/airflow/example_dags/example_trigger_controller_dag.py
[2024-08-10 09:02:26,004] {logging_mixin.py:104} INFO - [2024-08-10 09:02:26,004] {dag.py:1824} INFO - Sync 1 DAGs
[2024-08-10 09:02:26,018] {logging_mixin.py:104} INFO - [2024-08-10 09:02:26,018] {dag.py:2280} INFO - Setting next_dagrun for example_trigger_controller_dag to 2024-08-08 00:00:00+00:00
[2024-08-10 09:02:26,028] {scheduler_job.py:190} INFO - Processing /home/airflow/.local/lib/python3.6/site-packages/airflow/example_dags/example_trigger_controller_dag.py took 0.058 seconds
[2024-08-10 09:02:56,218] {scheduler_job.py:182} INFO - Started process (PID=3574) to work on /home/airflow/.local/lib/python3.6/site-packages/airflow/example_dags/example_trigger_controller_dag.py
[2024-08-10 09:02:56,219] {scheduler_job.py:629} INFO - Processing file /home/airflow/.local/lib/python3.6/site-packages/airflow/example_dags/example_trigger_controller_dag.py for tasks to queue
[2024-08-10 09:02:56,219] {logging_mixin.py:104} INFO - [2024-08-10 09:02:56,219] {dagbag.py:451} INFO - Filling up the DagBag from /home/airflow/.local/lib/python3.6/site-packages/airflow/example_dags/example_trigger_controller_dag.py
[2024-08-10 09:02:56,229] {scheduler_job.py:639} INFO - DAG(s) dict_keys(['example_trigger_controller_dag']) retrieved from /home/airflow/.local/lib/python3.6/site-packages/airflow/example_dags/example_trigger_controller_dag.py
[2024-08-10 09:02:56,248] {logging_mixin.py:104} INFO - [2024-08-10 09:02:56,248] {dag.py:1824} INFO - Sync 1 DAGs
[2024-08-10 09:02:56,266] {logging_mixin.py:104} INFO - [2024-08-10 09:02:56,266] {dag.py:2280} INFO - Setting next_dagrun for example_trigger_controller_dag to 2024-08-08 00:00:00+00:00
[2024-08-10 09:02:56,277] {scheduler_job.py:190} INFO - Processing /home/airflow/.local/lib/python3.6/site-packages/airflow/example_dags/example_trigger_controller_dag.py took 0.063 seconds
[2024-08-10 09:03:26,650] {scheduler_job.py:182} INFO - Started process (PID=3714) to work on /home/airflow/.local/lib/python3.6/site-packages/airflow/example_dags/example_trigger_controller_dag.py
[2024-08-10 09:03:26,651] {scheduler_job.py:629} INFO - Processing file /home/airflow/.local/lib/python3.6/site-packages/airflow/example_dags/example_trigger_controller_dag.py for tasks to queue
[2024-08-10 09:03:26,651] {logging_mixin.py:104} INFO - [2024-08-10 09:03:26,651] {dagbag.py:451} INFO - Filling up the DagBag from /home/airflow/.local/lib/python3.6/site-packages/airflow/example_dags/example_trigger_controller_dag.py
[2024-08-10 09:03:26,661] {scheduler_job.py:639} INFO - DAG(s) dict_keys(['example_trigger_controller_dag']) retrieved from /home/airflow/.local/lib/python3.6/site-packages/airflow/example_dags/example_trigger_controller_dag.py
[2024-08-10 09:03:26,679] {logging_mixin.py:104} INFO - [2024-08-10 09:03:26,679] {dag.py:1824} INFO - Sync 1 DAGs
[2024-08-10 09:03:26,697] {logging_mixin.py:104} INFO - [2024-08-10 09:03:26,697] {dag.py:2280} INFO - Setting next_dagrun for example_trigger_controller_dag to 2024-08-08 00:00:00+00:00
[2024-08-10 09:03:26,713] {scheduler_job.py:190} INFO - Processing /home/airflow/.local/lib/python3.6/site-packages/airflow/example_dags/example_trigger_controller_dag.py took 0.066 seconds
[2024-08-10 09:03:56,944] {scheduler_job.py:182} INFO - Started process (PID=3854) to work on /home/airflow/.local/lib/python3.6/site-packages/airflow/example_dags/example_trigger_controller_dag.py
[2024-08-10 09:03:56,944] {scheduler_job.py:629} INFO - Processing file /home/airflow/.local/lib/python3.6/site-packages/airflow/example_dags/example_trigger_controller_dag.py for tasks to queue
[2024-08-10 09:03:56,945] {logging_mixin.py:104} INFO - [2024-08-10 09:03:56,945] {dagbag.py:451} INFO - Filling up the DagBag from /home/airflow/.local/lib/python3.6/site-packages/airflow/example_dags/example_trigger_controller_dag.py
[2024-08-10 09:03:56,955] {scheduler_job.py:639} INFO - DAG(s) dict_keys(['example_trigger_controller_dag']) retrieved from /home/airflow/.local/lib/python3.6/site-packages/airflow/example_dags/example_trigger_controller_dag.py
[2024-08-10 09:03:56,974] {logging_mixin.py:104} INFO - [2024-08-10 09:03:56,974] {dag.py:1824} INFO - Sync 1 DAGs
[2024-08-10 09:03:56,988] {logging_mixin.py:104} INFO - [2024-08-10 09:03:56,988] {dag.py:2280} INFO - Setting next_dagrun for example_trigger_controller_dag to 2024-08-08 00:00:00+00:00
[2024-08-10 09:03:57,001] {scheduler_job.py:190} INFO - Processing /home/airflow/.local/lib/python3.6/site-packages/airflow/example_dags/example_trigger_controller_dag.py took 0.061 seconds
[2024-08-10 09:04:27,437] {scheduler_job.py:182} INFO - Started process (PID=3993) to work on /home/airflow/.local/lib/python3.6/site-packages/airflow/example_dags/example_trigger_controller_dag.py
[2024-08-10 09:04:27,439] {scheduler_job.py:629} INFO - Processing file /home/airflow/.local/lib/python3.6/site-packages/airflow/example_dags/example_trigger_controller_dag.py for tasks to queue
[2024-08-10 09:04:27,440] {logging_mixin.py:104} INFO - [2024-08-10 09:04:27,440] {dagbag.py:451} INFO - Filling up the DagBag from /home/airflow/.local/lib/python3.6/site-packages/airflow/example_dags/example_trigger_controller_dag.py
[2024-08-10 09:04:27,459] {scheduler_job.py:639} INFO - DAG(s) dict_keys(['example_trigger_controller_dag']) retrieved from /home/airflow/.local/lib/python3.6/site-packages/airflow/example_dags/example_trigger_controller_dag.py
[2024-08-10 09:04:27,502] {logging_mixin.py:104} INFO - [2024-08-10 09:04:27,501] {dag.py:1824} INFO - Sync 1 DAGs
[2024-08-10 09:04:27,532] {logging_mixin.py:104} INFO - [2024-08-10 09:04:27,532] {dag.py:2280} INFO - Setting next_dagrun for example_trigger_controller_dag to 2024-08-08 00:00:00+00:00
[2024-08-10 09:04:27,549] {scheduler_job.py:190} INFO - Processing /home/airflow/.local/lib/python3.6/site-packages/airflow/example_dags/example_trigger_controller_dag.py took 0.117 seconds
[2024-08-10 09:04:57,578] {scheduler_job.py:182} INFO - Started process (PID=4119) to work on /home/airflow/.local/lib/python3.6/site-packages/airflow/example_dags/example_trigger_controller_dag.py
[2024-08-10 09:04:57,579] {scheduler_job.py:629} INFO - Processing file /home/airflow/.local/lib/python3.6/site-packages/airflow/example_dags/example_trigger_controller_dag.py for tasks to queue
[2024-08-10 09:04:57,580] {logging_mixin.py:104} INFO - [2024-08-10 09:04:57,580] {dagbag.py:451} INFO - Filling up the DagBag from /home/airflow/.local/lib/python3.6/site-packages/airflow/example_dags/example_trigger_controller_dag.py
[2024-08-10 09:04:57,590] {scheduler_job.py:639} INFO - DAG(s) dict_keys(['example_trigger_controller_dag']) retrieved from /home/airflow/.local/lib/python3.6/site-packages/airflow/example_dags/example_trigger_controller_dag.py
[2024-08-10 09:04:57,610] {logging_mixin.py:104} INFO - [2024-08-10 09:04:57,610] {dag.py:1824} INFO - Sync 1 DAGs
[2024-08-10 09:04:57,625] {logging_mixin.py:104} INFO - [2024-08-10 09:04:57,625] {dag.py:2280} INFO - Setting next_dagrun for example_trigger_controller_dag to 2024-08-08 00:00:00+00:00
[2024-08-10 09:04:57,635] {scheduler_job.py:190} INFO - Processing /home/airflow/.local/lib/python3.6/site-packages/airflow/example_dags/example_trigger_controller_dag.py took 0.061 seconds
[2024-08-10 09:05:27,736] {scheduler_job.py:182} INFO - Started process (PID=4249) to work on /home/airflow/.local/lib/python3.6/site-packages/airflow/example_dags/example_trigger_controller_dag.py
[2024-08-10 09:05:27,737] {scheduler_job.py:629} INFO - Processing file /home/airflow/.local/lib/python3.6/site-packages/airflow/example_dags/example_trigger_controller_dag.py for tasks to queue
[2024-08-10 09:05:27,738] {logging_mixin.py:104} INFO - [2024-08-10 09:05:27,738] {dagbag.py:451} INFO - Filling up the DagBag from /home/airflow/.local/lib/python3.6/site-packages/airflow/example_dags/example_trigger_controller_dag.py
[2024-08-10 09:05:27,750] {scheduler_job.py:639} INFO - DAG(s) dict_keys(['example_trigger_controller_dag']) retrieved from /home/airflow/.local/lib/python3.6/site-packages/airflow/example_dags/example_trigger_controller_dag.py
[2024-08-10 09:05:27,774] {logging_mixin.py:104} INFO - [2024-08-10 09:05:27,774] {dag.py:1824} INFO - Sync 1 DAGs
[2024-08-10 09:05:27,791] {logging_mixin.py:104} INFO - [2024-08-10 09:05:27,791] {dag.py:2280} INFO - Setting next_dagrun for example_trigger_controller_dag to 2024-08-08 00:00:00+00:00
[2024-08-10 09:05:27,804] {scheduler_job.py:190} INFO - Processing /home/airflow/.local/lib/python3.6/site-packages/airflow/example_dags/example_trigger_controller_dag.py took 0.072 seconds
[2024-08-10 09:05:57,913] {scheduler_job.py:182} INFO - Started process (PID=4379) to work on /home/airflow/.local/lib/python3.6/site-packages/airflow/example_dags/example_trigger_controller_dag.py
[2024-08-10 09:05:57,915] {scheduler_job.py:629} INFO - Processing file /home/airflow/.local/lib/python3.6/site-packages/airflow/example_dags/example_trigger_controller_dag.py for tasks to queue
[2024-08-10 09:05:57,915] {logging_mixin.py:104} INFO - [2024-08-10 09:05:57,915] {dagbag.py:451} INFO - Filling up the DagBag from /home/airflow/.local/lib/python3.6/site-packages/airflow/example_dags/example_trigger_controller_dag.py
[2024-08-10 09:05:57,927] {scheduler_job.py:639} INFO - DAG(s) dict_keys(['example_trigger_controller_dag']) retrieved from /home/airflow/.local/lib/python3.6/site-packages/airflow/example_dags/example_trigger_controller_dag.py
[2024-08-10 09:05:57,947] {logging_mixin.py:104} INFO - [2024-08-10 09:05:57,947] {dag.py:1824} INFO - Sync 1 DAGs
[2024-08-10 09:05:57,964] {logging_mixin.py:104} INFO - [2024-08-10 09:05:57,964] {dag.py:2280} INFO - Setting next_dagrun for example_trigger_controller_dag to 2024-08-08 00:00:00+00:00
[2024-08-10 09:05:57,973] {scheduler_job.py:190} INFO - Processing /home/airflow/.local/lib/python3.6/site-packages/airflow/example_dags/example_trigger_controller_dag.py took 0.065 seconds
[2024-08-10 09:06:28,385] {scheduler_job.py:182} INFO - Started process (PID=4534) to work on /home/airflow/.local/lib/python3.6/site-packages/airflow/example_dags/example_trigger_controller_dag.py
[2024-08-10 09:06:28,387] {scheduler_job.py:629} INFO - Processing file /home/airflow/.local/lib/python3.6/site-packages/airflow/example_dags/example_trigger_controller_dag.py for tasks to queue
[2024-08-10 09:06:28,387] {logging_mixin.py:104} INFO - [2024-08-10 09:06:28,387] {dagbag.py:451} INFO - Filling up the DagBag from /home/airflow/.local/lib/python3.6/site-packages/airflow/example_dags/example_trigger_controller_dag.py
[2024-08-10 09:06:28,396] {scheduler_job.py:639} INFO - DAG(s) dict_keys(['example_trigger_controller_dag']) retrieved from /home/airflow/.local/lib/python3.6/site-packages/airflow/example_dags/example_trigger_controller_dag.py
[2024-08-10 09:06:28,416] {logging_mixin.py:104} INFO - [2024-08-10 09:06:28,415] {dag.py:1824} INFO - Sync 1 DAGs
[2024-08-10 09:06:28,430] {logging_mixin.py:104} INFO - [2024-08-10 09:06:28,430] {dag.py:2280} INFO - Setting next_dagrun for example_trigger_controller_dag to 2024-08-08 00:00:00+00:00
[2024-08-10 09:06:28,440] {scheduler_job.py:190} INFO - Processing /home/airflow/.local/lib/python3.6/site-packages/airflow/example_dags/example_trigger_controller_dag.py took 0.058 seconds
[2024-08-10 09:06:58,748] {scheduler_job.py:182} INFO - Started process (PID=4669) to work on /home/airflow/.local/lib/python3.6/site-packages/airflow/example_dags/example_trigger_controller_dag.py
[2024-08-10 09:06:58,750] {scheduler_job.py:629} INFO - Processing file /home/airflow/.local/lib/python3.6/site-packages/airflow/example_dags/example_trigger_controller_dag.py for tasks to queue
[2024-08-10 09:06:58,751] {logging_mixin.py:104} INFO - [2024-08-10 09:06:58,751] {dagbag.py:451} INFO - Filling up the DagBag from /home/airflow/.local/lib/python3.6/site-packages/airflow/example_dags/example_trigger_controller_dag.py
[2024-08-10 09:06:58,763] {scheduler_job.py:639} INFO - DAG(s) dict_keys(['example_trigger_controller_dag']) retrieved from /home/airflow/.local/lib/python3.6/site-packages/airflow/example_dags/example_trigger_controller_dag.py
[2024-08-10 09:06:58,786] {logging_mixin.py:104} INFO - [2024-08-10 09:06:58,785] {dag.py:1824} INFO - Sync 1 DAGs
[2024-08-10 09:06:58,801] {logging_mixin.py:104} INFO - [2024-08-10 09:06:58,801] {dag.py:2280} INFO - Setting next_dagrun for example_trigger_controller_dag to 2024-08-08 00:00:00+00:00
[2024-08-10 09:06:58,811] {scheduler_job.py:190} INFO - Processing /home/airflow/.local/lib/python3.6/site-packages/airflow/example_dags/example_trigger_controller_dag.py took 0.066 seconds
[2024-08-10 09:07:28,938] {scheduler_job.py:182} INFO - Started process (PID=4804) to work on /home/airflow/.local/lib/python3.6/site-packages/airflow/example_dags/example_trigger_controller_dag.py
[2024-08-10 09:07:28,940] {scheduler_job.py:629} INFO - Processing file /home/airflow/.local/lib/python3.6/site-packages/airflow/example_dags/example_trigger_controller_dag.py for tasks to queue
[2024-08-10 09:07:28,941] {logging_mixin.py:104} INFO - [2024-08-10 09:07:28,941] {dagbag.py:451} INFO - Filling up the DagBag from /home/airflow/.local/lib/python3.6/site-packages/airflow/example_dags/example_trigger_controller_dag.py
[2024-08-10 09:07:28,951] {scheduler_job.py:639} INFO - DAG(s) dict_keys(['example_trigger_controller_dag']) retrieved from /home/airflow/.local/lib/python3.6/site-packages/airflow/example_dags/example_trigger_controller_dag.py
[2024-08-10 09:07:28,971] {logging_mixin.py:104} INFO - [2024-08-10 09:07:28,971] {dag.py:1824} INFO - Sync 1 DAGs
[2024-08-10 09:07:28,986] {logging_mixin.py:104} INFO - [2024-08-10 09:07:28,986] {dag.py:2280} INFO - Setting next_dagrun for example_trigger_controller_dag to 2024-08-08 00:00:00+00:00
[2024-08-10 09:07:28,996] {scheduler_job.py:190} INFO - Processing /home/airflow/.local/lib/python3.6/site-packages/airflow/example_dags/example_trigger_controller_dag.py took 0.061 seconds
[2024-08-10 09:07:59,500] {scheduler_job.py:182} INFO - Started process (PID=4940) to work on /home/airflow/.local/lib/python3.6/site-packages/airflow/example_dags/example_trigger_controller_dag.py
[2024-08-10 09:07:59,501] {scheduler_job.py:629} INFO - Processing file /home/airflow/.local/lib/python3.6/site-packages/airflow/example_dags/example_trigger_controller_dag.py for tasks to queue
[2024-08-10 09:07:59,502] {logging_mixin.py:104} INFO - [2024-08-10 09:07:59,502] {dagbag.py:451} INFO - Filling up the DagBag from /home/airflow/.local/lib/python3.6/site-packages/airflow/example_dags/example_trigger_controller_dag.py
[2024-08-10 09:07:59,514] {scheduler_job.py:639} INFO - DAG(s) dict_keys(['example_trigger_controller_dag']) retrieved from /home/airflow/.local/lib/python3.6/site-packages/airflow/example_dags/example_trigger_controller_dag.py
[2024-08-10 09:07:59,536] {logging_mixin.py:104} INFO - [2024-08-10 09:07:59,536] {dag.py:1824} INFO - Sync 1 DAGs
[2024-08-10 09:07:59,553] {logging_mixin.py:104} INFO - [2024-08-10 09:07:59,553] {dag.py:2280} INFO - Setting next_dagrun for example_trigger_controller_dag to 2024-08-08 00:00:00+00:00
[2024-08-10 09:07:59,565] {scheduler_job.py:190} INFO - Processing /home/airflow/.local/lib/python3.6/site-packages/airflow/example_dags/example_trigger_controller_dag.py took 0.068 seconds
[2024-08-10 09:08:30,028] {scheduler_job.py:182} INFO - Started process (PID=5074) to work on /home/airflow/.local/lib/python3.6/site-packages/airflow/example_dags/example_trigger_controller_dag.py
[2024-08-10 09:08:30,029] {scheduler_job.py:629} INFO - Processing file /home/airflow/.local/lib/python3.6/site-packages/airflow/example_dags/example_trigger_controller_dag.py for tasks to queue
[2024-08-10 09:08:30,030] {logging_mixin.py:104} INFO - [2024-08-10 09:08:30,030] {dagbag.py:451} INFO - Filling up the DagBag from /home/airflow/.local/lib/python3.6/site-packages/airflow/example_dags/example_trigger_controller_dag.py
[2024-08-10 09:08:30,040] {scheduler_job.py:639} INFO - DAG(s) dict_keys(['example_trigger_controller_dag']) retrieved from /home/airflow/.local/lib/python3.6/site-packages/airflow/example_dags/example_trigger_controller_dag.py
[2024-08-10 09:08:30,061] {logging_mixin.py:104} INFO - [2024-08-10 09:08:30,061] {dag.py:1824} INFO - Sync 1 DAGs
[2024-08-10 09:08:30,077] {logging_mixin.py:104} INFO - [2024-08-10 09:08:30,077] {dag.py:2280} INFO - Setting next_dagrun for example_trigger_controller_dag to 2024-08-08 00:00:00+00:00
[2024-08-10 09:08:30,087] {scheduler_job.py:190} INFO - Processing /home/airflow/.local/lib/python3.6/site-packages/airflow/example_dags/example_trigger_controller_dag.py took 0.063 seconds
[2024-08-10 09:09:00,429] {scheduler_job.py:182} INFO - Started process (PID=5209) to work on /home/airflow/.local/lib/python3.6/site-packages/airflow/example_dags/example_trigger_controller_dag.py
[2024-08-10 09:09:00,430] {scheduler_job.py:629} INFO - Processing file /home/airflow/.local/lib/python3.6/site-packages/airflow/example_dags/example_trigger_controller_dag.py for tasks to queue
[2024-08-10 09:09:00,431] {logging_mixin.py:104} INFO - [2024-08-10 09:09:00,431] {dagbag.py:451} INFO - Filling up the DagBag from /home/airflow/.local/lib/python3.6/site-packages/airflow/example_dags/example_trigger_controller_dag.py
[2024-08-10 09:09:00,440] {scheduler_job.py:639} INFO - DAG(s) dict_keys(['example_trigger_controller_dag']) retrieved from /home/airflow/.local/lib/python3.6/site-packages/airflow/example_dags/example_trigger_controller_dag.py
[2024-08-10 09:09:00,461] {logging_mixin.py:104} INFO - [2024-08-10 09:09:00,461] {dag.py:1824} INFO - Sync 1 DAGs
[2024-08-10 09:09:00,474] {logging_mixin.py:104} INFO - [2024-08-10 09:09:00,474] {dag.py:2280} INFO - Setting next_dagrun for example_trigger_controller_dag to 2024-08-08 00:00:00+00:00
[2024-08-10 09:09:00,485] {scheduler_job.py:190} INFO - Processing /home/airflow/.local/lib/python3.6/site-packages/airflow/example_dags/example_trigger_controller_dag.py took 0.059 seconds
[2024-08-10 09:09:30,719] {scheduler_job.py:182} INFO - Started process (PID=5344) to work on /home/airflow/.local/lib/python3.6/site-packages/airflow/example_dags/example_trigger_controller_dag.py
[2024-08-10 09:09:30,720] {scheduler_job.py:629} INFO - Processing file /home/airflow/.local/lib/python3.6/site-packages/airflow/example_dags/example_trigger_controller_dag.py for tasks to queue
[2024-08-10 09:09:30,721] {logging_mixin.py:104} INFO - [2024-08-10 09:09:30,721] {dagbag.py:451} INFO - Filling up the DagBag from /home/airflow/.local/lib/python3.6/site-packages/airflow/example_dags/example_trigger_controller_dag.py
[2024-08-10 09:09:30,731] {scheduler_job.py:639} INFO - DAG(s) dict_keys(['example_trigger_controller_dag']) retrieved from /home/airflow/.local/lib/python3.6/site-packages/airflow/example_dags/example_trigger_controller_dag.py
[2024-08-10 09:09:30,753] {logging_mixin.py:104} INFO - [2024-08-10 09:09:30,753] {dag.py:1824} INFO - Sync 1 DAGs
[2024-08-10 09:09:30,769] {logging_mixin.py:104} INFO - [2024-08-10 09:09:30,769] {dag.py:2280} INFO - Setting next_dagrun for example_trigger_controller_dag to 2024-08-08 00:00:00+00:00
[2024-08-10 09:09:30,781] {scheduler_job.py:190} INFO - Processing /home/airflow/.local/lib/python3.6/site-packages/airflow/example_dags/example_trigger_controller_dag.py took 0.066 seconds
[2024-08-10 09:10:01,115] {scheduler_job.py:182} INFO - Started process (PID=5479) to work on /home/airflow/.local/lib/python3.6/site-packages/airflow/example_dags/example_trigger_controller_dag.py
[2024-08-10 09:10:01,117] {scheduler_job.py:629} INFO - Processing file /home/airflow/.local/lib/python3.6/site-packages/airflow/example_dags/example_trigger_controller_dag.py for tasks to queue
[2024-08-10 09:10:01,117] {logging_mixin.py:104} INFO - [2024-08-10 09:10:01,117] {dagbag.py:451} INFO - Filling up the DagBag from /home/airflow/.local/lib/python3.6/site-packages/airflow/example_dags/example_trigger_controller_dag.py
[2024-08-10 09:10:01,127] {scheduler_job.py:639} INFO - DAG(s) dict_keys(['example_trigger_controller_dag']) retrieved from /home/airflow/.local/lib/python3.6/site-packages/airflow/example_dags/example_trigger_controller_dag.py
[2024-08-10 09:10:01,149] {logging_mixin.py:104} INFO - [2024-08-10 09:10:01,148] {dag.py:1824} INFO - Sync 1 DAGs
[2024-08-10 09:10:01,164] {logging_mixin.py:104} INFO - [2024-08-10 09:10:01,164] {dag.py:2280} INFO - Setting next_dagrun for example_trigger_controller_dag to 2024-08-08 00:00:00+00:00
[2024-08-10 09:10:01,174] {scheduler_job.py:190} INFO - Processing /home/airflow/.local/lib/python3.6/site-packages/airflow/example_dags/example_trigger_controller_dag.py took 0.062 seconds
[2024-08-10 09:10:31,422] {scheduler_job.py:182} INFO - Started process (PID=5604) to work on /home/airflow/.local/lib/python3.6/site-packages/airflow/example_dags/example_trigger_controller_dag.py
[2024-08-10 09:10:31,423] {scheduler_job.py:629} INFO - Processing file /home/airflow/.local/lib/python3.6/site-packages/airflow/example_dags/example_trigger_controller_dag.py for tasks to queue
[2024-08-10 09:10:31,423] {logging_mixin.py:104} INFO - [2024-08-10 09:10:31,423] {dagbag.py:451} INFO - Filling up the DagBag from /home/airflow/.local/lib/python3.6/site-packages/airflow/example_dags/example_trigger_controller_dag.py
[2024-08-10 09:10:31,433] {scheduler_job.py:639} INFO - DAG(s) dict_keys(['example_trigger_controller_dag']) retrieved from /home/airflow/.local/lib/python3.6/site-packages/airflow/example_dags/example_trigger_controller_dag.py
[2024-08-10 09:10:31,455] {logging_mixin.py:104} INFO - [2024-08-10 09:10:31,455] {dag.py:1824} INFO - Sync 1 DAGs
[2024-08-10 09:10:31,471] {logging_mixin.py:104} INFO - [2024-08-10 09:10:31,471] {dag.py:2280} INFO - Setting next_dagrun for example_trigger_controller_dag to 2024-08-08 00:00:00+00:00
[2024-08-10 09:10:31,480] {scheduler_job.py:190} INFO - Processing /home/airflow/.local/lib/python3.6/site-packages/airflow/example_dags/example_trigger_controller_dag.py took 0.062 seconds
[2024-08-10 09:11:01,636] {scheduler_job.py:182} INFO - Started process (PID=5739) to work on /home/airflow/.local/lib/python3.6/site-packages/airflow/example_dags/example_trigger_controller_dag.py
[2024-08-10 09:11:01,636] {scheduler_job.py:629} INFO - Processing file /home/airflow/.local/lib/python3.6/site-packages/airflow/example_dags/example_trigger_controller_dag.py for tasks to queue
[2024-08-10 09:11:01,637] {logging_mixin.py:104} INFO - [2024-08-10 09:11:01,637] {dagbag.py:451} INFO - Filling up the DagBag from /home/airflow/.local/lib/python3.6/site-packages/airflow/example_dags/example_trigger_controller_dag.py
[2024-08-10 09:11:01,646] {scheduler_job.py:639} INFO - DAG(s) dict_keys(['example_trigger_controller_dag']) retrieved from /home/airflow/.local/lib/python3.6/site-packages/airflow/example_dags/example_trigger_controller_dag.py
[2024-08-10 09:11:01,668] {logging_mixin.py:104} INFO - [2024-08-10 09:11:01,668] {dag.py:1824} INFO - Sync 1 DAGs
[2024-08-10 09:11:01,682] {logging_mixin.py:104} INFO - [2024-08-10 09:11:01,682] {dag.py:2280} INFO - Setting next_dagrun for example_trigger_controller_dag to 2024-08-08 00:00:00+00:00
[2024-08-10 09:11:01,691] {scheduler_job.py:190} INFO - Processing /home/airflow/.local/lib/python3.6/site-packages/airflow/example_dags/example_trigger_controller_dag.py took 0.058 seconds
[2024-08-10 09:11:31,995] {scheduler_job.py:182} INFO - Started process (PID=5879) to work on /home/airflow/.local/lib/python3.6/site-packages/airflow/example_dags/example_trigger_controller_dag.py
[2024-08-10 09:11:31,997] {scheduler_job.py:629} INFO - Processing file /home/airflow/.local/lib/python3.6/site-packages/airflow/example_dags/example_trigger_controller_dag.py for tasks to queue
[2024-08-10 09:11:31,997] {logging_mixin.py:104} INFO - [2024-08-10 09:11:31,997] {dagbag.py:451} INFO - Filling up the DagBag from /home/airflow/.local/lib/python3.6/site-packages/airflow/example_dags/example_trigger_controller_dag.py
[2024-08-10 09:11:32,008] {scheduler_job.py:639} INFO - DAG(s) dict_keys(['example_trigger_controller_dag']) retrieved from /home/airflow/.local/lib/python3.6/site-packages/airflow/example_dags/example_trigger_controller_dag.py
[2024-08-10 09:11:32,030] {logging_mixin.py:104} INFO - [2024-08-10 09:11:32,030] {dag.py:1824} INFO - Sync 1 DAGs
[2024-08-10 09:11:32,047] {logging_mixin.py:104} INFO - [2024-08-10 09:11:32,047] {dag.py:2280} INFO - Setting next_dagrun for example_trigger_controller_dag to 2024-08-08 00:00:00+00:00
[2024-08-10 09:11:32,059] {scheduler_job.py:190} INFO - Processing /home/airflow/.local/lib/python3.6/site-packages/airflow/example_dags/example_trigger_controller_dag.py took 0.067 seconds
[2024-08-10 09:12:02,717] {scheduler_job.py:182} INFO - Started process (PID=6014) to work on /home/airflow/.local/lib/python3.6/site-packages/airflow/example_dags/example_trigger_controller_dag.py
[2024-08-10 09:12:02,719] {scheduler_job.py:629} INFO - Processing file /home/airflow/.local/lib/python3.6/site-packages/airflow/example_dags/example_trigger_controller_dag.py for tasks to queue
[2024-08-10 09:12:02,720] {logging_mixin.py:104} INFO - [2024-08-10 09:12:02,720] {dagbag.py:451} INFO - Filling up the DagBag from /home/airflow/.local/lib/python3.6/site-packages/airflow/example_dags/example_trigger_controller_dag.py
[2024-08-10 09:12:02,735] {scheduler_job.py:639} INFO - DAG(s) dict_keys(['example_trigger_controller_dag']) retrieved from /home/airflow/.local/lib/python3.6/site-packages/airflow/example_dags/example_trigger_controller_dag.py
[2024-08-10 09:12:02,774] {logging_mixin.py:104} INFO - [2024-08-10 09:12:02,774] {dag.py:1824} INFO - Sync 1 DAGs
[2024-08-10 09:12:02,809] {logging_mixin.py:104} INFO - [2024-08-10 09:12:02,808] {dag.py:2280} INFO - Setting next_dagrun for example_trigger_controller_dag to 2024-08-08 00:00:00+00:00
[2024-08-10 09:12:02,827] {scheduler_job.py:190} INFO - Processing /home/airflow/.local/lib/python3.6/site-packages/airflow/example_dags/example_trigger_controller_dag.py took 0.115 seconds
[2024-08-10 09:12:33,445] {scheduler_job.py:182} INFO - Started process (PID=6144) to work on /home/airflow/.local/lib/python3.6/site-packages/airflow/example_dags/example_trigger_controller_dag.py
[2024-08-10 09:12:33,446] {scheduler_job.py:629} INFO - Processing file /home/airflow/.local/lib/python3.6/site-packages/airflow/example_dags/example_trigger_controller_dag.py for tasks to queue
[2024-08-10 09:12:33,447] {logging_mixin.py:104} INFO - [2024-08-10 09:12:33,447] {dagbag.py:451} INFO - Filling up the DagBag from /home/airflow/.local/lib/python3.6/site-packages/airflow/example_dags/example_trigger_controller_dag.py
[2024-08-10 09:12:33,461] {scheduler_job.py:639} INFO - DAG(s) dict_keys(['example_trigger_controller_dag']) retrieved from /home/airflow/.local/lib/python3.6/site-packages/airflow/example_dags/example_trigger_controller_dag.py
[2024-08-10 09:12:33,482] {logging_mixin.py:104} INFO - [2024-08-10 09:12:33,482] {dag.py:1824} INFO - Sync 1 DAGs
[2024-08-10 09:12:33,499] {logging_mixin.py:104} INFO - [2024-08-10 09:12:33,499] {dag.py:2280} INFO - Setting next_dagrun for example_trigger_controller_dag to 2024-08-08 00:00:00+00:00
[2024-08-10 09:12:33,509] {scheduler_job.py:190} INFO - Processing /home/airflow/.local/lib/python3.6/site-packages/airflow/example_dags/example_trigger_controller_dag.py took 0.069 seconds
[2024-08-10 09:13:04,056] {scheduler_job.py:182} INFO - Started process (PID=6283) to work on /home/airflow/.local/lib/python3.6/site-packages/airflow/example_dags/example_trigger_controller_dag.py
[2024-08-10 09:13:04,057] {scheduler_job.py:629} INFO - Processing file /home/airflow/.local/lib/python3.6/site-packages/airflow/example_dags/example_trigger_controller_dag.py for tasks to queue
[2024-08-10 09:13:04,058] {logging_mixin.py:104} INFO - [2024-08-10 09:13:04,058] {dagbag.py:451} INFO - Filling up the DagBag from /home/airflow/.local/lib/python3.6/site-packages/airflow/example_dags/example_trigger_controller_dag.py
[2024-08-10 09:13:04,067] {scheduler_job.py:639} INFO - DAG(s) dict_keys(['example_trigger_controller_dag']) retrieved from /home/airflow/.local/lib/python3.6/site-packages/airflow/example_dags/example_trigger_controller_dag.py
[2024-08-10 09:13:04,088] {logging_mixin.py:104} INFO - [2024-08-10 09:13:04,088] {dag.py:1824} INFO - Sync 1 DAGs
[2024-08-10 09:13:04,102] {logging_mixin.py:104} INFO - [2024-08-10 09:13:04,102] {dag.py:2280} INFO - Setting next_dagrun for example_trigger_controller_dag to 2024-08-08 00:00:00+00:00
[2024-08-10 09:13:04,113] {scheduler_job.py:190} INFO - Processing /home/airflow/.local/lib/python3.6/site-packages/airflow/example_dags/example_trigger_controller_dag.py took 0.060 seconds
[2024-08-10 09:13:34,487] {scheduler_job.py:182} INFO - Started process (PID=6419) to work on /home/airflow/.local/lib/python3.6/site-packages/airflow/example_dags/example_trigger_controller_dag.py
[2024-08-10 09:13:34,488] {scheduler_job.py:629} INFO - Processing file /home/airflow/.local/lib/python3.6/site-packages/airflow/example_dags/example_trigger_controller_dag.py for tasks to queue
[2024-08-10 09:13:34,488] {logging_mixin.py:104} INFO - [2024-08-10 09:13:34,488] {dagbag.py:451} INFO - Filling up the DagBag from /home/airflow/.local/lib/python3.6/site-packages/airflow/example_dags/example_trigger_controller_dag.py
[2024-08-10 09:13:34,498] {scheduler_job.py:639} INFO - DAG(s) dict_keys(['example_trigger_controller_dag']) retrieved from /home/airflow/.local/lib/python3.6/site-packages/airflow/example_dags/example_trigger_controller_dag.py
[2024-08-10 09:13:34,518] {logging_mixin.py:104} INFO - [2024-08-10 09:13:34,518] {dag.py:1824} INFO - Sync 1 DAGs
[2024-08-10 09:13:34,533] {logging_mixin.py:104} INFO - [2024-08-10 09:13:34,533] {dag.py:2280} INFO - Setting next_dagrun for example_trigger_controller_dag to 2024-08-08 00:00:00+00:00
[2024-08-10 09:13:34,543] {scheduler_job.py:190} INFO - Processing /home/airflow/.local/lib/python3.6/site-packages/airflow/example_dags/example_trigger_controller_dag.py took 0.059 seconds
[2024-08-10 09:14:04,683] {scheduler_job.py:182} INFO - Started process (PID=6551) to work on /home/airflow/.local/lib/python3.6/site-packages/airflow/example_dags/example_trigger_controller_dag.py
[2024-08-10 09:14:04,684] {scheduler_job.py:629} INFO - Processing file /home/airflow/.local/lib/python3.6/site-packages/airflow/example_dags/example_trigger_controller_dag.py for tasks to queue
[2024-08-10 09:14:04,684] {logging_mixin.py:104} INFO - [2024-08-10 09:14:04,684] {dagbag.py:451} INFO - Filling up the DagBag from /home/airflow/.local/lib/python3.6/site-packages/airflow/example_dags/example_trigger_controller_dag.py
[2024-08-10 09:14:04,695] {scheduler_job.py:639} INFO - DAG(s) dict_keys(['example_trigger_controller_dag']) retrieved from /home/airflow/.local/lib/python3.6/site-packages/airflow/example_dags/example_trigger_controller_dag.py
[2024-08-10 09:14:04,717] {logging_mixin.py:104} INFO - [2024-08-10 09:14:04,717] {dag.py:1824} INFO - Sync 1 DAGs
[2024-08-10 09:14:04,731] {logging_mixin.py:104} INFO - [2024-08-10 09:14:04,731] {dag.py:2280} INFO - Setting next_dagrun for example_trigger_controller_dag to 2024-08-08 00:00:00+00:00
[2024-08-10 09:14:04,740] {scheduler_job.py:190} INFO - Processing /home/airflow/.local/lib/python3.6/site-packages/airflow/example_dags/example_trigger_controller_dag.py took 0.060 seconds
[2024-08-10 09:14:34,973] {scheduler_job.py:182} INFO - Started process (PID=6679) to work on /home/airflow/.local/lib/python3.6/site-packages/airflow/example_dags/example_trigger_controller_dag.py
[2024-08-10 09:14:34,974] {scheduler_job.py:629} INFO - Processing file /home/airflow/.local/lib/python3.6/site-packages/airflow/example_dags/example_trigger_controller_dag.py for tasks to queue
[2024-08-10 09:14:34,975] {logging_mixin.py:104} INFO - [2024-08-10 09:14:34,975] {dagbag.py:451} INFO - Filling up the DagBag from /home/airflow/.local/lib/python3.6/site-packages/airflow/example_dags/example_trigger_controller_dag.py
[2024-08-10 09:14:34,984] {scheduler_job.py:639} INFO - DAG(s) dict_keys(['example_trigger_controller_dag']) retrieved from /home/airflow/.local/lib/python3.6/site-packages/airflow/example_dags/example_trigger_controller_dag.py
[2024-08-10 09:14:35,003] {logging_mixin.py:104} INFO - [2024-08-10 09:14:35,002] {dag.py:1824} INFO - Sync 1 DAGs
[2024-08-10 09:14:35,016] {logging_mixin.py:104} INFO - [2024-08-10 09:14:35,016] {dag.py:2280} INFO - Setting next_dagrun for example_trigger_controller_dag to 2024-08-08 00:00:00+00:00
[2024-08-10 09:14:35,026] {scheduler_job.py:190} INFO - Processing /home/airflow/.local/lib/python3.6/site-packages/airflow/example_dags/example_trigger_controller_dag.py took 0.056 seconds
[2024-08-10 09:15:05,465] {scheduler_job.py:182} INFO - Started process (PID=6824) to work on /home/airflow/.local/lib/python3.6/site-packages/airflow/example_dags/example_trigger_controller_dag.py
[2024-08-10 09:15:05,466] {scheduler_job.py:629} INFO - Processing file /home/airflow/.local/lib/python3.6/site-packages/airflow/example_dags/example_trigger_controller_dag.py for tasks to queue
[2024-08-10 09:15:05,467] {logging_mixin.py:104} INFO - [2024-08-10 09:15:05,467] {dagbag.py:451} INFO - Filling up the DagBag from /home/airflow/.local/lib/python3.6/site-packages/airflow/example_dags/example_trigger_controller_dag.py
[2024-08-10 09:15:05,477] {scheduler_job.py:639} INFO - DAG(s) dict_keys(['example_trigger_controller_dag']) retrieved from /home/airflow/.local/lib/python3.6/site-packages/airflow/example_dags/example_trigger_controller_dag.py
[2024-08-10 09:15:05,497] {logging_mixin.py:104} INFO - [2024-08-10 09:15:05,497] {dag.py:1824} INFO - Sync 1 DAGs
[2024-08-10 09:15:05,510] {logging_mixin.py:104} INFO - [2024-08-10 09:15:05,510] {dag.py:2280} INFO - Setting next_dagrun for example_trigger_controller_dag to 2024-08-08 00:00:00+00:00
[2024-08-10 09:15:05,519] {scheduler_job.py:190} INFO - Processing /home/airflow/.local/lib/python3.6/site-packages/airflow/example_dags/example_trigger_controller_dag.py took 0.057 seconds
[2024-08-10 09:15:35,765] {scheduler_job.py:182} INFO - Started process (PID=6959) to work on /home/airflow/.local/lib/python3.6/site-packages/airflow/example_dags/example_trigger_controller_dag.py
[2024-08-10 09:15:35,766] {scheduler_job.py:629} INFO - Processing file /home/airflow/.local/lib/python3.6/site-packages/airflow/example_dags/example_trigger_controller_dag.py for tasks to queue
[2024-08-10 09:15:35,767] {logging_mixin.py:104} INFO - [2024-08-10 09:15:35,767] {dagbag.py:451} INFO - Filling up the DagBag from /home/airflow/.local/lib/python3.6/site-packages/airflow/example_dags/example_trigger_controller_dag.py
[2024-08-10 09:15:35,776] {scheduler_job.py:639} INFO - DAG(s) dict_keys(['example_trigger_controller_dag']) retrieved from /home/airflow/.local/lib/python3.6/site-packages/airflow/example_dags/example_trigger_controller_dag.py
[2024-08-10 09:15:35,796] {logging_mixin.py:104} INFO - [2024-08-10 09:15:35,796] {dag.py:1824} INFO - Sync 1 DAGs
[2024-08-10 09:15:35,811] {logging_mixin.py:104} INFO - [2024-08-10 09:15:35,811] {dag.py:2280} INFO - Setting next_dagrun for example_trigger_controller_dag to 2024-08-08 00:00:00+00:00
[2024-08-10 09:15:35,820] {scheduler_job.py:190} INFO - Processing /home/airflow/.local/lib/python3.6/site-packages/airflow/example_dags/example_trigger_controller_dag.py took 0.059 seconds
[2024-08-10 09:16:05,851] {scheduler_job.py:182} INFO - Started process (PID=7089) to work on /home/airflow/.local/lib/python3.6/site-packages/airflow/example_dags/example_trigger_controller_dag.py
[2024-08-10 09:16:05,852] {scheduler_job.py:629} INFO - Processing file /home/airflow/.local/lib/python3.6/site-packages/airflow/example_dags/example_trigger_controller_dag.py for tasks to queue
[2024-08-10 09:16:05,852] {logging_mixin.py:104} INFO - [2024-08-10 09:16:05,852] {dagbag.py:451} INFO - Filling up the DagBag from /home/airflow/.local/lib/python3.6/site-packages/airflow/example_dags/example_trigger_controller_dag.py
[2024-08-10 09:16:05,862] {scheduler_job.py:639} INFO - DAG(s) dict_keys(['example_trigger_controller_dag']) retrieved from /home/airflow/.local/lib/python3.6/site-packages/airflow/example_dags/example_trigger_controller_dag.py
[2024-08-10 09:16:05,881] {logging_mixin.py:104} INFO - [2024-08-10 09:16:05,881] {dag.py:1824} INFO - Sync 1 DAGs
[2024-08-10 09:16:05,895] {logging_mixin.py:104} INFO - [2024-08-10 09:16:05,894] {dag.py:2280} INFO - Setting next_dagrun for example_trigger_controller_dag to 2024-08-08 00:00:00+00:00
[2024-08-10 09:16:05,904] {scheduler_job.py:190} INFO - Processing /home/airflow/.local/lib/python3.6/site-packages/airflow/example_dags/example_trigger_controller_dag.py took 0.057 seconds
