[2024-08-10 08:42:12,045] {scheduler_job.py:182} INFO - Started process (PID=30438) to work on /home/airflow/.local/lib/python3.6/site-packages/airflow/example_dags/example_branch_operator.py
[2024-08-10 08:42:12,046] {scheduler_job.py:629} INFO - Processing file /home/airflow/.local/lib/python3.6/site-packages/airflow/example_dags/example_branch_operator.py for tasks to queue
[2024-08-10 08:42:12,046] {logging_mixin.py:104} INFO - [2024-08-10 08:42:12,046] {dagbag.py:451} INFO - Filling up the DagBag from /home/airflow/.local/lib/python3.6/site-packages/airflow/example_dags/example_branch_operator.py
[2024-08-10 08:42:12,061] {scheduler_job.py:639} INFO - DAG(s) dict_keys(['example_branch_operator']) retrieved from /home/airflow/.local/lib/python3.6/site-packages/airflow/example_dags/example_branch_operator.py
[2024-08-10 08:42:12,082] {logging_mixin.py:104} INFO - [2024-08-10 08:42:12,082] {dag.py:1824} INFO - Sync 1 DAGs
[2024-08-10 08:42:12,103] {logging_mixin.py:104} INFO - [2024-08-10 08:42:12,103] {dag.py:2280} INFO - Setting next_dagrun for example_branch_operator to 2024-08-08 00:00:00+00:00
[2024-08-10 08:42:12,114] {scheduler_job.py:190} INFO - Processing /home/airflow/.local/lib/python3.6/site-packages/airflow/example_dags/example_branch_operator.py took 0.072 seconds
[2024-08-10 08:42:42,379] {scheduler_job.py:182} INFO - Started process (PID=30573) to work on /home/airflow/.local/lib/python3.6/site-packages/airflow/example_dags/example_branch_operator.py
[2024-08-10 08:42:42,381] {scheduler_job.py:629} INFO - Processing file /home/airflow/.local/lib/python3.6/site-packages/airflow/example_dags/example_branch_operator.py for tasks to queue
[2024-08-10 08:42:42,382] {logging_mixin.py:104} INFO - [2024-08-10 08:42:42,381] {dagbag.py:451} INFO - Filling up the DagBag from /home/airflow/.local/lib/python3.6/site-packages/airflow/example_dags/example_branch_operator.py
[2024-08-10 08:42:42,414] {scheduler_job.py:639} INFO - DAG(s) dict_keys(['example_branch_operator']) retrieved from /home/airflow/.local/lib/python3.6/site-packages/airflow/example_dags/example_branch_operator.py
[2024-08-10 08:42:42,447] {logging_mixin.py:104} INFO - [2024-08-10 08:42:42,447] {dag.py:1824} INFO - Sync 1 DAGs
[2024-08-10 08:42:42,482] {logging_mixin.py:104} INFO - [2024-08-10 08:42:42,481] {dag.py:2280} INFO - Setting next_dagrun for example_branch_operator to 2024-08-08 00:00:00+00:00
[2024-08-10 08:42:42,496] {scheduler_job.py:190} INFO - Processing /home/airflow/.local/lib/python3.6/site-packages/airflow/example_dags/example_branch_operator.py took 0.121 seconds
[2024-08-10 08:43:12,990] {scheduler_job.py:182} INFO - Started process (PID=30706) to work on /home/airflow/.local/lib/python3.6/site-packages/airflow/example_dags/example_branch_operator.py
[2024-08-10 08:43:12,991] {scheduler_job.py:629} INFO - Processing file /home/airflow/.local/lib/python3.6/site-packages/airflow/example_dags/example_branch_operator.py for tasks to queue
[2024-08-10 08:43:12,992] {logging_mixin.py:104} INFO - [2024-08-10 08:43:12,991] {dagbag.py:451} INFO - Filling up the DagBag from /home/airflow/.local/lib/python3.6/site-packages/airflow/example_dags/example_branch_operator.py
[2024-08-10 08:43:13,007] {scheduler_job.py:639} INFO - DAG(s) dict_keys(['example_branch_operator']) retrieved from /home/airflow/.local/lib/python3.6/site-packages/airflow/example_dags/example_branch_operator.py
[2024-08-10 08:43:13,028] {logging_mixin.py:104} INFO - [2024-08-10 08:43:13,028] {dag.py:1824} INFO - Sync 1 DAGs
[2024-08-10 08:43:13,048] {logging_mixin.py:104} INFO - [2024-08-10 08:43:13,047] {dag.py:2280} INFO - Setting next_dagrun for example_branch_operator to 2024-08-08 00:00:00+00:00
[2024-08-10 08:43:13,058] {scheduler_job.py:190} INFO - Processing /home/airflow/.local/lib/python3.6/site-packages/airflow/example_dags/example_branch_operator.py took 0.072 seconds
[2024-08-10 08:43:43,144] {scheduler_job.py:182} INFO - Started process (PID=30841) to work on /home/airflow/.local/lib/python3.6/site-packages/airflow/example_dags/example_branch_operator.py
[2024-08-10 08:43:43,145] {scheduler_job.py:629} INFO - Processing file /home/airflow/.local/lib/python3.6/site-packages/airflow/example_dags/example_branch_operator.py for tasks to queue
[2024-08-10 08:43:43,145] {logging_mixin.py:104} INFO - [2024-08-10 08:43:43,145] {dagbag.py:451} INFO - Filling up the DagBag from /home/airflow/.local/lib/python3.6/site-packages/airflow/example_dags/example_branch_operator.py
[2024-08-10 08:43:43,162] {scheduler_job.py:639} INFO - DAG(s) dict_keys(['example_branch_operator']) retrieved from /home/airflow/.local/lib/python3.6/site-packages/airflow/example_dags/example_branch_operator.py
[2024-08-10 08:43:43,184] {logging_mixin.py:104} INFO - [2024-08-10 08:43:43,184] {dag.py:1824} INFO - Sync 1 DAGs
[2024-08-10 08:43:43,207] {logging_mixin.py:104} INFO - [2024-08-10 08:43:43,206] {dag.py:2280} INFO - Setting next_dagrun for example_branch_operator to 2024-08-08 00:00:00+00:00
[2024-08-10 08:43:43,218] {scheduler_job.py:190} INFO - Processing /home/airflow/.local/lib/python3.6/site-packages/airflow/example_dags/example_branch_operator.py took 0.078 seconds
[2024-08-10 08:44:13,286] {scheduler_job.py:182} INFO - Started process (PID=30987) to work on /home/airflow/.local/lib/python3.6/site-packages/airflow/example_dags/example_branch_operator.py
[2024-08-10 08:44:13,287] {scheduler_job.py:629} INFO - Processing file /home/airflow/.local/lib/python3.6/site-packages/airflow/example_dags/example_branch_operator.py for tasks to queue
[2024-08-10 08:44:13,287] {logging_mixin.py:104} INFO - [2024-08-10 08:44:13,287] {dagbag.py:451} INFO - Filling up the DagBag from /home/airflow/.local/lib/python3.6/site-packages/airflow/example_dags/example_branch_operator.py
[2024-08-10 08:44:13,302] {scheduler_job.py:639} INFO - DAG(s) dict_keys(['example_branch_operator']) retrieved from /home/airflow/.local/lib/python3.6/site-packages/airflow/example_dags/example_branch_operator.py
[2024-08-10 08:44:13,323] {logging_mixin.py:104} INFO - [2024-08-10 08:44:13,323] {dag.py:1824} INFO - Sync 1 DAGs
[2024-08-10 08:44:13,351] {logging_mixin.py:104} INFO - [2024-08-10 08:44:13,351] {dag.py:2280} INFO - Setting next_dagrun for example_branch_operator to 2024-08-08 00:00:00+00:00
[2024-08-10 08:44:13,363] {scheduler_job.py:190} INFO - Processing /home/airflow/.local/lib/python3.6/site-packages/airflow/example_dags/example_branch_operator.py took 0.081 seconds
[2024-08-10 08:44:44,127] {scheduler_job.py:182} INFO - Started process (PID=31118) to work on /home/airflow/.local/lib/python3.6/site-packages/airflow/example_dags/example_branch_operator.py
[2024-08-10 08:44:44,128] {scheduler_job.py:629} INFO - Processing file /home/airflow/.local/lib/python3.6/site-packages/airflow/example_dags/example_branch_operator.py for tasks to queue
[2024-08-10 08:44:44,129] {logging_mixin.py:104} INFO - [2024-08-10 08:44:44,129] {dagbag.py:451} INFO - Filling up the DagBag from /home/airflow/.local/lib/python3.6/site-packages/airflow/example_dags/example_branch_operator.py
[2024-08-10 08:44:44,149] {scheduler_job.py:639} INFO - DAG(s) dict_keys(['example_branch_operator']) retrieved from /home/airflow/.local/lib/python3.6/site-packages/airflow/example_dags/example_branch_operator.py
[2024-08-10 08:44:44,180] {logging_mixin.py:104} INFO - [2024-08-10 08:44:44,180] {dag.py:1824} INFO - Sync 1 DAGs
[2024-08-10 08:44:44,212] {logging_mixin.py:104} INFO - [2024-08-10 08:44:44,212] {dag.py:2280} INFO - Setting next_dagrun for example_branch_operator to 2024-08-08 00:00:00+00:00
[2024-08-10 08:44:44,230] {scheduler_job.py:190} INFO - Processing /home/airflow/.local/lib/python3.6/site-packages/airflow/example_dags/example_branch_operator.py took 0.105 seconds
[2024-08-10 08:45:14,856] {scheduler_job.py:182} INFO - Started process (PID=31253) to work on /home/airflow/.local/lib/python3.6/site-packages/airflow/example_dags/example_branch_operator.py
[2024-08-10 08:45:14,857] {scheduler_job.py:629} INFO - Processing file /home/airflow/.local/lib/python3.6/site-packages/airflow/example_dags/example_branch_operator.py for tasks to queue
[2024-08-10 08:45:14,858] {logging_mixin.py:104} INFO - [2024-08-10 08:45:14,858] {dagbag.py:451} INFO - Filling up the DagBag from /home/airflow/.local/lib/python3.6/site-packages/airflow/example_dags/example_branch_operator.py
[2024-08-10 08:45:14,885] {scheduler_job.py:639} INFO - DAG(s) dict_keys(['example_branch_operator']) retrieved from /home/airflow/.local/lib/python3.6/site-packages/airflow/example_dags/example_branch_operator.py
[2024-08-10 08:45:14,914] {logging_mixin.py:104} INFO - [2024-08-10 08:45:14,914] {dag.py:1824} INFO - Sync 1 DAGs
[2024-08-10 08:45:14,945] {logging_mixin.py:104} INFO - [2024-08-10 08:45:14,945] {dag.py:2280} INFO - Setting next_dagrun for example_branch_operator to 2024-08-08 00:00:00+00:00
[2024-08-10 08:45:14,958] {scheduler_job.py:190} INFO - Processing /home/airflow/.local/lib/python3.6/site-packages/airflow/example_dags/example_branch_operator.py took 0.108 seconds
[2024-08-10 08:45:45,770] {scheduler_job.py:182} INFO - Started process (PID=31388) to work on /home/airflow/.local/lib/python3.6/site-packages/airflow/example_dags/example_branch_operator.py
[2024-08-10 08:45:45,772] {scheduler_job.py:629} INFO - Processing file /home/airflow/.local/lib/python3.6/site-packages/airflow/example_dags/example_branch_operator.py for tasks to queue
[2024-08-10 08:45:45,773] {logging_mixin.py:104} INFO - [2024-08-10 08:45:45,772] {dagbag.py:451} INFO - Filling up the DagBag from /home/airflow/.local/lib/python3.6/site-packages/airflow/example_dags/example_branch_operator.py
[2024-08-10 08:45:45,789] {scheduler_job.py:639} INFO - DAG(s) dict_keys(['example_branch_operator']) retrieved from /home/airflow/.local/lib/python3.6/site-packages/airflow/example_dags/example_branch_operator.py
[2024-08-10 08:45:45,815] {logging_mixin.py:104} INFO - [2024-08-10 08:45:45,815] {dag.py:1824} INFO - Sync 1 DAGs
[2024-08-10 08:45:45,838] {logging_mixin.py:104} INFO - [2024-08-10 08:45:45,838] {dag.py:2280} INFO - Setting next_dagrun for example_branch_operator to 2024-08-08 00:00:00+00:00
[2024-08-10 08:45:45,848] {scheduler_job.py:190} INFO - Processing /home/airflow/.local/lib/python3.6/site-packages/airflow/example_dags/example_branch_operator.py took 0.083 seconds
[2024-08-10 08:46:16,100] {scheduler_job.py:182} INFO - Started process (PID=31517) to work on /home/airflow/.local/lib/python3.6/site-packages/airflow/example_dags/example_branch_operator.py
[2024-08-10 08:46:16,102] {scheduler_job.py:629} INFO - Processing file /home/airflow/.local/lib/python3.6/site-packages/airflow/example_dags/example_branch_operator.py for tasks to queue
[2024-08-10 08:46:16,103] {logging_mixin.py:104} INFO - [2024-08-10 08:46:16,103] {dagbag.py:451} INFO - Filling up the DagBag from /home/airflow/.local/lib/python3.6/site-packages/airflow/example_dags/example_branch_operator.py
[2024-08-10 08:46:16,123] {scheduler_job.py:639} INFO - DAG(s) dict_keys(['example_branch_operator']) retrieved from /home/airflow/.local/lib/python3.6/site-packages/airflow/example_dags/example_branch_operator.py
[2024-08-10 08:46:16,143] {logging_mixin.py:104} INFO - [2024-08-10 08:46:16,143] {dag.py:1824} INFO - Sync 1 DAGs
[2024-08-10 08:46:16,162] {logging_mixin.py:104} INFO - [2024-08-10 08:46:16,162] {dag.py:2280} INFO - Setting next_dagrun for example_branch_operator to 2024-08-08 00:00:00+00:00
[2024-08-10 08:46:16,183] {scheduler_job.py:190} INFO - Processing /home/airflow/.local/lib/python3.6/site-packages/airflow/example_dags/example_branch_operator.py took 0.089 seconds
[2024-08-10 08:46:46,556] {scheduler_job.py:182} INFO - Started process (PID=31660) to work on /home/airflow/.local/lib/python3.6/site-packages/airflow/example_dags/example_branch_operator.py
[2024-08-10 08:46:46,557] {scheduler_job.py:629} INFO - Processing file /home/airflow/.local/lib/python3.6/site-packages/airflow/example_dags/example_branch_operator.py for tasks to queue
[2024-08-10 08:46:46,558] {logging_mixin.py:104} INFO - [2024-08-10 08:46:46,557] {dagbag.py:451} INFO - Filling up the DagBag from /home/airflow/.local/lib/python3.6/site-packages/airflow/example_dags/example_branch_operator.py
[2024-08-10 08:46:46,572] {scheduler_job.py:639} INFO - DAG(s) dict_keys(['example_branch_operator']) retrieved from /home/airflow/.local/lib/python3.6/site-packages/airflow/example_dags/example_branch_operator.py
[2024-08-10 08:46:46,593] {logging_mixin.py:104} INFO - [2024-08-10 08:46:46,593] {dag.py:1824} INFO - Sync 1 DAGs
[2024-08-10 08:46:46,614] {logging_mixin.py:104} INFO - [2024-08-10 08:46:46,614] {dag.py:2280} INFO - Setting next_dagrun for example_branch_operator to 2024-08-08 00:00:00+00:00
[2024-08-10 08:46:46,625] {scheduler_job.py:190} INFO - Processing /home/airflow/.local/lib/python3.6/site-packages/airflow/example_dags/example_branch_operator.py took 0.072 seconds
[2024-08-10 08:47:17,105] {scheduler_job.py:182} INFO - Started process (PID=31787) to work on /home/airflow/.local/lib/python3.6/site-packages/airflow/example_dags/example_branch_operator.py
[2024-08-10 08:47:17,107] {scheduler_job.py:629} INFO - Processing file /home/airflow/.local/lib/python3.6/site-packages/airflow/example_dags/example_branch_operator.py for tasks to queue
[2024-08-10 08:47:17,108] {logging_mixin.py:104} INFO - [2024-08-10 08:47:17,108] {dagbag.py:451} INFO - Filling up the DagBag from /home/airflow/.local/lib/python3.6/site-packages/airflow/example_dags/example_branch_operator.py
[2024-08-10 08:47:17,131] {scheduler_job.py:639} INFO - DAG(s) dict_keys(['example_branch_operator']) retrieved from /home/airflow/.local/lib/python3.6/site-packages/airflow/example_dags/example_branch_operator.py
[2024-08-10 08:47:17,150] {logging_mixin.py:104} INFO - [2024-08-10 08:47:17,150] {dag.py:1824} INFO - Sync 1 DAGs
[2024-08-10 08:47:17,168] {logging_mixin.py:104} INFO - [2024-08-10 08:47:17,168] {dag.py:2280} INFO - Setting next_dagrun for example_branch_operator to 2024-08-08 00:00:00+00:00
[2024-08-10 08:47:17,178] {scheduler_job.py:190} INFO - Processing /home/airflow/.local/lib/python3.6/site-packages/airflow/example_dags/example_branch_operator.py took 0.077 seconds
[2024-08-10 08:47:47,471] {scheduler_job.py:182} INFO - Started process (PID=31922) to work on /home/airflow/.local/lib/python3.6/site-packages/airflow/example_dags/example_branch_operator.py
[2024-08-10 08:47:47,472] {scheduler_job.py:629} INFO - Processing file /home/airflow/.local/lib/python3.6/site-packages/airflow/example_dags/example_branch_operator.py for tasks to queue
[2024-08-10 08:47:47,473] {logging_mixin.py:104} INFO - [2024-08-10 08:47:47,473] {dagbag.py:451} INFO - Filling up the DagBag from /home/airflow/.local/lib/python3.6/site-packages/airflow/example_dags/example_branch_operator.py
[2024-08-10 08:47:47,487] {scheduler_job.py:639} INFO - DAG(s) dict_keys(['example_branch_operator']) retrieved from /home/airflow/.local/lib/python3.6/site-packages/airflow/example_dags/example_branch_operator.py
[2024-08-10 08:47:47,508] {logging_mixin.py:104} INFO - [2024-08-10 08:47:47,508] {dag.py:1824} INFO - Sync 1 DAGs
[2024-08-10 08:47:47,528] {logging_mixin.py:104} INFO - [2024-08-10 08:47:47,528] {dag.py:2280} INFO - Setting next_dagrun for example_branch_operator to 2024-08-08 00:00:00+00:00
[2024-08-10 08:47:47,551] {scheduler_job.py:190} INFO - Processing /home/airflow/.local/lib/python3.6/site-packages/airflow/example_dags/example_branch_operator.py took 0.083 seconds
[2024-08-10 08:48:17,839] {scheduler_job.py:182} INFO - Started process (PID=32057) to work on /home/airflow/.local/lib/python3.6/site-packages/airflow/example_dags/example_branch_operator.py
[2024-08-10 08:48:17,841] {scheduler_job.py:629} INFO - Processing file /home/airflow/.local/lib/python3.6/site-packages/airflow/example_dags/example_branch_operator.py for tasks to queue
[2024-08-10 08:48:17,842] {logging_mixin.py:104} INFO - [2024-08-10 08:48:17,842] {dagbag.py:451} INFO - Filling up the DagBag from /home/airflow/.local/lib/python3.6/site-packages/airflow/example_dags/example_branch_operator.py
[2024-08-10 08:48:17,868] {scheduler_job.py:639} INFO - DAG(s) dict_keys(['example_branch_operator']) retrieved from /home/airflow/.local/lib/python3.6/site-packages/airflow/example_dags/example_branch_operator.py
[2024-08-10 08:48:17,905] {logging_mixin.py:104} INFO - [2024-08-10 08:48:17,905] {dag.py:1824} INFO - Sync 1 DAGs
[2024-08-10 08:48:17,936] {logging_mixin.py:104} INFO - [2024-08-10 08:48:17,936] {dag.py:2280} INFO - Setting next_dagrun for example_branch_operator to 2024-08-08 00:00:00+00:00
[2024-08-10 08:48:17,956] {scheduler_job.py:190} INFO - Processing /home/airflow/.local/lib/python3.6/site-packages/airflow/example_dags/example_branch_operator.py took 0.121 seconds
[2024-08-10 08:48:48,323] {scheduler_job.py:182} INFO - Started process (PID=32203) to work on /home/airflow/.local/lib/python3.6/site-packages/airflow/example_dags/example_branch_operator.py
[2024-08-10 08:48:48,324] {scheduler_job.py:629} INFO - Processing file /home/airflow/.local/lib/python3.6/site-packages/airflow/example_dags/example_branch_operator.py for tasks to queue
[2024-08-10 08:48:48,324] {logging_mixin.py:104} INFO - [2024-08-10 08:48:48,324] {dagbag.py:451} INFO - Filling up the DagBag from /home/airflow/.local/lib/python3.6/site-packages/airflow/example_dags/example_branch_operator.py
[2024-08-10 08:48:48,338] {scheduler_job.py:639} INFO - DAG(s) dict_keys(['example_branch_operator']) retrieved from /home/airflow/.local/lib/python3.6/site-packages/airflow/example_dags/example_branch_operator.py
[2024-08-10 08:48:48,357] {logging_mixin.py:104} INFO - [2024-08-10 08:48:48,357] {dag.py:1824} INFO - Sync 1 DAGs
[2024-08-10 08:48:48,377] {logging_mixin.py:104} INFO - [2024-08-10 08:48:48,377] {dag.py:2280} INFO - Setting next_dagrun for example_branch_operator to 2024-08-08 00:00:00+00:00
[2024-08-10 08:48:48,387] {scheduler_job.py:190} INFO - Processing /home/airflow/.local/lib/python3.6/site-packages/airflow/example_dags/example_branch_operator.py took 0.067 seconds
[2024-08-10 08:49:19,359] {scheduler_job.py:182} INFO - Started process (PID=32387) to work on /home/airflow/.local/lib/python3.6/site-packages/airflow/example_dags/example_branch_operator.py
[2024-08-10 08:49:19,360] {scheduler_job.py:629} INFO - Processing file /home/airflow/.local/lib/python3.6/site-packages/airflow/example_dags/example_branch_operator.py for tasks to queue
[2024-08-10 08:49:19,360] {logging_mixin.py:104} INFO - [2024-08-10 08:49:19,360] {dagbag.py:451} INFO - Filling up the DagBag from /home/airflow/.local/lib/python3.6/site-packages/airflow/example_dags/example_branch_operator.py
[2024-08-10 08:49:19,374] {scheduler_job.py:639} INFO - DAG(s) dict_keys(['example_branch_operator']) retrieved from /home/airflow/.local/lib/python3.6/site-packages/airflow/example_dags/example_branch_operator.py
[2024-08-10 08:49:19,394] {logging_mixin.py:104} INFO - [2024-08-10 08:49:19,394] {dag.py:1824} INFO - Sync 1 DAGs
[2024-08-10 08:49:19,414] {logging_mixin.py:104} INFO - [2024-08-10 08:49:19,414] {dag.py:2280} INFO - Setting next_dagrun for example_branch_operator to 2024-08-08 00:00:00+00:00
[2024-08-10 08:49:19,423] {scheduler_job.py:190} INFO - Processing /home/airflow/.local/lib/python3.6/site-packages/airflow/example_dags/example_branch_operator.py took 0.068 seconds
[2024-08-10 08:49:49,755] {scheduler_job.py:182} INFO - Started process (PID=32534) to work on /home/airflow/.local/lib/python3.6/site-packages/airflow/example_dags/example_branch_operator.py
[2024-08-10 08:49:49,756] {scheduler_job.py:629} INFO - Processing file /home/airflow/.local/lib/python3.6/site-packages/airflow/example_dags/example_branch_operator.py for tasks to queue
[2024-08-10 08:49:49,757] {logging_mixin.py:104} INFO - [2024-08-10 08:49:49,757] {dagbag.py:451} INFO - Filling up the DagBag from /home/airflow/.local/lib/python3.6/site-packages/airflow/example_dags/example_branch_operator.py
[2024-08-10 08:49:49,774] {scheduler_job.py:639} INFO - DAG(s) dict_keys(['example_branch_operator']) retrieved from /home/airflow/.local/lib/python3.6/site-packages/airflow/example_dags/example_branch_operator.py
[2024-08-10 08:49:49,794] {logging_mixin.py:104} INFO - [2024-08-10 08:49:49,794] {dag.py:1824} INFO - Sync 1 DAGs
[2024-08-10 08:49:49,813] {logging_mixin.py:104} INFO - [2024-08-10 08:49:49,813] {dag.py:2280} INFO - Setting next_dagrun for example_branch_operator to 2024-08-08 00:00:00+00:00
[2024-08-10 08:49:49,824] {scheduler_job.py:190} INFO - Processing /home/airflow/.local/lib/python3.6/site-packages/airflow/example_dags/example_branch_operator.py took 0.073 seconds
[2024-08-10 08:50:20,088] {scheduler_job.py:182} INFO - Started process (PID=32669) to work on /home/airflow/.local/lib/python3.6/site-packages/airflow/example_dags/example_branch_operator.py
[2024-08-10 08:50:20,090] {scheduler_job.py:629} INFO - Processing file /home/airflow/.local/lib/python3.6/site-packages/airflow/example_dags/example_branch_operator.py for tasks to queue
[2024-08-10 08:50:20,090] {logging_mixin.py:104} INFO - [2024-08-10 08:50:20,090] {dagbag.py:451} INFO - Filling up the DagBag from /home/airflow/.local/lib/python3.6/site-packages/airflow/example_dags/example_branch_operator.py
[2024-08-10 08:50:20,107] {scheduler_job.py:639} INFO - DAG(s) dict_keys(['example_branch_operator']) retrieved from /home/airflow/.local/lib/python3.6/site-packages/airflow/example_dags/example_branch_operator.py
[2024-08-10 08:50:20,126] {logging_mixin.py:104} INFO - [2024-08-10 08:50:20,126] {dag.py:1824} INFO - Sync 1 DAGs
[2024-08-10 08:50:20,146] {logging_mixin.py:104} INFO - [2024-08-10 08:50:20,146] {dag.py:2280} INFO - Setting next_dagrun for example_branch_operator to 2024-08-08 00:00:00+00:00
[2024-08-10 08:50:20,156] {scheduler_job.py:190} INFO - Processing /home/airflow/.local/lib/python3.6/site-packages/airflow/example_dags/example_branch_operator.py took 0.071 seconds
[2024-08-10 08:50:50,210] {scheduler_job.py:182} INFO - Started process (PID=336) to work on /home/airflow/.local/lib/python3.6/site-packages/airflow/example_dags/example_branch_operator.py
[2024-08-10 08:50:50,212] {scheduler_job.py:629} INFO - Processing file /home/airflow/.local/lib/python3.6/site-packages/airflow/example_dags/example_branch_operator.py for tasks to queue
[2024-08-10 08:50:50,213] {logging_mixin.py:104} INFO - [2024-08-10 08:50:50,213] {dagbag.py:451} INFO - Filling up the DagBag from /home/airflow/.local/lib/python3.6/site-packages/airflow/example_dags/example_branch_operator.py
[2024-08-10 08:50:50,228] {scheduler_job.py:639} INFO - DAG(s) dict_keys(['example_branch_operator']) retrieved from /home/airflow/.local/lib/python3.6/site-packages/airflow/example_dags/example_branch_operator.py
[2024-08-10 08:50:50,251] {logging_mixin.py:104} INFO - [2024-08-10 08:50:50,251] {dag.py:1824} INFO - Sync 1 DAGs
[2024-08-10 08:50:50,273] {logging_mixin.py:104} INFO - [2024-08-10 08:50:50,272] {dag.py:2280} INFO - Setting next_dagrun for example_branch_operator to 2024-08-08 00:00:00+00:00
[2024-08-10 08:50:50,285] {scheduler_job.py:190} INFO - Processing /home/airflow/.local/lib/python3.6/site-packages/airflow/example_dags/example_branch_operator.py took 0.078 seconds
[2024-08-10 08:51:20,441] {scheduler_job.py:182} INFO - Started process (PID=476) to work on /home/airflow/.local/lib/python3.6/site-packages/airflow/example_dags/example_branch_operator.py
[2024-08-10 08:51:20,442] {scheduler_job.py:629} INFO - Processing file /home/airflow/.local/lib/python3.6/site-packages/airflow/example_dags/example_branch_operator.py for tasks to queue
[2024-08-10 08:51:20,443] {logging_mixin.py:104} INFO - [2024-08-10 08:51:20,442] {dagbag.py:451} INFO - Filling up the DagBag from /home/airflow/.local/lib/python3.6/site-packages/airflow/example_dags/example_branch_operator.py
[2024-08-10 08:51:20,456] {scheduler_job.py:639} INFO - DAG(s) dict_keys(['example_branch_operator']) retrieved from /home/airflow/.local/lib/python3.6/site-packages/airflow/example_dags/example_branch_operator.py
[2024-08-10 08:51:20,477] {logging_mixin.py:104} INFO - [2024-08-10 08:51:20,477] {dag.py:1824} INFO - Sync 1 DAGs
[2024-08-10 08:51:20,498] {logging_mixin.py:104} INFO - [2024-08-10 08:51:20,497] {dag.py:2280} INFO - Setting next_dagrun for example_branch_operator to 2024-08-08 00:00:00+00:00
[2024-08-10 08:51:20,510] {scheduler_job.py:190} INFO - Processing /home/airflow/.local/lib/python3.6/site-packages/airflow/example_dags/example_branch_operator.py took 0.072 seconds
[2024-08-10 08:51:50,627] {scheduler_job.py:182} INFO - Started process (PID=603) to work on /home/airflow/.local/lib/python3.6/site-packages/airflow/example_dags/example_branch_operator.py
[2024-08-10 08:51:50,628] {scheduler_job.py:629} INFO - Processing file /home/airflow/.local/lib/python3.6/site-packages/airflow/example_dags/example_branch_operator.py for tasks to queue
[2024-08-10 08:51:50,629] {logging_mixin.py:104} INFO - [2024-08-10 08:51:50,628] {dagbag.py:451} INFO - Filling up the DagBag from /home/airflow/.local/lib/python3.6/site-packages/airflow/example_dags/example_branch_operator.py
[2024-08-10 08:51:50,642] {scheduler_job.py:639} INFO - DAG(s) dict_keys(['example_branch_operator']) retrieved from /home/airflow/.local/lib/python3.6/site-packages/airflow/example_dags/example_branch_operator.py
[2024-08-10 08:51:50,662] {logging_mixin.py:104} INFO - [2024-08-10 08:51:50,662] {dag.py:1824} INFO - Sync 1 DAGs
[2024-08-10 08:51:50,682] {logging_mixin.py:104} INFO - [2024-08-10 08:51:50,682] {dag.py:2280} INFO - Setting next_dagrun for example_branch_operator to 2024-08-08 00:00:00+00:00
[2024-08-10 08:51:50,692] {scheduler_job.py:190} INFO - Processing /home/airflow/.local/lib/python3.6/site-packages/airflow/example_dags/example_branch_operator.py took 0.068 seconds
[2024-08-10 08:52:20,744] {scheduler_job.py:182} INFO - Started process (PID=734) to work on /home/airflow/.local/lib/python3.6/site-packages/airflow/example_dags/example_branch_operator.py
[2024-08-10 08:52:20,745] {scheduler_job.py:629} INFO - Processing file /home/airflow/.local/lib/python3.6/site-packages/airflow/example_dags/example_branch_operator.py for tasks to queue
[2024-08-10 08:52:20,745] {logging_mixin.py:104} INFO - [2024-08-10 08:52:20,745] {dagbag.py:451} INFO - Filling up the DagBag from /home/airflow/.local/lib/python3.6/site-packages/airflow/example_dags/example_branch_operator.py
[2024-08-10 08:52:20,759] {scheduler_job.py:639} INFO - DAG(s) dict_keys(['example_branch_operator']) retrieved from /home/airflow/.local/lib/python3.6/site-packages/airflow/example_dags/example_branch_operator.py
[2024-08-10 08:52:20,779] {logging_mixin.py:104} INFO - [2024-08-10 08:52:20,778] {dag.py:1824} INFO - Sync 1 DAGs
[2024-08-10 08:52:20,797] {logging_mixin.py:104} INFO - [2024-08-10 08:52:20,797] {dag.py:2280} INFO - Setting next_dagrun for example_branch_operator to 2024-08-08 00:00:00+00:00
[2024-08-10 08:52:20,806] {scheduler_job.py:190} INFO - Processing /home/airflow/.local/lib/python3.6/site-packages/airflow/example_dags/example_branch_operator.py took 0.066 seconds
[2024-08-10 08:52:50,895] {scheduler_job.py:182} INFO - Started process (PID=869) to work on /home/airflow/.local/lib/python3.6/site-packages/airflow/example_dags/example_branch_operator.py
[2024-08-10 08:52:50,896] {scheduler_job.py:629} INFO - Processing file /home/airflow/.local/lib/python3.6/site-packages/airflow/example_dags/example_branch_operator.py for tasks to queue
[2024-08-10 08:52:50,896] {logging_mixin.py:104} INFO - [2024-08-10 08:52:50,896] {dagbag.py:451} INFO - Filling up the DagBag from /home/airflow/.local/lib/python3.6/site-packages/airflow/example_dags/example_branch_operator.py
[2024-08-10 08:52:50,910] {scheduler_job.py:639} INFO - DAG(s) dict_keys(['example_branch_operator']) retrieved from /home/airflow/.local/lib/python3.6/site-packages/airflow/example_dags/example_branch_operator.py
[2024-08-10 08:52:50,930] {logging_mixin.py:104} INFO - [2024-08-10 08:52:50,930] {dag.py:1824} INFO - Sync 1 DAGs
[2024-08-10 08:52:50,949] {logging_mixin.py:104} INFO - [2024-08-10 08:52:50,948] {dag.py:2280} INFO - Setting next_dagrun for example_branch_operator to 2024-08-08 00:00:00+00:00
[2024-08-10 08:52:50,963] {scheduler_job.py:190} INFO - Processing /home/airflow/.local/lib/python3.6/site-packages/airflow/example_dags/example_branch_operator.py took 0.071 seconds
[2024-08-10 08:53:21,017] {scheduler_job.py:182} INFO - Started process (PID=1004) to work on /home/airflow/.local/lib/python3.6/site-packages/airflow/example_dags/example_branch_operator.py
[2024-08-10 08:53:21,018] {scheduler_job.py:629} INFO - Processing file /home/airflow/.local/lib/python3.6/site-packages/airflow/example_dags/example_branch_operator.py for tasks to queue
[2024-08-10 08:53:21,019] {logging_mixin.py:104} INFO - [2024-08-10 08:53:21,019] {dagbag.py:451} INFO - Filling up the DagBag from /home/airflow/.local/lib/python3.6/site-packages/airflow/example_dags/example_branch_operator.py
[2024-08-10 08:53:21,037] {scheduler_job.py:639} INFO - DAG(s) dict_keys(['example_branch_operator']) retrieved from /home/airflow/.local/lib/python3.6/site-packages/airflow/example_dags/example_branch_operator.py
[2024-08-10 08:53:21,058] {logging_mixin.py:104} INFO - [2024-08-10 08:53:21,058] {dag.py:1824} INFO - Sync 1 DAGs
[2024-08-10 08:53:21,078] {logging_mixin.py:104} INFO - [2024-08-10 08:53:21,077] {dag.py:2280} INFO - Setting next_dagrun for example_branch_operator to 2024-08-08 00:00:00+00:00
[2024-08-10 08:53:21,089] {scheduler_job.py:190} INFO - Processing /home/airflow/.local/lib/python3.6/site-packages/airflow/example_dags/example_branch_operator.py took 0.076 seconds
[2024-08-10 08:53:51,177] {scheduler_job.py:182} INFO - Started process (PID=1136) to work on /home/airflow/.local/lib/python3.6/site-packages/airflow/example_dags/example_branch_operator.py
[2024-08-10 08:53:51,179] {scheduler_job.py:629} INFO - Processing file /home/airflow/.local/lib/python3.6/site-packages/airflow/example_dags/example_branch_operator.py for tasks to queue
[2024-08-10 08:53:51,180] {logging_mixin.py:104} INFO - [2024-08-10 08:53:51,180] {dagbag.py:451} INFO - Filling up the DagBag from /home/airflow/.local/lib/python3.6/site-packages/airflow/example_dags/example_branch_operator.py
[2024-08-10 08:53:51,198] {scheduler_job.py:639} INFO - DAG(s) dict_keys(['example_branch_operator']) retrieved from /home/airflow/.local/lib/python3.6/site-packages/airflow/example_dags/example_branch_operator.py
[2024-08-10 08:53:51,217] {logging_mixin.py:104} INFO - [2024-08-10 08:53:51,217] {dag.py:1824} INFO - Sync 1 DAGs
[2024-08-10 08:53:51,236] {logging_mixin.py:104} INFO - [2024-08-10 08:53:51,236] {dag.py:2280} INFO - Setting next_dagrun for example_branch_operator to 2024-08-08 00:00:00+00:00
[2024-08-10 08:53:51,246] {scheduler_job.py:190} INFO - Processing /home/airflow/.local/lib/python3.6/site-packages/airflow/example_dags/example_branch_operator.py took 0.072 seconds
[2024-08-10 08:54:21,273] {scheduler_job.py:182} INFO - Started process (PID=1271) to work on /home/airflow/.local/lib/python3.6/site-packages/airflow/example_dags/example_branch_operator.py
[2024-08-10 08:54:21,274] {scheduler_job.py:629} INFO - Processing file /home/airflow/.local/lib/python3.6/site-packages/airflow/example_dags/example_branch_operator.py for tasks to queue
[2024-08-10 08:54:21,275] {logging_mixin.py:104} INFO - [2024-08-10 08:54:21,275] {dagbag.py:451} INFO - Filling up the DagBag from /home/airflow/.local/lib/python3.6/site-packages/airflow/example_dags/example_branch_operator.py
[2024-08-10 08:54:21,289] {scheduler_job.py:639} INFO - DAG(s) dict_keys(['example_branch_operator']) retrieved from /home/airflow/.local/lib/python3.6/site-packages/airflow/example_dags/example_branch_operator.py
[2024-08-10 08:54:21,307] {logging_mixin.py:104} INFO - [2024-08-10 08:54:21,307] {dag.py:1824} INFO - Sync 1 DAGs
[2024-08-10 08:54:21,325] {logging_mixin.py:104} INFO - [2024-08-10 08:54:21,325] {dag.py:2280} INFO - Setting next_dagrun for example_branch_operator to 2024-08-08 00:00:00+00:00
[2024-08-10 08:54:21,334] {scheduler_job.py:190} INFO - Processing /home/airflow/.local/lib/python3.6/site-packages/airflow/example_dags/example_branch_operator.py took 0.064 seconds
[2024-08-10 08:54:51,442] {scheduler_job.py:182} INFO - Started process (PID=1409) to work on /home/airflow/.local/lib/python3.6/site-packages/airflow/example_dags/example_branch_operator.py
[2024-08-10 08:54:51,443] {scheduler_job.py:629} INFO - Processing file /home/airflow/.local/lib/python3.6/site-packages/airflow/example_dags/example_branch_operator.py for tasks to queue
[2024-08-10 08:54:51,444] {logging_mixin.py:104} INFO - [2024-08-10 08:54:51,444] {dagbag.py:451} INFO - Filling up the DagBag from /home/airflow/.local/lib/python3.6/site-packages/airflow/example_dags/example_branch_operator.py
[2024-08-10 08:54:51,458] {scheduler_job.py:639} INFO - DAG(s) dict_keys(['example_branch_operator']) retrieved from /home/airflow/.local/lib/python3.6/site-packages/airflow/example_dags/example_branch_operator.py
[2024-08-10 08:54:51,478] {logging_mixin.py:104} INFO - [2024-08-10 08:54:51,478] {dag.py:1824} INFO - Sync 1 DAGs
[2024-08-10 08:54:51,497] {logging_mixin.py:104} INFO - [2024-08-10 08:54:51,497] {dag.py:2280} INFO - Setting next_dagrun for example_branch_operator to 2024-08-08 00:00:00+00:00
[2024-08-10 08:54:51,507] {scheduler_job.py:190} INFO - Processing /home/airflow/.local/lib/python3.6/site-packages/airflow/example_dags/example_branch_operator.py took 0.068 seconds
[2024-08-10 08:55:21,795] {scheduler_job.py:182} INFO - Started process (PID=1535) to work on /home/airflow/.local/lib/python3.6/site-packages/airflow/example_dags/example_branch_operator.py
[2024-08-10 08:55:21,796] {scheduler_job.py:629} INFO - Processing file /home/airflow/.local/lib/python3.6/site-packages/airflow/example_dags/example_branch_operator.py for tasks to queue
[2024-08-10 08:55:21,797] {logging_mixin.py:104} INFO - [2024-08-10 08:55:21,797] {dagbag.py:451} INFO - Filling up the DagBag from /home/airflow/.local/lib/python3.6/site-packages/airflow/example_dags/example_branch_operator.py
[2024-08-10 08:55:21,811] {scheduler_job.py:639} INFO - DAG(s) dict_keys(['example_branch_operator']) retrieved from /home/airflow/.local/lib/python3.6/site-packages/airflow/example_dags/example_branch_operator.py
[2024-08-10 08:55:21,831] {logging_mixin.py:104} INFO - [2024-08-10 08:55:21,830] {dag.py:1824} INFO - Sync 1 DAGs
[2024-08-10 08:55:21,850] {logging_mixin.py:104} INFO - [2024-08-10 08:55:21,849] {dag.py:2280} INFO - Setting next_dagrun for example_branch_operator to 2024-08-08 00:00:00+00:00
[2024-08-10 08:55:21,860] {scheduler_job.py:190} INFO - Processing /home/airflow/.local/lib/python3.6/site-packages/airflow/example_dags/example_branch_operator.py took 0.067 seconds
[2024-08-10 08:55:51,894] {scheduler_job.py:182} INFO - Started process (PID=1628) to work on /home/airflow/.local/lib/python3.6/site-packages/airflow/example_dags/example_branch_operator.py
[2024-08-10 08:55:51,896] {scheduler_job.py:629} INFO - Processing file /home/airflow/.local/lib/python3.6/site-packages/airflow/example_dags/example_branch_operator.py for tasks to queue
[2024-08-10 08:55:51,897] {logging_mixin.py:104} INFO - [2024-08-10 08:55:51,897] {dagbag.py:451} INFO - Filling up the DagBag from /home/airflow/.local/lib/python3.6/site-packages/airflow/example_dags/example_branch_operator.py
[2024-08-10 08:55:51,916] {scheduler_job.py:639} INFO - DAG(s) dict_keys(['example_branch_operator']) retrieved from /home/airflow/.local/lib/python3.6/site-packages/airflow/example_dags/example_branch_operator.py
[2024-08-10 08:55:51,936] {logging_mixin.py:104} INFO - [2024-08-10 08:55:51,936] {dag.py:1824} INFO - Sync 1 DAGs
[2024-08-10 08:55:51,955] {logging_mixin.py:104} INFO - [2024-08-10 08:55:51,955] {dag.py:2280} INFO - Setting next_dagrun for example_branch_operator to 2024-08-08 00:00:00+00:00
[2024-08-10 08:55:51,976] {scheduler_job.py:190} INFO - Processing /home/airflow/.local/lib/python3.6/site-packages/airflow/example_dags/example_branch_operator.py took 0.087 seconds
[2024-08-10 08:56:22,052] {scheduler_job.py:182} INFO - Started process (PID=1763) to work on /home/airflow/.local/lib/python3.6/site-packages/airflow/example_dags/example_branch_operator.py
[2024-08-10 08:56:22,053] {scheduler_job.py:629} INFO - Processing file /home/airflow/.local/lib/python3.6/site-packages/airflow/example_dags/example_branch_operator.py for tasks to queue
[2024-08-10 08:56:22,053] {logging_mixin.py:104} INFO - [2024-08-10 08:56:22,053] {dagbag.py:451} INFO - Filling up the DagBag from /home/airflow/.local/lib/python3.6/site-packages/airflow/example_dags/example_branch_operator.py
[2024-08-10 08:56:22,066] {scheduler_job.py:639} INFO - DAG(s) dict_keys(['example_branch_operator']) retrieved from /home/airflow/.local/lib/python3.6/site-packages/airflow/example_dags/example_branch_operator.py
[2024-08-10 08:56:22,085] {logging_mixin.py:104} INFO - [2024-08-10 08:56:22,085] {dag.py:1824} INFO - Sync 1 DAGs
[2024-08-10 08:56:22,103] {logging_mixin.py:104} INFO - [2024-08-10 08:56:22,103] {dag.py:2280} INFO - Setting next_dagrun for example_branch_operator to 2024-08-08 00:00:00+00:00
[2024-08-10 08:56:22,113] {scheduler_job.py:190} INFO - Processing /home/airflow/.local/lib/python3.6/site-packages/airflow/example_dags/example_branch_operator.py took 0.064 seconds
[2024-08-10 08:56:52,167] {scheduler_job.py:182} INFO - Started process (PID=1898) to work on /home/airflow/.local/lib/python3.6/site-packages/airflow/example_dags/example_branch_operator.py
[2024-08-10 08:56:52,169] {scheduler_job.py:629} INFO - Processing file /home/airflow/.local/lib/python3.6/site-packages/airflow/example_dags/example_branch_operator.py for tasks to queue
[2024-08-10 08:56:52,170] {logging_mixin.py:104} INFO - [2024-08-10 08:56:52,170] {dagbag.py:451} INFO - Filling up the DagBag from /home/airflow/.local/lib/python3.6/site-packages/airflow/example_dags/example_branch_operator.py
[2024-08-10 08:56:52,194] {scheduler_job.py:639} INFO - DAG(s) dict_keys(['example_branch_operator']) retrieved from /home/airflow/.local/lib/python3.6/site-packages/airflow/example_dags/example_branch_operator.py
[2024-08-10 08:56:52,218] {logging_mixin.py:104} INFO - [2024-08-10 08:56:52,218] {dag.py:1824} INFO - Sync 1 DAGs
[2024-08-10 08:56:52,241] {logging_mixin.py:104} INFO - [2024-08-10 08:56:52,241] {dag.py:2280} INFO - Setting next_dagrun for example_branch_operator to 2024-08-08 00:00:00+00:00
[2024-08-10 08:56:52,258] {scheduler_job.py:190} INFO - Processing /home/airflow/.local/lib/python3.6/site-packages/airflow/example_dags/example_branch_operator.py took 0.096 seconds
[2024-08-10 08:57:22,849] {scheduler_job.py:182} INFO - Started process (PID=2046) to work on /home/airflow/.local/lib/python3.6/site-packages/airflow/example_dags/example_branch_operator.py
[2024-08-10 08:57:22,850] {scheduler_job.py:629} INFO - Processing file /home/airflow/.local/lib/python3.6/site-packages/airflow/example_dags/example_branch_operator.py for tasks to queue
[2024-08-10 08:57:22,851] {logging_mixin.py:104} INFO - [2024-08-10 08:57:22,851] {dagbag.py:451} INFO - Filling up the DagBag from /home/airflow/.local/lib/python3.6/site-packages/airflow/example_dags/example_branch_operator.py
[2024-08-10 08:57:22,866] {scheduler_job.py:639} INFO - DAG(s) dict_keys(['example_branch_operator']) retrieved from /home/airflow/.local/lib/python3.6/site-packages/airflow/example_dags/example_branch_operator.py
[2024-08-10 08:57:22,890] {logging_mixin.py:104} INFO - [2024-08-10 08:57:22,889] {dag.py:1824} INFO - Sync 1 DAGs
[2024-08-10 08:57:22,917] {logging_mixin.py:104} INFO - [2024-08-10 08:57:22,917] {dag.py:2280} INFO - Setting next_dagrun for example_branch_operator to 2024-08-08 00:00:00+00:00
[2024-08-10 08:57:22,929] {scheduler_job.py:190} INFO - Processing /home/airflow/.local/lib/python3.6/site-packages/airflow/example_dags/example_branch_operator.py took 0.083 seconds
[2024-08-10 08:57:53,157] {scheduler_job.py:182} INFO - Started process (PID=2179) to work on /home/airflow/.local/lib/python3.6/site-packages/airflow/example_dags/example_branch_operator.py
[2024-08-10 08:57:53,158] {scheduler_job.py:629} INFO - Processing file /home/airflow/.local/lib/python3.6/site-packages/airflow/example_dags/example_branch_operator.py for tasks to queue
[2024-08-10 08:57:53,158] {logging_mixin.py:104} INFO - [2024-08-10 08:57:53,158] {dagbag.py:451} INFO - Filling up the DagBag from /home/airflow/.local/lib/python3.6/site-packages/airflow/example_dags/example_branch_operator.py
[2024-08-10 08:57:53,172] {scheduler_job.py:639} INFO - DAG(s) dict_keys(['example_branch_operator']) retrieved from /home/airflow/.local/lib/python3.6/site-packages/airflow/example_dags/example_branch_operator.py
[2024-08-10 08:57:53,191] {logging_mixin.py:104} INFO - [2024-08-10 08:57:53,191] {dag.py:1824} INFO - Sync 1 DAGs
[2024-08-10 08:57:53,211] {logging_mixin.py:104} INFO - [2024-08-10 08:57:53,211] {dag.py:2280} INFO - Setting next_dagrun for example_branch_operator to 2024-08-08 00:00:00+00:00
[2024-08-10 08:57:53,219] {scheduler_job.py:190} INFO - Processing /home/airflow/.local/lib/python3.6/site-packages/airflow/example_dags/example_branch_operator.py took 0.066 seconds
[2024-08-10 08:58:23,255] {scheduler_job.py:182} INFO - Started process (PID=2314) to work on /home/airflow/.local/lib/python3.6/site-packages/airflow/example_dags/example_branch_operator.py
[2024-08-10 08:58:23,255] {scheduler_job.py:629} INFO - Processing file /home/airflow/.local/lib/python3.6/site-packages/airflow/example_dags/example_branch_operator.py for tasks to queue
[2024-08-10 08:58:23,256] {logging_mixin.py:104} INFO - [2024-08-10 08:58:23,256] {dagbag.py:451} INFO - Filling up the DagBag from /home/airflow/.local/lib/python3.6/site-packages/airflow/example_dags/example_branch_operator.py
[2024-08-10 08:58:23,269] {scheduler_job.py:639} INFO - DAG(s) dict_keys(['example_branch_operator']) retrieved from /home/airflow/.local/lib/python3.6/site-packages/airflow/example_dags/example_branch_operator.py
[2024-08-10 08:58:23,290] {logging_mixin.py:104} INFO - [2024-08-10 08:58:23,290] {dag.py:1824} INFO - Sync 1 DAGs
[2024-08-10 08:58:23,309] {logging_mixin.py:104} INFO - [2024-08-10 08:58:23,309] {dag.py:2280} INFO - Setting next_dagrun for example_branch_operator to 2024-08-08 00:00:00+00:00
[2024-08-10 08:58:23,321] {scheduler_job.py:190} INFO - Processing /home/airflow/.local/lib/python3.6/site-packages/airflow/example_dags/example_branch_operator.py took 0.069 seconds
[2024-08-10 08:58:53,536] {scheduler_job.py:182} INFO - Started process (PID=2438) to work on /home/airflow/.local/lib/python3.6/site-packages/airflow/example_dags/example_branch_operator.py
[2024-08-10 08:58:53,537] {scheduler_job.py:629} INFO - Processing file /home/airflow/.local/lib/python3.6/site-packages/airflow/example_dags/example_branch_operator.py for tasks to queue
[2024-08-10 08:58:53,538] {logging_mixin.py:104} INFO - [2024-08-10 08:58:53,538] {dagbag.py:451} INFO - Filling up the DagBag from /home/airflow/.local/lib/python3.6/site-packages/airflow/example_dags/example_branch_operator.py
[2024-08-10 08:58:53,550] {scheduler_job.py:639} INFO - DAG(s) dict_keys(['example_branch_operator']) retrieved from /home/airflow/.local/lib/python3.6/site-packages/airflow/example_dags/example_branch_operator.py
[2024-08-10 08:58:53,570] {logging_mixin.py:104} INFO - [2024-08-10 08:58:53,570] {dag.py:1824} INFO - Sync 1 DAGs
[2024-08-10 08:58:53,589] {logging_mixin.py:104} INFO - [2024-08-10 08:58:53,589] {dag.py:2280} INFO - Setting next_dagrun for example_branch_operator to 2024-08-08 00:00:00+00:00
[2024-08-10 08:58:53,609] {scheduler_job.py:190} INFO - Processing /home/airflow/.local/lib/python3.6/site-packages/airflow/example_dags/example_branch_operator.py took 0.076 seconds
[2024-08-10 08:59:23,713] {scheduler_job.py:182} INFO - Started process (PID=2573) to work on /home/airflow/.local/lib/python3.6/site-packages/airflow/example_dags/example_branch_operator.py
[2024-08-10 08:59:23,714] {scheduler_job.py:629} INFO - Processing file /home/airflow/.local/lib/python3.6/site-packages/airflow/example_dags/example_branch_operator.py for tasks to queue
[2024-08-10 08:59:23,715] {logging_mixin.py:104} INFO - [2024-08-10 08:59:23,715] {dagbag.py:451} INFO - Filling up the DagBag from /home/airflow/.local/lib/python3.6/site-packages/airflow/example_dags/example_branch_operator.py
[2024-08-10 08:59:23,731] {scheduler_job.py:639} INFO - DAG(s) dict_keys(['example_branch_operator']) retrieved from /home/airflow/.local/lib/python3.6/site-packages/airflow/example_dags/example_branch_operator.py
[2024-08-10 08:59:23,750] {logging_mixin.py:104} INFO - [2024-08-10 08:59:23,750] {dag.py:1824} INFO - Sync 1 DAGs
[2024-08-10 08:59:23,767] {logging_mixin.py:104} INFO - [2024-08-10 08:59:23,767] {dag.py:2280} INFO - Setting next_dagrun for example_branch_operator to 2024-08-08 00:00:00+00:00
[2024-08-10 08:59:23,787] {scheduler_job.py:190} INFO - Processing /home/airflow/.local/lib/python3.6/site-packages/airflow/example_dags/example_branch_operator.py took 0.077 seconds
[2024-08-10 08:59:53,951] {scheduler_job.py:182} INFO - Started process (PID=2708) to work on /home/airflow/.local/lib/python3.6/site-packages/airflow/example_dags/example_branch_operator.py
[2024-08-10 08:59:53,953] {scheduler_job.py:629} INFO - Processing file /home/airflow/.local/lib/python3.6/site-packages/airflow/example_dags/example_branch_operator.py for tasks to queue
[2024-08-10 08:59:53,953] {logging_mixin.py:104} INFO - [2024-08-10 08:59:53,953] {dagbag.py:451} INFO - Filling up the DagBag from /home/airflow/.local/lib/python3.6/site-packages/airflow/example_dags/example_branch_operator.py
[2024-08-10 08:59:53,972] {scheduler_job.py:639} INFO - DAG(s) dict_keys(['example_branch_operator']) retrieved from /home/airflow/.local/lib/python3.6/site-packages/airflow/example_dags/example_branch_operator.py
[2024-08-10 08:59:53,994] {logging_mixin.py:104} INFO - [2024-08-10 08:59:53,993] {dag.py:1824} INFO - Sync 1 DAGs
[2024-08-10 08:59:54,012] {logging_mixin.py:104} INFO - [2024-08-10 08:59:54,012] {dag.py:2280} INFO - Setting next_dagrun for example_branch_operator to 2024-08-08 00:00:00+00:00
[2024-08-10 08:59:54,021] {scheduler_job.py:190} INFO - Processing /home/airflow/.local/lib/python3.6/site-packages/airflow/example_dags/example_branch_operator.py took 0.076 seconds
[2024-08-10 09:00:24,133] {scheduler_job.py:182} INFO - Started process (PID=2843) to work on /home/airflow/.local/lib/python3.6/site-packages/airflow/example_dags/example_branch_operator.py
[2024-08-10 09:00:24,134] {scheduler_job.py:629} INFO - Processing file /home/airflow/.local/lib/python3.6/site-packages/airflow/example_dags/example_branch_operator.py for tasks to queue
[2024-08-10 09:00:24,135] {logging_mixin.py:104} INFO - [2024-08-10 09:00:24,135] {dagbag.py:451} INFO - Filling up the DagBag from /home/airflow/.local/lib/python3.6/site-packages/airflow/example_dags/example_branch_operator.py
[2024-08-10 09:00:24,151] {scheduler_job.py:639} INFO - DAG(s) dict_keys(['example_branch_operator']) retrieved from /home/airflow/.local/lib/python3.6/site-packages/airflow/example_dags/example_branch_operator.py
[2024-08-10 09:00:24,172] {logging_mixin.py:104} INFO - [2024-08-10 09:00:24,172] {dag.py:1824} INFO - Sync 1 DAGs
[2024-08-10 09:00:24,195] {logging_mixin.py:104} INFO - [2024-08-10 09:00:24,195] {dag.py:2280} INFO - Setting next_dagrun for example_branch_operator to 2024-08-08 00:00:00+00:00
[2024-08-10 09:00:24,214] {scheduler_job.py:190} INFO - Processing /home/airflow/.local/lib/python3.6/site-packages/airflow/example_dags/example_branch_operator.py took 0.085 seconds
[2024-08-10 09:00:54,750] {scheduler_job.py:182} INFO - Started process (PID=2989) to work on /home/airflow/.local/lib/python3.6/site-packages/airflow/example_dags/example_branch_operator.py
[2024-08-10 09:00:54,750] {scheduler_job.py:629} INFO - Processing file /home/airflow/.local/lib/python3.6/site-packages/airflow/example_dags/example_branch_operator.py for tasks to queue
[2024-08-10 09:00:54,751] {logging_mixin.py:104} INFO - [2024-08-10 09:00:54,751] {dagbag.py:451} INFO - Filling up the DagBag from /home/airflow/.local/lib/python3.6/site-packages/airflow/example_dags/example_branch_operator.py
[2024-08-10 09:00:54,771] {scheduler_job.py:639} INFO - DAG(s) dict_keys(['example_branch_operator']) retrieved from /home/airflow/.local/lib/python3.6/site-packages/airflow/example_dags/example_branch_operator.py
[2024-08-10 09:00:54,793] {logging_mixin.py:104} INFO - [2024-08-10 09:00:54,793] {dag.py:1824} INFO - Sync 1 DAGs
[2024-08-10 09:00:54,815] {logging_mixin.py:104} INFO - [2024-08-10 09:00:54,815] {dag.py:2280} INFO - Setting next_dagrun for example_branch_operator to 2024-08-08 00:00:00+00:00
[2024-08-10 09:00:54,825] {scheduler_job.py:190} INFO - Processing /home/airflow/.local/lib/python3.6/site-packages/airflow/example_dags/example_branch_operator.py took 0.079 seconds
[2024-08-10 09:01:25,017] {scheduler_job.py:182} INFO - Started process (PID=3126) to work on /home/airflow/.local/lib/python3.6/site-packages/airflow/example_dags/example_branch_operator.py
[2024-08-10 09:01:25,019] {scheduler_job.py:629} INFO - Processing file /home/airflow/.local/lib/python3.6/site-packages/airflow/example_dags/example_branch_operator.py for tasks to queue
[2024-08-10 09:01:25,020] {logging_mixin.py:104} INFO - [2024-08-10 09:01:25,020] {dagbag.py:451} INFO - Filling up the DagBag from /home/airflow/.local/lib/python3.6/site-packages/airflow/example_dags/example_branch_operator.py
[2024-08-10 09:01:25,039] {scheduler_job.py:639} INFO - DAG(s) dict_keys(['example_branch_operator']) retrieved from /home/airflow/.local/lib/python3.6/site-packages/airflow/example_dags/example_branch_operator.py
[2024-08-10 09:01:25,065] {logging_mixin.py:104} INFO - [2024-08-10 09:01:25,064] {dag.py:1824} INFO - Sync 1 DAGs
[2024-08-10 09:01:25,090] {logging_mixin.py:104} INFO - [2024-08-10 09:01:25,089] {dag.py:2280} INFO - Setting next_dagrun for example_branch_operator to 2024-08-08 00:00:00+00:00
[2024-08-10 09:01:25,100] {scheduler_job.py:190} INFO - Processing /home/airflow/.local/lib/python3.6/site-packages/airflow/example_dags/example_branch_operator.py took 0.087 seconds
[2024-08-10 09:01:55,341] {scheduler_job.py:182} INFO - Started process (PID=3261) to work on /home/airflow/.local/lib/python3.6/site-packages/airflow/example_dags/example_branch_operator.py
[2024-08-10 09:01:55,342] {scheduler_job.py:629} INFO - Processing file /home/airflow/.local/lib/python3.6/site-packages/airflow/example_dags/example_branch_operator.py for tasks to queue
[2024-08-10 09:01:55,342] {logging_mixin.py:104} INFO - [2024-08-10 09:01:55,342] {dagbag.py:451} INFO - Filling up the DagBag from /home/airflow/.local/lib/python3.6/site-packages/airflow/example_dags/example_branch_operator.py
[2024-08-10 09:01:55,355] {scheduler_job.py:639} INFO - DAG(s) dict_keys(['example_branch_operator']) retrieved from /home/airflow/.local/lib/python3.6/site-packages/airflow/example_dags/example_branch_operator.py
[2024-08-10 09:01:55,376] {logging_mixin.py:104} INFO - [2024-08-10 09:01:55,376] {dag.py:1824} INFO - Sync 1 DAGs
[2024-08-10 09:01:55,400] {logging_mixin.py:104} INFO - [2024-08-10 09:01:55,400] {dag.py:2280} INFO - Setting next_dagrun for example_branch_operator to 2024-08-08 00:00:00+00:00
[2024-08-10 09:01:55,411] {scheduler_job.py:190} INFO - Processing /home/airflow/.local/lib/python3.6/site-packages/airflow/example_dags/example_branch_operator.py took 0.072 seconds
[2024-08-10 09:02:25,604] {scheduler_job.py:182} INFO - Started process (PID=3399) to work on /home/airflow/.local/lib/python3.6/site-packages/airflow/example_dags/example_branch_operator.py
[2024-08-10 09:02:25,605] {scheduler_job.py:629} INFO - Processing file /home/airflow/.local/lib/python3.6/site-packages/airflow/example_dags/example_branch_operator.py for tasks to queue
[2024-08-10 09:02:25,606] {logging_mixin.py:104} INFO - [2024-08-10 09:02:25,606] {dagbag.py:451} INFO - Filling up the DagBag from /home/airflow/.local/lib/python3.6/site-packages/airflow/example_dags/example_branch_operator.py
[2024-08-10 09:02:25,624] {scheduler_job.py:639} INFO - DAG(s) dict_keys(['example_branch_operator']) retrieved from /home/airflow/.local/lib/python3.6/site-packages/airflow/example_dags/example_branch_operator.py
[2024-08-10 09:02:25,653] {logging_mixin.py:104} INFO - [2024-08-10 09:02:25,653] {dag.py:1824} INFO - Sync 1 DAGs
[2024-08-10 09:02:25,678] {logging_mixin.py:104} INFO - [2024-08-10 09:02:25,678] {dag.py:2280} INFO - Setting next_dagrun for example_branch_operator to 2024-08-08 00:00:00+00:00
[2024-08-10 09:02:25,689] {scheduler_job.py:190} INFO - Processing /home/airflow/.local/lib/python3.6/site-packages/airflow/example_dags/example_branch_operator.py took 0.088 seconds
[2024-08-10 09:02:55,965] {scheduler_job.py:182} INFO - Started process (PID=3539) to work on /home/airflow/.local/lib/python3.6/site-packages/airflow/example_dags/example_branch_operator.py
[2024-08-10 09:02:55,966] {scheduler_job.py:629} INFO - Processing file /home/airflow/.local/lib/python3.6/site-packages/airflow/example_dags/example_branch_operator.py for tasks to queue
[2024-08-10 09:02:55,966] {logging_mixin.py:104} INFO - [2024-08-10 09:02:55,966] {dagbag.py:451} INFO - Filling up the DagBag from /home/airflow/.local/lib/python3.6/site-packages/airflow/example_dags/example_branch_operator.py
[2024-08-10 09:02:55,980] {scheduler_job.py:639} INFO - DAG(s) dict_keys(['example_branch_operator']) retrieved from /home/airflow/.local/lib/python3.6/site-packages/airflow/example_dags/example_branch_operator.py
[2024-08-10 09:02:55,999] {logging_mixin.py:104} INFO - [2024-08-10 09:02:55,999] {dag.py:1824} INFO - Sync 1 DAGs
[2024-08-10 09:02:56,019] {logging_mixin.py:104} INFO - [2024-08-10 09:02:56,018] {dag.py:2280} INFO - Setting next_dagrun for example_branch_operator to 2024-08-08 00:00:00+00:00
[2024-08-10 09:02:56,028] {scheduler_job.py:190} INFO - Processing /home/airflow/.local/lib/python3.6/site-packages/airflow/example_dags/example_branch_operator.py took 0.066 seconds
[2024-08-10 09:03:26,190] {scheduler_job.py:182} INFO - Started process (PID=3664) to work on /home/airflow/.local/lib/python3.6/site-packages/airflow/example_dags/example_branch_operator.py
[2024-08-10 09:03:26,191] {scheduler_job.py:629} INFO - Processing file /home/airflow/.local/lib/python3.6/site-packages/airflow/example_dags/example_branch_operator.py for tasks to queue
[2024-08-10 09:03:26,192] {logging_mixin.py:104} INFO - [2024-08-10 09:03:26,192] {dagbag.py:451} INFO - Filling up the DagBag from /home/airflow/.local/lib/python3.6/site-packages/airflow/example_dags/example_branch_operator.py
[2024-08-10 09:03:26,206] {scheduler_job.py:639} INFO - DAG(s) dict_keys(['example_branch_operator']) retrieved from /home/airflow/.local/lib/python3.6/site-packages/airflow/example_dags/example_branch_operator.py
[2024-08-10 09:03:26,226] {logging_mixin.py:104} INFO - [2024-08-10 09:03:26,226] {dag.py:1824} INFO - Sync 1 DAGs
[2024-08-10 09:03:26,246] {logging_mixin.py:104} INFO - [2024-08-10 09:03:26,246] {dag.py:2280} INFO - Setting next_dagrun for example_branch_operator to 2024-08-08 00:00:00+00:00
[2024-08-10 09:03:26,255] {scheduler_job.py:190} INFO - Processing /home/airflow/.local/lib/python3.6/site-packages/airflow/example_dags/example_branch_operator.py took 0.068 seconds
[2024-08-10 09:03:56,560] {scheduler_job.py:182} INFO - Started process (PID=3801) to work on /home/airflow/.local/lib/python3.6/site-packages/airflow/example_dags/example_branch_operator.py
[2024-08-10 09:03:56,561] {scheduler_job.py:629} INFO - Processing file /home/airflow/.local/lib/python3.6/site-packages/airflow/example_dags/example_branch_operator.py for tasks to queue
[2024-08-10 09:03:56,562] {logging_mixin.py:104} INFO - [2024-08-10 09:03:56,562] {dagbag.py:451} INFO - Filling up the DagBag from /home/airflow/.local/lib/python3.6/site-packages/airflow/example_dags/example_branch_operator.py
[2024-08-10 09:03:56,575] {scheduler_job.py:639} INFO - DAG(s) dict_keys(['example_branch_operator']) retrieved from /home/airflow/.local/lib/python3.6/site-packages/airflow/example_dags/example_branch_operator.py
[2024-08-10 09:03:56,595] {logging_mixin.py:104} INFO - [2024-08-10 09:03:56,595] {dag.py:1824} INFO - Sync 1 DAGs
[2024-08-10 09:03:56,613] {logging_mixin.py:104} INFO - [2024-08-10 09:03:56,613] {dag.py:2280} INFO - Setting next_dagrun for example_branch_operator to 2024-08-08 00:00:00+00:00
[2024-08-10 09:03:56,623] {scheduler_job.py:190} INFO - Processing /home/airflow/.local/lib/python3.6/site-packages/airflow/example_dags/example_branch_operator.py took 0.066 seconds
[2024-08-10 09:04:26,824] {scheduler_job.py:182} INFO - Started process (PID=3939) to work on /home/airflow/.local/lib/python3.6/site-packages/airflow/example_dags/example_branch_operator.py
[2024-08-10 09:04:26,825] {scheduler_job.py:629} INFO - Processing file /home/airflow/.local/lib/python3.6/site-packages/airflow/example_dags/example_branch_operator.py for tasks to queue
[2024-08-10 09:04:26,825] {logging_mixin.py:104} INFO - [2024-08-10 09:04:26,825] {dagbag.py:451} INFO - Filling up the DagBag from /home/airflow/.local/lib/python3.6/site-packages/airflow/example_dags/example_branch_operator.py
[2024-08-10 09:04:26,839] {scheduler_job.py:639} INFO - DAG(s) dict_keys(['example_branch_operator']) retrieved from /home/airflow/.local/lib/python3.6/site-packages/airflow/example_dags/example_branch_operator.py
[2024-08-10 09:04:26,861] {logging_mixin.py:104} INFO - [2024-08-10 09:04:26,861] {dag.py:1824} INFO - Sync 1 DAGs
[2024-08-10 09:04:26,880] {logging_mixin.py:104} INFO - [2024-08-10 09:04:26,880] {dag.py:2280} INFO - Setting next_dagrun for example_branch_operator to 2024-08-08 00:00:00+00:00
[2024-08-10 09:04:26,889] {scheduler_job.py:190} INFO - Processing /home/airflow/.local/lib/python3.6/site-packages/airflow/example_dags/example_branch_operator.py took 0.068 seconds
[2024-08-10 09:04:57,032] {scheduler_job.py:182} INFO - Started process (PID=4058) to work on /home/airflow/.local/lib/python3.6/site-packages/airflow/example_dags/example_branch_operator.py
[2024-08-10 09:04:57,034] {scheduler_job.py:629} INFO - Processing file /home/airflow/.local/lib/python3.6/site-packages/airflow/example_dags/example_branch_operator.py for tasks to queue
[2024-08-10 09:04:57,035] {logging_mixin.py:104} INFO - [2024-08-10 09:04:57,035] {dagbag.py:451} INFO - Filling up the DagBag from /home/airflow/.local/lib/python3.6/site-packages/airflow/example_dags/example_branch_operator.py
[2024-08-10 09:04:57,057] {scheduler_job.py:639} INFO - DAG(s) dict_keys(['example_branch_operator']) retrieved from /home/airflow/.local/lib/python3.6/site-packages/airflow/example_dags/example_branch_operator.py
[2024-08-10 09:04:57,078] {logging_mixin.py:104} INFO - [2024-08-10 09:04:57,078] {dag.py:1824} INFO - Sync 1 DAGs
[2024-08-10 09:04:57,098] {logging_mixin.py:104} INFO - [2024-08-10 09:04:57,098] {dag.py:2280} INFO - Setting next_dagrun for example_branch_operator to 2024-08-08 00:00:00+00:00
[2024-08-10 09:04:57,115] {scheduler_job.py:190} INFO - Processing /home/airflow/.local/lib/python3.6/site-packages/airflow/example_dags/example_branch_operator.py took 0.090 seconds
[2024-08-10 09:05:27,246] {scheduler_job.py:182} INFO - Started process (PID=4193) to work on /home/airflow/.local/lib/python3.6/site-packages/airflow/example_dags/example_branch_operator.py
[2024-08-10 09:05:27,247] {scheduler_job.py:629} INFO - Processing file /home/airflow/.local/lib/python3.6/site-packages/airflow/example_dags/example_branch_operator.py for tasks to queue
[2024-08-10 09:05:27,247] {logging_mixin.py:104} INFO - [2024-08-10 09:05:27,247] {dagbag.py:451} INFO - Filling up the DagBag from /home/airflow/.local/lib/python3.6/site-packages/airflow/example_dags/example_branch_operator.py
[2024-08-10 09:05:27,261] {scheduler_job.py:639} INFO - DAG(s) dict_keys(['example_branch_operator']) retrieved from /home/airflow/.local/lib/python3.6/site-packages/airflow/example_dags/example_branch_operator.py
[2024-08-10 09:05:27,280] {logging_mixin.py:104} INFO - [2024-08-10 09:05:27,280] {dag.py:1824} INFO - Sync 1 DAGs
[2024-08-10 09:05:27,299] {logging_mixin.py:104} INFO - [2024-08-10 09:05:27,299] {dag.py:2280} INFO - Setting next_dagrun for example_branch_operator to 2024-08-08 00:00:00+00:00
[2024-08-10 09:05:27,320] {scheduler_job.py:190} INFO - Processing /home/airflow/.local/lib/python3.6/site-packages/airflow/example_dags/example_branch_operator.py took 0.077 seconds
[2024-08-10 09:05:57,438] {scheduler_job.py:182} INFO - Started process (PID=4328) to work on /home/airflow/.local/lib/python3.6/site-packages/airflow/example_dags/example_branch_operator.py
[2024-08-10 09:05:57,440] {scheduler_job.py:629} INFO - Processing file /home/airflow/.local/lib/python3.6/site-packages/airflow/example_dags/example_branch_operator.py for tasks to queue
[2024-08-10 09:05:57,441] {logging_mixin.py:104} INFO - [2024-08-10 09:05:57,441] {dagbag.py:451} INFO - Filling up the DagBag from /home/airflow/.local/lib/python3.6/site-packages/airflow/example_dags/example_branch_operator.py
[2024-08-10 09:05:57,462] {scheduler_job.py:639} INFO - DAG(s) dict_keys(['example_branch_operator']) retrieved from /home/airflow/.local/lib/python3.6/site-packages/airflow/example_dags/example_branch_operator.py
[2024-08-10 09:05:57,485] {logging_mixin.py:104} INFO - [2024-08-10 09:05:57,484] {dag.py:1824} INFO - Sync 1 DAGs
[2024-08-10 09:05:57,504] {logging_mixin.py:104} INFO - [2024-08-10 09:05:57,503] {dag.py:2280} INFO - Setting next_dagrun for example_branch_operator to 2024-08-08 00:00:00+00:00
[2024-08-10 09:05:57,525] {scheduler_job.py:190} INFO - Processing /home/airflow/.local/lib/python3.6/site-packages/airflow/example_dags/example_branch_operator.py took 0.092 seconds
[2024-08-10 09:06:27,816] {scheduler_job.py:182} INFO - Started process (PID=4471) to work on /home/airflow/.local/lib/python3.6/site-packages/airflow/example_dags/example_branch_operator.py
[2024-08-10 09:06:27,818] {scheduler_job.py:629} INFO - Processing file /home/airflow/.local/lib/python3.6/site-packages/airflow/example_dags/example_branch_operator.py for tasks to queue
[2024-08-10 09:06:27,819] {logging_mixin.py:104} INFO - [2024-08-10 09:06:27,818] {dagbag.py:451} INFO - Filling up the DagBag from /home/airflow/.local/lib/python3.6/site-packages/airflow/example_dags/example_branch_operator.py
[2024-08-10 09:06:27,832] {scheduler_job.py:639} INFO - DAG(s) dict_keys(['example_branch_operator']) retrieved from /home/airflow/.local/lib/python3.6/site-packages/airflow/example_dags/example_branch_operator.py
[2024-08-10 09:06:27,851] {logging_mixin.py:104} INFO - [2024-08-10 09:06:27,851] {dag.py:1824} INFO - Sync 1 DAGs
[2024-08-10 09:06:27,871] {logging_mixin.py:104} INFO - [2024-08-10 09:06:27,871] {dag.py:2280} INFO - Setting next_dagrun for example_branch_operator to 2024-08-08 00:00:00+00:00
[2024-08-10 09:06:27,882] {scheduler_job.py:190} INFO - Processing /home/airflow/.local/lib/python3.6/site-packages/airflow/example_dags/example_branch_operator.py took 0.068 seconds
[2024-08-10 09:06:58,143] {scheduler_job.py:182} INFO - Started process (PID=4606) to work on /home/airflow/.local/lib/python3.6/site-packages/airflow/example_dags/example_branch_operator.py
[2024-08-10 09:06:58,144] {scheduler_job.py:629} INFO - Processing file /home/airflow/.local/lib/python3.6/site-packages/airflow/example_dags/example_branch_operator.py for tasks to queue
[2024-08-10 09:06:58,145] {logging_mixin.py:104} INFO - [2024-08-10 09:06:58,145] {dagbag.py:451} INFO - Filling up the DagBag from /home/airflow/.local/lib/python3.6/site-packages/airflow/example_dags/example_branch_operator.py
[2024-08-10 09:06:58,159] {scheduler_job.py:639} INFO - DAG(s) dict_keys(['example_branch_operator']) retrieved from /home/airflow/.local/lib/python3.6/site-packages/airflow/example_dags/example_branch_operator.py
[2024-08-10 09:06:58,181] {logging_mixin.py:104} INFO - [2024-08-10 09:06:58,180] {dag.py:1824} INFO - Sync 1 DAGs
[2024-08-10 09:06:58,202] {logging_mixin.py:104} INFO - [2024-08-10 09:06:58,201] {dag.py:2280} INFO - Setting next_dagrun for example_branch_operator to 2024-08-08 00:00:00+00:00
[2024-08-10 09:06:58,212] {scheduler_job.py:190} INFO - Processing /home/airflow/.local/lib/python3.6/site-packages/airflow/example_dags/example_branch_operator.py took 0.072 seconds
[2024-08-10 09:07:28,412] {scheduler_job.py:182} INFO - Started process (PID=4739) to work on /home/airflow/.local/lib/python3.6/site-packages/airflow/example_dags/example_branch_operator.py
[2024-08-10 09:07:28,413] {scheduler_job.py:629} INFO - Processing file /home/airflow/.local/lib/python3.6/site-packages/airflow/example_dags/example_branch_operator.py for tasks to queue
[2024-08-10 09:07:28,414] {logging_mixin.py:104} INFO - [2024-08-10 09:07:28,414] {dagbag.py:451} INFO - Filling up the DagBag from /home/airflow/.local/lib/python3.6/site-packages/airflow/example_dags/example_branch_operator.py
[2024-08-10 09:07:28,432] {scheduler_job.py:639} INFO - DAG(s) dict_keys(['example_branch_operator']) retrieved from /home/airflow/.local/lib/python3.6/site-packages/airflow/example_dags/example_branch_operator.py
[2024-08-10 09:07:28,455] {logging_mixin.py:104} INFO - [2024-08-10 09:07:28,455] {dag.py:1824} INFO - Sync 1 DAGs
[2024-08-10 09:07:28,480] {logging_mixin.py:104} INFO - [2024-08-10 09:07:28,480] {dag.py:2280} INFO - Setting next_dagrun for example_branch_operator to 2024-08-08 00:00:00+00:00
[2024-08-10 09:07:28,495] {scheduler_job.py:190} INFO - Processing /home/airflow/.local/lib/python3.6/site-packages/airflow/example_dags/example_branch_operator.py took 0.086 seconds
[2024-08-10 09:07:58,643] {scheduler_job.py:182} INFO - Started process (PID=4871) to work on /home/airflow/.local/lib/python3.6/site-packages/airflow/example_dags/example_branch_operator.py
[2024-08-10 09:07:58,644] {scheduler_job.py:629} INFO - Processing file /home/airflow/.local/lib/python3.6/site-packages/airflow/example_dags/example_branch_operator.py for tasks to queue
[2024-08-10 09:07:58,644] {logging_mixin.py:104} INFO - [2024-08-10 09:07:58,644] {dagbag.py:451} INFO - Filling up the DagBag from /home/airflow/.local/lib/python3.6/site-packages/airflow/example_dags/example_branch_operator.py
[2024-08-10 09:07:58,657] {scheduler_job.py:639} INFO - DAG(s) dict_keys(['example_branch_operator']) retrieved from /home/airflow/.local/lib/python3.6/site-packages/airflow/example_dags/example_branch_operator.py
[2024-08-10 09:07:58,683] {logging_mixin.py:104} INFO - [2024-08-10 09:07:58,683] {dag.py:1824} INFO - Sync 1 DAGs
[2024-08-10 09:07:58,703] {logging_mixin.py:104} INFO - [2024-08-10 09:07:58,703] {dag.py:2280} INFO - Setting next_dagrun for example_branch_operator to 2024-08-08 00:00:00+00:00
[2024-08-10 09:07:58,714] {scheduler_job.py:190} INFO - Processing /home/airflow/.local/lib/python3.6/site-packages/airflow/example_dags/example_branch_operator.py took 0.074 seconds
[2024-08-10 09:08:29,100] {scheduler_job.py:182} INFO - Started process (PID=5006) to work on /home/airflow/.local/lib/python3.6/site-packages/airflow/example_dags/example_branch_operator.py
[2024-08-10 09:08:29,101] {scheduler_job.py:629} INFO - Processing file /home/airflow/.local/lib/python3.6/site-packages/airflow/example_dags/example_branch_operator.py for tasks to queue
[2024-08-10 09:08:29,101] {logging_mixin.py:104} INFO - [2024-08-10 09:08:29,101] {dagbag.py:451} INFO - Filling up the DagBag from /home/airflow/.local/lib/python3.6/site-packages/airflow/example_dags/example_branch_operator.py
[2024-08-10 09:08:29,116] {scheduler_job.py:639} INFO - DAG(s) dict_keys(['example_branch_operator']) retrieved from /home/airflow/.local/lib/python3.6/site-packages/airflow/example_dags/example_branch_operator.py
[2024-08-10 09:08:29,136] {logging_mixin.py:104} INFO - [2024-08-10 09:08:29,136] {dag.py:1824} INFO - Sync 1 DAGs
[2024-08-10 09:08:29,157] {logging_mixin.py:104} INFO - [2024-08-10 09:08:29,157] {dag.py:2280} INFO - Setting next_dagrun for example_branch_operator to 2024-08-08 00:00:00+00:00
[2024-08-10 09:08:29,168] {scheduler_job.py:190} INFO - Processing /home/airflow/.local/lib/python3.6/site-packages/airflow/example_dags/example_branch_operator.py took 0.071 seconds
[2024-08-10 09:08:59,587] {scheduler_job.py:182} INFO - Started process (PID=5133) to work on /home/airflow/.local/lib/python3.6/site-packages/airflow/example_dags/example_branch_operator.py
[2024-08-10 09:08:59,589] {scheduler_job.py:629} INFO - Processing file /home/airflow/.local/lib/python3.6/site-packages/airflow/example_dags/example_branch_operator.py for tasks to queue
[2024-08-10 09:08:59,591] {logging_mixin.py:104} INFO - [2024-08-10 09:08:59,590] {dagbag.py:451} INFO - Filling up the DagBag from /home/airflow/.local/lib/python3.6/site-packages/airflow/example_dags/example_branch_operator.py
[2024-08-10 09:08:59,612] {scheduler_job.py:639} INFO - DAG(s) dict_keys(['example_branch_operator']) retrieved from /home/airflow/.local/lib/python3.6/site-packages/airflow/example_dags/example_branch_operator.py
[2024-08-10 09:08:59,632] {logging_mixin.py:104} INFO - [2024-08-10 09:08:59,632] {dag.py:1824} INFO - Sync 1 DAGs
[2024-08-10 09:08:59,652] {logging_mixin.py:104} INFO - [2024-08-10 09:08:59,652] {dag.py:2280} INFO - Setting next_dagrun for example_branch_operator to 2024-08-08 00:00:00+00:00
[2024-08-10 09:08:59,674] {scheduler_job.py:190} INFO - Processing /home/airflow/.local/lib/python3.6/site-packages/airflow/example_dags/example_branch_operator.py took 0.093 seconds
[2024-08-10 09:09:30,013] {scheduler_job.py:182} INFO - Started process (PID=5268) to work on /home/airflow/.local/lib/python3.6/site-packages/airflow/example_dags/example_branch_operator.py
[2024-08-10 09:09:30,015] {scheduler_job.py:629} INFO - Processing file /home/airflow/.local/lib/python3.6/site-packages/airflow/example_dags/example_branch_operator.py for tasks to queue
[2024-08-10 09:09:30,015] {logging_mixin.py:104} INFO - [2024-08-10 09:09:30,015] {dagbag.py:451} INFO - Filling up the DagBag from /home/airflow/.local/lib/python3.6/site-packages/airflow/example_dags/example_branch_operator.py
[2024-08-10 09:09:30,034] {scheduler_job.py:639} INFO - DAG(s) dict_keys(['example_branch_operator']) retrieved from /home/airflow/.local/lib/python3.6/site-packages/airflow/example_dags/example_branch_operator.py
[2024-08-10 09:09:30,055] {logging_mixin.py:104} INFO - [2024-08-10 09:09:30,055] {dag.py:1824} INFO - Sync 1 DAGs
[2024-08-10 09:09:30,074] {logging_mixin.py:104} INFO - [2024-08-10 09:09:30,074] {dag.py:2280} INFO - Setting next_dagrun for example_branch_operator to 2024-08-08 00:00:00+00:00
[2024-08-10 09:09:30,085] {scheduler_job.py:190} INFO - Processing /home/airflow/.local/lib/python3.6/site-packages/airflow/example_dags/example_branch_operator.py took 0.076 seconds
[2024-08-10 09:10:00,356] {scheduler_job.py:182} INFO - Started process (PID=5403) to work on /home/airflow/.local/lib/python3.6/site-packages/airflow/example_dags/example_branch_operator.py
[2024-08-10 09:10:00,358] {scheduler_job.py:629} INFO - Processing file /home/airflow/.local/lib/python3.6/site-packages/airflow/example_dags/example_branch_operator.py for tasks to queue
[2024-08-10 09:10:00,359] {logging_mixin.py:104} INFO - [2024-08-10 09:10:00,358] {dagbag.py:451} INFO - Filling up the DagBag from /home/airflow/.local/lib/python3.6/site-packages/airflow/example_dags/example_branch_operator.py
[2024-08-10 09:10:00,377] {scheduler_job.py:639} INFO - DAG(s) dict_keys(['example_branch_operator']) retrieved from /home/airflow/.local/lib/python3.6/site-packages/airflow/example_dags/example_branch_operator.py
[2024-08-10 09:10:00,397] {logging_mixin.py:104} INFO - [2024-08-10 09:10:00,397] {dag.py:1824} INFO - Sync 1 DAGs
[2024-08-10 09:10:00,416] {logging_mixin.py:104} INFO - [2024-08-10 09:10:00,416] {dag.py:2280} INFO - Setting next_dagrun for example_branch_operator to 2024-08-08 00:00:00+00:00
[2024-08-10 09:10:00,440] {scheduler_job.py:190} INFO - Processing /home/airflow/.local/lib/python3.6/site-packages/airflow/example_dags/example_branch_operator.py took 0.090 seconds
[2024-08-10 09:10:30,844] {scheduler_job.py:182} INFO - Started process (PID=5538) to work on /home/airflow/.local/lib/python3.6/site-packages/airflow/example_dags/example_branch_operator.py
[2024-08-10 09:10:30,845] {scheduler_job.py:629} INFO - Processing file /home/airflow/.local/lib/python3.6/site-packages/airflow/example_dags/example_branch_operator.py for tasks to queue
[2024-08-10 09:10:30,846] {logging_mixin.py:104} INFO - [2024-08-10 09:10:30,846] {dagbag.py:451} INFO - Filling up the DagBag from /home/airflow/.local/lib/python3.6/site-packages/airflow/example_dags/example_branch_operator.py
[2024-08-10 09:10:30,867] {scheduler_job.py:639} INFO - DAG(s) dict_keys(['example_branch_operator']) retrieved from /home/airflow/.local/lib/python3.6/site-packages/airflow/example_dags/example_branch_operator.py
[2024-08-10 09:10:30,890] {logging_mixin.py:104} INFO - [2024-08-10 09:10:30,890] {dag.py:1824} INFO - Sync 1 DAGs
[2024-08-10 09:10:30,910] {logging_mixin.py:104} INFO - [2024-08-10 09:10:30,910] {dag.py:2280} INFO - Setting next_dagrun for example_branch_operator to 2024-08-08 00:00:00+00:00
[2024-08-10 09:10:30,920] {scheduler_job.py:190} INFO - Processing /home/airflow/.local/lib/python3.6/site-packages/airflow/example_dags/example_branch_operator.py took 0.081 seconds
[2024-08-10 09:11:01,021] {scheduler_job.py:182} INFO - Started process (PID=5674) to work on /home/airflow/.local/lib/python3.6/site-packages/airflow/example_dags/example_branch_operator.py
[2024-08-10 09:11:01,024] {scheduler_job.py:629} INFO - Processing file /home/airflow/.local/lib/python3.6/site-packages/airflow/example_dags/example_branch_operator.py for tasks to queue
[2024-08-10 09:11:01,025] {logging_mixin.py:104} INFO - [2024-08-10 09:11:01,025] {dagbag.py:451} INFO - Filling up the DagBag from /home/airflow/.local/lib/python3.6/site-packages/airflow/example_dags/example_branch_operator.py
[2024-08-10 09:11:01,046] {scheduler_job.py:639} INFO - DAG(s) dict_keys(['example_branch_operator']) retrieved from /home/airflow/.local/lib/python3.6/site-packages/airflow/example_dags/example_branch_operator.py
[2024-08-10 09:11:01,076] {logging_mixin.py:104} INFO - [2024-08-10 09:11:01,075] {dag.py:1824} INFO - Sync 1 DAGs
[2024-08-10 09:11:01,105] {logging_mixin.py:104} INFO - [2024-08-10 09:11:01,105] {dag.py:2280} INFO - Setting next_dagrun for example_branch_operator to 2024-08-08 00:00:00+00:00
[2024-08-10 09:11:01,128] {scheduler_job.py:190} INFO - Processing /home/airflow/.local/lib/python3.6/site-packages/airflow/example_dags/example_branch_operator.py took 0.111 seconds
[2024-08-10 09:11:31,333] {scheduler_job.py:182} INFO - Started process (PID=5808) to work on /home/airflow/.local/lib/python3.6/site-packages/airflow/example_dags/example_branch_operator.py
[2024-08-10 09:11:31,336] {scheduler_job.py:629} INFO - Processing file /home/airflow/.local/lib/python3.6/site-packages/airflow/example_dags/example_branch_operator.py for tasks to queue
[2024-08-10 09:11:31,337] {logging_mixin.py:104} INFO - [2024-08-10 09:11:31,337] {dagbag.py:451} INFO - Filling up the DagBag from /home/airflow/.local/lib/python3.6/site-packages/airflow/example_dags/example_branch_operator.py
[2024-08-10 09:11:31,358] {scheduler_job.py:639} INFO - DAG(s) dict_keys(['example_branch_operator']) retrieved from /home/airflow/.local/lib/python3.6/site-packages/airflow/example_dags/example_branch_operator.py
[2024-08-10 09:11:31,379] {logging_mixin.py:104} INFO - [2024-08-10 09:11:31,379] {dag.py:1824} INFO - Sync 1 DAGs
[2024-08-10 09:11:31,401] {logging_mixin.py:104} INFO - [2024-08-10 09:11:31,401] {dag.py:2280} INFO - Setting next_dagrun for example_branch_operator to 2024-08-08 00:00:00+00:00
[2024-08-10 09:11:31,423] {scheduler_job.py:190} INFO - Processing /home/airflow/.local/lib/python3.6/site-packages/airflow/example_dags/example_branch_operator.py took 0.093 seconds
[2024-08-10 09:12:01,865] {scheduler_job.py:182} INFO - Started process (PID=5954) to work on /home/airflow/.local/lib/python3.6/site-packages/airflow/example_dags/example_branch_operator.py
[2024-08-10 09:12:01,867] {scheduler_job.py:629} INFO - Processing file /home/airflow/.local/lib/python3.6/site-packages/airflow/example_dags/example_branch_operator.py for tasks to queue
[2024-08-10 09:12:01,867] {logging_mixin.py:104} INFO - [2024-08-10 09:12:01,867] {dagbag.py:451} INFO - Filling up the DagBag from /home/airflow/.local/lib/python3.6/site-packages/airflow/example_dags/example_branch_operator.py
[2024-08-10 09:12:01,886] {scheduler_job.py:639} INFO - DAG(s) dict_keys(['example_branch_operator']) retrieved from /home/airflow/.local/lib/python3.6/site-packages/airflow/example_dags/example_branch_operator.py
[2024-08-10 09:12:01,947] {logging_mixin.py:104} INFO - [2024-08-10 09:12:01,947] {dag.py:1824} INFO - Sync 1 DAGs
[2024-08-10 09:12:01,974] {logging_mixin.py:104} INFO - [2024-08-10 09:12:01,974] {dag.py:2280} INFO - Setting next_dagrun for example_branch_operator to 2024-08-08 00:00:00+00:00
[2024-08-10 09:12:01,988] {scheduler_job.py:190} INFO - Processing /home/airflow/.local/lib/python3.6/site-packages/airflow/example_dags/example_branch_operator.py took 0.128 seconds
[2024-08-10 09:12:32,718] {scheduler_job.py:182} INFO - Started process (PID=6078) to work on /home/airflow/.local/lib/python3.6/site-packages/airflow/example_dags/example_branch_operator.py
[2024-08-10 09:12:32,719] {scheduler_job.py:629} INFO - Processing file /home/airflow/.local/lib/python3.6/site-packages/airflow/example_dags/example_branch_operator.py for tasks to queue
[2024-08-10 09:12:32,720] {logging_mixin.py:104} INFO - [2024-08-10 09:12:32,720] {dagbag.py:451} INFO - Filling up the DagBag from /home/airflow/.local/lib/python3.6/site-packages/airflow/example_dags/example_branch_operator.py
[2024-08-10 09:12:32,738] {scheduler_job.py:639} INFO - DAG(s) dict_keys(['example_branch_operator']) retrieved from /home/airflow/.local/lib/python3.6/site-packages/airflow/example_dags/example_branch_operator.py
[2024-08-10 09:12:32,761] {logging_mixin.py:104} INFO - [2024-08-10 09:12:32,761] {dag.py:1824} INFO - Sync 1 DAGs
[2024-08-10 09:12:32,785] {logging_mixin.py:104} INFO - [2024-08-10 09:12:32,785] {dag.py:2280} INFO - Setting next_dagrun for example_branch_operator to 2024-08-08 00:00:00+00:00
[2024-08-10 09:12:32,797] {scheduler_job.py:190} INFO - Processing /home/airflow/.local/lib/python3.6/site-packages/airflow/example_dags/example_branch_operator.py took 0.084 seconds
[2024-08-10 09:13:03,353] {scheduler_job.py:182} INFO - Started process (PID=6213) to work on /home/airflow/.local/lib/python3.6/site-packages/airflow/example_dags/example_branch_operator.py
[2024-08-10 09:13:03,355] {scheduler_job.py:629} INFO - Processing file /home/airflow/.local/lib/python3.6/site-packages/airflow/example_dags/example_branch_operator.py for tasks to queue
[2024-08-10 09:13:03,356] {logging_mixin.py:104} INFO - [2024-08-10 09:13:03,356] {dagbag.py:451} INFO - Filling up the DagBag from /home/airflow/.local/lib/python3.6/site-packages/airflow/example_dags/example_branch_operator.py
[2024-08-10 09:13:03,377] {scheduler_job.py:639} INFO - DAG(s) dict_keys(['example_branch_operator']) retrieved from /home/airflow/.local/lib/python3.6/site-packages/airflow/example_dags/example_branch_operator.py
[2024-08-10 09:13:03,398] {logging_mixin.py:104} INFO - [2024-08-10 09:13:03,398] {dag.py:1824} INFO - Sync 1 DAGs
[2024-08-10 09:13:03,420] {logging_mixin.py:104} INFO - [2024-08-10 09:13:03,419] {dag.py:2280} INFO - Setting next_dagrun for example_branch_operator to 2024-08-08 00:00:00+00:00
[2024-08-10 09:13:03,430] {scheduler_job.py:190} INFO - Processing /home/airflow/.local/lib/python3.6/site-packages/airflow/example_dags/example_branch_operator.py took 0.083 seconds
[2024-08-10 09:13:33,841] {scheduler_job.py:182} INFO - Started process (PID=6348) to work on /home/airflow/.local/lib/python3.6/site-packages/airflow/example_dags/example_branch_operator.py
[2024-08-10 09:13:33,842] {scheduler_job.py:629} INFO - Processing file /home/airflow/.local/lib/python3.6/site-packages/airflow/example_dags/example_branch_operator.py for tasks to queue
[2024-08-10 09:13:33,843] {logging_mixin.py:104} INFO - [2024-08-10 09:13:33,843] {dagbag.py:451} INFO - Filling up the DagBag from /home/airflow/.local/lib/python3.6/site-packages/airflow/example_dags/example_branch_operator.py
[2024-08-10 09:13:33,860] {scheduler_job.py:639} INFO - DAG(s) dict_keys(['example_branch_operator']) retrieved from /home/airflow/.local/lib/python3.6/site-packages/airflow/example_dags/example_branch_operator.py
[2024-08-10 09:13:33,880] {logging_mixin.py:104} INFO - [2024-08-10 09:13:33,880] {dag.py:1824} INFO - Sync 1 DAGs
[2024-08-10 09:13:33,901] {logging_mixin.py:104} INFO - [2024-08-10 09:13:33,901] {dag.py:2280} INFO - Setting next_dagrun for example_branch_operator to 2024-08-08 00:00:00+00:00
[2024-08-10 09:13:33,913] {scheduler_job.py:190} INFO - Processing /home/airflow/.local/lib/python3.6/site-packages/airflow/example_dags/example_branch_operator.py took 0.079 seconds
[2024-08-10 09:14:04,096] {scheduler_job.py:182} INFO - Started process (PID=6483) to work on /home/airflow/.local/lib/python3.6/site-packages/airflow/example_dags/example_branch_operator.py
[2024-08-10 09:14:04,097] {scheduler_job.py:629} INFO - Processing file /home/airflow/.local/lib/python3.6/site-packages/airflow/example_dags/example_branch_operator.py for tasks to queue
[2024-08-10 09:14:04,098] {logging_mixin.py:104} INFO - [2024-08-10 09:14:04,098] {dagbag.py:451} INFO - Filling up the DagBag from /home/airflow/.local/lib/python3.6/site-packages/airflow/example_dags/example_branch_operator.py
[2024-08-10 09:14:04,113] {scheduler_job.py:639} INFO - DAG(s) dict_keys(['example_branch_operator']) retrieved from /home/airflow/.local/lib/python3.6/site-packages/airflow/example_dags/example_branch_operator.py
[2024-08-10 09:14:04,133] {logging_mixin.py:104} INFO - [2024-08-10 09:14:04,133] {dag.py:1824} INFO - Sync 1 DAGs
[2024-08-10 09:14:04,152] {logging_mixin.py:104} INFO - [2024-08-10 09:14:04,152] {dag.py:2280} INFO - Setting next_dagrun for example_branch_operator to 2024-08-08 00:00:00+00:00
[2024-08-10 09:14:04,163] {scheduler_job.py:190} INFO - Processing /home/airflow/.local/lib/python3.6/site-packages/airflow/example_dags/example_branch_operator.py took 0.070 seconds
[2024-08-10 09:14:34,469] {scheduler_job.py:182} INFO - Started process (PID=6618) to work on /home/airflow/.local/lib/python3.6/site-packages/airflow/example_dags/example_branch_operator.py
[2024-08-10 09:14:34,469] {scheduler_job.py:629} INFO - Processing file /home/airflow/.local/lib/python3.6/site-packages/airflow/example_dags/example_branch_operator.py for tasks to queue
[2024-08-10 09:14:34,470] {logging_mixin.py:104} INFO - [2024-08-10 09:14:34,470] {dagbag.py:451} INFO - Filling up the DagBag from /home/airflow/.local/lib/python3.6/site-packages/airflow/example_dags/example_branch_operator.py
[2024-08-10 09:14:34,486] {scheduler_job.py:639} INFO - DAG(s) dict_keys(['example_branch_operator']) retrieved from /home/airflow/.local/lib/python3.6/site-packages/airflow/example_dags/example_branch_operator.py
[2024-08-10 09:14:34,506] {logging_mixin.py:104} INFO - [2024-08-10 09:14:34,506] {dag.py:1824} INFO - Sync 1 DAGs
[2024-08-10 09:14:34,529] {logging_mixin.py:104} INFO - [2024-08-10 09:14:34,529] {dag.py:2280} INFO - Setting next_dagrun for example_branch_operator to 2024-08-08 00:00:00+00:00
[2024-08-10 09:14:34,540] {scheduler_job.py:190} INFO - Processing /home/airflow/.local/lib/python3.6/site-packages/airflow/example_dags/example_branch_operator.py took 0.074 seconds
[2024-08-10 09:15:04,602] {scheduler_job.py:182} INFO - Started process (PID=6753) to work on /home/airflow/.local/lib/python3.6/site-packages/airflow/example_dags/example_branch_operator.py
[2024-08-10 09:15:04,604] {scheduler_job.py:629} INFO - Processing file /home/airflow/.local/lib/python3.6/site-packages/airflow/example_dags/example_branch_operator.py for tasks to queue
[2024-08-10 09:15:04,605] {logging_mixin.py:104} INFO - [2024-08-10 09:15:04,604] {dagbag.py:451} INFO - Filling up the DagBag from /home/airflow/.local/lib/python3.6/site-packages/airflow/example_dags/example_branch_operator.py
[2024-08-10 09:15:04,625] {scheduler_job.py:639} INFO - DAG(s) dict_keys(['example_branch_operator']) retrieved from /home/airflow/.local/lib/python3.6/site-packages/airflow/example_dags/example_branch_operator.py
[2024-08-10 09:15:04,647] {logging_mixin.py:104} INFO - [2024-08-10 09:15:04,647] {dag.py:1824} INFO - Sync 1 DAGs
[2024-08-10 09:15:04,666] {logging_mixin.py:104} INFO - [2024-08-10 09:15:04,666] {dag.py:2280} INFO - Setting next_dagrun for example_branch_operator to 2024-08-08 00:00:00+00:00
[2024-08-10 09:15:04,689] {scheduler_job.py:190} INFO - Processing /home/airflow/.local/lib/python3.6/site-packages/airflow/example_dags/example_branch_operator.py took 0.092 seconds
[2024-08-10 09:15:35,134] {scheduler_job.py:182} INFO - Started process (PID=6888) to work on /home/airflow/.local/lib/python3.6/site-packages/airflow/example_dags/example_branch_operator.py
[2024-08-10 09:15:35,136] {scheduler_job.py:629} INFO - Processing file /home/airflow/.local/lib/python3.6/site-packages/airflow/example_dags/example_branch_operator.py for tasks to queue
[2024-08-10 09:15:35,137] {logging_mixin.py:104} INFO - [2024-08-10 09:15:35,136] {dagbag.py:451} INFO - Filling up the DagBag from /home/airflow/.local/lib/python3.6/site-packages/airflow/example_dags/example_branch_operator.py
[2024-08-10 09:15:35,158] {scheduler_job.py:639} INFO - DAG(s) dict_keys(['example_branch_operator']) retrieved from /home/airflow/.local/lib/python3.6/site-packages/airflow/example_dags/example_branch_operator.py
[2024-08-10 09:15:35,179] {logging_mixin.py:104} INFO - [2024-08-10 09:15:35,178] {dag.py:1824} INFO - Sync 1 DAGs
[2024-08-10 09:15:35,201] {logging_mixin.py:104} INFO - [2024-08-10 09:15:35,201] {dag.py:2280} INFO - Setting next_dagrun for example_branch_operator to 2024-08-08 00:00:00+00:00
[2024-08-10 09:15:35,216] {scheduler_job.py:190} INFO - Processing /home/airflow/.local/lib/python3.6/site-packages/airflow/example_dags/example_branch_operator.py took 0.087 seconds
[2024-08-10 09:16:05,300] {scheduler_job.py:182} INFO - Started process (PID=7023) to work on /home/airflow/.local/lib/python3.6/site-packages/airflow/example_dags/example_branch_operator.py
[2024-08-10 09:16:05,301] {scheduler_job.py:629} INFO - Processing file /home/airflow/.local/lib/python3.6/site-packages/airflow/example_dags/example_branch_operator.py for tasks to queue
[2024-08-10 09:16:05,302] {logging_mixin.py:104} INFO - [2024-08-10 09:16:05,301] {dagbag.py:451} INFO - Filling up the DagBag from /home/airflow/.local/lib/python3.6/site-packages/airflow/example_dags/example_branch_operator.py
[2024-08-10 09:16:05,318] {scheduler_job.py:639} INFO - DAG(s) dict_keys(['example_branch_operator']) retrieved from /home/airflow/.local/lib/python3.6/site-packages/airflow/example_dags/example_branch_operator.py
[2024-08-10 09:16:05,338] {logging_mixin.py:104} INFO - [2024-08-10 09:16:05,338] {dag.py:1824} INFO - Sync 1 DAGs
[2024-08-10 09:16:05,356] {logging_mixin.py:104} INFO - [2024-08-10 09:16:05,356] {dag.py:2280} INFO - Setting next_dagrun for example_branch_operator to 2024-08-08 00:00:00+00:00
[2024-08-10 09:16:05,377] {scheduler_job.py:190} INFO - Processing /home/airflow/.local/lib/python3.6/site-packages/airflow/example_dags/example_branch_operator.py took 0.081 seconds
