[2024-08-10 08:42:12,703] {scheduler_job.py:182} INFO - Started process (PID=30516) to work on /home/airflow/.local/lib/python3.6/site-packages/airflow/example_dags/example_nested_branch_dag.py
[2024-08-10 08:42:12,704] {scheduler_job.py:629} INFO - Processing file /home/airflow/.local/lib/python3.6/site-packages/airflow/example_dags/example_nested_branch_dag.py for tasks to queue
[2024-08-10 08:42:12,705] {logging_mixin.py:104} INFO - [2024-08-10 08:42:12,705] {dagbag.py:451} INFO - Filling up the DagBag from /home/airflow/.local/lib/python3.6/site-packages/airflow/example_dags/example_nested_branch_dag.py
[2024-08-10 08:42:12,720] {scheduler_job.py:639} INFO - DAG(s) dict_keys(['example_nested_branch_dag']) retrieved from /home/airflow/.local/lib/python3.6/site-packages/airflow/example_dags/example_nested_branch_dag.py
[2024-08-10 08:42:12,744] {logging_mixin.py:104} INFO - [2024-08-10 08:42:12,744] {dag.py:1824} INFO - Sync 1 DAGs
[2024-08-10 08:42:12,767] {logging_mixin.py:104} INFO - [2024-08-10 08:42:12,767] {dag.py:2280} INFO - Setting next_dagrun for example_nested_branch_dag to 2024-08-08 00:00:00+00:00
[2024-08-10 08:42:12,781] {scheduler_job.py:190} INFO - Processing /home/airflow/.local/lib/python3.6/site-packages/airflow/example_dags/example_nested_branch_dag.py took 0.081 seconds
[2024-08-10 08:42:43,192] {scheduler_job.py:182} INFO - Started process (PID=30646) to work on /home/airflow/.local/lib/python3.6/site-packages/airflow/example_dags/example_nested_branch_dag.py
[2024-08-10 08:42:43,193] {scheduler_job.py:629} INFO - Processing file /home/airflow/.local/lib/python3.6/site-packages/airflow/example_dags/example_nested_branch_dag.py for tasks to queue
[2024-08-10 08:42:43,194] {logging_mixin.py:104} INFO - [2024-08-10 08:42:43,193] {dagbag.py:451} INFO - Filling up the DagBag from /home/airflow/.local/lib/python3.6/site-packages/airflow/example_dags/example_nested_branch_dag.py
[2024-08-10 08:42:43,208] {scheduler_job.py:639} INFO - DAG(s) dict_keys(['example_nested_branch_dag']) retrieved from /home/airflow/.local/lib/python3.6/site-packages/airflow/example_dags/example_nested_branch_dag.py
[2024-08-10 08:42:43,227] {logging_mixin.py:104} INFO - [2024-08-10 08:42:43,227] {dag.py:1824} INFO - Sync 1 DAGs
[2024-08-10 08:42:43,248] {logging_mixin.py:104} INFO - [2024-08-10 08:42:43,248] {dag.py:2280} INFO - Setting next_dagrun for example_nested_branch_dag to 2024-08-08 00:00:00+00:00
[2024-08-10 08:42:43,259] {scheduler_job.py:190} INFO - Processing /home/airflow/.local/lib/python3.6/site-packages/airflow/example_dags/example_nested_branch_dag.py took 0.070 seconds
[2024-08-10 08:43:13,574] {scheduler_job.py:182} INFO - Started process (PID=30767) to work on /home/airflow/.local/lib/python3.6/site-packages/airflow/example_dags/example_nested_branch_dag.py
[2024-08-10 08:43:13,575] {scheduler_job.py:629} INFO - Processing file /home/airflow/.local/lib/python3.6/site-packages/airflow/example_dags/example_nested_branch_dag.py for tasks to queue
[2024-08-10 08:43:13,575] {logging_mixin.py:104} INFO - [2024-08-10 08:43:13,575] {dagbag.py:451} INFO - Filling up the DagBag from /home/airflow/.local/lib/python3.6/site-packages/airflow/example_dags/example_nested_branch_dag.py
[2024-08-10 08:43:13,590] {scheduler_job.py:639} INFO - DAG(s) dict_keys(['example_nested_branch_dag']) retrieved from /home/airflow/.local/lib/python3.6/site-packages/airflow/example_dags/example_nested_branch_dag.py
[2024-08-10 08:43:13,609] {logging_mixin.py:104} INFO - [2024-08-10 08:43:13,609] {dag.py:1824} INFO - Sync 1 DAGs
[2024-08-10 08:43:13,631] {logging_mixin.py:104} INFO - [2024-08-10 08:43:13,631] {dag.py:2280} INFO - Setting next_dagrun for example_nested_branch_dag to 2024-08-08 00:00:00+00:00
[2024-08-10 08:43:13,641] {scheduler_job.py:190} INFO - Processing /home/airflow/.local/lib/python3.6/site-packages/airflow/example_dags/example_nested_branch_dag.py took 0.070 seconds
[2024-08-10 08:43:43,750] {scheduler_job.py:182} INFO - Started process (PID=30892) to work on /home/airflow/.local/lib/python3.6/site-packages/airflow/example_dags/example_nested_branch_dag.py
[2024-08-10 08:43:43,757] {scheduler_job.py:629} INFO - Processing file /home/airflow/.local/lib/python3.6/site-packages/airflow/example_dags/example_nested_branch_dag.py for tasks to queue
[2024-08-10 08:43:43,759] {logging_mixin.py:104} INFO - [2024-08-10 08:43:43,758] {dagbag.py:451} INFO - Filling up the DagBag from /home/airflow/.local/lib/python3.6/site-packages/airflow/example_dags/example_nested_branch_dag.py
[2024-08-10 08:43:43,799] {scheduler_job.py:639} INFO - DAG(s) dict_keys(['example_nested_branch_dag']) retrieved from /home/airflow/.local/lib/python3.6/site-packages/airflow/example_dags/example_nested_branch_dag.py
[2024-08-10 08:43:43,837] {logging_mixin.py:104} INFO - [2024-08-10 08:43:43,837] {dag.py:1824} INFO - Sync 1 DAGs
[2024-08-10 08:43:43,877] {logging_mixin.py:104} INFO - [2024-08-10 08:43:43,877] {dag.py:2280} INFO - Setting next_dagrun for example_nested_branch_dag to 2024-08-08 00:00:00+00:00
[2024-08-10 08:43:43,893] {scheduler_job.py:190} INFO - Processing /home/airflow/.local/lib/python3.6/site-packages/airflow/example_dags/example_nested_branch_dag.py took 0.150 seconds
[2024-08-10 08:44:13,913] {scheduler_job.py:182} INFO - Started process (PID=31038) to work on /home/airflow/.local/lib/python3.6/site-packages/airflow/example_dags/example_nested_branch_dag.py
[2024-08-10 08:44:13,914] {scheduler_job.py:629} INFO - Processing file /home/airflow/.local/lib/python3.6/site-packages/airflow/example_dags/example_nested_branch_dag.py for tasks to queue
[2024-08-10 08:44:13,915] {logging_mixin.py:104} INFO - [2024-08-10 08:44:13,914] {dagbag.py:451} INFO - Filling up the DagBag from /home/airflow/.local/lib/python3.6/site-packages/airflow/example_dags/example_nested_branch_dag.py
[2024-08-10 08:44:13,929] {scheduler_job.py:639} INFO - DAG(s) dict_keys(['example_nested_branch_dag']) retrieved from /home/airflow/.local/lib/python3.6/site-packages/airflow/example_dags/example_nested_branch_dag.py
[2024-08-10 08:44:13,949] {logging_mixin.py:104} INFO - [2024-08-10 08:44:13,949] {dag.py:1824} INFO - Sync 1 DAGs
[2024-08-10 08:44:13,969] {logging_mixin.py:104} INFO - [2024-08-10 08:44:13,969] {dag.py:2280} INFO - Setting next_dagrun for example_nested_branch_dag to 2024-08-08 00:00:00+00:00
[2024-08-10 08:44:13,980] {scheduler_job.py:190} INFO - Processing /home/airflow/.local/lib/python3.6/site-packages/airflow/example_dags/example_nested_branch_dag.py took 0.070 seconds
[2024-08-10 08:44:45,205] {scheduler_job.py:182} INFO - Started process (PID=31188) to work on /home/airflow/.local/lib/python3.6/site-packages/airflow/example_dags/example_nested_branch_dag.py
[2024-08-10 08:44:45,206] {scheduler_job.py:629} INFO - Processing file /home/airflow/.local/lib/python3.6/site-packages/airflow/example_dags/example_nested_branch_dag.py for tasks to queue
[2024-08-10 08:44:45,206] {logging_mixin.py:104} INFO - [2024-08-10 08:44:45,206] {dagbag.py:451} INFO - Filling up the DagBag from /home/airflow/.local/lib/python3.6/site-packages/airflow/example_dags/example_nested_branch_dag.py
[2024-08-10 08:44:45,220] {scheduler_job.py:639} INFO - DAG(s) dict_keys(['example_nested_branch_dag']) retrieved from /home/airflow/.local/lib/python3.6/site-packages/airflow/example_dags/example_nested_branch_dag.py
[2024-08-10 08:44:45,238] {logging_mixin.py:104} INFO - [2024-08-10 08:44:45,238] {dag.py:1824} INFO - Sync 1 DAGs
[2024-08-10 08:44:45,258] {logging_mixin.py:104} INFO - [2024-08-10 08:44:45,258] {dag.py:2280} INFO - Setting next_dagrun for example_nested_branch_dag to 2024-08-08 00:00:00+00:00
[2024-08-10 08:44:45,268] {scheduler_job.py:190} INFO - Processing /home/airflow/.local/lib/python3.6/site-packages/airflow/example_dags/example_nested_branch_dag.py took 0.066 seconds
[2024-08-10 08:45:16,225] {scheduler_job.py:182} INFO - Started process (PID=31348) to work on /home/airflow/.local/lib/python3.6/site-packages/airflow/example_dags/example_nested_branch_dag.py
[2024-08-10 08:45:16,226] {scheduler_job.py:629} INFO - Processing file /home/airflow/.local/lib/python3.6/site-packages/airflow/example_dags/example_nested_branch_dag.py for tasks to queue
[2024-08-10 08:45:16,227] {logging_mixin.py:104} INFO - [2024-08-10 08:45:16,227] {dagbag.py:451} INFO - Filling up the DagBag from /home/airflow/.local/lib/python3.6/site-packages/airflow/example_dags/example_nested_branch_dag.py
[2024-08-10 08:45:16,246] {scheduler_job.py:639} INFO - DAG(s) dict_keys(['example_nested_branch_dag']) retrieved from /home/airflow/.local/lib/python3.6/site-packages/airflow/example_dags/example_nested_branch_dag.py
[2024-08-10 08:45:16,275] {logging_mixin.py:104} INFO - [2024-08-10 08:45:16,275] {dag.py:1824} INFO - Sync 1 DAGs
[2024-08-10 08:45:16,304] {logging_mixin.py:104} INFO - [2024-08-10 08:45:16,304] {dag.py:2280} INFO - Setting next_dagrun for example_nested_branch_dag to 2024-08-08 00:00:00+00:00
[2024-08-10 08:45:16,316] {scheduler_job.py:190} INFO - Processing /home/airflow/.local/lib/python3.6/site-packages/airflow/example_dags/example_nested_branch_dag.py took 0.094 seconds
[2024-08-10 08:45:46,727] {scheduler_job.py:182} INFO - Started process (PID=31478) to work on /home/airflow/.local/lib/python3.6/site-packages/airflow/example_dags/example_nested_branch_dag.py
[2024-08-10 08:45:46,729] {scheduler_job.py:629} INFO - Processing file /home/airflow/.local/lib/python3.6/site-packages/airflow/example_dags/example_nested_branch_dag.py for tasks to queue
[2024-08-10 08:45:46,730] {logging_mixin.py:104} INFO - [2024-08-10 08:45:46,730] {dagbag.py:451} INFO - Filling up the DagBag from /home/airflow/.local/lib/python3.6/site-packages/airflow/example_dags/example_nested_branch_dag.py
[2024-08-10 08:45:46,748] {scheduler_job.py:639} INFO - DAG(s) dict_keys(['example_nested_branch_dag']) retrieved from /home/airflow/.local/lib/python3.6/site-packages/airflow/example_dags/example_nested_branch_dag.py
[2024-08-10 08:45:46,773] {logging_mixin.py:104} INFO - [2024-08-10 08:45:46,773] {dag.py:1824} INFO - Sync 1 DAGs
[2024-08-10 08:45:46,798] {logging_mixin.py:104} INFO - [2024-08-10 08:45:46,798] {dag.py:2280} INFO - Setting next_dagrun for example_nested_branch_dag to 2024-08-08 00:00:00+00:00
[2024-08-10 08:45:46,810] {scheduler_job.py:190} INFO - Processing /home/airflow/.local/lib/python3.6/site-packages/airflow/example_dags/example_nested_branch_dag.py took 0.086 seconds
[2024-08-10 08:46:16,915] {scheduler_job.py:182} INFO - Started process (PID=31593) to work on /home/airflow/.local/lib/python3.6/site-packages/airflow/example_dags/example_nested_branch_dag.py
[2024-08-10 08:46:16,915] {scheduler_job.py:629} INFO - Processing file /home/airflow/.local/lib/python3.6/site-packages/airflow/example_dags/example_nested_branch_dag.py for tasks to queue
[2024-08-10 08:46:16,916] {logging_mixin.py:104} INFO - [2024-08-10 08:46:16,916] {dagbag.py:451} INFO - Filling up the DagBag from /home/airflow/.local/lib/python3.6/site-packages/airflow/example_dags/example_nested_branch_dag.py
[2024-08-10 08:46:16,930] {scheduler_job.py:639} INFO - DAG(s) dict_keys(['example_nested_branch_dag']) retrieved from /home/airflow/.local/lib/python3.6/site-packages/airflow/example_dags/example_nested_branch_dag.py
[2024-08-10 08:46:16,951] {logging_mixin.py:104} INFO - [2024-08-10 08:46:16,951] {dag.py:1824} INFO - Sync 1 DAGs
[2024-08-10 08:46:16,973] {logging_mixin.py:104} INFO - [2024-08-10 08:46:16,972] {dag.py:2280} INFO - Setting next_dagrun for example_nested_branch_dag to 2024-08-08 00:00:00+00:00
[2024-08-10 08:46:16,983] {scheduler_job.py:190} INFO - Processing /home/airflow/.local/lib/python3.6/site-packages/airflow/example_dags/example_nested_branch_dag.py took 0.071 seconds
[2024-08-10 08:46:47,717] {scheduler_job.py:182} INFO - Started process (PID=31753) to work on /home/airflow/.local/lib/python3.6/site-packages/airflow/example_dags/example_nested_branch_dag.py
[2024-08-10 08:46:47,718] {scheduler_job.py:629} INFO - Processing file /home/airflow/.local/lib/python3.6/site-packages/airflow/example_dags/example_nested_branch_dag.py for tasks to queue
[2024-08-10 08:46:47,718] {logging_mixin.py:104} INFO - [2024-08-10 08:46:47,718] {dagbag.py:451} INFO - Filling up the DagBag from /home/airflow/.local/lib/python3.6/site-packages/airflow/example_dags/example_nested_branch_dag.py
[2024-08-10 08:46:47,732] {scheduler_job.py:639} INFO - DAG(s) dict_keys(['example_nested_branch_dag']) retrieved from /home/airflow/.local/lib/python3.6/site-packages/airflow/example_dags/example_nested_branch_dag.py
[2024-08-10 08:46:47,752] {logging_mixin.py:104} INFO - [2024-08-10 08:46:47,752] {dag.py:1824} INFO - Sync 1 DAGs
[2024-08-10 08:46:47,773] {logging_mixin.py:104} INFO - [2024-08-10 08:46:47,773] {dag.py:2280} INFO - Setting next_dagrun for example_nested_branch_dag to 2024-08-08 00:00:00+00:00
[2024-08-10 08:46:47,783] {scheduler_job.py:190} INFO - Processing /home/airflow/.local/lib/python3.6/site-packages/airflow/example_dags/example_nested_branch_dag.py took 0.070 seconds
[2024-08-10 08:47:17,987] {scheduler_job.py:182} INFO - Started process (PID=31883) to work on /home/airflow/.local/lib/python3.6/site-packages/airflow/example_dags/example_nested_branch_dag.py
[2024-08-10 08:47:17,988] {scheduler_job.py:629} INFO - Processing file /home/airflow/.local/lib/python3.6/site-packages/airflow/example_dags/example_nested_branch_dag.py for tasks to queue
[2024-08-10 08:47:17,989] {logging_mixin.py:104} INFO - [2024-08-10 08:47:17,989] {dagbag.py:451} INFO - Filling up the DagBag from /home/airflow/.local/lib/python3.6/site-packages/airflow/example_dags/example_nested_branch_dag.py
[2024-08-10 08:47:18,002] {scheduler_job.py:639} INFO - DAG(s) dict_keys(['example_nested_branch_dag']) retrieved from /home/airflow/.local/lib/python3.6/site-packages/airflow/example_dags/example_nested_branch_dag.py
[2024-08-10 08:47:18,022] {logging_mixin.py:104} INFO - [2024-08-10 08:47:18,022] {dag.py:1824} INFO - Sync 1 DAGs
[2024-08-10 08:47:18,042] {logging_mixin.py:104} INFO - [2024-08-10 08:47:18,042] {dag.py:2280} INFO - Setting next_dagrun for example_nested_branch_dag to 2024-08-08 00:00:00+00:00
[2024-08-10 08:47:18,052] {scheduler_job.py:190} INFO - Processing /home/airflow/.local/lib/python3.6/site-packages/airflow/example_dags/example_nested_branch_dag.py took 0.067 seconds
[2024-08-10 08:47:48,334] {scheduler_job.py:182} INFO - Started process (PID=32008) to work on /home/airflow/.local/lib/python3.6/site-packages/airflow/example_dags/example_nested_branch_dag.py
[2024-08-10 08:47:48,336] {scheduler_job.py:629} INFO - Processing file /home/airflow/.local/lib/python3.6/site-packages/airflow/example_dags/example_nested_branch_dag.py for tasks to queue
[2024-08-10 08:47:48,336] {logging_mixin.py:104} INFO - [2024-08-10 08:47:48,336] {dagbag.py:451} INFO - Filling up the DagBag from /home/airflow/.local/lib/python3.6/site-packages/airflow/example_dags/example_nested_branch_dag.py
[2024-08-10 08:47:48,352] {scheduler_job.py:639} INFO - DAG(s) dict_keys(['example_nested_branch_dag']) retrieved from /home/airflow/.local/lib/python3.6/site-packages/airflow/example_dags/example_nested_branch_dag.py
[2024-08-10 08:47:48,372] {logging_mixin.py:104} INFO - [2024-08-10 08:47:48,372] {dag.py:1824} INFO - Sync 1 DAGs
[2024-08-10 08:47:48,392] {logging_mixin.py:104} INFO - [2024-08-10 08:47:48,392] {dag.py:2280} INFO - Setting next_dagrun for example_nested_branch_dag to 2024-08-08 00:00:00+00:00
[2024-08-10 08:47:48,401] {scheduler_job.py:190} INFO - Processing /home/airflow/.local/lib/python3.6/site-packages/airflow/example_dags/example_nested_branch_dag.py took 0.070 seconds
[2024-08-10 08:48:18,676] {scheduler_job.py:182} INFO - Started process (PID=32138) to work on /home/airflow/.local/lib/python3.6/site-packages/airflow/example_dags/example_nested_branch_dag.py
[2024-08-10 08:48:18,677] {scheduler_job.py:629} INFO - Processing file /home/airflow/.local/lib/python3.6/site-packages/airflow/example_dags/example_nested_branch_dag.py for tasks to queue
[2024-08-10 08:48:18,677] {logging_mixin.py:104} INFO - [2024-08-10 08:48:18,677] {dagbag.py:451} INFO - Filling up the DagBag from /home/airflow/.local/lib/python3.6/site-packages/airflow/example_dags/example_nested_branch_dag.py
[2024-08-10 08:48:18,693] {scheduler_job.py:639} INFO - DAG(s) dict_keys(['example_nested_branch_dag']) retrieved from /home/airflow/.local/lib/python3.6/site-packages/airflow/example_dags/example_nested_branch_dag.py
[2024-08-10 08:48:18,717] {logging_mixin.py:104} INFO - [2024-08-10 08:48:18,717] {dag.py:1824} INFO - Sync 1 DAGs
[2024-08-10 08:48:18,740] {logging_mixin.py:104} INFO - [2024-08-10 08:48:18,740] {dag.py:2280} INFO - Setting next_dagrun for example_nested_branch_dag to 2024-08-08 00:00:00+00:00
[2024-08-10 08:48:18,753] {scheduler_job.py:190} INFO - Processing /home/airflow/.local/lib/python3.6/site-packages/airflow/example_dags/example_nested_branch_dag.py took 0.080 seconds
[2024-08-10 08:48:48,987] {scheduler_job.py:182} INFO - Started process (PID=32285) to work on /home/airflow/.local/lib/python3.6/site-packages/airflow/example_dags/example_nested_branch_dag.py
[2024-08-10 08:48:48,989] {scheduler_job.py:629} INFO - Processing file /home/airflow/.local/lib/python3.6/site-packages/airflow/example_dags/example_nested_branch_dag.py for tasks to queue
[2024-08-10 08:48:48,990] {logging_mixin.py:104} INFO - [2024-08-10 08:48:48,990] {dagbag.py:451} INFO - Filling up the DagBag from /home/airflow/.local/lib/python3.6/site-packages/airflow/example_dags/example_nested_branch_dag.py
[2024-08-10 08:48:49,012] {scheduler_job.py:639} INFO - DAG(s) dict_keys(['example_nested_branch_dag']) retrieved from /home/airflow/.local/lib/python3.6/site-packages/airflow/example_dags/example_nested_branch_dag.py
[2024-08-10 08:48:49,039] {logging_mixin.py:104} INFO - [2024-08-10 08:48:49,039] {dag.py:1824} INFO - Sync 1 DAGs
[2024-08-10 08:48:49,064] {logging_mixin.py:104} INFO - [2024-08-10 08:48:49,064] {dag.py:2280} INFO - Setting next_dagrun for example_nested_branch_dag to 2024-08-08 00:00:00+00:00
[2024-08-10 08:48:49,075] {scheduler_job.py:190} INFO - Processing /home/airflow/.local/lib/python3.6/site-packages/airflow/example_dags/example_nested_branch_dag.py took 0.092 seconds
[2024-08-10 08:49:19,741] {scheduler_job.py:182} INFO - Started process (PID=32437) to work on /home/airflow/.local/lib/python3.6/site-packages/airflow/example_dags/example_nested_branch_dag.py
[2024-08-10 08:49:19,742] {scheduler_job.py:629} INFO - Processing file /home/airflow/.local/lib/python3.6/site-packages/airflow/example_dags/example_nested_branch_dag.py for tasks to queue
[2024-08-10 08:49:19,742] {logging_mixin.py:104} INFO - [2024-08-10 08:49:19,742] {dagbag.py:451} INFO - Filling up the DagBag from /home/airflow/.local/lib/python3.6/site-packages/airflow/example_dags/example_nested_branch_dag.py
[2024-08-10 08:49:19,756] {scheduler_job.py:639} INFO - DAG(s) dict_keys(['example_nested_branch_dag']) retrieved from /home/airflow/.local/lib/python3.6/site-packages/airflow/example_dags/example_nested_branch_dag.py
[2024-08-10 08:49:19,775] {logging_mixin.py:104} INFO - [2024-08-10 08:49:19,775] {dag.py:1824} INFO - Sync 1 DAGs
[2024-08-10 08:49:19,794] {logging_mixin.py:104} INFO - [2024-08-10 08:49:19,793] {dag.py:2280} INFO - Setting next_dagrun for example_nested_branch_dag to 2024-08-08 00:00:00+00:00
[2024-08-10 08:49:19,803] {scheduler_job.py:190} INFO - Processing /home/airflow/.local/lib/python3.6/site-packages/airflow/example_dags/example_nested_branch_dag.py took 0.065 seconds
[2024-08-10 08:49:49,903] {scheduler_job.py:182} INFO - Started process (PID=32552) to work on /home/airflow/.local/lib/python3.6/site-packages/airflow/example_dags/example_nested_branch_dag.py
[2024-08-10 08:49:49,904] {scheduler_job.py:629} INFO - Processing file /home/airflow/.local/lib/python3.6/site-packages/airflow/example_dags/example_nested_branch_dag.py for tasks to queue
[2024-08-10 08:49:49,905] {logging_mixin.py:104} INFO - [2024-08-10 08:49:49,904] {dagbag.py:451} INFO - Filling up the DagBag from /home/airflow/.local/lib/python3.6/site-packages/airflow/example_dags/example_nested_branch_dag.py
[2024-08-10 08:49:49,918] {scheduler_job.py:639} INFO - DAG(s) dict_keys(['example_nested_branch_dag']) retrieved from /home/airflow/.local/lib/python3.6/site-packages/airflow/example_dags/example_nested_branch_dag.py
[2024-08-10 08:49:49,938] {logging_mixin.py:104} INFO - [2024-08-10 08:49:49,938] {dag.py:1824} INFO - Sync 1 DAGs
[2024-08-10 08:49:49,957] {logging_mixin.py:104} INFO - [2024-08-10 08:49:49,957] {dag.py:2280} INFO - Setting next_dagrun for example_nested_branch_dag to 2024-08-08 00:00:00+00:00
[2024-08-10 08:49:49,966] {scheduler_job.py:190} INFO - Processing /home/airflow/.local/lib/python3.6/site-packages/airflow/example_dags/example_nested_branch_dag.py took 0.066 seconds
[2024-08-10 08:50:20,330] {scheduler_job.py:182} INFO - Started process (PID=32702) to work on /home/airflow/.local/lib/python3.6/site-packages/airflow/example_dags/example_nested_branch_dag.py
[2024-08-10 08:50:20,331] {scheduler_job.py:629} INFO - Processing file /home/airflow/.local/lib/python3.6/site-packages/airflow/example_dags/example_nested_branch_dag.py for tasks to queue
[2024-08-10 08:50:20,332] {logging_mixin.py:104} INFO - [2024-08-10 08:50:20,332] {dagbag.py:451} INFO - Filling up the DagBag from /home/airflow/.local/lib/python3.6/site-packages/airflow/example_dags/example_nested_branch_dag.py
[2024-08-10 08:50:20,346] {scheduler_job.py:639} INFO - DAG(s) dict_keys(['example_nested_branch_dag']) retrieved from /home/airflow/.local/lib/python3.6/site-packages/airflow/example_dags/example_nested_branch_dag.py
[2024-08-10 08:50:20,368] {logging_mixin.py:104} INFO - [2024-08-10 08:50:20,368] {dag.py:1824} INFO - Sync 1 DAGs
[2024-08-10 08:50:20,395] {logging_mixin.py:104} INFO - [2024-08-10 08:50:20,394] {dag.py:2280} INFO - Setting next_dagrun for example_nested_branch_dag to 2024-08-08 00:00:00+00:00
[2024-08-10 08:50:20,405] {scheduler_job.py:190} INFO - Processing /home/airflow/.local/lib/python3.6/site-packages/airflow/example_dags/example_nested_branch_dag.py took 0.077 seconds
[2024-08-10 08:50:50,468] {scheduler_job.py:182} INFO - Started process (PID=369) to work on /home/airflow/.local/lib/python3.6/site-packages/airflow/example_dags/example_nested_branch_dag.py
[2024-08-10 08:50:50,470] {scheduler_job.py:629} INFO - Processing file /home/airflow/.local/lib/python3.6/site-packages/airflow/example_dags/example_nested_branch_dag.py for tasks to queue
[2024-08-10 08:50:50,470] {logging_mixin.py:104} INFO - [2024-08-10 08:50:50,470] {dagbag.py:451} INFO - Filling up the DagBag from /home/airflow/.local/lib/python3.6/site-packages/airflow/example_dags/example_nested_branch_dag.py
[2024-08-10 08:50:50,484] {scheduler_job.py:639} INFO - DAG(s) dict_keys(['example_nested_branch_dag']) retrieved from /home/airflow/.local/lib/python3.6/site-packages/airflow/example_dags/example_nested_branch_dag.py
[2024-08-10 08:50:50,505] {logging_mixin.py:104} INFO - [2024-08-10 08:50:50,505] {dag.py:1824} INFO - Sync 1 DAGs
[2024-08-10 08:50:50,526] {logging_mixin.py:104} INFO - [2024-08-10 08:50:50,526] {dag.py:2280} INFO - Setting next_dagrun for example_nested_branch_dag to 2024-08-08 00:00:00+00:00
[2024-08-10 08:50:50,537] {scheduler_job.py:190} INFO - Processing /home/airflow/.local/lib/python3.6/site-packages/airflow/example_dags/example_nested_branch_dag.py took 0.071 seconds
[2024-08-10 08:51:20,683] {scheduler_job.py:182} INFO - Started process (PID=505) to work on /home/airflow/.local/lib/python3.6/site-packages/airflow/example_dags/example_nested_branch_dag.py
[2024-08-10 08:51:20,683] {scheduler_job.py:629} INFO - Processing file /home/airflow/.local/lib/python3.6/site-packages/airflow/example_dags/example_nested_branch_dag.py for tasks to queue
[2024-08-10 08:51:20,684] {logging_mixin.py:104} INFO - [2024-08-10 08:51:20,684] {dagbag.py:451} INFO - Filling up the DagBag from /home/airflow/.local/lib/python3.6/site-packages/airflow/example_dags/example_nested_branch_dag.py
[2024-08-10 08:51:20,699] {scheduler_job.py:639} INFO - DAG(s) dict_keys(['example_nested_branch_dag']) retrieved from /home/airflow/.local/lib/python3.6/site-packages/airflow/example_dags/example_nested_branch_dag.py
[2024-08-10 08:51:20,720] {logging_mixin.py:104} INFO - [2024-08-10 08:51:20,720] {dag.py:1824} INFO - Sync 1 DAGs
[2024-08-10 08:51:20,739] {logging_mixin.py:104} INFO - [2024-08-10 08:51:20,739] {dag.py:2280} INFO - Setting next_dagrun for example_nested_branch_dag to 2024-08-08 00:00:00+00:00
[2024-08-10 08:51:20,749] {scheduler_job.py:190} INFO - Processing /home/airflow/.local/lib/python3.6/site-packages/airflow/example_dags/example_nested_branch_dag.py took 0.069 seconds
[2024-08-10 08:51:50,845] {scheduler_job.py:182} INFO - Started process (PID=629) to work on /home/airflow/.local/lib/python3.6/site-packages/airflow/example_dags/example_nested_branch_dag.py
[2024-08-10 08:51:50,846] {scheduler_job.py:629} INFO - Processing file /home/airflow/.local/lib/python3.6/site-packages/airflow/example_dags/example_nested_branch_dag.py for tasks to queue
[2024-08-10 08:51:50,846] {logging_mixin.py:104} INFO - [2024-08-10 08:51:50,846] {dagbag.py:451} INFO - Filling up the DagBag from /home/airflow/.local/lib/python3.6/site-packages/airflow/example_dags/example_nested_branch_dag.py
[2024-08-10 08:51:50,860] {scheduler_job.py:639} INFO - DAG(s) dict_keys(['example_nested_branch_dag']) retrieved from /home/airflow/.local/lib/python3.6/site-packages/airflow/example_dags/example_nested_branch_dag.py
[2024-08-10 08:51:50,879] {logging_mixin.py:104} INFO - [2024-08-10 08:51:50,879] {dag.py:1824} INFO - Sync 1 DAGs
[2024-08-10 08:51:50,899] {logging_mixin.py:104} INFO - [2024-08-10 08:51:50,899] {dag.py:2280} INFO - Setting next_dagrun for example_nested_branch_dag to 2024-08-08 00:00:00+00:00
[2024-08-10 08:51:50,908] {scheduler_job.py:190} INFO - Processing /home/airflow/.local/lib/python3.6/site-packages/airflow/example_dags/example_nested_branch_dag.py took 0.066 seconds
[2024-08-10 08:52:20,960] {scheduler_job.py:182} INFO - Started process (PID=758) to work on /home/airflow/.local/lib/python3.6/site-packages/airflow/example_dags/example_nested_branch_dag.py
[2024-08-10 08:52:20,961] {scheduler_job.py:629} INFO - Processing file /home/airflow/.local/lib/python3.6/site-packages/airflow/example_dags/example_nested_branch_dag.py for tasks to queue
[2024-08-10 08:52:20,962] {logging_mixin.py:104} INFO - [2024-08-10 08:52:20,962] {dagbag.py:451} INFO - Filling up the DagBag from /home/airflow/.local/lib/python3.6/site-packages/airflow/example_dags/example_nested_branch_dag.py
[2024-08-10 08:52:20,975] {scheduler_job.py:639} INFO - DAG(s) dict_keys(['example_nested_branch_dag']) retrieved from /home/airflow/.local/lib/python3.6/site-packages/airflow/example_dags/example_nested_branch_dag.py
[2024-08-10 08:52:20,994] {logging_mixin.py:104} INFO - [2024-08-10 08:52:20,994] {dag.py:1824} INFO - Sync 1 DAGs
[2024-08-10 08:52:21,012] {logging_mixin.py:104} INFO - [2024-08-10 08:52:21,012] {dag.py:2280} INFO - Setting next_dagrun for example_nested_branch_dag to 2024-08-08 00:00:00+00:00
[2024-08-10 08:52:21,022] {scheduler_job.py:190} INFO - Processing /home/airflow/.local/lib/python3.6/site-packages/airflow/example_dags/example_nested_branch_dag.py took 0.064 seconds
[2024-08-10 08:52:51,132] {scheduler_job.py:182} INFO - Started process (PID=896) to work on /home/airflow/.local/lib/python3.6/site-packages/airflow/example_dags/example_nested_branch_dag.py
[2024-08-10 08:52:51,133] {scheduler_job.py:629} INFO - Processing file /home/airflow/.local/lib/python3.6/site-packages/airflow/example_dags/example_nested_branch_dag.py for tasks to queue
[2024-08-10 08:52:51,134] {logging_mixin.py:104} INFO - [2024-08-10 08:52:51,133] {dagbag.py:451} INFO - Filling up the DagBag from /home/airflow/.local/lib/python3.6/site-packages/airflow/example_dags/example_nested_branch_dag.py
[2024-08-10 08:52:51,147] {scheduler_job.py:639} INFO - DAG(s) dict_keys(['example_nested_branch_dag']) retrieved from /home/airflow/.local/lib/python3.6/site-packages/airflow/example_dags/example_nested_branch_dag.py
[2024-08-10 08:52:51,166] {logging_mixin.py:104} INFO - [2024-08-10 08:52:51,166] {dag.py:1824} INFO - Sync 1 DAGs
[2024-08-10 08:52:51,185] {logging_mixin.py:104} INFO - [2024-08-10 08:52:51,185] {dag.py:2280} INFO - Setting next_dagrun for example_nested_branch_dag to 2024-08-08 00:00:00+00:00
[2024-08-10 08:52:51,195] {scheduler_job.py:190} INFO - Processing /home/airflow/.local/lib/python3.6/site-packages/airflow/example_dags/example_nested_branch_dag.py took 0.066 seconds
[2024-08-10 08:53:21,234] {scheduler_job.py:182} INFO - Started process (PID=1029) to work on /home/airflow/.local/lib/python3.6/site-packages/airflow/example_dags/example_nested_branch_dag.py
[2024-08-10 08:53:21,235] {scheduler_job.py:629} INFO - Processing file /home/airflow/.local/lib/python3.6/site-packages/airflow/example_dags/example_nested_branch_dag.py for tasks to queue
[2024-08-10 08:53:21,236] {logging_mixin.py:104} INFO - [2024-08-10 08:53:21,236] {dagbag.py:451} INFO - Filling up the DagBag from /home/airflow/.local/lib/python3.6/site-packages/airflow/example_dags/example_nested_branch_dag.py
[2024-08-10 08:53:21,250] {scheduler_job.py:639} INFO - DAG(s) dict_keys(['example_nested_branch_dag']) retrieved from /home/airflow/.local/lib/python3.6/site-packages/airflow/example_dags/example_nested_branch_dag.py
[2024-08-10 08:53:21,270] {logging_mixin.py:104} INFO - [2024-08-10 08:53:21,270] {dag.py:1824} INFO - Sync 1 DAGs
[2024-08-10 08:53:21,288] {logging_mixin.py:104} INFO - [2024-08-10 08:53:21,288] {dag.py:2280} INFO - Setting next_dagrun for example_nested_branch_dag to 2024-08-08 00:00:00+00:00
[2024-08-10 08:53:21,298] {scheduler_job.py:190} INFO - Processing /home/airflow/.local/lib/python3.6/site-packages/airflow/example_dags/example_nested_branch_dag.py took 0.067 seconds
[2024-08-10 08:53:51,468] {scheduler_job.py:182} INFO - Started process (PID=1174) to work on /home/airflow/.local/lib/python3.6/site-packages/airflow/example_dags/example_nested_branch_dag.py
[2024-08-10 08:53:51,469] {scheduler_job.py:629} INFO - Processing file /home/airflow/.local/lib/python3.6/site-packages/airflow/example_dags/example_nested_branch_dag.py for tasks to queue
[2024-08-10 08:53:51,470] {logging_mixin.py:104} INFO - [2024-08-10 08:53:51,470] {dagbag.py:451} INFO - Filling up the DagBag from /home/airflow/.local/lib/python3.6/site-packages/airflow/example_dags/example_nested_branch_dag.py
[2024-08-10 08:53:51,483] {scheduler_job.py:639} INFO - DAG(s) dict_keys(['example_nested_branch_dag']) retrieved from /home/airflow/.local/lib/python3.6/site-packages/airflow/example_dags/example_nested_branch_dag.py
[2024-08-10 08:53:51,501] {logging_mixin.py:104} INFO - [2024-08-10 08:53:51,501] {dag.py:1824} INFO - Sync 1 DAGs
[2024-08-10 08:53:51,520] {logging_mixin.py:104} INFO - [2024-08-10 08:53:51,520] {dag.py:2280} INFO - Setting next_dagrun for example_nested_branch_dag to 2024-08-08 00:00:00+00:00
[2024-08-10 08:53:51,529] {scheduler_job.py:190} INFO - Processing /home/airflow/.local/lib/python3.6/site-packages/airflow/example_dags/example_nested_branch_dag.py took 0.064 seconds
[2024-08-10 08:54:21,556] {scheduler_job.py:182} INFO - Started process (PID=1309) to work on /home/airflow/.local/lib/python3.6/site-packages/airflow/example_dags/example_nested_branch_dag.py
[2024-08-10 08:54:21,557] {scheduler_job.py:629} INFO - Processing file /home/airflow/.local/lib/python3.6/site-packages/airflow/example_dags/example_nested_branch_dag.py for tasks to queue
[2024-08-10 08:54:21,558] {logging_mixin.py:104} INFO - [2024-08-10 08:54:21,558] {dagbag.py:451} INFO - Filling up the DagBag from /home/airflow/.local/lib/python3.6/site-packages/airflow/example_dags/example_nested_branch_dag.py
[2024-08-10 08:54:21,572] {scheduler_job.py:639} INFO - DAG(s) dict_keys(['example_nested_branch_dag']) retrieved from /home/airflow/.local/lib/python3.6/site-packages/airflow/example_dags/example_nested_branch_dag.py
[2024-08-10 08:54:21,591] {logging_mixin.py:104} INFO - [2024-08-10 08:54:21,591] {dag.py:1824} INFO - Sync 1 DAGs
[2024-08-10 08:54:21,611] {logging_mixin.py:104} INFO - [2024-08-10 08:54:21,610] {dag.py:2280} INFO - Setting next_dagrun for example_nested_branch_dag to 2024-08-08 00:00:00+00:00
[2024-08-10 08:54:21,620] {scheduler_job.py:190} INFO - Processing /home/airflow/.local/lib/python3.6/site-packages/airflow/example_dags/example_nested_branch_dag.py took 0.066 seconds
[2024-08-10 08:54:51,708] {scheduler_job.py:182} INFO - Started process (PID=1444) to work on /home/airflow/.local/lib/python3.6/site-packages/airflow/example_dags/example_nested_branch_dag.py
[2024-08-10 08:54:51,709] {scheduler_job.py:629} INFO - Processing file /home/airflow/.local/lib/python3.6/site-packages/airflow/example_dags/example_nested_branch_dag.py for tasks to queue
[2024-08-10 08:54:51,710] {logging_mixin.py:104} INFO - [2024-08-10 08:54:51,710] {dagbag.py:451} INFO - Filling up the DagBag from /home/airflow/.local/lib/python3.6/site-packages/airflow/example_dags/example_nested_branch_dag.py
[2024-08-10 08:54:51,724] {scheduler_job.py:639} INFO - DAG(s) dict_keys(['example_nested_branch_dag']) retrieved from /home/airflow/.local/lib/python3.6/site-packages/airflow/example_dags/example_nested_branch_dag.py
[2024-08-10 08:54:51,744] {logging_mixin.py:104} INFO - [2024-08-10 08:54:51,744] {dag.py:1824} INFO - Sync 1 DAGs
[2024-08-10 08:54:51,763] {logging_mixin.py:104} INFO - [2024-08-10 08:54:51,763] {dag.py:2280} INFO - Setting next_dagrun for example_nested_branch_dag to 2024-08-08 00:00:00+00:00
[2024-08-10 08:54:51,772] {scheduler_job.py:190} INFO - Processing /home/airflow/.local/lib/python3.6/site-packages/airflow/example_dags/example_nested_branch_dag.py took 0.067 seconds
[2024-08-10 08:55:22,098] {scheduler_job.py:182} INFO - Started process (PID=1579) to work on /home/airflow/.local/lib/python3.6/site-packages/airflow/example_dags/example_nested_branch_dag.py
[2024-08-10 08:55:22,099] {scheduler_job.py:629} INFO - Processing file /home/airflow/.local/lib/python3.6/site-packages/airflow/example_dags/example_nested_branch_dag.py for tasks to queue
[2024-08-10 08:55:22,099] {logging_mixin.py:104} INFO - [2024-08-10 08:55:22,099] {dagbag.py:451} INFO - Filling up the DagBag from /home/airflow/.local/lib/python3.6/site-packages/airflow/example_dags/example_nested_branch_dag.py
[2024-08-10 08:55:22,113] {scheduler_job.py:639} INFO - DAG(s) dict_keys(['example_nested_branch_dag']) retrieved from /home/airflow/.local/lib/python3.6/site-packages/airflow/example_dags/example_nested_branch_dag.py
[2024-08-10 08:55:22,133] {logging_mixin.py:104} INFO - [2024-08-10 08:55:22,133] {dag.py:1824} INFO - Sync 1 DAGs
[2024-08-10 08:55:22,154] {logging_mixin.py:104} INFO - [2024-08-10 08:55:22,154] {dag.py:2280} INFO - Setting next_dagrun for example_nested_branch_dag to 2024-08-08 00:00:00+00:00
[2024-08-10 08:55:22,163] {scheduler_job.py:190} INFO - Processing /home/airflow/.local/lib/python3.6/site-packages/airflow/example_dags/example_nested_branch_dag.py took 0.068 seconds
[2024-08-10 08:55:52,517] {scheduler_job.py:182} INFO - Started process (PID=1699) to work on /home/airflow/.local/lib/python3.6/site-packages/airflow/example_dags/example_nested_branch_dag.py
[2024-08-10 08:55:52,519] {scheduler_job.py:629} INFO - Processing file /home/airflow/.local/lib/python3.6/site-packages/airflow/example_dags/example_nested_branch_dag.py for tasks to queue
[2024-08-10 08:55:52,519] {logging_mixin.py:104} INFO - [2024-08-10 08:55:52,519] {dagbag.py:451} INFO - Filling up the DagBag from /home/airflow/.local/lib/python3.6/site-packages/airflow/example_dags/example_nested_branch_dag.py
[2024-08-10 08:55:52,535] {scheduler_job.py:639} INFO - DAG(s) dict_keys(['example_nested_branch_dag']) retrieved from /home/airflow/.local/lib/python3.6/site-packages/airflow/example_dags/example_nested_branch_dag.py
[2024-08-10 08:55:52,556] {logging_mixin.py:104} INFO - [2024-08-10 08:55:52,556] {dag.py:1824} INFO - Sync 1 DAGs
[2024-08-10 08:55:52,576] {logging_mixin.py:104} INFO - [2024-08-10 08:55:52,576] {dag.py:2280} INFO - Setting next_dagrun for example_nested_branch_dag to 2024-08-08 00:00:00+00:00
[2024-08-10 08:55:52,587] {scheduler_job.py:190} INFO - Processing /home/airflow/.local/lib/python3.6/site-packages/airflow/example_dags/example_nested_branch_dag.py took 0.073 seconds
[2024-08-10 08:56:22,607] {scheduler_job.py:182} INFO - Started process (PID=1834) to work on /home/airflow/.local/lib/python3.6/site-packages/airflow/example_dags/example_nested_branch_dag.py
[2024-08-10 08:56:22,608] {scheduler_job.py:629} INFO - Processing file /home/airflow/.local/lib/python3.6/site-packages/airflow/example_dags/example_nested_branch_dag.py for tasks to queue
[2024-08-10 08:56:22,609] {logging_mixin.py:104} INFO - [2024-08-10 08:56:22,609] {dagbag.py:451} INFO - Filling up the DagBag from /home/airflow/.local/lib/python3.6/site-packages/airflow/example_dags/example_nested_branch_dag.py
[2024-08-10 08:56:22,622] {scheduler_job.py:639} INFO - DAG(s) dict_keys(['example_nested_branch_dag']) retrieved from /home/airflow/.local/lib/python3.6/site-packages/airflow/example_dags/example_nested_branch_dag.py
[2024-08-10 08:56:22,642] {logging_mixin.py:104} INFO - [2024-08-10 08:56:22,642] {dag.py:1824} INFO - Sync 1 DAGs
[2024-08-10 08:56:22,661] {logging_mixin.py:104} INFO - [2024-08-10 08:56:22,661] {dag.py:2280} INFO - Setting next_dagrun for example_nested_branch_dag to 2024-08-08 00:00:00+00:00
[2024-08-10 08:56:22,670] {scheduler_job.py:190} INFO - Processing /home/airflow/.local/lib/python3.6/site-packages/airflow/example_dags/example_nested_branch_dag.py took 0.066 seconds
[2024-08-10 08:56:53,038] {scheduler_job.py:182} INFO - Started process (PID=1974) to work on /home/airflow/.local/lib/python3.6/site-packages/airflow/example_dags/example_nested_branch_dag.py
[2024-08-10 08:56:53,040] {scheduler_job.py:629} INFO - Processing file /home/airflow/.local/lib/python3.6/site-packages/airflow/example_dags/example_nested_branch_dag.py for tasks to queue
[2024-08-10 08:56:53,040] {logging_mixin.py:104} INFO - [2024-08-10 08:56:53,040] {dagbag.py:451} INFO - Filling up the DagBag from /home/airflow/.local/lib/python3.6/site-packages/airflow/example_dags/example_nested_branch_dag.py
[2024-08-10 08:56:53,065] {scheduler_job.py:639} INFO - DAG(s) dict_keys(['example_nested_branch_dag']) retrieved from /home/airflow/.local/lib/python3.6/site-packages/airflow/example_dags/example_nested_branch_dag.py
[2024-08-10 08:56:53,098] {logging_mixin.py:104} INFO - [2024-08-10 08:56:53,097] {dag.py:1824} INFO - Sync 1 DAGs
[2024-08-10 08:56:53,134] {logging_mixin.py:104} INFO - [2024-08-10 08:56:53,133] {dag.py:2280} INFO - Setting next_dagrun for example_nested_branch_dag to 2024-08-08 00:00:00+00:00
[2024-08-10 08:56:53,149] {scheduler_job.py:190} INFO - Processing /home/airflow/.local/lib/python3.6/site-packages/airflow/example_dags/example_nested_branch_dag.py took 0.117 seconds
[2024-08-10 08:57:23,295] {scheduler_job.py:182} INFO - Started process (PID=2094) to work on /home/airflow/.local/lib/python3.6/site-packages/airflow/example_dags/example_nested_branch_dag.py
[2024-08-10 08:57:23,296] {scheduler_job.py:629} INFO - Processing file /home/airflow/.local/lib/python3.6/site-packages/airflow/example_dags/example_nested_branch_dag.py for tasks to queue
[2024-08-10 08:57:23,297] {logging_mixin.py:104} INFO - [2024-08-10 08:57:23,297] {dagbag.py:451} INFO - Filling up the DagBag from /home/airflow/.local/lib/python3.6/site-packages/airflow/example_dags/example_nested_branch_dag.py
[2024-08-10 08:57:23,314] {scheduler_job.py:639} INFO - DAG(s) dict_keys(['example_nested_branch_dag']) retrieved from /home/airflow/.local/lib/python3.6/site-packages/airflow/example_dags/example_nested_branch_dag.py
[2024-08-10 08:57:23,340] {logging_mixin.py:104} INFO - [2024-08-10 08:57:23,339] {dag.py:1824} INFO - Sync 1 DAGs
[2024-08-10 08:57:23,363] {logging_mixin.py:104} INFO - [2024-08-10 08:57:23,363] {dag.py:2280} INFO - Setting next_dagrun for example_nested_branch_dag to 2024-08-08 00:00:00+00:00
[2024-08-10 08:57:23,373] {scheduler_job.py:190} INFO - Processing /home/airflow/.local/lib/python3.6/site-packages/airflow/example_dags/example_nested_branch_dag.py took 0.081 seconds
[2024-08-10 08:57:53,565] {scheduler_job.py:182} INFO - Started process (PID=2229) to work on /home/airflow/.local/lib/python3.6/site-packages/airflow/example_dags/example_nested_branch_dag.py
[2024-08-10 08:57:53,566] {scheduler_job.py:629} INFO - Processing file /home/airflow/.local/lib/python3.6/site-packages/airflow/example_dags/example_nested_branch_dag.py for tasks to queue
[2024-08-10 08:57:53,567] {logging_mixin.py:104} INFO - [2024-08-10 08:57:53,567] {dagbag.py:451} INFO - Filling up the DagBag from /home/airflow/.local/lib/python3.6/site-packages/airflow/example_dags/example_nested_branch_dag.py
[2024-08-10 08:57:53,580] {scheduler_job.py:639} INFO - DAG(s) dict_keys(['example_nested_branch_dag']) retrieved from /home/airflow/.local/lib/python3.6/site-packages/airflow/example_dags/example_nested_branch_dag.py
[2024-08-10 08:57:53,599] {logging_mixin.py:104} INFO - [2024-08-10 08:57:53,599] {dag.py:1824} INFO - Sync 1 DAGs
[2024-08-10 08:57:53,617] {logging_mixin.py:104} INFO - [2024-08-10 08:57:53,617] {dag.py:2280} INFO - Setting next_dagrun for example_nested_branch_dag to 2024-08-08 00:00:00+00:00
[2024-08-10 08:57:53,626] {scheduler_job.py:190} INFO - Processing /home/airflow/.local/lib/python3.6/site-packages/airflow/example_dags/example_nested_branch_dag.py took 0.064 seconds
[2024-08-10 08:58:23,727] {scheduler_job.py:182} INFO - Started process (PID=2369) to work on /home/airflow/.local/lib/python3.6/site-packages/airflow/example_dags/example_nested_branch_dag.py
[2024-08-10 08:58:23,728] {scheduler_job.py:629} INFO - Processing file /home/airflow/.local/lib/python3.6/site-packages/airflow/example_dags/example_nested_branch_dag.py for tasks to queue
[2024-08-10 08:58:23,728] {logging_mixin.py:104} INFO - [2024-08-10 08:58:23,728] {dagbag.py:451} INFO - Filling up the DagBag from /home/airflow/.local/lib/python3.6/site-packages/airflow/example_dags/example_nested_branch_dag.py
[2024-08-10 08:58:23,742] {scheduler_job.py:639} INFO - DAG(s) dict_keys(['example_nested_branch_dag']) retrieved from /home/airflow/.local/lib/python3.6/site-packages/airflow/example_dags/example_nested_branch_dag.py
[2024-08-10 08:58:23,761] {logging_mixin.py:104} INFO - [2024-08-10 08:58:23,761] {dag.py:1824} INFO - Sync 1 DAGs
[2024-08-10 08:58:23,780] {logging_mixin.py:104} INFO - [2024-08-10 08:58:23,780] {dag.py:2280} INFO - Setting next_dagrun for example_nested_branch_dag to 2024-08-08 00:00:00+00:00
[2024-08-10 08:58:23,790] {scheduler_job.py:190} INFO - Processing /home/airflow/.local/lib/python3.6/site-packages/airflow/example_dags/example_nested_branch_dag.py took 0.066 seconds
[2024-08-10 08:58:54,131] {scheduler_job.py:182} INFO - Started process (PID=2509) to work on /home/airflow/.local/lib/python3.6/site-packages/airflow/example_dags/example_nested_branch_dag.py
[2024-08-10 08:58:54,134] {scheduler_job.py:629} INFO - Processing file /home/airflow/.local/lib/python3.6/site-packages/airflow/example_dags/example_nested_branch_dag.py for tasks to queue
[2024-08-10 08:58:54,135] {logging_mixin.py:104} INFO - [2024-08-10 08:58:54,135] {dagbag.py:451} INFO - Filling up the DagBag from /home/airflow/.local/lib/python3.6/site-packages/airflow/example_dags/example_nested_branch_dag.py
[2024-08-10 08:58:54,153] {scheduler_job.py:639} INFO - DAG(s) dict_keys(['example_nested_branch_dag']) retrieved from /home/airflow/.local/lib/python3.6/site-packages/airflow/example_dags/example_nested_branch_dag.py
[2024-08-10 08:58:54,177] {logging_mixin.py:104} INFO - [2024-08-10 08:58:54,177] {dag.py:1824} INFO - Sync 1 DAGs
[2024-08-10 08:58:54,200] {logging_mixin.py:104} INFO - [2024-08-10 08:58:54,200] {dag.py:2280} INFO - Setting next_dagrun for example_nested_branch_dag to 2024-08-08 00:00:00+00:00
[2024-08-10 08:58:54,210] {scheduler_job.py:190} INFO - Processing /home/airflow/.local/lib/python3.6/site-packages/airflow/example_dags/example_nested_branch_dag.py took 0.083 seconds
[2024-08-10 08:59:24,248] {scheduler_job.py:182} INFO - Started process (PID=2634) to work on /home/airflow/.local/lib/python3.6/site-packages/airflow/example_dags/example_nested_branch_dag.py
[2024-08-10 08:59:24,249] {scheduler_job.py:629} INFO - Processing file /home/airflow/.local/lib/python3.6/site-packages/airflow/example_dags/example_nested_branch_dag.py for tasks to queue
[2024-08-10 08:59:24,250] {logging_mixin.py:104} INFO - [2024-08-10 08:59:24,250] {dagbag.py:451} INFO - Filling up the DagBag from /home/airflow/.local/lib/python3.6/site-packages/airflow/example_dags/example_nested_branch_dag.py
[2024-08-10 08:59:24,265] {scheduler_job.py:639} INFO - DAG(s) dict_keys(['example_nested_branch_dag']) retrieved from /home/airflow/.local/lib/python3.6/site-packages/airflow/example_dags/example_nested_branch_dag.py
[2024-08-10 08:59:24,284] {logging_mixin.py:104} INFO - [2024-08-10 08:59:24,284] {dag.py:1824} INFO - Sync 1 DAGs
[2024-08-10 08:59:24,304] {logging_mixin.py:104} INFO - [2024-08-10 08:59:24,304] {dag.py:2280} INFO - Setting next_dagrun for example_nested_branch_dag to 2024-08-08 00:00:00+00:00
[2024-08-10 08:59:24,313] {scheduler_job.py:190} INFO - Processing /home/airflow/.local/lib/python3.6/site-packages/airflow/example_dags/example_nested_branch_dag.py took 0.068 seconds
[2024-08-10 08:59:54,496] {scheduler_job.py:182} INFO - Started process (PID=2769) to work on /home/airflow/.local/lib/python3.6/site-packages/airflow/example_dags/example_nested_branch_dag.py
[2024-08-10 08:59:54,497] {scheduler_job.py:629} INFO - Processing file /home/airflow/.local/lib/python3.6/site-packages/airflow/example_dags/example_nested_branch_dag.py for tasks to queue
[2024-08-10 08:59:54,498] {logging_mixin.py:104} INFO - [2024-08-10 08:59:54,498] {dagbag.py:451} INFO - Filling up the DagBag from /home/airflow/.local/lib/python3.6/site-packages/airflow/example_dags/example_nested_branch_dag.py
[2024-08-10 08:59:54,511] {scheduler_job.py:639} INFO - DAG(s) dict_keys(['example_nested_branch_dag']) retrieved from /home/airflow/.local/lib/python3.6/site-packages/airflow/example_dags/example_nested_branch_dag.py
[2024-08-10 08:59:54,530] {logging_mixin.py:104} INFO - [2024-08-10 08:59:54,530] {dag.py:1824} INFO - Sync 1 DAGs
[2024-08-10 08:59:54,549] {logging_mixin.py:104} INFO - [2024-08-10 08:59:54,549] {dag.py:2280} INFO - Setting next_dagrun for example_nested_branch_dag to 2024-08-08 00:00:00+00:00
[2024-08-10 08:59:54,558] {scheduler_job.py:190} INFO - Processing /home/airflow/.local/lib/python3.6/site-packages/airflow/example_dags/example_nested_branch_dag.py took 0.065 seconds
[2024-08-10 09:00:24,887] {scheduler_job.py:182} INFO - Started process (PID=2909) to work on /home/airflow/.local/lib/python3.6/site-packages/airflow/example_dags/example_nested_branch_dag.py
[2024-08-10 09:00:24,888] {scheduler_job.py:629} INFO - Processing file /home/airflow/.local/lib/python3.6/site-packages/airflow/example_dags/example_nested_branch_dag.py for tasks to queue
[2024-08-10 09:00:24,890] {logging_mixin.py:104} INFO - [2024-08-10 09:00:24,889] {dagbag.py:451} INFO - Filling up the DagBag from /home/airflow/.local/lib/python3.6/site-packages/airflow/example_dags/example_nested_branch_dag.py
[2024-08-10 09:00:24,925] {scheduler_job.py:639} INFO - DAG(s) dict_keys(['example_nested_branch_dag']) retrieved from /home/airflow/.local/lib/python3.6/site-packages/airflow/example_dags/example_nested_branch_dag.py
[2024-08-10 09:00:24,957] {logging_mixin.py:104} INFO - [2024-08-10 09:00:24,957] {dag.py:1824} INFO - Sync 1 DAGs
[2024-08-10 09:00:24,993] {logging_mixin.py:104} INFO - [2024-08-10 09:00:24,993] {dag.py:2280} INFO - Setting next_dagrun for example_nested_branch_dag to 2024-08-08 00:00:00+00:00
[2024-08-10 09:00:25,010] {scheduler_job.py:190} INFO - Processing /home/airflow/.local/lib/python3.6/site-packages/airflow/example_dags/example_nested_branch_dag.py took 0.128 seconds
[2024-08-10 09:00:55,190] {scheduler_job.py:182} INFO - Started process (PID=3039) to work on /home/airflow/.local/lib/python3.6/site-packages/airflow/example_dags/example_nested_branch_dag.py
[2024-08-10 09:00:55,191] {scheduler_job.py:629} INFO - Processing file /home/airflow/.local/lib/python3.6/site-packages/airflow/example_dags/example_nested_branch_dag.py for tasks to queue
[2024-08-10 09:00:55,191] {logging_mixin.py:104} INFO - [2024-08-10 09:00:55,191] {dagbag.py:451} INFO - Filling up the DagBag from /home/airflow/.local/lib/python3.6/site-packages/airflow/example_dags/example_nested_branch_dag.py
[2024-08-10 09:00:55,205] {scheduler_job.py:639} INFO - DAG(s) dict_keys(['example_nested_branch_dag']) retrieved from /home/airflow/.local/lib/python3.6/site-packages/airflow/example_dags/example_nested_branch_dag.py
[2024-08-10 09:00:55,222] {logging_mixin.py:104} INFO - [2024-08-10 09:00:55,222] {dag.py:1824} INFO - Sync 1 DAGs
[2024-08-10 09:00:55,242] {logging_mixin.py:104} INFO - [2024-08-10 09:00:55,242] {dag.py:2280} INFO - Setting next_dagrun for example_nested_branch_dag to 2024-08-08 00:00:00+00:00
[2024-08-10 09:00:55,252] {scheduler_job.py:190} INFO - Processing /home/airflow/.local/lib/python3.6/site-packages/airflow/example_dags/example_nested_branch_dag.py took 0.065 seconds
[2024-08-10 09:01:25,380] {scheduler_job.py:182} INFO - Started process (PID=3164) to work on /home/airflow/.local/lib/python3.6/site-packages/airflow/example_dags/example_nested_branch_dag.py
[2024-08-10 09:01:25,381] {scheduler_job.py:629} INFO - Processing file /home/airflow/.local/lib/python3.6/site-packages/airflow/example_dags/example_nested_branch_dag.py for tasks to queue
[2024-08-10 09:01:25,382] {logging_mixin.py:104} INFO - [2024-08-10 09:01:25,382] {dagbag.py:451} INFO - Filling up the DagBag from /home/airflow/.local/lib/python3.6/site-packages/airflow/example_dags/example_nested_branch_dag.py
[2024-08-10 09:01:25,397] {scheduler_job.py:639} INFO - DAG(s) dict_keys(['example_nested_branch_dag']) retrieved from /home/airflow/.local/lib/python3.6/site-packages/airflow/example_dags/example_nested_branch_dag.py
[2024-08-10 09:01:25,420] {logging_mixin.py:104} INFO - [2024-08-10 09:01:25,419] {dag.py:1824} INFO - Sync 1 DAGs
[2024-08-10 09:01:25,442] {logging_mixin.py:104} INFO - [2024-08-10 09:01:25,442] {dag.py:2280} INFO - Setting next_dagrun for example_nested_branch_dag to 2024-08-08 00:00:00+00:00
[2024-08-10 09:01:25,453] {scheduler_job.py:190} INFO - Processing /home/airflow/.local/lib/python3.6/site-packages/airflow/example_dags/example_nested_branch_dag.py took 0.077 seconds
[2024-08-10 09:01:55,625] {scheduler_job.py:182} INFO - Started process (PID=3299) to work on /home/airflow/.local/lib/python3.6/site-packages/airflow/example_dags/example_nested_branch_dag.py
[2024-08-10 09:01:55,626] {scheduler_job.py:629} INFO - Processing file /home/airflow/.local/lib/python3.6/site-packages/airflow/example_dags/example_nested_branch_dag.py for tasks to queue
[2024-08-10 09:01:55,626] {logging_mixin.py:104} INFO - [2024-08-10 09:01:55,626] {dagbag.py:451} INFO - Filling up the DagBag from /home/airflow/.local/lib/python3.6/site-packages/airflow/example_dags/example_nested_branch_dag.py
[2024-08-10 09:01:55,642] {scheduler_job.py:639} INFO - DAG(s) dict_keys(['example_nested_branch_dag']) retrieved from /home/airflow/.local/lib/python3.6/site-packages/airflow/example_dags/example_nested_branch_dag.py
[2024-08-10 09:01:55,666] {logging_mixin.py:104} INFO - [2024-08-10 09:01:55,665] {dag.py:1824} INFO - Sync 1 DAGs
[2024-08-10 09:01:55,689] {logging_mixin.py:104} INFO - [2024-08-10 09:01:55,689] {dag.py:2280} INFO - Setting next_dagrun for example_nested_branch_dag to 2024-08-08 00:00:00+00:00
[2024-08-10 09:01:55,699] {scheduler_job.py:190} INFO - Processing /home/airflow/.local/lib/python3.6/site-packages/airflow/example_dags/example_nested_branch_dag.py took 0.078 seconds
[2024-08-10 09:02:25,803] {scheduler_job.py:182} INFO - Started process (PID=3421) to work on /home/airflow/.local/lib/python3.6/site-packages/airflow/example_dags/example_nested_branch_dag.py
[2024-08-10 09:02:25,804] {scheduler_job.py:629} INFO - Processing file /home/airflow/.local/lib/python3.6/site-packages/airflow/example_dags/example_nested_branch_dag.py for tasks to queue
[2024-08-10 09:02:25,805] {logging_mixin.py:104} INFO - [2024-08-10 09:02:25,805] {dagbag.py:451} INFO - Filling up the DagBag from /home/airflow/.local/lib/python3.6/site-packages/airflow/example_dags/example_nested_branch_dag.py
[2024-08-10 09:02:25,818] {scheduler_job.py:639} INFO - DAG(s) dict_keys(['example_nested_branch_dag']) retrieved from /home/airflow/.local/lib/python3.6/site-packages/airflow/example_dags/example_nested_branch_dag.py
[2024-08-10 09:02:25,839] {logging_mixin.py:104} INFO - [2024-08-10 09:02:25,839] {dag.py:1824} INFO - Sync 1 DAGs
[2024-08-10 09:02:25,860] {logging_mixin.py:104} INFO - [2024-08-10 09:02:25,860] {dag.py:2280} INFO - Setting next_dagrun for example_nested_branch_dag to 2024-08-08 00:00:00+00:00
[2024-08-10 09:02:25,872] {scheduler_job.py:190} INFO - Processing /home/airflow/.local/lib/python3.6/site-packages/airflow/example_dags/example_nested_branch_dag.py took 0.071 seconds
[2024-08-10 09:02:56,098] {scheduler_job.py:182} INFO - Started process (PID=3554) to work on /home/airflow/.local/lib/python3.6/site-packages/airflow/example_dags/example_nested_branch_dag.py
[2024-08-10 09:02:56,099] {scheduler_job.py:629} INFO - Processing file /home/airflow/.local/lib/python3.6/site-packages/airflow/example_dags/example_nested_branch_dag.py for tasks to queue
[2024-08-10 09:02:56,099] {logging_mixin.py:104} INFO - [2024-08-10 09:02:56,099] {dagbag.py:451} INFO - Filling up the DagBag from /home/airflow/.local/lib/python3.6/site-packages/airflow/example_dags/example_nested_branch_dag.py
[2024-08-10 09:02:56,114] {scheduler_job.py:639} INFO - DAG(s) dict_keys(['example_nested_branch_dag']) retrieved from /home/airflow/.local/lib/python3.6/site-packages/airflow/example_dags/example_nested_branch_dag.py
[2024-08-10 09:02:56,135] {logging_mixin.py:104} INFO - [2024-08-10 09:02:56,135] {dag.py:1824} INFO - Sync 1 DAGs
[2024-08-10 09:02:56,154] {logging_mixin.py:104} INFO - [2024-08-10 09:02:56,154] {dag.py:2280} INFO - Setting next_dagrun for example_nested_branch_dag to 2024-08-08 00:00:00+00:00
[2024-08-10 09:02:56,167] {scheduler_job.py:190} INFO - Processing /home/airflow/.local/lib/python3.6/site-packages/airflow/example_dags/example_nested_branch_dag.py took 0.073 seconds
[2024-08-10 09:03:26,690] {scheduler_job.py:182} INFO - Started process (PID=3719) to work on /home/airflow/.local/lib/python3.6/site-packages/airflow/example_dags/example_nested_branch_dag.py
[2024-08-10 09:03:26,691] {scheduler_job.py:629} INFO - Processing file /home/airflow/.local/lib/python3.6/site-packages/airflow/example_dags/example_nested_branch_dag.py for tasks to queue
[2024-08-10 09:03:26,691] {logging_mixin.py:104} INFO - [2024-08-10 09:03:26,691] {dagbag.py:451} INFO - Filling up the DagBag from /home/airflow/.local/lib/python3.6/site-packages/airflow/example_dags/example_nested_branch_dag.py
[2024-08-10 09:03:26,712] {scheduler_job.py:639} INFO - DAG(s) dict_keys(['example_nested_branch_dag']) retrieved from /home/airflow/.local/lib/python3.6/site-packages/airflow/example_dags/example_nested_branch_dag.py
[2024-08-10 09:03:26,735] {logging_mixin.py:104} INFO - [2024-08-10 09:03:26,735] {dag.py:1824} INFO - Sync 1 DAGs
[2024-08-10 09:03:26,756] {logging_mixin.py:104} INFO - [2024-08-10 09:03:26,756] {dag.py:2280} INFO - Setting next_dagrun for example_nested_branch_dag to 2024-08-08 00:00:00+00:00
[2024-08-10 09:03:26,765] {scheduler_job.py:190} INFO - Processing /home/airflow/.local/lib/python3.6/site-packages/airflow/example_dags/example_nested_branch_dag.py took 0.078 seconds
[2024-08-10 09:03:56,975] {scheduler_job.py:182} INFO - Started process (PID=3859) to work on /home/airflow/.local/lib/python3.6/site-packages/airflow/example_dags/example_nested_branch_dag.py
[2024-08-10 09:03:56,976] {scheduler_job.py:629} INFO - Processing file /home/airflow/.local/lib/python3.6/site-packages/airflow/example_dags/example_nested_branch_dag.py for tasks to queue
[2024-08-10 09:03:56,976] {logging_mixin.py:104} INFO - [2024-08-10 09:03:56,976] {dagbag.py:451} INFO - Filling up the DagBag from /home/airflow/.local/lib/python3.6/site-packages/airflow/example_dags/example_nested_branch_dag.py
[2024-08-10 09:03:56,990] {scheduler_job.py:639} INFO - DAG(s) dict_keys(['example_nested_branch_dag']) retrieved from /home/airflow/.local/lib/python3.6/site-packages/airflow/example_dags/example_nested_branch_dag.py
[2024-08-10 09:03:57,009] {logging_mixin.py:104} INFO - [2024-08-10 09:03:57,009] {dag.py:1824} INFO - Sync 1 DAGs
[2024-08-10 09:03:57,029] {logging_mixin.py:104} INFO - [2024-08-10 09:03:57,029] {dag.py:2280} INFO - Setting next_dagrun for example_nested_branch_dag to 2024-08-08 00:00:00+00:00
[2024-08-10 09:03:57,039] {scheduler_job.py:190} INFO - Processing /home/airflow/.local/lib/python3.6/site-packages/airflow/example_dags/example_nested_branch_dag.py took 0.067 seconds
[2024-08-10 09:04:27,270] {scheduler_job.py:182} INFO - Started process (PID=3986) to work on /home/airflow/.local/lib/python3.6/site-packages/airflow/example_dags/example_nested_branch_dag.py
[2024-08-10 09:04:27,272] {scheduler_job.py:629} INFO - Processing file /home/airflow/.local/lib/python3.6/site-packages/airflow/example_dags/example_nested_branch_dag.py for tasks to queue
[2024-08-10 09:04:27,273] {logging_mixin.py:104} INFO - [2024-08-10 09:04:27,272] {dagbag.py:451} INFO - Filling up the DagBag from /home/airflow/.local/lib/python3.6/site-packages/airflow/example_dags/example_nested_branch_dag.py
[2024-08-10 09:04:27,302] {scheduler_job.py:639} INFO - DAG(s) dict_keys(['example_nested_branch_dag']) retrieved from /home/airflow/.local/lib/python3.6/site-packages/airflow/example_dags/example_nested_branch_dag.py
[2024-08-10 09:04:27,339] {logging_mixin.py:104} INFO - [2024-08-10 09:04:27,339] {dag.py:1824} INFO - Sync 1 DAGs
[2024-08-10 09:04:27,386] {logging_mixin.py:104} INFO - [2024-08-10 09:04:27,385] {dag.py:2280} INFO - Setting next_dagrun for example_nested_branch_dag to 2024-08-08 00:00:00+00:00
[2024-08-10 09:04:27,403] {scheduler_job.py:190} INFO - Processing /home/airflow/.local/lib/python3.6/site-packages/airflow/example_dags/example_nested_branch_dag.py took 0.138 seconds
[2024-08-10 09:04:57,654] {scheduler_job.py:182} INFO - Started process (PID=4129) to work on /home/airflow/.local/lib/python3.6/site-packages/airflow/example_dags/example_nested_branch_dag.py
[2024-08-10 09:04:57,656] {scheduler_job.py:629} INFO - Processing file /home/airflow/.local/lib/python3.6/site-packages/airflow/example_dags/example_nested_branch_dag.py for tasks to queue
[2024-08-10 09:04:57,656] {logging_mixin.py:104} INFO - [2024-08-10 09:04:57,656] {dagbag.py:451} INFO - Filling up the DagBag from /home/airflow/.local/lib/python3.6/site-packages/airflow/example_dags/example_nested_branch_dag.py
[2024-08-10 09:04:57,671] {scheduler_job.py:639} INFO - DAG(s) dict_keys(['example_nested_branch_dag']) retrieved from /home/airflow/.local/lib/python3.6/site-packages/airflow/example_dags/example_nested_branch_dag.py
[2024-08-10 09:04:57,692] {logging_mixin.py:104} INFO - [2024-08-10 09:04:57,692] {dag.py:1824} INFO - Sync 1 DAGs
[2024-08-10 09:04:57,714] {logging_mixin.py:104} INFO - [2024-08-10 09:04:57,714] {dag.py:2280} INFO - Setting next_dagrun for example_nested_branch_dag to 2024-08-08 00:00:00+00:00
[2024-08-10 09:04:57,724] {scheduler_job.py:190} INFO - Processing /home/airflow/.local/lib/python3.6/site-packages/airflow/example_dags/example_nested_branch_dag.py took 0.073 seconds
[2024-08-10 09:05:27,912] {scheduler_job.py:182} INFO - Started process (PID=4269) to work on /home/airflow/.local/lib/python3.6/site-packages/airflow/example_dags/example_nested_branch_dag.py
[2024-08-10 09:05:27,913] {scheduler_job.py:629} INFO - Processing file /home/airflow/.local/lib/python3.6/site-packages/airflow/example_dags/example_nested_branch_dag.py for tasks to queue
[2024-08-10 09:05:27,913] {logging_mixin.py:104} INFO - [2024-08-10 09:05:27,913] {dagbag.py:451} INFO - Filling up the DagBag from /home/airflow/.local/lib/python3.6/site-packages/airflow/example_dags/example_nested_branch_dag.py
[2024-08-10 09:05:27,927] {scheduler_job.py:639} INFO - DAG(s) dict_keys(['example_nested_branch_dag']) retrieved from /home/airflow/.local/lib/python3.6/site-packages/airflow/example_dags/example_nested_branch_dag.py
[2024-08-10 09:05:27,946] {logging_mixin.py:104} INFO - [2024-08-10 09:05:27,946] {dag.py:1824} INFO - Sync 1 DAGs
[2024-08-10 09:05:27,965] {logging_mixin.py:104} INFO - [2024-08-10 09:05:27,965] {dag.py:2280} INFO - Setting next_dagrun for example_nested_branch_dag to 2024-08-08 00:00:00+00:00
[2024-08-10 09:05:27,974] {scheduler_job.py:190} INFO - Processing /home/airflow/.local/lib/python3.6/site-packages/airflow/example_dags/example_nested_branch_dag.py took 0.065 seconds
[2024-08-10 09:05:58,033] {scheduler_job.py:182} INFO - Started process (PID=4394) to work on /home/airflow/.local/lib/python3.6/site-packages/airflow/example_dags/example_nested_branch_dag.py
[2024-08-10 09:05:58,034] {scheduler_job.py:629} INFO - Processing file /home/airflow/.local/lib/python3.6/site-packages/airflow/example_dags/example_nested_branch_dag.py for tasks to queue
[2024-08-10 09:05:58,035] {logging_mixin.py:104} INFO - [2024-08-10 09:05:58,034] {dagbag.py:451} INFO - Filling up the DagBag from /home/airflow/.local/lib/python3.6/site-packages/airflow/example_dags/example_nested_branch_dag.py
[2024-08-10 09:05:58,053] {scheduler_job.py:639} INFO - DAG(s) dict_keys(['example_nested_branch_dag']) retrieved from /home/airflow/.local/lib/python3.6/site-packages/airflow/example_dags/example_nested_branch_dag.py
[2024-08-10 09:05:58,078] {logging_mixin.py:104} INFO - [2024-08-10 09:05:58,078] {dag.py:1824} INFO - Sync 1 DAGs
[2024-08-10 09:05:58,101] {logging_mixin.py:104} INFO - [2024-08-10 09:05:58,100] {dag.py:2280} INFO - Setting next_dagrun for example_nested_branch_dag to 2024-08-08 00:00:00+00:00
[2024-08-10 09:05:58,110] {scheduler_job.py:190} INFO - Processing /home/airflow/.local/lib/python3.6/site-packages/airflow/example_dags/example_nested_branch_dag.py took 0.080 seconds
[2024-08-10 09:06:28,261] {scheduler_job.py:182} INFO - Started process (PID=4519) to work on /home/airflow/.local/lib/python3.6/site-packages/airflow/example_dags/example_nested_branch_dag.py
[2024-08-10 09:06:28,264] {scheduler_job.py:629} INFO - Processing file /home/airflow/.local/lib/python3.6/site-packages/airflow/example_dags/example_nested_branch_dag.py for tasks to queue
[2024-08-10 09:06:28,264] {logging_mixin.py:104} INFO - [2024-08-10 09:06:28,264] {dagbag.py:451} INFO - Filling up the DagBag from /home/airflow/.local/lib/python3.6/site-packages/airflow/example_dags/example_nested_branch_dag.py
[2024-08-10 09:06:28,281] {scheduler_job.py:639} INFO - DAG(s) dict_keys(['example_nested_branch_dag']) retrieved from /home/airflow/.local/lib/python3.6/site-packages/airflow/example_dags/example_nested_branch_dag.py
[2024-08-10 09:06:28,303] {logging_mixin.py:104} INFO - [2024-08-10 09:06:28,303] {dag.py:1824} INFO - Sync 1 DAGs
[2024-08-10 09:06:28,326] {logging_mixin.py:104} INFO - [2024-08-10 09:06:28,325] {dag.py:2280} INFO - Setting next_dagrun for example_nested_branch_dag to 2024-08-08 00:00:00+00:00
[2024-08-10 09:06:28,337] {scheduler_job.py:190} INFO - Processing /home/airflow/.local/lib/python3.6/site-packages/airflow/example_dags/example_nested_branch_dag.py took 0.080 seconds
[2024-08-10 09:06:58,603] {scheduler_job.py:182} INFO - Started process (PID=4654) to work on /home/airflow/.local/lib/python3.6/site-packages/airflow/example_dags/example_nested_branch_dag.py
[2024-08-10 09:06:58,604] {scheduler_job.py:629} INFO - Processing file /home/airflow/.local/lib/python3.6/site-packages/airflow/example_dags/example_nested_branch_dag.py for tasks to queue
[2024-08-10 09:06:58,605] {logging_mixin.py:104} INFO - [2024-08-10 09:06:58,605] {dagbag.py:451} INFO - Filling up the DagBag from /home/airflow/.local/lib/python3.6/site-packages/airflow/example_dags/example_nested_branch_dag.py
[2024-08-10 09:06:58,623] {scheduler_job.py:639} INFO - DAG(s) dict_keys(['example_nested_branch_dag']) retrieved from /home/airflow/.local/lib/python3.6/site-packages/airflow/example_dags/example_nested_branch_dag.py
[2024-08-10 09:06:58,644] {logging_mixin.py:104} INFO - [2024-08-10 09:06:58,644] {dag.py:1824} INFO - Sync 1 DAGs
[2024-08-10 09:06:58,666] {logging_mixin.py:104} INFO - [2024-08-10 09:06:58,666] {dag.py:2280} INFO - Setting next_dagrun for example_nested_branch_dag to 2024-08-08 00:00:00+00:00
[2024-08-10 09:06:58,677] {scheduler_job.py:190} INFO - Processing /home/airflow/.local/lib/python3.6/site-packages/airflow/example_dags/example_nested_branch_dag.py took 0.076 seconds
[2024-08-10 09:07:28,751] {scheduler_job.py:182} INFO - Started process (PID=4784) to work on /home/airflow/.local/lib/python3.6/site-packages/airflow/example_dags/example_nested_branch_dag.py
[2024-08-10 09:07:28,752] {scheduler_job.py:629} INFO - Processing file /home/airflow/.local/lib/python3.6/site-packages/airflow/example_dags/example_nested_branch_dag.py for tasks to queue
[2024-08-10 09:07:28,753] {logging_mixin.py:104} INFO - [2024-08-10 09:07:28,753] {dagbag.py:451} INFO - Filling up the DagBag from /home/airflow/.local/lib/python3.6/site-packages/airflow/example_dags/example_nested_branch_dag.py
[2024-08-10 09:07:28,767] {scheduler_job.py:639} INFO - DAG(s) dict_keys(['example_nested_branch_dag']) retrieved from /home/airflow/.local/lib/python3.6/site-packages/airflow/example_dags/example_nested_branch_dag.py
[2024-08-10 09:07:28,791] {logging_mixin.py:104} INFO - [2024-08-10 09:07:28,791] {dag.py:1824} INFO - Sync 1 DAGs
[2024-08-10 09:07:28,814] {logging_mixin.py:104} INFO - [2024-08-10 09:07:28,814] {dag.py:2280} INFO - Setting next_dagrun for example_nested_branch_dag to 2024-08-08 00:00:00+00:00
[2024-08-10 09:07:28,826] {scheduler_job.py:190} INFO - Processing /home/airflow/.local/lib/python3.6/site-packages/airflow/example_dags/example_nested_branch_dag.py took 0.078 seconds
[2024-08-10 09:07:59,312] {scheduler_job.py:182} INFO - Started process (PID=4919) to work on /home/airflow/.local/lib/python3.6/site-packages/airflow/example_dags/example_nested_branch_dag.py
[2024-08-10 09:07:59,313] {scheduler_job.py:629} INFO - Processing file /home/airflow/.local/lib/python3.6/site-packages/airflow/example_dags/example_nested_branch_dag.py for tasks to queue
[2024-08-10 09:07:59,314] {logging_mixin.py:104} INFO - [2024-08-10 09:07:59,313] {dagbag.py:451} INFO - Filling up the DagBag from /home/airflow/.local/lib/python3.6/site-packages/airflow/example_dags/example_nested_branch_dag.py
[2024-08-10 09:07:59,333] {scheduler_job.py:639} INFO - DAG(s) dict_keys(['example_nested_branch_dag']) retrieved from /home/airflow/.local/lib/python3.6/site-packages/airflow/example_dags/example_nested_branch_dag.py
[2024-08-10 09:07:59,364] {logging_mixin.py:104} INFO - [2024-08-10 09:07:59,363] {dag.py:1824} INFO - Sync 1 DAGs
[2024-08-10 09:07:59,389] {logging_mixin.py:104} INFO - [2024-08-10 09:07:59,389] {dag.py:2280} INFO - Setting next_dagrun for example_nested_branch_dag to 2024-08-08 00:00:00+00:00
[2024-08-10 09:07:59,400] {scheduler_job.py:190} INFO - Processing /home/airflow/.local/lib/python3.6/site-packages/airflow/example_dags/example_nested_branch_dag.py took 0.092 seconds
[2024-08-10 09:08:29,838] {scheduler_job.py:182} INFO - Started process (PID=5054) to work on /home/airflow/.local/lib/python3.6/site-packages/airflow/example_dags/example_nested_branch_dag.py
[2024-08-10 09:08:29,839] {scheduler_job.py:629} INFO - Processing file /home/airflow/.local/lib/python3.6/site-packages/airflow/example_dags/example_nested_branch_dag.py for tasks to queue
[2024-08-10 09:08:29,840] {logging_mixin.py:104} INFO - [2024-08-10 09:08:29,840] {dagbag.py:451} INFO - Filling up the DagBag from /home/airflow/.local/lib/python3.6/site-packages/airflow/example_dags/example_nested_branch_dag.py
[2024-08-10 09:08:29,860] {scheduler_job.py:639} INFO - DAG(s) dict_keys(['example_nested_branch_dag']) retrieved from /home/airflow/.local/lib/python3.6/site-packages/airflow/example_dags/example_nested_branch_dag.py
[2024-08-10 09:08:29,884] {logging_mixin.py:104} INFO - [2024-08-10 09:08:29,884] {dag.py:1824} INFO - Sync 1 DAGs
[2024-08-10 09:08:29,916] {logging_mixin.py:104} INFO - [2024-08-10 09:08:29,916] {dag.py:2280} INFO - Setting next_dagrun for example_nested_branch_dag to 2024-08-08 00:00:00+00:00
[2024-08-10 09:08:29,926] {scheduler_job.py:190} INFO - Processing /home/airflow/.local/lib/python3.6/site-packages/airflow/example_dags/example_nested_branch_dag.py took 0.091 seconds
[2024-08-10 09:09:00,141] {scheduler_job.py:182} INFO - Started process (PID=5189) to work on /home/airflow/.local/lib/python3.6/site-packages/airflow/example_dags/example_nested_branch_dag.py
[2024-08-10 09:09:00,142] {scheduler_job.py:629} INFO - Processing file /home/airflow/.local/lib/python3.6/site-packages/airflow/example_dags/example_nested_branch_dag.py for tasks to queue
[2024-08-10 09:09:00,142] {logging_mixin.py:104} INFO - [2024-08-10 09:09:00,142] {dagbag.py:451} INFO - Filling up the DagBag from /home/airflow/.local/lib/python3.6/site-packages/airflow/example_dags/example_nested_branch_dag.py
[2024-08-10 09:09:00,160] {scheduler_job.py:639} INFO - DAG(s) dict_keys(['example_nested_branch_dag']) retrieved from /home/airflow/.local/lib/python3.6/site-packages/airflow/example_dags/example_nested_branch_dag.py
[2024-08-10 09:09:00,183] {logging_mixin.py:104} INFO - [2024-08-10 09:09:00,183] {dag.py:1824} INFO - Sync 1 DAGs
[2024-08-10 09:09:00,209] {logging_mixin.py:104} INFO - [2024-08-10 09:09:00,209] {dag.py:2280} INFO - Setting next_dagrun for example_nested_branch_dag to 2024-08-08 00:00:00+00:00
[2024-08-10 09:09:00,221] {scheduler_job.py:190} INFO - Processing /home/airflow/.local/lib/python3.6/site-packages/airflow/example_dags/example_nested_branch_dag.py took 0.083 seconds
[2024-08-10 09:09:30,490] {scheduler_job.py:182} INFO - Started process (PID=5324) to work on /home/airflow/.local/lib/python3.6/site-packages/airflow/example_dags/example_nested_branch_dag.py
[2024-08-10 09:09:30,491] {scheduler_job.py:629} INFO - Processing file /home/airflow/.local/lib/python3.6/site-packages/airflow/example_dags/example_nested_branch_dag.py for tasks to queue
[2024-08-10 09:09:30,491] {logging_mixin.py:104} INFO - [2024-08-10 09:09:30,491] {dagbag.py:451} INFO - Filling up the DagBag from /home/airflow/.local/lib/python3.6/site-packages/airflow/example_dags/example_nested_branch_dag.py
[2024-08-10 09:09:30,505] {scheduler_job.py:639} INFO - DAG(s) dict_keys(['example_nested_branch_dag']) retrieved from /home/airflow/.local/lib/python3.6/site-packages/airflow/example_dags/example_nested_branch_dag.py
[2024-08-10 09:09:30,525] {logging_mixin.py:104} INFO - [2024-08-10 09:09:30,525] {dag.py:1824} INFO - Sync 1 DAGs
[2024-08-10 09:09:30,545] {logging_mixin.py:104} INFO - [2024-08-10 09:09:30,545] {dag.py:2280} INFO - Setting next_dagrun for example_nested_branch_dag to 2024-08-08 00:00:00+00:00
[2024-08-10 09:09:30,554] {scheduler_job.py:190} INFO - Processing /home/airflow/.local/lib/python3.6/site-packages/airflow/example_dags/example_nested_branch_dag.py took 0.067 seconds
[2024-08-10 09:10:00,852] {scheduler_job.py:182} INFO - Started process (PID=5454) to work on /home/airflow/.local/lib/python3.6/site-packages/airflow/example_dags/example_nested_branch_dag.py
[2024-08-10 09:10:00,854] {scheduler_job.py:629} INFO - Processing file /home/airflow/.local/lib/python3.6/site-packages/airflow/example_dags/example_nested_branch_dag.py for tasks to queue
[2024-08-10 09:10:00,855] {logging_mixin.py:104} INFO - [2024-08-10 09:10:00,854] {dagbag.py:451} INFO - Filling up the DagBag from /home/airflow/.local/lib/python3.6/site-packages/airflow/example_dags/example_nested_branch_dag.py
[2024-08-10 09:10:00,872] {scheduler_job.py:639} INFO - DAG(s) dict_keys(['example_nested_branch_dag']) retrieved from /home/airflow/.local/lib/python3.6/site-packages/airflow/example_dags/example_nested_branch_dag.py
[2024-08-10 09:10:00,892] {logging_mixin.py:104} INFO - [2024-08-10 09:10:00,892] {dag.py:1824} INFO - Sync 1 DAGs
[2024-08-10 09:10:00,919] {logging_mixin.py:104} INFO - [2024-08-10 09:10:00,919] {dag.py:2280} INFO - Setting next_dagrun for example_nested_branch_dag to 2024-08-08 00:00:00+00:00
[2024-08-10 09:10:00,932] {scheduler_job.py:190} INFO - Processing /home/airflow/.local/lib/python3.6/site-packages/airflow/example_dags/example_nested_branch_dag.py took 0.083 seconds
[2024-08-10 09:10:31,313] {scheduler_job.py:182} INFO - Started process (PID=5589) to work on /home/airflow/.local/lib/python3.6/site-packages/airflow/example_dags/example_nested_branch_dag.py
[2024-08-10 09:10:31,314] {scheduler_job.py:629} INFO - Processing file /home/airflow/.local/lib/python3.6/site-packages/airflow/example_dags/example_nested_branch_dag.py for tasks to queue
[2024-08-10 09:10:31,315] {logging_mixin.py:104} INFO - [2024-08-10 09:10:31,315] {dagbag.py:451} INFO - Filling up the DagBag from /home/airflow/.local/lib/python3.6/site-packages/airflow/example_dags/example_nested_branch_dag.py
[2024-08-10 09:10:31,329] {scheduler_job.py:639} INFO - DAG(s) dict_keys(['example_nested_branch_dag']) retrieved from /home/airflow/.local/lib/python3.6/site-packages/airflow/example_dags/example_nested_branch_dag.py
[2024-08-10 09:10:31,351] {logging_mixin.py:104} INFO - [2024-08-10 09:10:31,351] {dag.py:1824} INFO - Sync 1 DAGs
[2024-08-10 09:10:31,372] {logging_mixin.py:104} INFO - [2024-08-10 09:10:31,371] {dag.py:2280} INFO - Setting next_dagrun for example_nested_branch_dag to 2024-08-08 00:00:00+00:00
[2024-08-10 09:10:31,381] {scheduler_job.py:190} INFO - Processing /home/airflow/.local/lib/python3.6/site-packages/airflow/example_dags/example_nested_branch_dag.py took 0.070 seconds
[2024-08-10 09:11:01,550] {scheduler_job.py:182} INFO - Started process (PID=5729) to work on /home/airflow/.local/lib/python3.6/site-packages/airflow/example_dags/example_nested_branch_dag.py
[2024-08-10 09:11:01,551] {scheduler_job.py:629} INFO - Processing file /home/airflow/.local/lib/python3.6/site-packages/airflow/example_dags/example_nested_branch_dag.py for tasks to queue
[2024-08-10 09:11:01,552] {logging_mixin.py:104} INFO - [2024-08-10 09:11:01,552] {dagbag.py:451} INFO - Filling up the DagBag from /home/airflow/.local/lib/python3.6/site-packages/airflow/example_dags/example_nested_branch_dag.py
[2024-08-10 09:11:01,566] {scheduler_job.py:639} INFO - DAG(s) dict_keys(['example_nested_branch_dag']) retrieved from /home/airflow/.local/lib/python3.6/site-packages/airflow/example_dags/example_nested_branch_dag.py
[2024-08-10 09:11:01,588] {logging_mixin.py:104} INFO - [2024-08-10 09:11:01,587] {dag.py:1824} INFO - Sync 1 DAGs
[2024-08-10 09:11:01,609] {logging_mixin.py:104} INFO - [2024-08-10 09:11:01,608] {dag.py:2280} INFO - Setting next_dagrun for example_nested_branch_dag to 2024-08-08 00:00:00+00:00
[2024-08-10 09:11:01,618] {scheduler_job.py:190} INFO - Processing /home/airflow/.local/lib/python3.6/site-packages/airflow/example_dags/example_nested_branch_dag.py took 0.071 seconds
[2024-08-10 09:11:31,851] {scheduler_job.py:182} INFO - Started process (PID=5864) to work on /home/airflow/.local/lib/python3.6/site-packages/airflow/example_dags/example_nested_branch_dag.py
[2024-08-10 09:11:31,853] {scheduler_job.py:629} INFO - Processing file /home/airflow/.local/lib/python3.6/site-packages/airflow/example_dags/example_nested_branch_dag.py for tasks to queue
[2024-08-10 09:11:31,853] {logging_mixin.py:104} INFO - [2024-08-10 09:11:31,853] {dagbag.py:451} INFO - Filling up the DagBag from /home/airflow/.local/lib/python3.6/site-packages/airflow/example_dags/example_nested_branch_dag.py
[2024-08-10 09:11:31,869] {scheduler_job.py:639} INFO - DAG(s) dict_keys(['example_nested_branch_dag']) retrieved from /home/airflow/.local/lib/python3.6/site-packages/airflow/example_dags/example_nested_branch_dag.py
[2024-08-10 09:11:31,897] {logging_mixin.py:104} INFO - [2024-08-10 09:11:31,897] {dag.py:1824} INFO - Sync 1 DAGs
[2024-08-10 09:11:31,933] {logging_mixin.py:104} INFO - [2024-08-10 09:11:31,933] {dag.py:2280} INFO - Setting next_dagrun for example_nested_branch_dag to 2024-08-08 00:00:00+00:00
[2024-08-10 09:11:31,946] {scheduler_job.py:190} INFO - Processing /home/airflow/.local/lib/python3.6/site-packages/airflow/example_dags/example_nested_branch_dag.py took 0.099 seconds
[2024-08-10 09:12:02,754] {scheduler_job.py:182} INFO - Started process (PID=6019) to work on /home/airflow/.local/lib/python3.6/site-packages/airflow/example_dags/example_nested_branch_dag.py
[2024-08-10 09:12:02,755] {scheduler_job.py:629} INFO - Processing file /home/airflow/.local/lib/python3.6/site-packages/airflow/example_dags/example_nested_branch_dag.py for tasks to queue
[2024-08-10 09:12:02,756] {logging_mixin.py:104} INFO - [2024-08-10 09:12:02,755] {dagbag.py:451} INFO - Filling up the DagBag from /home/airflow/.local/lib/python3.6/site-packages/airflow/example_dags/example_nested_branch_dag.py
[2024-08-10 09:12:02,782] {scheduler_job.py:639} INFO - DAG(s) dict_keys(['example_nested_branch_dag']) retrieved from /home/airflow/.local/lib/python3.6/site-packages/airflow/example_dags/example_nested_branch_dag.py
[2024-08-10 09:12:02,823] {logging_mixin.py:104} INFO - [2024-08-10 09:12:02,823] {dag.py:1824} INFO - Sync 1 DAGs
[2024-08-10 09:12:02,856] {logging_mixin.py:104} INFO - [2024-08-10 09:12:02,856] {dag.py:2280} INFO - Setting next_dagrun for example_nested_branch_dag to 2024-08-08 00:00:00+00:00
[2024-08-10 09:12:02,871] {scheduler_job.py:190} INFO - Processing /home/airflow/.local/lib/python3.6/site-packages/airflow/example_dags/example_nested_branch_dag.py took 0.122 seconds
[2024-08-10 09:12:33,527] {scheduler_job.py:182} INFO - Started process (PID=6154) to work on /home/airflow/.local/lib/python3.6/site-packages/airflow/example_dags/example_nested_branch_dag.py
[2024-08-10 09:12:33,528] {scheduler_job.py:629} INFO - Processing file /home/airflow/.local/lib/python3.6/site-packages/airflow/example_dags/example_nested_branch_dag.py for tasks to queue
[2024-08-10 09:12:33,528] {logging_mixin.py:104} INFO - [2024-08-10 09:12:33,528] {dagbag.py:451} INFO - Filling up the DagBag from /home/airflow/.local/lib/python3.6/site-packages/airflow/example_dags/example_nested_branch_dag.py
[2024-08-10 09:12:33,543] {scheduler_job.py:639} INFO - DAG(s) dict_keys(['example_nested_branch_dag']) retrieved from /home/airflow/.local/lib/python3.6/site-packages/airflow/example_dags/example_nested_branch_dag.py
[2024-08-10 09:12:33,564] {logging_mixin.py:104} INFO - [2024-08-10 09:12:33,564] {dag.py:1824} INFO - Sync 1 DAGs
[2024-08-10 09:12:33,585] {logging_mixin.py:104} INFO - [2024-08-10 09:12:33,585] {dag.py:2280} INFO - Setting next_dagrun for example_nested_branch_dag to 2024-08-08 00:00:00+00:00
[2024-08-10 09:12:33,595] {scheduler_job.py:190} INFO - Processing /home/airflow/.local/lib/python3.6/site-packages/airflow/example_dags/example_nested_branch_dag.py took 0.071 seconds
[2024-08-10 09:13:03,951] {scheduler_job.py:182} INFO - Started process (PID=6276) to work on /home/airflow/.local/lib/python3.6/site-packages/airflow/example_dags/example_nested_branch_dag.py
[2024-08-10 09:13:03,952] {scheduler_job.py:629} INFO - Processing file /home/airflow/.local/lib/python3.6/site-packages/airflow/example_dags/example_nested_branch_dag.py for tasks to queue
[2024-08-10 09:13:03,953] {logging_mixin.py:104} INFO - [2024-08-10 09:13:03,953] {dagbag.py:451} INFO - Filling up the DagBag from /home/airflow/.local/lib/python3.6/site-packages/airflow/example_dags/example_nested_branch_dag.py
[2024-08-10 09:13:03,974] {scheduler_job.py:639} INFO - DAG(s) dict_keys(['example_nested_branch_dag']) retrieved from /home/airflow/.local/lib/python3.6/site-packages/airflow/example_dags/example_nested_branch_dag.py
[2024-08-10 09:13:03,997] {logging_mixin.py:104} INFO - [2024-08-10 09:13:03,997] {dag.py:1824} INFO - Sync 1 DAGs
[2024-08-10 09:13:04,024] {logging_mixin.py:104} INFO - [2024-08-10 09:13:04,024] {dag.py:2280} INFO - Setting next_dagrun for example_nested_branch_dag to 2024-08-08 00:00:00+00:00
[2024-08-10 09:13:04,035] {scheduler_job.py:190} INFO - Processing /home/airflow/.local/lib/python3.6/site-packages/airflow/example_dags/example_nested_branch_dag.py took 0.088 seconds
[2024-08-10 09:13:34,400] {scheduler_job.py:182} INFO - Started process (PID=6409) to work on /home/airflow/.local/lib/python3.6/site-packages/airflow/example_dags/example_nested_branch_dag.py
[2024-08-10 09:13:34,401] {scheduler_job.py:629} INFO - Processing file /home/airflow/.local/lib/python3.6/site-packages/airflow/example_dags/example_nested_branch_dag.py for tasks to queue
[2024-08-10 09:13:34,401] {logging_mixin.py:104} INFO - [2024-08-10 09:13:34,401] {dagbag.py:451} INFO - Filling up the DagBag from /home/airflow/.local/lib/python3.6/site-packages/airflow/example_dags/example_nested_branch_dag.py
[2024-08-10 09:13:34,417] {scheduler_job.py:639} INFO - DAG(s) dict_keys(['example_nested_branch_dag']) retrieved from /home/airflow/.local/lib/python3.6/site-packages/airflow/example_dags/example_nested_branch_dag.py
[2024-08-10 09:13:34,439] {logging_mixin.py:104} INFO - [2024-08-10 09:13:34,439] {dag.py:1824} INFO - Sync 1 DAGs
[2024-08-10 09:13:34,460] {logging_mixin.py:104} INFO - [2024-08-10 09:13:34,459] {dag.py:2280} INFO - Setting next_dagrun for example_nested_branch_dag to 2024-08-08 00:00:00+00:00
[2024-08-10 09:13:34,470] {scheduler_job.py:190} INFO - Processing /home/airflow/.local/lib/python3.6/site-packages/airflow/example_dags/example_nested_branch_dag.py took 0.073 seconds
[2024-08-10 09:14:04,763] {scheduler_job.py:182} INFO - Started process (PID=6558) to work on /home/airflow/.local/lib/python3.6/site-packages/airflow/example_dags/example_nested_branch_dag.py
[2024-08-10 09:14:04,764] {scheduler_job.py:629} INFO - Processing file /home/airflow/.local/lib/python3.6/site-packages/airflow/example_dags/example_nested_branch_dag.py for tasks to queue
[2024-08-10 09:14:04,765] {logging_mixin.py:104} INFO - [2024-08-10 09:14:04,764] {dagbag.py:451} INFO - Filling up the DagBag from /home/airflow/.local/lib/python3.6/site-packages/airflow/example_dags/example_nested_branch_dag.py
[2024-08-10 09:14:04,783] {scheduler_job.py:639} INFO - DAG(s) dict_keys(['example_nested_branch_dag']) retrieved from /home/airflow/.local/lib/python3.6/site-packages/airflow/example_dags/example_nested_branch_dag.py
[2024-08-10 09:14:04,809] {logging_mixin.py:104} INFO - [2024-08-10 09:14:04,809] {dag.py:1824} INFO - Sync 1 DAGs
[2024-08-10 09:14:04,841] {logging_mixin.py:104} INFO - [2024-08-10 09:14:04,840] {dag.py:2280} INFO - Setting next_dagrun for example_nested_branch_dag to 2024-08-08 00:00:00+00:00
[2024-08-10 09:14:04,854] {scheduler_job.py:190} INFO - Processing /home/airflow/.local/lib/python3.6/site-packages/airflow/example_dags/example_nested_branch_dag.py took 0.095 seconds
[2024-08-10 09:14:35,091] {scheduler_job.py:182} INFO - Started process (PID=6694) to work on /home/airflow/.local/lib/python3.6/site-packages/airflow/example_dags/example_nested_branch_dag.py
[2024-08-10 09:14:35,092] {scheduler_job.py:629} INFO - Processing file /home/airflow/.local/lib/python3.6/site-packages/airflow/example_dags/example_nested_branch_dag.py for tasks to queue
[2024-08-10 09:14:35,093] {logging_mixin.py:104} INFO - [2024-08-10 09:14:35,093] {dagbag.py:451} INFO - Filling up the DagBag from /home/airflow/.local/lib/python3.6/site-packages/airflow/example_dags/example_nested_branch_dag.py
[2024-08-10 09:14:35,107] {scheduler_job.py:639} INFO - DAG(s) dict_keys(['example_nested_branch_dag']) retrieved from /home/airflow/.local/lib/python3.6/site-packages/airflow/example_dags/example_nested_branch_dag.py
[2024-08-10 09:14:35,127] {logging_mixin.py:104} INFO - [2024-08-10 09:14:35,127] {dag.py:1824} INFO - Sync 1 DAGs
[2024-08-10 09:14:35,147] {logging_mixin.py:104} INFO - [2024-08-10 09:14:35,146] {dag.py:2280} INFO - Setting next_dagrun for example_nested_branch_dag to 2024-08-08 00:00:00+00:00
[2024-08-10 09:14:35,156] {scheduler_job.py:190} INFO - Processing /home/airflow/.local/lib/python3.6/site-packages/airflow/example_dags/example_nested_branch_dag.py took 0.067 seconds
[2024-08-10 09:15:05,392] {scheduler_job.py:182} INFO - Started process (PID=6816) to work on /home/airflow/.local/lib/python3.6/site-packages/airflow/example_dags/example_nested_branch_dag.py
[2024-08-10 09:15:05,393] {scheduler_job.py:629} INFO - Processing file /home/airflow/.local/lib/python3.6/site-packages/airflow/example_dags/example_nested_branch_dag.py for tasks to queue
[2024-08-10 09:15:05,393] {logging_mixin.py:104} INFO - [2024-08-10 09:15:05,393] {dagbag.py:451} INFO - Filling up the DagBag from /home/airflow/.local/lib/python3.6/site-packages/airflow/example_dags/example_nested_branch_dag.py
[2024-08-10 09:15:05,407] {scheduler_job.py:639} INFO - DAG(s) dict_keys(['example_nested_branch_dag']) retrieved from /home/airflow/.local/lib/python3.6/site-packages/airflow/example_dags/example_nested_branch_dag.py
[2024-08-10 09:15:05,426] {logging_mixin.py:104} INFO - [2024-08-10 09:15:05,426] {dag.py:1824} INFO - Sync 1 DAGs
[2024-08-10 09:15:05,445] {logging_mixin.py:104} INFO - [2024-08-10 09:15:05,445] {dag.py:2280} INFO - Setting next_dagrun for example_nested_branch_dag to 2024-08-08 00:00:00+00:00
[2024-08-10 09:15:05,457] {scheduler_job.py:190} INFO - Processing /home/airflow/.local/lib/python3.6/site-packages/airflow/example_dags/example_nested_branch_dag.py took 0.068 seconds
[2024-08-10 09:15:35,606] {scheduler_job.py:182} INFO - Started process (PID=6939) to work on /home/airflow/.local/lib/python3.6/site-packages/airflow/example_dags/example_nested_branch_dag.py
[2024-08-10 09:15:35,607] {scheduler_job.py:629} INFO - Processing file /home/airflow/.local/lib/python3.6/site-packages/airflow/example_dags/example_nested_branch_dag.py for tasks to queue
[2024-08-10 09:15:35,608] {logging_mixin.py:104} INFO - [2024-08-10 09:15:35,608] {dagbag.py:451} INFO - Filling up the DagBag from /home/airflow/.local/lib/python3.6/site-packages/airflow/example_dags/example_nested_branch_dag.py
[2024-08-10 09:15:35,624] {scheduler_job.py:639} INFO - DAG(s) dict_keys(['example_nested_branch_dag']) retrieved from /home/airflow/.local/lib/python3.6/site-packages/airflow/example_dags/example_nested_branch_dag.py
[2024-08-10 09:15:35,643] {logging_mixin.py:104} INFO - [2024-08-10 09:15:35,643] {dag.py:1824} INFO - Sync 1 DAGs
[2024-08-10 09:15:35,663] {logging_mixin.py:104} INFO - [2024-08-10 09:15:35,663] {dag.py:2280} INFO - Setting next_dagrun for example_nested_branch_dag to 2024-08-08 00:00:00+00:00
[2024-08-10 09:15:35,673] {scheduler_job.py:190} INFO - Processing /home/airflow/.local/lib/python3.6/site-packages/airflow/example_dags/example_nested_branch_dag.py took 0.069 seconds
[2024-08-10 09:16:05,754] {scheduler_job.py:182} INFO - Started process (PID=7074) to work on /home/airflow/.local/lib/python3.6/site-packages/airflow/example_dags/example_nested_branch_dag.py
[2024-08-10 09:16:05,755] {scheduler_job.py:629} INFO - Processing file /home/airflow/.local/lib/python3.6/site-packages/airflow/example_dags/example_nested_branch_dag.py for tasks to queue
[2024-08-10 09:16:05,756] {logging_mixin.py:104} INFO - [2024-08-10 09:16:05,756] {dagbag.py:451} INFO - Filling up the DagBag from /home/airflow/.local/lib/python3.6/site-packages/airflow/example_dags/example_nested_branch_dag.py
[2024-08-10 09:16:05,770] {scheduler_job.py:639} INFO - DAG(s) dict_keys(['example_nested_branch_dag']) retrieved from /home/airflow/.local/lib/python3.6/site-packages/airflow/example_dags/example_nested_branch_dag.py
[2024-08-10 09:16:05,790] {logging_mixin.py:104} INFO - [2024-08-10 09:16:05,790] {dag.py:1824} INFO - Sync 1 DAGs
[2024-08-10 09:16:05,810] {logging_mixin.py:104} INFO - [2024-08-10 09:16:05,810] {dag.py:2280} INFO - Setting next_dagrun for example_nested_branch_dag to 2024-08-08 00:00:00+00:00
[2024-08-10 09:16:05,819] {scheduler_job.py:190} INFO - Processing /home/airflow/.local/lib/python3.6/site-packages/airflow/example_dags/example_nested_branch_dag.py took 0.068 seconds
