[2024-08-10 08:42:11,934] {scheduler_job.py:182} INFO - Started process (PID=30430) to work on /home/airflow/.local/lib/python3.6/site-packages/airflow/example_dags/example_branch_python_dop_operator_3.py
[2024-08-10 08:42:11,936] {scheduler_job.py:629} INFO - Processing file /home/airflow/.local/lib/python3.6/site-packages/airflow/example_dags/example_branch_python_dop_operator_3.py for tasks to queue
[2024-08-10 08:42:11,937] {logging_mixin.py:104} INFO - [2024-08-10 08:42:11,937] {dagbag.py:451} INFO - Filling up the DagBag from /home/airflow/.local/lib/python3.6/site-packages/airflow/example_dags/example_branch_python_dop_operator_3.py
[2024-08-10 08:42:11,964] {scheduler_job.py:639} INFO - DAG(s) dict_keys(['example_branch_dop_operator_v3']) retrieved from /home/airflow/.local/lib/python3.6/site-packages/airflow/example_dags/example_branch_python_dop_operator_3.py
[2024-08-10 08:42:11,984] {logging_mixin.py:104} INFO - [2024-08-10 08:42:11,984] {dag.py:1824} INFO - Sync 1 DAGs
[2024-08-10 08:42:12,012] {logging_mixin.py:104} INFO - [2024-08-10 08:42:12,012] {dag.py:2280} INFO - Setting next_dagrun for example_branch_dop_operator_v3 to 2024-08-08 00:00:00+00:00
[2024-08-10 08:42:12,029] {scheduler_job.py:190} INFO - Processing /home/airflow/.local/lib/python3.6/site-packages/airflow/example_dags/example_branch_python_dop_operator_3.py took 0.101 seconds
[2024-08-10 08:42:42,178] {scheduler_job.py:182} INFO - Started process (PID=30565) to work on /home/airflow/.local/lib/python3.6/site-packages/airflow/example_dags/example_branch_python_dop_operator_3.py
[2024-08-10 08:42:42,179] {scheduler_job.py:629} INFO - Processing file /home/airflow/.local/lib/python3.6/site-packages/airflow/example_dags/example_branch_python_dop_operator_3.py for tasks to queue
[2024-08-10 08:42:42,180] {logging_mixin.py:104} INFO - [2024-08-10 08:42:42,180] {dagbag.py:451} INFO - Filling up the DagBag from /home/airflow/.local/lib/python3.6/site-packages/airflow/example_dags/example_branch_python_dop_operator_3.py
[2024-08-10 08:42:42,197] {scheduler_job.py:639} INFO - DAG(s) dict_keys(['example_branch_dop_operator_v3']) retrieved from /home/airflow/.local/lib/python3.6/site-packages/airflow/example_dags/example_branch_python_dop_operator_3.py
[2024-08-10 08:42:42,231] {logging_mixin.py:104} INFO - [2024-08-10 08:42:42,231] {dag.py:1824} INFO - Sync 1 DAGs
[2024-08-10 08:42:42,330] {logging_mixin.py:104} INFO - [2024-08-10 08:42:42,330] {dag.py:2280} INFO - Setting next_dagrun for example_branch_dop_operator_v3 to 2024-08-08 00:00:00+00:00
[2024-08-10 08:42:42,360] {scheduler_job.py:190} INFO - Processing /home/airflow/.local/lib/python3.6/site-packages/airflow/example_dags/example_branch_python_dop_operator_3.py took 0.187 seconds
[2024-08-10 08:43:12,987] {scheduler_job.py:182} INFO - Started process (PID=30704) to work on /home/airflow/.local/lib/python3.6/site-packages/airflow/example_dags/example_branch_python_dop_operator_3.py
[2024-08-10 08:43:12,988] {scheduler_job.py:629} INFO - Processing file /home/airflow/.local/lib/python3.6/site-packages/airflow/example_dags/example_branch_python_dop_operator_3.py for tasks to queue
[2024-08-10 08:43:12,988] {logging_mixin.py:104} INFO - [2024-08-10 08:43:12,988] {dagbag.py:451} INFO - Filling up the DagBag from /home/airflow/.local/lib/python3.6/site-packages/airflow/example_dags/example_branch_python_dop_operator_3.py
[2024-08-10 08:43:13,003] {scheduler_job.py:639} INFO - DAG(s) dict_keys(['example_branch_dop_operator_v3']) retrieved from /home/airflow/.local/lib/python3.6/site-packages/airflow/example_dags/example_branch_python_dop_operator_3.py
[2024-08-10 08:43:13,023] {logging_mixin.py:104} INFO - [2024-08-10 08:43:13,023] {dag.py:1824} INFO - Sync 1 DAGs
[2024-08-10 08:43:13,050] {logging_mixin.py:104} INFO - [2024-08-10 08:43:13,050] {dag.py:2280} INFO - Setting next_dagrun for example_branch_dop_operator_v3 to 2024-08-08 00:00:00+00:00
[2024-08-10 08:43:13,061] {scheduler_job.py:190} INFO - Processing /home/airflow/.local/lib/python3.6/site-packages/airflow/example_dags/example_branch_python_dop_operator_3.py took 0.077 seconds
[2024-08-10 08:43:43,140] {scheduler_job.py:182} INFO - Started process (PID=30839) to work on /home/airflow/.local/lib/python3.6/site-packages/airflow/example_dags/example_branch_python_dop_operator_3.py
[2024-08-10 08:43:43,141] {scheduler_job.py:629} INFO - Processing file /home/airflow/.local/lib/python3.6/site-packages/airflow/example_dags/example_branch_python_dop_operator_3.py for tasks to queue
[2024-08-10 08:43:43,142] {logging_mixin.py:104} INFO - [2024-08-10 08:43:43,142] {dagbag.py:451} INFO - Filling up the DagBag from /home/airflow/.local/lib/python3.6/site-packages/airflow/example_dags/example_branch_python_dop_operator_3.py
[2024-08-10 08:43:43,158] {scheduler_job.py:639} INFO - DAG(s) dict_keys(['example_branch_dop_operator_v3']) retrieved from /home/airflow/.local/lib/python3.6/site-packages/airflow/example_dags/example_branch_python_dop_operator_3.py
[2024-08-10 08:43:43,179] {logging_mixin.py:104} INFO - [2024-08-10 08:43:43,179] {dag.py:1824} INFO - Sync 1 DAGs
[2024-08-10 08:43:43,210] {logging_mixin.py:104} INFO - [2024-08-10 08:43:43,210] {dag.py:2280} INFO - Setting next_dagrun for example_branch_dop_operator_v3 to 2024-08-08 00:00:00+00:00
[2024-08-10 08:43:43,221] {scheduler_job.py:190} INFO - Processing /home/airflow/.local/lib/python3.6/site-packages/airflow/example_dags/example_branch_python_dop_operator_3.py took 0.084 seconds
[2024-08-10 08:44:13,282] {scheduler_job.py:182} INFO - Started process (PID=30985) to work on /home/airflow/.local/lib/python3.6/site-packages/airflow/example_dags/example_branch_python_dop_operator_3.py
[2024-08-10 08:44:13,284] {scheduler_job.py:629} INFO - Processing file /home/airflow/.local/lib/python3.6/site-packages/airflow/example_dags/example_branch_python_dop_operator_3.py for tasks to queue
[2024-08-10 08:44:13,284] {logging_mixin.py:104} INFO - [2024-08-10 08:44:13,284] {dagbag.py:451} INFO - Filling up the DagBag from /home/airflow/.local/lib/python3.6/site-packages/airflow/example_dags/example_branch_python_dop_operator_3.py
[2024-08-10 08:44:13,298] {scheduler_job.py:639} INFO - DAG(s) dict_keys(['example_branch_dop_operator_v3']) retrieved from /home/airflow/.local/lib/python3.6/site-packages/airflow/example_dags/example_branch_python_dop_operator_3.py
[2024-08-10 08:44:13,320] {logging_mixin.py:104} INFO - [2024-08-10 08:44:13,319] {dag.py:1824} INFO - Sync 1 DAGs
[2024-08-10 08:44:13,356] {logging_mixin.py:104} INFO - [2024-08-10 08:44:13,356] {dag.py:2280} INFO - Setting next_dagrun for example_branch_dop_operator_v3 to 2024-08-08 00:00:00+00:00
[2024-08-10 08:44:13,366] {scheduler_job.py:190} INFO - Processing /home/airflow/.local/lib/python3.6/site-packages/airflow/example_dags/example_branch_python_dop_operator_3.py took 0.086 seconds
[2024-08-10 08:44:44,005] {scheduler_job.py:182} INFO - Started process (PID=31110) to work on /home/airflow/.local/lib/python3.6/site-packages/airflow/example_dags/example_branch_python_dop_operator_3.py
[2024-08-10 08:44:44,006] {scheduler_job.py:629} INFO - Processing file /home/airflow/.local/lib/python3.6/site-packages/airflow/example_dags/example_branch_python_dop_operator_3.py for tasks to queue
[2024-08-10 08:44:44,007] {logging_mixin.py:104} INFO - [2024-08-10 08:44:44,007] {dagbag.py:451} INFO - Filling up the DagBag from /home/airflow/.local/lib/python3.6/site-packages/airflow/example_dags/example_branch_python_dop_operator_3.py
[2024-08-10 08:44:44,023] {scheduler_job.py:639} INFO - DAG(s) dict_keys(['example_branch_dop_operator_v3']) retrieved from /home/airflow/.local/lib/python3.6/site-packages/airflow/example_dags/example_branch_python_dop_operator_3.py
[2024-08-10 08:44:44,053] {logging_mixin.py:104} INFO - [2024-08-10 08:44:44,053] {dag.py:1824} INFO - Sync 1 DAGs
[2024-08-10 08:44:44,097] {logging_mixin.py:104} INFO - [2024-08-10 08:44:44,097] {dag.py:2280} INFO - Setting next_dagrun for example_branch_dop_operator_v3 to 2024-08-08 00:00:00+00:00
[2024-08-10 08:44:44,108] {scheduler_job.py:190} INFO - Processing /home/airflow/.local/lib/python3.6/site-packages/airflow/example_dags/example_branch_python_dop_operator_3.py took 0.108 seconds
[2024-08-10 08:45:14,723] {scheduler_job.py:182} INFO - Started process (PID=31245) to work on /home/airflow/.local/lib/python3.6/site-packages/airflow/example_dags/example_branch_python_dop_operator_3.py
[2024-08-10 08:45:14,725] {scheduler_job.py:629} INFO - Processing file /home/airflow/.local/lib/python3.6/site-packages/airflow/example_dags/example_branch_python_dop_operator_3.py for tasks to queue
[2024-08-10 08:45:14,725] {logging_mixin.py:104} INFO - [2024-08-10 08:45:14,725] {dagbag.py:451} INFO - Filling up the DagBag from /home/airflow/.local/lib/python3.6/site-packages/airflow/example_dags/example_branch_python_dop_operator_3.py
[2024-08-10 08:45:14,743] {scheduler_job.py:639} INFO - DAG(s) dict_keys(['example_branch_dop_operator_v3']) retrieved from /home/airflow/.local/lib/python3.6/site-packages/airflow/example_dags/example_branch_python_dop_operator_3.py
[2024-08-10 08:45:14,767] {logging_mixin.py:104} INFO - [2024-08-10 08:45:14,767] {dag.py:1824} INFO - Sync 1 DAGs
[2024-08-10 08:45:14,813] {logging_mixin.py:104} INFO - [2024-08-10 08:45:14,813] {dag.py:2280} INFO - Setting next_dagrun for example_branch_dop_operator_v3 to 2024-08-08 00:00:00+00:00
[2024-08-10 08:45:14,829] {scheduler_job.py:190} INFO - Processing /home/airflow/.local/lib/python3.6/site-packages/airflow/example_dags/example_branch_python_dop_operator_3.py took 0.112 seconds
[2024-08-10 08:45:45,641] {scheduler_job.py:182} INFO - Started process (PID=31380) to work on /home/airflow/.local/lib/python3.6/site-packages/airflow/example_dags/example_branch_python_dop_operator_3.py
[2024-08-10 08:45:45,644] {scheduler_job.py:629} INFO - Processing file /home/airflow/.local/lib/python3.6/site-packages/airflow/example_dags/example_branch_python_dop_operator_3.py for tasks to queue
[2024-08-10 08:45:45,644] {logging_mixin.py:104} INFO - [2024-08-10 08:45:45,644] {dagbag.py:451} INFO - Filling up the DagBag from /home/airflow/.local/lib/python3.6/site-packages/airflow/example_dags/example_branch_python_dop_operator_3.py
[2024-08-10 08:45:45,663] {scheduler_job.py:639} INFO - DAG(s) dict_keys(['example_branch_dop_operator_v3']) retrieved from /home/airflow/.local/lib/python3.6/site-packages/airflow/example_dags/example_branch_python_dop_operator_3.py
[2024-08-10 08:45:45,692] {logging_mixin.py:104} INFO - [2024-08-10 08:45:45,692] {dag.py:1824} INFO - Sync 1 DAGs
[2024-08-10 08:45:45,737] {logging_mixin.py:104} INFO - [2024-08-10 08:45:45,737] {dag.py:2280} INFO - Setting next_dagrun for example_branch_dop_operator_v3 to 2024-08-08 00:00:00+00:00
[2024-08-10 08:45:45,749] {scheduler_job.py:190} INFO - Processing /home/airflow/.local/lib/python3.6/site-packages/airflow/example_dags/example_branch_python_dop_operator_3.py took 0.113 seconds
[2024-08-10 08:46:16,096] {scheduler_job.py:182} INFO - Started process (PID=31515) to work on /home/airflow/.local/lib/python3.6/site-packages/airflow/example_dags/example_branch_python_dop_operator_3.py
[2024-08-10 08:46:16,097] {scheduler_job.py:629} INFO - Processing file /home/airflow/.local/lib/python3.6/site-packages/airflow/example_dags/example_branch_python_dop_operator_3.py for tasks to queue
[2024-08-10 08:46:16,099] {logging_mixin.py:104} INFO - [2024-08-10 08:46:16,098] {dagbag.py:451} INFO - Filling up the DagBag from /home/airflow/.local/lib/python3.6/site-packages/airflow/example_dags/example_branch_python_dop_operator_3.py
[2024-08-10 08:46:16,120] {scheduler_job.py:639} INFO - DAG(s) dict_keys(['example_branch_dop_operator_v3']) retrieved from /home/airflow/.local/lib/python3.6/site-packages/airflow/example_dags/example_branch_python_dop_operator_3.py
[2024-08-10 08:46:16,141] {logging_mixin.py:104} INFO - [2024-08-10 08:46:16,141] {dag.py:1824} INFO - Sync 1 DAGs
[2024-08-10 08:46:16,167] {logging_mixin.py:104} INFO - [2024-08-10 08:46:16,166] {dag.py:2280} INFO - Setting next_dagrun for example_branch_dop_operator_v3 to 2024-08-08 00:00:00+00:00
[2024-08-10 08:46:16,184] {scheduler_job.py:190} INFO - Processing /home/airflow/.local/lib/python3.6/site-packages/airflow/example_dags/example_branch_python_dop_operator_3.py took 0.094 seconds
[2024-08-10 08:46:46,468] {scheduler_job.py:182} INFO - Started process (PID=31653) to work on /home/airflow/.local/lib/python3.6/site-packages/airflow/example_dags/example_branch_python_dop_operator_3.py
[2024-08-10 08:46:46,469] {scheduler_job.py:629} INFO - Processing file /home/airflow/.local/lib/python3.6/site-packages/airflow/example_dags/example_branch_python_dop_operator_3.py for tasks to queue
[2024-08-10 08:46:46,470] {logging_mixin.py:104} INFO - [2024-08-10 08:46:46,469] {dagbag.py:451} INFO - Filling up the DagBag from /home/airflow/.local/lib/python3.6/site-packages/airflow/example_dags/example_branch_python_dop_operator_3.py
[2024-08-10 08:46:46,483] {scheduler_job.py:639} INFO - DAG(s) dict_keys(['example_branch_dop_operator_v3']) retrieved from /home/airflow/.local/lib/python3.6/site-packages/airflow/example_dags/example_branch_python_dop_operator_3.py
[2024-08-10 08:46:46,504] {logging_mixin.py:104} INFO - [2024-08-10 08:46:46,504] {dag.py:1824} INFO - Sync 1 DAGs
[2024-08-10 08:46:46,531] {logging_mixin.py:104} INFO - [2024-08-10 08:46:46,531] {dag.py:2280} INFO - Setting next_dagrun for example_branch_dop_operator_v3 to 2024-08-08 00:00:00+00:00
[2024-08-10 08:46:46,541] {scheduler_job.py:190} INFO - Processing /home/airflow/.local/lib/python3.6/site-packages/airflow/example_dags/example_branch_python_dop_operator_3.py took 0.076 seconds
[2024-08-10 08:47:17,102] {scheduler_job.py:182} INFO - Started process (PID=31785) to work on /home/airflow/.local/lib/python3.6/site-packages/airflow/example_dags/example_branch_python_dop_operator_3.py
[2024-08-10 08:47:17,103] {scheduler_job.py:629} INFO - Processing file /home/airflow/.local/lib/python3.6/site-packages/airflow/example_dags/example_branch_python_dop_operator_3.py for tasks to queue
[2024-08-10 08:47:17,104] {logging_mixin.py:104} INFO - [2024-08-10 08:47:17,104] {dagbag.py:451} INFO - Filling up the DagBag from /home/airflow/.local/lib/python3.6/site-packages/airflow/example_dags/example_branch_python_dop_operator_3.py
[2024-08-10 08:47:17,127] {scheduler_job.py:639} INFO - DAG(s) dict_keys(['example_branch_dop_operator_v3']) retrieved from /home/airflow/.local/lib/python3.6/site-packages/airflow/example_dags/example_branch_python_dop_operator_3.py
[2024-08-10 08:47:17,147] {logging_mixin.py:104} INFO - [2024-08-10 08:47:17,146] {dag.py:1824} INFO - Sync 1 DAGs
[2024-08-10 08:47:17,172] {logging_mixin.py:104} INFO - [2024-08-10 08:47:17,172] {dag.py:2280} INFO - Setting next_dagrun for example_branch_dop_operator_v3 to 2024-08-08 00:00:00+00:00
[2024-08-10 08:47:17,181] {scheduler_job.py:190} INFO - Processing /home/airflow/.local/lib/python3.6/site-packages/airflow/example_dags/example_branch_python_dop_operator_3.py took 0.085 seconds
[2024-08-10 08:47:47,469] {scheduler_job.py:182} INFO - Started process (PID=31920) to work on /home/airflow/.local/lib/python3.6/site-packages/airflow/example_dags/example_branch_python_dop_operator_3.py
[2024-08-10 08:47:47,470] {scheduler_job.py:629} INFO - Processing file /home/airflow/.local/lib/python3.6/site-packages/airflow/example_dags/example_branch_python_dop_operator_3.py for tasks to queue
[2024-08-10 08:47:47,470] {logging_mixin.py:104} INFO - [2024-08-10 08:47:47,470] {dagbag.py:451} INFO - Filling up the DagBag from /home/airflow/.local/lib/python3.6/site-packages/airflow/example_dags/example_branch_python_dop_operator_3.py
[2024-08-10 08:47:47,484] {scheduler_job.py:639} INFO - DAG(s) dict_keys(['example_branch_dop_operator_v3']) retrieved from /home/airflow/.local/lib/python3.6/site-packages/airflow/example_dags/example_branch_python_dop_operator_3.py
[2024-08-10 08:47:47,504] {logging_mixin.py:104} INFO - [2024-08-10 08:47:47,504] {dag.py:1824} INFO - Sync 1 DAGs
[2024-08-10 08:47:47,532] {logging_mixin.py:104} INFO - [2024-08-10 08:47:47,532] {dag.py:2280} INFO - Setting next_dagrun for example_branch_dop_operator_v3 to 2024-08-08 00:00:00+00:00
[2024-08-10 08:47:47,555] {scheduler_job.py:190} INFO - Processing /home/airflow/.local/lib/python3.6/site-packages/airflow/example_dags/example_branch_python_dop_operator_3.py took 0.089 seconds
[2024-08-10 08:48:17,834] {scheduler_job.py:182} INFO - Started process (PID=32055) to work on /home/airflow/.local/lib/python3.6/site-packages/airflow/example_dags/example_branch_python_dop_operator_3.py
[2024-08-10 08:48:17,835] {scheduler_job.py:629} INFO - Processing file /home/airflow/.local/lib/python3.6/site-packages/airflow/example_dags/example_branch_python_dop_operator_3.py for tasks to queue
[2024-08-10 08:48:17,836] {logging_mixin.py:104} INFO - [2024-08-10 08:48:17,836] {dagbag.py:451} INFO - Filling up the DagBag from /home/airflow/.local/lib/python3.6/site-packages/airflow/example_dags/example_branch_python_dop_operator_3.py
[2024-08-10 08:48:17,861] {scheduler_job.py:639} INFO - DAG(s) dict_keys(['example_branch_dop_operator_v3']) retrieved from /home/airflow/.local/lib/python3.6/site-packages/airflow/example_dags/example_branch_python_dop_operator_3.py
[2024-08-10 08:48:17,897] {logging_mixin.py:104} INFO - [2024-08-10 08:48:17,897] {dag.py:1824} INFO - Sync 1 DAGs
[2024-08-10 08:48:17,939] {logging_mixin.py:104} INFO - [2024-08-10 08:48:17,938] {dag.py:2280} INFO - Setting next_dagrun for example_branch_dop_operator_v3 to 2024-08-08 00:00:00+00:00
[2024-08-10 08:48:17,957] {scheduler_job.py:190} INFO - Processing /home/airflow/.local/lib/python3.6/site-packages/airflow/example_dags/example_branch_python_dop_operator_3.py took 0.129 seconds
[2024-08-10 08:48:48,320] {scheduler_job.py:182} INFO - Started process (PID=32201) to work on /home/airflow/.local/lib/python3.6/site-packages/airflow/example_dags/example_branch_python_dop_operator_3.py
[2024-08-10 08:48:48,321] {scheduler_job.py:629} INFO - Processing file /home/airflow/.local/lib/python3.6/site-packages/airflow/example_dags/example_branch_python_dop_operator_3.py for tasks to queue
[2024-08-10 08:48:48,322] {logging_mixin.py:104} INFO - [2024-08-10 08:48:48,322] {dagbag.py:451} INFO - Filling up the DagBag from /home/airflow/.local/lib/python3.6/site-packages/airflow/example_dags/example_branch_python_dop_operator_3.py
[2024-08-10 08:48:48,334] {scheduler_job.py:639} INFO - DAG(s) dict_keys(['example_branch_dop_operator_v3']) retrieved from /home/airflow/.local/lib/python3.6/site-packages/airflow/example_dags/example_branch_python_dop_operator_3.py
[2024-08-10 08:48:48,355] {logging_mixin.py:104} INFO - [2024-08-10 08:48:48,355] {dag.py:1824} INFO - Sync 1 DAGs
[2024-08-10 08:48:48,383] {logging_mixin.py:104} INFO - [2024-08-10 08:48:48,383] {dag.py:2280} INFO - Setting next_dagrun for example_branch_dop_operator_v3 to 2024-08-08 00:00:00+00:00
[2024-08-10 08:48:48,393] {scheduler_job.py:190} INFO - Processing /home/airflow/.local/lib/python3.6/site-packages/airflow/example_dags/example_branch_python_dop_operator_3.py took 0.076 seconds
[2024-08-10 08:49:19,000] {scheduler_job.py:182} INFO - Started process (PID=32339) to work on /home/airflow/.local/lib/python3.6/site-packages/airflow/example_dags/example_branch_python_dop_operator_3.py
[2024-08-10 08:49:19,002] {scheduler_job.py:629} INFO - Processing file /home/airflow/.local/lib/python3.6/site-packages/airflow/example_dags/example_branch_python_dop_operator_3.py for tasks to queue
[2024-08-10 08:49:19,003] {logging_mixin.py:104} INFO - [2024-08-10 08:49:19,003] {dagbag.py:451} INFO - Filling up the DagBag from /home/airflow/.local/lib/python3.6/site-packages/airflow/example_dags/example_branch_python_dop_operator_3.py
[2024-08-10 08:49:19,025] {scheduler_job.py:639} INFO - DAG(s) dict_keys(['example_branch_dop_operator_v3']) retrieved from /home/airflow/.local/lib/python3.6/site-packages/airflow/example_dags/example_branch_python_dop_operator_3.py
[2024-08-10 08:49:19,045] {logging_mixin.py:104} INFO - [2024-08-10 08:49:19,045] {dag.py:1824} INFO - Sync 1 DAGs
[2024-08-10 08:49:19,072] {logging_mixin.py:104} INFO - [2024-08-10 08:49:19,072] {dag.py:2280} INFO - Setting next_dagrun for example_branch_dop_operator_v3 to 2024-08-08 00:00:00+00:00
[2024-08-10 08:49:19,088] {scheduler_job.py:190} INFO - Processing /home/airflow/.local/lib/python3.6/site-packages/airflow/example_dags/example_branch_python_dop_operator_3.py took 0.094 seconds
[2024-08-10 08:49:49,219] {scheduler_job.py:182} INFO - Started process (PID=32474) to work on /home/airflow/.local/lib/python3.6/site-packages/airflow/example_dags/example_branch_python_dop_operator_3.py
[2024-08-10 08:49:49,221] {scheduler_job.py:629} INFO - Processing file /home/airflow/.local/lib/python3.6/site-packages/airflow/example_dags/example_branch_python_dop_operator_3.py for tasks to queue
[2024-08-10 08:49:49,221] {logging_mixin.py:104} INFO - [2024-08-10 08:49:49,221] {dagbag.py:451} INFO - Filling up the DagBag from /home/airflow/.local/lib/python3.6/site-packages/airflow/example_dags/example_branch_python_dop_operator_3.py
[2024-08-10 08:49:49,244] {scheduler_job.py:639} INFO - DAG(s) dict_keys(['example_branch_dop_operator_v3']) retrieved from /home/airflow/.local/lib/python3.6/site-packages/airflow/example_dags/example_branch_python_dop_operator_3.py
[2024-08-10 08:49:49,265] {logging_mixin.py:104} INFO - [2024-08-10 08:49:49,265] {dag.py:1824} INFO - Sync 1 DAGs
[2024-08-10 08:49:49,293] {logging_mixin.py:104} INFO - [2024-08-10 08:49:49,293] {dag.py:2280} INFO - Setting next_dagrun for example_branch_dop_operator_v3 to 2024-08-08 00:00:00+00:00
[2024-08-10 08:49:49,310] {scheduler_job.py:190} INFO - Processing /home/airflow/.local/lib/python3.6/site-packages/airflow/example_dags/example_branch_python_dop_operator_3.py took 0.097 seconds
[2024-08-10 08:50:19,441] {scheduler_job.py:182} INFO - Started process (PID=32609) to work on /home/airflow/.local/lib/python3.6/site-packages/airflow/example_dags/example_branch_python_dop_operator_3.py
[2024-08-10 08:50:19,442] {scheduler_job.py:629} INFO - Processing file /home/airflow/.local/lib/python3.6/site-packages/airflow/example_dags/example_branch_python_dop_operator_3.py for tasks to queue
[2024-08-10 08:50:19,443] {logging_mixin.py:104} INFO - [2024-08-10 08:50:19,442] {dagbag.py:451} INFO - Filling up the DagBag from /home/airflow/.local/lib/python3.6/site-packages/airflow/example_dags/example_branch_python_dop_operator_3.py
[2024-08-10 08:50:19,459] {scheduler_job.py:639} INFO - DAG(s) dict_keys(['example_branch_dop_operator_v3']) retrieved from /home/airflow/.local/lib/python3.6/site-packages/airflow/example_dags/example_branch_python_dop_operator_3.py
[2024-08-10 08:50:19,480] {logging_mixin.py:104} INFO - [2024-08-10 08:50:19,480] {dag.py:1824} INFO - Sync 1 DAGs
[2024-08-10 08:50:19,506] {logging_mixin.py:104} INFO - [2024-08-10 08:50:19,506] {dag.py:2280} INFO - Setting next_dagrun for example_branch_dop_operator_v3 to 2024-08-08 00:00:00+00:00
[2024-08-10 08:50:19,520] {scheduler_job.py:190} INFO - Processing /home/airflow/.local/lib/python3.6/site-packages/airflow/example_dags/example_branch_python_dop_operator_3.py took 0.083 seconds
[2024-08-10 08:50:49,713] {scheduler_job.py:182} INFO - Started process (PID=32744) to work on /home/airflow/.local/lib/python3.6/site-packages/airflow/example_dags/example_branch_python_dop_operator_3.py
[2024-08-10 08:50:49,716] {scheduler_job.py:629} INFO - Processing file /home/airflow/.local/lib/python3.6/site-packages/airflow/example_dags/example_branch_python_dop_operator_3.py for tasks to queue
[2024-08-10 08:50:49,718] {logging_mixin.py:104} INFO - [2024-08-10 08:50:49,717] {dagbag.py:451} INFO - Filling up the DagBag from /home/airflow/.local/lib/python3.6/site-packages/airflow/example_dags/example_branch_python_dop_operator_3.py
[2024-08-10 08:50:49,737] {scheduler_job.py:639} INFO - DAG(s) dict_keys(['example_branch_dop_operator_v3']) retrieved from /home/airflow/.local/lib/python3.6/site-packages/airflow/example_dags/example_branch_python_dop_operator_3.py
[2024-08-10 08:50:49,757] {logging_mixin.py:104} INFO - [2024-08-10 08:50:49,757] {dag.py:1824} INFO - Sync 1 DAGs
[2024-08-10 08:50:49,783] {logging_mixin.py:104} INFO - [2024-08-10 08:50:49,783] {dag.py:2280} INFO - Setting next_dagrun for example_branch_dop_operator_v3 to 2024-08-08 00:00:00+00:00
[2024-08-10 08:50:49,792] {scheduler_job.py:190} INFO - Processing /home/airflow/.local/lib/python3.6/site-packages/airflow/example_dags/example_branch_python_dop_operator_3.py took 0.085 seconds
[2024-08-10 08:51:19,853] {scheduler_job.py:182} INFO - Started process (PID=411) to work on /home/airflow/.local/lib/python3.6/site-packages/airflow/example_dags/example_branch_python_dop_operator_3.py
[2024-08-10 08:51:19,855] {scheduler_job.py:629} INFO - Processing file /home/airflow/.local/lib/python3.6/site-packages/airflow/example_dags/example_branch_python_dop_operator_3.py for tasks to queue
[2024-08-10 08:51:19,856] {logging_mixin.py:104} INFO - [2024-08-10 08:51:19,855] {dagbag.py:451} INFO - Filling up the DagBag from /home/airflow/.local/lib/python3.6/site-packages/airflow/example_dags/example_branch_python_dop_operator_3.py
[2024-08-10 08:51:19,874] {scheduler_job.py:639} INFO - DAG(s) dict_keys(['example_branch_dop_operator_v3']) retrieved from /home/airflow/.local/lib/python3.6/site-packages/airflow/example_dags/example_branch_python_dop_operator_3.py
[2024-08-10 08:51:19,893] {logging_mixin.py:104} INFO - [2024-08-10 08:51:19,893] {dag.py:1824} INFO - Sync 1 DAGs
[2024-08-10 08:51:19,919] {logging_mixin.py:104} INFO - [2024-08-10 08:51:19,919] {dag.py:2280} INFO - Setting next_dagrun for example_branch_dop_operator_v3 to 2024-08-08 00:00:00+00:00
[2024-08-10 08:51:19,930] {scheduler_job.py:190} INFO - Processing /home/airflow/.local/lib/python3.6/site-packages/airflow/example_dags/example_branch_python_dop_operator_3.py took 0.082 seconds
[2024-08-10 08:51:50,096] {scheduler_job.py:182} INFO - Started process (PID=546) to work on /home/airflow/.local/lib/python3.6/site-packages/airflow/example_dags/example_branch_python_dop_operator_3.py
[2024-08-10 08:51:50,098] {scheduler_job.py:629} INFO - Processing file /home/airflow/.local/lib/python3.6/site-packages/airflow/example_dags/example_branch_python_dop_operator_3.py for tasks to queue
[2024-08-10 08:51:50,099] {logging_mixin.py:104} INFO - [2024-08-10 08:51:50,099] {dagbag.py:451} INFO - Filling up the DagBag from /home/airflow/.local/lib/python3.6/site-packages/airflow/example_dags/example_branch_python_dop_operator_3.py
[2024-08-10 08:51:50,120] {scheduler_job.py:639} INFO - DAG(s) dict_keys(['example_branch_dop_operator_v3']) retrieved from /home/airflow/.local/lib/python3.6/site-packages/airflow/example_dags/example_branch_python_dop_operator_3.py
[2024-08-10 08:51:50,140] {logging_mixin.py:104} INFO - [2024-08-10 08:51:50,140] {dag.py:1824} INFO - Sync 1 DAGs
[2024-08-10 08:51:50,166] {logging_mixin.py:104} INFO - [2024-08-10 08:51:50,166] {dag.py:2280} INFO - Setting next_dagrun for example_branch_dop_operator_v3 to 2024-08-08 00:00:00+00:00
[2024-08-10 08:51:50,182] {scheduler_job.py:190} INFO - Processing /home/airflow/.local/lib/python3.6/site-packages/airflow/example_dags/example_branch_python_dop_operator_3.py took 0.092 seconds
[2024-08-10 08:52:20,328] {scheduler_job.py:182} INFO - Started process (PID=681) to work on /home/airflow/.local/lib/python3.6/site-packages/airflow/example_dags/example_branch_python_dop_operator_3.py
[2024-08-10 08:52:20,330] {scheduler_job.py:629} INFO - Processing file /home/airflow/.local/lib/python3.6/site-packages/airflow/example_dags/example_branch_python_dop_operator_3.py for tasks to queue
[2024-08-10 08:52:20,331] {logging_mixin.py:104} INFO - [2024-08-10 08:52:20,331] {dagbag.py:451} INFO - Filling up the DagBag from /home/airflow/.local/lib/python3.6/site-packages/airflow/example_dags/example_branch_python_dop_operator_3.py
[2024-08-10 08:52:20,348] {scheduler_job.py:639} INFO - DAG(s) dict_keys(['example_branch_dop_operator_v3']) retrieved from /home/airflow/.local/lib/python3.6/site-packages/airflow/example_dags/example_branch_python_dop_operator_3.py
[2024-08-10 08:52:20,367] {logging_mixin.py:104} INFO - [2024-08-10 08:52:20,367] {dag.py:1824} INFO - Sync 1 DAGs
[2024-08-10 08:52:20,394] {logging_mixin.py:104} INFO - [2024-08-10 08:52:20,394] {dag.py:2280} INFO - Setting next_dagrun for example_branch_dop_operator_v3 to 2024-08-08 00:00:00+00:00
[2024-08-10 08:52:20,414] {scheduler_job.py:190} INFO - Processing /home/airflow/.local/lib/python3.6/site-packages/airflow/example_dags/example_branch_python_dop_operator_3.py took 0.092 seconds
[2024-08-10 08:52:50,477] {scheduler_job.py:182} INFO - Started process (PID=816) to work on /home/airflow/.local/lib/python3.6/site-packages/airflow/example_dags/example_branch_python_dop_operator_3.py
[2024-08-10 08:52:50,479] {scheduler_job.py:629} INFO - Processing file /home/airflow/.local/lib/python3.6/site-packages/airflow/example_dags/example_branch_python_dop_operator_3.py for tasks to queue
[2024-08-10 08:52:50,480] {logging_mixin.py:104} INFO - [2024-08-10 08:52:50,480] {dagbag.py:451} INFO - Filling up the DagBag from /home/airflow/.local/lib/python3.6/site-packages/airflow/example_dags/example_branch_python_dop_operator_3.py
[2024-08-10 08:52:50,502] {scheduler_job.py:639} INFO - DAG(s) dict_keys(['example_branch_dop_operator_v3']) retrieved from /home/airflow/.local/lib/python3.6/site-packages/airflow/example_dags/example_branch_python_dop_operator_3.py
[2024-08-10 08:52:50,524] {logging_mixin.py:104} INFO - [2024-08-10 08:52:50,524] {dag.py:1824} INFO - Sync 1 DAGs
[2024-08-10 08:52:50,550] {logging_mixin.py:104} INFO - [2024-08-10 08:52:50,550] {dag.py:2280} INFO - Setting next_dagrun for example_branch_dop_operator_v3 to 2024-08-08 00:00:00+00:00
[2024-08-10 08:52:50,560] {scheduler_job.py:190} INFO - Processing /home/airflow/.local/lib/python3.6/site-packages/airflow/example_dags/example_branch_python_dop_operator_3.py took 0.087 seconds
[2024-08-10 08:53:20,585] {scheduler_job.py:182} INFO - Started process (PID=951) to work on /home/airflow/.local/lib/python3.6/site-packages/airflow/example_dags/example_branch_python_dop_operator_3.py
[2024-08-10 08:53:20,586] {scheduler_job.py:629} INFO - Processing file /home/airflow/.local/lib/python3.6/site-packages/airflow/example_dags/example_branch_python_dop_operator_3.py for tasks to queue
[2024-08-10 08:53:20,587] {logging_mixin.py:104} INFO - [2024-08-10 08:53:20,587] {dagbag.py:451} INFO - Filling up the DagBag from /home/airflow/.local/lib/python3.6/site-packages/airflow/example_dags/example_branch_python_dop_operator_3.py
[2024-08-10 08:53:20,601] {scheduler_job.py:639} INFO - DAG(s) dict_keys(['example_branch_dop_operator_v3']) retrieved from /home/airflow/.local/lib/python3.6/site-packages/airflow/example_dags/example_branch_python_dop_operator_3.py
[2024-08-10 08:53:20,623] {logging_mixin.py:104} INFO - [2024-08-10 08:53:20,623] {dag.py:1824} INFO - Sync 1 DAGs
[2024-08-10 08:53:20,648] {logging_mixin.py:104} INFO - [2024-08-10 08:53:20,648] {dag.py:2280} INFO - Setting next_dagrun for example_branch_dop_operator_v3 to 2024-08-08 00:00:00+00:00
[2024-08-10 08:53:20,658] {scheduler_job.py:190} INFO - Processing /home/airflow/.local/lib/python3.6/site-packages/airflow/example_dags/example_branch_python_dop_operator_3.py took 0.077 seconds
[2024-08-10 08:53:50,714] {scheduler_job.py:182} INFO - Started process (PID=1086) to work on /home/airflow/.local/lib/python3.6/site-packages/airflow/example_dags/example_branch_python_dop_operator_3.py
[2024-08-10 08:53:50,715] {scheduler_job.py:629} INFO - Processing file /home/airflow/.local/lib/python3.6/site-packages/airflow/example_dags/example_branch_python_dop_operator_3.py for tasks to queue
[2024-08-10 08:53:50,716] {logging_mixin.py:104} INFO - [2024-08-10 08:53:50,716] {dagbag.py:451} INFO - Filling up the DagBag from /home/airflow/.local/lib/python3.6/site-packages/airflow/example_dags/example_branch_python_dop_operator_3.py
[2024-08-10 08:53:50,731] {scheduler_job.py:639} INFO - DAG(s) dict_keys(['example_branch_dop_operator_v3']) retrieved from /home/airflow/.local/lib/python3.6/site-packages/airflow/example_dags/example_branch_python_dop_operator_3.py
[2024-08-10 08:53:50,751] {logging_mixin.py:104} INFO - [2024-08-10 08:53:50,751] {dag.py:1824} INFO - Sync 1 DAGs
[2024-08-10 08:53:50,776] {logging_mixin.py:104} INFO - [2024-08-10 08:53:50,776] {dag.py:2280} INFO - Setting next_dagrun for example_branch_dop_operator_v3 to 2024-08-08 00:00:00+00:00
[2024-08-10 08:53:50,786] {scheduler_job.py:190} INFO - Processing /home/airflow/.local/lib/python3.6/site-packages/airflow/example_dags/example_branch_python_dop_operator_3.py took 0.074 seconds
[2024-08-10 08:54:20,845] {scheduler_job.py:182} INFO - Started process (PID=1221) to work on /home/airflow/.local/lib/python3.6/site-packages/airflow/example_dags/example_branch_python_dop_operator_3.py
[2024-08-10 08:54:20,847] {scheduler_job.py:629} INFO - Processing file /home/airflow/.local/lib/python3.6/site-packages/airflow/example_dags/example_branch_python_dop_operator_3.py for tasks to queue
[2024-08-10 08:54:20,848] {logging_mixin.py:104} INFO - [2024-08-10 08:54:20,847] {dagbag.py:451} INFO - Filling up the DagBag from /home/airflow/.local/lib/python3.6/site-packages/airflow/example_dags/example_branch_python_dop_operator_3.py
[2024-08-10 08:54:20,868] {scheduler_job.py:639} INFO - DAG(s) dict_keys(['example_branch_dop_operator_v3']) retrieved from /home/airflow/.local/lib/python3.6/site-packages/airflow/example_dags/example_branch_python_dop_operator_3.py
[2024-08-10 08:54:20,889] {logging_mixin.py:104} INFO - [2024-08-10 08:54:20,889] {dag.py:1824} INFO - Sync 1 DAGs
[2024-08-10 08:54:20,915] {logging_mixin.py:104} INFO - [2024-08-10 08:54:20,915] {dag.py:2280} INFO - Setting next_dagrun for example_branch_dop_operator_v3 to 2024-08-08 00:00:00+00:00
[2024-08-10 08:54:20,930] {scheduler_job.py:190} INFO - Processing /home/airflow/.local/lib/python3.6/site-packages/airflow/example_dags/example_branch_python_dop_operator_3.py took 0.091 seconds
[2024-08-10 08:54:51,051] {scheduler_job.py:182} INFO - Started process (PID=1356) to work on /home/airflow/.local/lib/python3.6/site-packages/airflow/example_dags/example_branch_python_dop_operator_3.py
[2024-08-10 08:54:51,053] {scheduler_job.py:629} INFO - Processing file /home/airflow/.local/lib/python3.6/site-packages/airflow/example_dags/example_branch_python_dop_operator_3.py for tasks to queue
[2024-08-10 08:54:51,054] {logging_mixin.py:104} INFO - [2024-08-10 08:54:51,054] {dagbag.py:451} INFO - Filling up the DagBag from /home/airflow/.local/lib/python3.6/site-packages/airflow/example_dags/example_branch_python_dop_operator_3.py
[2024-08-10 08:54:51,075] {scheduler_job.py:639} INFO - DAG(s) dict_keys(['example_branch_dop_operator_v3']) retrieved from /home/airflow/.local/lib/python3.6/site-packages/airflow/example_dags/example_branch_python_dop_operator_3.py
[2024-08-10 08:54:51,095] {logging_mixin.py:104} INFO - [2024-08-10 08:54:51,095] {dag.py:1824} INFO - Sync 1 DAGs
[2024-08-10 08:54:51,120] {logging_mixin.py:104} INFO - [2024-08-10 08:54:51,120] {dag.py:2280} INFO - Setting next_dagrun for example_branch_dop_operator_v3 to 2024-08-08 00:00:00+00:00
[2024-08-10 08:54:51,130] {scheduler_job.py:190} INFO - Processing /home/airflow/.local/lib/python3.6/site-packages/airflow/example_dags/example_branch_python_dop_operator_3.py took 0.083 seconds
[2024-08-10 08:55:21,447] {scheduler_job.py:182} INFO - Started process (PID=1491) to work on /home/airflow/.local/lib/python3.6/site-packages/airflow/example_dags/example_branch_python_dop_operator_3.py
[2024-08-10 08:55:21,449] {scheduler_job.py:629} INFO - Processing file /home/airflow/.local/lib/python3.6/site-packages/airflow/example_dags/example_branch_python_dop_operator_3.py for tasks to queue
[2024-08-10 08:55:21,450] {logging_mixin.py:104} INFO - [2024-08-10 08:55:21,450] {dagbag.py:451} INFO - Filling up the DagBag from /home/airflow/.local/lib/python3.6/site-packages/airflow/example_dags/example_branch_python_dop_operator_3.py
[2024-08-10 08:55:21,475] {scheduler_job.py:639} INFO - DAG(s) dict_keys(['example_branch_dop_operator_v3']) retrieved from /home/airflow/.local/lib/python3.6/site-packages/airflow/example_dags/example_branch_python_dop_operator_3.py
[2024-08-10 08:55:21,496] {logging_mixin.py:104} INFO - [2024-08-10 08:55:21,496] {dag.py:1824} INFO - Sync 1 DAGs
[2024-08-10 08:55:21,521] {logging_mixin.py:104} INFO - [2024-08-10 08:55:21,521] {dag.py:2280} INFO - Setting next_dagrun for example_branch_dop_operator_v3 to 2024-08-08 00:00:00+00:00
[2024-08-10 08:55:21,531] {scheduler_job.py:190} INFO - Processing /home/airflow/.local/lib/python3.6/site-packages/airflow/example_dags/example_branch_python_dop_operator_3.py took 0.093 seconds
[2024-08-10 08:55:51,889] {scheduler_job.py:182} INFO - Started process (PID=1626) to work on /home/airflow/.local/lib/python3.6/site-packages/airflow/example_dags/example_branch_python_dop_operator_3.py
[2024-08-10 08:55:51,891] {scheduler_job.py:629} INFO - Processing file /home/airflow/.local/lib/python3.6/site-packages/airflow/example_dags/example_branch_python_dop_operator_3.py for tasks to queue
[2024-08-10 08:55:51,892] {logging_mixin.py:104} INFO - [2024-08-10 08:55:51,891] {dagbag.py:451} INFO - Filling up the DagBag from /home/airflow/.local/lib/python3.6/site-packages/airflow/example_dags/example_branch_python_dop_operator_3.py
[2024-08-10 08:55:51,912] {scheduler_job.py:639} INFO - DAG(s) dict_keys(['example_branch_dop_operator_v3']) retrieved from /home/airflow/.local/lib/python3.6/site-packages/airflow/example_dags/example_branch_python_dop_operator_3.py
[2024-08-10 08:55:51,933] {logging_mixin.py:104} INFO - [2024-08-10 08:55:51,932] {dag.py:1824} INFO - Sync 1 DAGs
[2024-08-10 08:55:51,959] {logging_mixin.py:104} INFO - [2024-08-10 08:55:51,959] {dag.py:2280} INFO - Setting next_dagrun for example_branch_dop_operator_v3 to 2024-08-08 00:00:00+00:00
[2024-08-10 08:55:51,977] {scheduler_job.py:190} INFO - Processing /home/airflow/.local/lib/python3.6/site-packages/airflow/example_dags/example_branch_python_dop_operator_3.py took 0.094 seconds
[2024-08-10 08:56:22,050] {scheduler_job.py:182} INFO - Started process (PID=1761) to work on /home/airflow/.local/lib/python3.6/site-packages/airflow/example_dags/example_branch_python_dop_operator_3.py
[2024-08-10 08:56:22,052] {scheduler_job.py:629} INFO - Processing file /home/airflow/.local/lib/python3.6/site-packages/airflow/example_dags/example_branch_python_dop_operator_3.py for tasks to queue
[2024-08-10 08:56:22,052] {logging_mixin.py:104} INFO - [2024-08-10 08:56:22,052] {dagbag.py:451} INFO - Filling up the DagBag from /home/airflow/.local/lib/python3.6/site-packages/airflow/example_dags/example_branch_python_dop_operator_3.py
[2024-08-10 08:56:22,065] {scheduler_job.py:639} INFO - DAG(s) dict_keys(['example_branch_dop_operator_v3']) retrieved from /home/airflow/.local/lib/python3.6/site-packages/airflow/example_dags/example_branch_python_dop_operator_3.py
[2024-08-10 08:56:22,083] {logging_mixin.py:104} INFO - [2024-08-10 08:56:22,083] {dag.py:1824} INFO - Sync 1 DAGs
[2024-08-10 08:56:22,108] {logging_mixin.py:104} INFO - [2024-08-10 08:56:22,108] {dag.py:2280} INFO - Setting next_dagrun for example_branch_dop_operator_v3 to 2024-08-08 00:00:00+00:00
[2024-08-10 08:56:22,118] {scheduler_job.py:190} INFO - Processing /home/airflow/.local/lib/python3.6/site-packages/airflow/example_dags/example_branch_python_dop_operator_3.py took 0.071 seconds
[2024-08-10 08:56:52,162] {scheduler_job.py:182} INFO - Started process (PID=1896) to work on /home/airflow/.local/lib/python3.6/site-packages/airflow/example_dags/example_branch_python_dop_operator_3.py
[2024-08-10 08:56:52,163] {scheduler_job.py:629} INFO - Processing file /home/airflow/.local/lib/python3.6/site-packages/airflow/example_dags/example_branch_python_dop_operator_3.py for tasks to queue
[2024-08-10 08:56:52,164] {logging_mixin.py:104} INFO - [2024-08-10 08:56:52,164] {dagbag.py:451} INFO - Filling up the DagBag from /home/airflow/.local/lib/python3.6/site-packages/airflow/example_dags/example_branch_python_dop_operator_3.py
[2024-08-10 08:56:52,181] {scheduler_job.py:639} INFO - DAG(s) dict_keys(['example_branch_dop_operator_v3']) retrieved from /home/airflow/.local/lib/python3.6/site-packages/airflow/example_dags/example_branch_python_dop_operator_3.py
[2024-08-10 08:56:52,205] {logging_mixin.py:104} INFO - [2024-08-10 08:56:52,205] {dag.py:1824} INFO - Sync 1 DAGs
[2024-08-10 08:56:52,236] {logging_mixin.py:104} INFO - [2024-08-10 08:56:52,235] {dag.py:2280} INFO - Setting next_dagrun for example_branch_dop_operator_v3 to 2024-08-08 00:00:00+00:00
[2024-08-10 08:56:52,257] {scheduler_job.py:190} INFO - Processing /home/airflow/.local/lib/python3.6/site-packages/airflow/example_dags/example_branch_python_dop_operator_3.py took 0.098 seconds
[2024-08-10 08:57:22,764] {scheduler_job.py:182} INFO - Started process (PID=2041) to work on /home/airflow/.local/lib/python3.6/site-packages/airflow/example_dags/example_branch_python_dop_operator_3.py
[2024-08-10 08:57:22,765] {scheduler_job.py:629} INFO - Processing file /home/airflow/.local/lib/python3.6/site-packages/airflow/example_dags/example_branch_python_dop_operator_3.py for tasks to queue
[2024-08-10 08:57:22,765] {logging_mixin.py:104} INFO - [2024-08-10 08:57:22,765] {dagbag.py:451} INFO - Filling up the DagBag from /home/airflow/.local/lib/python3.6/site-packages/airflow/example_dags/example_branch_python_dop_operator_3.py
[2024-08-10 08:57:22,778] {scheduler_job.py:639} INFO - DAG(s) dict_keys(['example_branch_dop_operator_v3']) retrieved from /home/airflow/.local/lib/python3.6/site-packages/airflow/example_dags/example_branch_python_dop_operator_3.py
[2024-08-10 08:57:22,796] {logging_mixin.py:104} INFO - [2024-08-10 08:57:22,796] {dag.py:1824} INFO - Sync 1 DAGs
[2024-08-10 08:57:22,822] {logging_mixin.py:104} INFO - [2024-08-10 08:57:22,822] {dag.py:2280} INFO - Setting next_dagrun for example_branch_dop_operator_v3 to 2024-08-08 00:00:00+00:00
[2024-08-10 08:57:22,832] {scheduler_job.py:190} INFO - Processing /home/airflow/.local/lib/python3.6/site-packages/airflow/example_dags/example_branch_python_dop_operator_3.py took 0.072 seconds
[2024-08-10 08:57:53,150] {scheduler_job.py:182} INFO - Started process (PID=2176) to work on /home/airflow/.local/lib/python3.6/site-packages/airflow/example_dags/example_branch_python_dop_operator_3.py
[2024-08-10 08:57:53,151] {scheduler_job.py:629} INFO - Processing file /home/airflow/.local/lib/python3.6/site-packages/airflow/example_dags/example_branch_python_dop_operator_3.py for tasks to queue
[2024-08-10 08:57:53,152] {logging_mixin.py:104} INFO - [2024-08-10 08:57:53,152] {dagbag.py:451} INFO - Filling up the DagBag from /home/airflow/.local/lib/python3.6/site-packages/airflow/example_dags/example_branch_python_dop_operator_3.py
[2024-08-10 08:57:53,165] {scheduler_job.py:639} INFO - DAG(s) dict_keys(['example_branch_dop_operator_v3']) retrieved from /home/airflow/.local/lib/python3.6/site-packages/airflow/example_dags/example_branch_python_dop_operator_3.py
[2024-08-10 08:57:53,185] {logging_mixin.py:104} INFO - [2024-08-10 08:57:53,184] {dag.py:1824} INFO - Sync 1 DAGs
[2024-08-10 08:57:53,212] {logging_mixin.py:104} INFO - [2024-08-10 08:57:53,212] {dag.py:2280} INFO - Setting next_dagrun for example_branch_dop_operator_v3 to 2024-08-08 00:00:00+00:00
[2024-08-10 08:57:53,220] {scheduler_job.py:190} INFO - Processing /home/airflow/.local/lib/python3.6/site-packages/airflow/example_dags/example_branch_python_dop_operator_3.py took 0.074 seconds
[2024-08-10 08:58:23,249] {scheduler_job.py:182} INFO - Started process (PID=2311) to work on /home/airflow/.local/lib/python3.6/site-packages/airflow/example_dags/example_branch_python_dop_operator_3.py
[2024-08-10 08:58:23,250] {scheduler_job.py:629} INFO - Processing file /home/airflow/.local/lib/python3.6/site-packages/airflow/example_dags/example_branch_python_dop_operator_3.py for tasks to queue
[2024-08-10 08:58:23,251] {logging_mixin.py:104} INFO - [2024-08-10 08:58:23,251] {dagbag.py:451} INFO - Filling up the DagBag from /home/airflow/.local/lib/python3.6/site-packages/airflow/example_dags/example_branch_python_dop_operator_3.py
[2024-08-10 08:58:23,263] {scheduler_job.py:639} INFO - DAG(s) dict_keys(['example_branch_dop_operator_v3']) retrieved from /home/airflow/.local/lib/python3.6/site-packages/airflow/example_dags/example_branch_python_dop_operator_3.py
[2024-08-10 08:58:23,283] {logging_mixin.py:104} INFO - [2024-08-10 08:58:23,283] {dag.py:1824} INFO - Sync 1 DAGs
[2024-08-10 08:58:23,310] {logging_mixin.py:104} INFO - [2024-08-10 08:58:23,310] {dag.py:2280} INFO - Setting next_dagrun for example_branch_dop_operator_v3 to 2024-08-08 00:00:00+00:00
[2024-08-10 08:58:23,320] {scheduler_job.py:190} INFO - Processing /home/airflow/.local/lib/python3.6/site-packages/airflow/example_dags/example_branch_python_dop_operator_3.py took 0.073 seconds
[2024-08-10 08:58:53,533] {scheduler_job.py:182} INFO - Started process (PID=2436) to work on /home/airflow/.local/lib/python3.6/site-packages/airflow/example_dags/example_branch_python_dop_operator_3.py
[2024-08-10 08:58:53,534] {scheduler_job.py:629} INFO - Processing file /home/airflow/.local/lib/python3.6/site-packages/airflow/example_dags/example_branch_python_dop_operator_3.py for tasks to queue
[2024-08-10 08:58:53,535] {logging_mixin.py:104} INFO - [2024-08-10 08:58:53,534] {dagbag.py:451} INFO - Filling up the DagBag from /home/airflow/.local/lib/python3.6/site-packages/airflow/example_dags/example_branch_python_dop_operator_3.py
[2024-08-10 08:58:53,547] {scheduler_job.py:639} INFO - DAG(s) dict_keys(['example_branch_dop_operator_v3']) retrieved from /home/airflow/.local/lib/python3.6/site-packages/airflow/example_dags/example_branch_python_dop_operator_3.py
[2024-08-10 08:58:53,565] {logging_mixin.py:104} INFO - [2024-08-10 08:58:53,565] {dag.py:1824} INFO - Sync 1 DAGs
[2024-08-10 08:58:53,601] {logging_mixin.py:104} INFO - [2024-08-10 08:58:53,601] {dag.py:2280} INFO - Setting next_dagrun for example_branch_dop_operator_v3 to 2024-08-08 00:00:00+00:00
[2024-08-10 08:58:53,611] {scheduler_job.py:190} INFO - Processing /home/airflow/.local/lib/python3.6/site-packages/airflow/example_dags/example_branch_python_dop_operator_3.py took 0.080 seconds
[2024-08-10 08:59:23,709] {scheduler_job.py:182} INFO - Started process (PID=2571) to work on /home/airflow/.local/lib/python3.6/site-packages/airflow/example_dags/example_branch_python_dop_operator_3.py
[2024-08-10 08:59:23,710] {scheduler_job.py:629} INFO - Processing file /home/airflow/.local/lib/python3.6/site-packages/airflow/example_dags/example_branch_python_dop_operator_3.py for tasks to queue
[2024-08-10 08:59:23,711] {logging_mixin.py:104} INFO - [2024-08-10 08:59:23,710] {dagbag.py:451} INFO - Filling up the DagBag from /home/airflow/.local/lib/python3.6/site-packages/airflow/example_dags/example_branch_python_dop_operator_3.py
[2024-08-10 08:59:23,727] {scheduler_job.py:639} INFO - DAG(s) dict_keys(['example_branch_dop_operator_v3']) retrieved from /home/airflow/.local/lib/python3.6/site-packages/airflow/example_dags/example_branch_python_dop_operator_3.py
[2024-08-10 08:59:23,746] {logging_mixin.py:104} INFO - [2024-08-10 08:59:23,746] {dag.py:1824} INFO - Sync 1 DAGs
[2024-08-10 08:59:23,772] {logging_mixin.py:104} INFO - [2024-08-10 08:59:23,772] {dag.py:2280} INFO - Setting next_dagrun for example_branch_dop_operator_v3 to 2024-08-08 00:00:00+00:00
[2024-08-10 08:59:23,788] {scheduler_job.py:190} INFO - Processing /home/airflow/.local/lib/python3.6/site-packages/airflow/example_dags/example_branch_python_dop_operator_3.py took 0.082 seconds
[2024-08-10 08:59:53,943] {scheduler_job.py:182} INFO - Started process (PID=2706) to work on /home/airflow/.local/lib/python3.6/site-packages/airflow/example_dags/example_branch_python_dop_operator_3.py
[2024-08-10 08:59:53,945] {scheduler_job.py:629} INFO - Processing file /home/airflow/.local/lib/python3.6/site-packages/airflow/example_dags/example_branch_python_dop_operator_3.py for tasks to queue
[2024-08-10 08:59:53,945] {logging_mixin.py:104} INFO - [2024-08-10 08:59:53,945] {dagbag.py:451} INFO - Filling up the DagBag from /home/airflow/.local/lib/python3.6/site-packages/airflow/example_dags/example_branch_python_dop_operator_3.py
[2024-08-10 08:59:53,963] {scheduler_job.py:639} INFO - DAG(s) dict_keys(['example_branch_dop_operator_v3']) retrieved from /home/airflow/.local/lib/python3.6/site-packages/airflow/example_dags/example_branch_python_dop_operator_3.py
[2024-08-10 08:59:53,983] {logging_mixin.py:104} INFO - [2024-08-10 08:59:53,983] {dag.py:1824} INFO - Sync 1 DAGs
[2024-08-10 08:59:54,010] {logging_mixin.py:104} INFO - [2024-08-10 08:59:54,010] {dag.py:2280} INFO - Setting next_dagrun for example_branch_dop_operator_v3 to 2024-08-08 00:00:00+00:00
[2024-08-10 08:59:54,019] {scheduler_job.py:190} INFO - Processing /home/airflow/.local/lib/python3.6/site-packages/airflow/example_dags/example_branch_python_dop_operator_3.py took 0.080 seconds
[2024-08-10 09:00:24,129] {scheduler_job.py:182} INFO - Started process (PID=2841) to work on /home/airflow/.local/lib/python3.6/site-packages/airflow/example_dags/example_branch_python_dop_operator_3.py
[2024-08-10 09:00:24,130] {scheduler_job.py:629} INFO - Processing file /home/airflow/.local/lib/python3.6/site-packages/airflow/example_dags/example_branch_python_dop_operator_3.py for tasks to queue
[2024-08-10 09:00:24,131] {logging_mixin.py:104} INFO - [2024-08-10 09:00:24,131] {dagbag.py:451} INFO - Filling up the DagBag from /home/airflow/.local/lib/python3.6/site-packages/airflow/example_dags/example_branch_python_dop_operator_3.py
[2024-08-10 09:00:24,152] {scheduler_job.py:639} INFO - DAG(s) dict_keys(['example_branch_dop_operator_v3']) retrieved from /home/airflow/.local/lib/python3.6/site-packages/airflow/example_dags/example_branch_python_dop_operator_3.py
[2024-08-10 09:00:24,172] {logging_mixin.py:104} INFO - [2024-08-10 09:00:24,172] {dag.py:1824} INFO - Sync 1 DAGs
[2024-08-10 09:00:24,202] {logging_mixin.py:104} INFO - [2024-08-10 09:00:24,201] {dag.py:2280} INFO - Setting next_dagrun for example_branch_dop_operator_v3 to 2024-08-08 00:00:00+00:00
[2024-08-10 09:00:24,215] {scheduler_job.py:190} INFO - Processing /home/airflow/.local/lib/python3.6/site-packages/airflow/example_dags/example_branch_python_dop_operator_3.py took 0.090 seconds
[2024-08-10 09:00:54,732] {scheduler_job.py:182} INFO - Started process (PID=2984) to work on /home/airflow/.local/lib/python3.6/site-packages/airflow/example_dags/example_branch_python_dop_operator_3.py
[2024-08-10 09:00:54,732] {scheduler_job.py:629} INFO - Processing file /home/airflow/.local/lib/python3.6/site-packages/airflow/example_dags/example_branch_python_dop_operator_3.py for tasks to queue
[2024-08-10 09:00:54,733] {logging_mixin.py:104} INFO - [2024-08-10 09:00:54,733] {dagbag.py:451} INFO - Filling up the DagBag from /home/airflow/.local/lib/python3.6/site-packages/airflow/example_dags/example_branch_python_dop_operator_3.py
[2024-08-10 09:00:54,746] {scheduler_job.py:639} INFO - DAG(s) dict_keys(['example_branch_dop_operator_v3']) retrieved from /home/airflow/.local/lib/python3.6/site-packages/airflow/example_dags/example_branch_python_dop_operator_3.py
[2024-08-10 09:00:54,766] {logging_mixin.py:104} INFO - [2024-08-10 09:00:54,765] {dag.py:1824} INFO - Sync 1 DAGs
[2024-08-10 09:00:54,795] {logging_mixin.py:104} INFO - [2024-08-10 09:00:54,795] {dag.py:2280} INFO - Setting next_dagrun for example_branch_dop_operator_v3 to 2024-08-08 00:00:00+00:00
[2024-08-10 09:00:54,805] {scheduler_job.py:190} INFO - Processing /home/airflow/.local/lib/python3.6/site-packages/airflow/example_dags/example_branch_python_dop_operator_3.py took 0.076 seconds
[2024-08-10 09:01:24,908] {scheduler_job.py:182} INFO - Started process (PID=3121) to work on /home/airflow/.local/lib/python3.6/site-packages/airflow/example_dags/example_branch_python_dop_operator_3.py
[2024-08-10 09:01:24,910] {scheduler_job.py:629} INFO - Processing file /home/airflow/.local/lib/python3.6/site-packages/airflow/example_dags/example_branch_python_dop_operator_3.py for tasks to queue
[2024-08-10 09:01:24,910] {logging_mixin.py:104} INFO - [2024-08-10 09:01:24,910] {dagbag.py:451} INFO - Filling up the DagBag from /home/airflow/.local/lib/python3.6/site-packages/airflow/example_dags/example_branch_python_dop_operator_3.py
[2024-08-10 09:01:24,927] {scheduler_job.py:639} INFO - DAG(s) dict_keys(['example_branch_dop_operator_v3']) retrieved from /home/airflow/.local/lib/python3.6/site-packages/airflow/example_dags/example_branch_python_dop_operator_3.py
[2024-08-10 09:01:24,951] {logging_mixin.py:104} INFO - [2024-08-10 09:01:24,951] {dag.py:1824} INFO - Sync 1 DAGs
[2024-08-10 09:01:24,985] {logging_mixin.py:104} INFO - [2024-08-10 09:01:24,985] {dag.py:2280} INFO - Setting next_dagrun for example_branch_dop_operator_v3 to 2024-08-08 00:00:00+00:00
[2024-08-10 09:01:24,996] {scheduler_job.py:190} INFO - Processing /home/airflow/.local/lib/python3.6/site-packages/airflow/example_dags/example_branch_python_dop_operator_3.py took 0.092 seconds
[2024-08-10 09:01:55,256] {scheduler_job.py:182} INFO - Started process (PID=3256) to work on /home/airflow/.local/lib/python3.6/site-packages/airflow/example_dags/example_branch_python_dop_operator_3.py
[2024-08-10 09:01:55,257] {scheduler_job.py:629} INFO - Processing file /home/airflow/.local/lib/python3.6/site-packages/airflow/example_dags/example_branch_python_dop_operator_3.py for tasks to queue
[2024-08-10 09:01:55,257] {logging_mixin.py:104} INFO - [2024-08-10 09:01:55,257] {dagbag.py:451} INFO - Filling up the DagBag from /home/airflow/.local/lib/python3.6/site-packages/airflow/example_dags/example_branch_python_dop_operator_3.py
[2024-08-10 09:01:55,271] {scheduler_job.py:639} INFO - DAG(s) dict_keys(['example_branch_dop_operator_v3']) retrieved from /home/airflow/.local/lib/python3.6/site-packages/airflow/example_dags/example_branch_python_dop_operator_3.py
[2024-08-10 09:01:55,289] {logging_mixin.py:104} INFO - [2024-08-10 09:01:55,289] {dag.py:1824} INFO - Sync 1 DAGs
[2024-08-10 09:01:55,316] {logging_mixin.py:104} INFO - [2024-08-10 09:01:55,316] {dag.py:2280} INFO - Setting next_dagrun for example_branch_dop_operator_v3 to 2024-08-08 00:00:00+00:00
[2024-08-10 09:01:55,325] {scheduler_job.py:190} INFO - Processing /home/airflow/.local/lib/python3.6/site-packages/airflow/example_dags/example_branch_python_dop_operator_3.py took 0.072 seconds
[2024-08-10 09:02:25,515] {scheduler_job.py:182} INFO - Started process (PID=3391) to work on /home/airflow/.local/lib/python3.6/site-packages/airflow/example_dags/example_branch_python_dop_operator_3.py
[2024-08-10 09:02:25,516] {scheduler_job.py:629} INFO - Processing file /home/airflow/.local/lib/python3.6/site-packages/airflow/example_dags/example_branch_python_dop_operator_3.py for tasks to queue
[2024-08-10 09:02:25,516] {logging_mixin.py:104} INFO - [2024-08-10 09:02:25,516] {dagbag.py:451} INFO - Filling up the DagBag from /home/airflow/.local/lib/python3.6/site-packages/airflow/example_dags/example_branch_python_dop_operator_3.py
[2024-08-10 09:02:25,530] {scheduler_job.py:639} INFO - DAG(s) dict_keys(['example_branch_dop_operator_v3']) retrieved from /home/airflow/.local/lib/python3.6/site-packages/airflow/example_dags/example_branch_python_dop_operator_3.py
[2024-08-10 09:02:25,550] {logging_mixin.py:104} INFO - [2024-08-10 09:02:25,550] {dag.py:1824} INFO - Sync 1 DAGs
[2024-08-10 09:02:25,590] {logging_mixin.py:104} INFO - [2024-08-10 09:02:25,590] {dag.py:2280} INFO - Setting next_dagrun for example_branch_dop_operator_v3 to 2024-08-08 00:00:00+00:00
[2024-08-10 09:02:25,605] {scheduler_job.py:190} INFO - Processing /home/airflow/.local/lib/python3.6/site-packages/airflow/example_dags/example_branch_python_dop_operator_3.py took 0.093 seconds
[2024-08-10 09:02:55,933] {scheduler_job.py:182} INFO - Started process (PID=3534) to work on /home/airflow/.local/lib/python3.6/site-packages/airflow/example_dags/example_branch_python_dop_operator_3.py
[2024-08-10 09:02:55,934] {scheduler_job.py:629} INFO - Processing file /home/airflow/.local/lib/python3.6/site-packages/airflow/example_dags/example_branch_python_dop_operator_3.py for tasks to queue
[2024-08-10 09:02:55,935] {logging_mixin.py:104} INFO - [2024-08-10 09:02:55,935] {dagbag.py:451} INFO - Filling up the DagBag from /home/airflow/.local/lib/python3.6/site-packages/airflow/example_dags/example_branch_python_dop_operator_3.py
[2024-08-10 09:02:55,948] {scheduler_job.py:639} INFO - DAG(s) dict_keys(['example_branch_dop_operator_v3']) retrieved from /home/airflow/.local/lib/python3.6/site-packages/airflow/example_dags/example_branch_python_dop_operator_3.py
[2024-08-10 09:02:55,967] {logging_mixin.py:104} INFO - [2024-08-10 09:02:55,967] {dag.py:1824} INFO - Sync 1 DAGs
[2024-08-10 09:02:55,994] {logging_mixin.py:104} INFO - [2024-08-10 09:02:55,993] {dag.py:2280} INFO - Setting next_dagrun for example_branch_dop_operator_v3 to 2024-08-08 00:00:00+00:00
[2024-08-10 09:02:56,003] {scheduler_job.py:190} INFO - Processing /home/airflow/.local/lib/python3.6/site-packages/airflow/example_dags/example_branch_python_dop_operator_3.py took 0.073 seconds
[2024-08-10 09:03:26,183] {scheduler_job.py:182} INFO - Started process (PID=3661) to work on /home/airflow/.local/lib/python3.6/site-packages/airflow/example_dags/example_branch_python_dop_operator_3.py
[2024-08-10 09:03:26,184] {scheduler_job.py:629} INFO - Processing file /home/airflow/.local/lib/python3.6/site-packages/airflow/example_dags/example_branch_python_dop_operator_3.py for tasks to queue
[2024-08-10 09:03:26,185] {logging_mixin.py:104} INFO - [2024-08-10 09:03:26,185] {dagbag.py:451} INFO - Filling up the DagBag from /home/airflow/.local/lib/python3.6/site-packages/airflow/example_dags/example_branch_python_dop_operator_3.py
[2024-08-10 09:03:26,198] {scheduler_job.py:639} INFO - DAG(s) dict_keys(['example_branch_dop_operator_v3']) retrieved from /home/airflow/.local/lib/python3.6/site-packages/airflow/example_dags/example_branch_python_dop_operator_3.py
[2024-08-10 09:03:26,217] {logging_mixin.py:104} INFO - [2024-08-10 09:03:26,217] {dag.py:1824} INFO - Sync 1 DAGs
[2024-08-10 09:03:26,243] {logging_mixin.py:104} INFO - [2024-08-10 09:03:26,243] {dag.py:2280} INFO - Setting next_dagrun for example_branch_dop_operator_v3 to 2024-08-08 00:00:00+00:00
[2024-08-10 09:03:26,252] {scheduler_job.py:190} INFO - Processing /home/airflow/.local/lib/python3.6/site-packages/airflow/example_dags/example_branch_python_dop_operator_3.py took 0.072 seconds
[2024-08-10 09:03:56,475] {scheduler_job.py:182} INFO - Started process (PID=3796) to work on /home/airflow/.local/lib/python3.6/site-packages/airflow/example_dags/example_branch_python_dop_operator_3.py
[2024-08-10 09:03:56,476] {scheduler_job.py:629} INFO - Processing file /home/airflow/.local/lib/python3.6/site-packages/airflow/example_dags/example_branch_python_dop_operator_3.py for tasks to queue
[2024-08-10 09:03:56,476] {logging_mixin.py:104} INFO - [2024-08-10 09:03:56,476] {dagbag.py:451} INFO - Filling up the DagBag from /home/airflow/.local/lib/python3.6/site-packages/airflow/example_dags/example_branch_python_dop_operator_3.py
[2024-08-10 09:03:56,490] {scheduler_job.py:639} INFO - DAG(s) dict_keys(['example_branch_dop_operator_v3']) retrieved from /home/airflow/.local/lib/python3.6/site-packages/airflow/example_dags/example_branch_python_dop_operator_3.py
[2024-08-10 09:03:56,509] {logging_mixin.py:104} INFO - [2024-08-10 09:03:56,509] {dag.py:1824} INFO - Sync 1 DAGs
[2024-08-10 09:03:56,535] {logging_mixin.py:104} INFO - [2024-08-10 09:03:56,534] {dag.py:2280} INFO - Setting next_dagrun for example_branch_dop_operator_v3 to 2024-08-08 00:00:00+00:00
[2024-08-10 09:03:56,545] {scheduler_job.py:190} INFO - Processing /home/airflow/.local/lib/python3.6/site-packages/airflow/example_dags/example_branch_python_dop_operator_3.py took 0.072 seconds
[2024-08-10 09:04:26,733] {scheduler_job.py:182} INFO - Started process (PID=3929) to work on /home/airflow/.local/lib/python3.6/site-packages/airflow/example_dags/example_branch_python_dop_operator_3.py
[2024-08-10 09:04:26,734] {scheduler_job.py:629} INFO - Processing file /home/airflow/.local/lib/python3.6/site-packages/airflow/example_dags/example_branch_python_dop_operator_3.py for tasks to queue
[2024-08-10 09:04:26,735] {logging_mixin.py:104} INFO - [2024-08-10 09:04:26,735] {dagbag.py:451} INFO - Filling up the DagBag from /home/airflow/.local/lib/python3.6/site-packages/airflow/example_dags/example_branch_python_dop_operator_3.py
[2024-08-10 09:04:26,749] {scheduler_job.py:639} INFO - DAG(s) dict_keys(['example_branch_dop_operator_v3']) retrieved from /home/airflow/.local/lib/python3.6/site-packages/airflow/example_dags/example_branch_python_dop_operator_3.py
[2024-08-10 09:04:26,769] {logging_mixin.py:104} INFO - [2024-08-10 09:04:26,769] {dag.py:1824} INFO - Sync 1 DAGs
[2024-08-10 09:04:26,796] {logging_mixin.py:104} INFO - [2024-08-10 09:04:26,796] {dag.py:2280} INFO - Setting next_dagrun for example_branch_dop_operator_v3 to 2024-08-08 00:00:00+00:00
[2024-08-10 09:04:26,807] {scheduler_job.py:190} INFO - Processing /home/airflow/.local/lib/python3.6/site-packages/airflow/example_dags/example_branch_python_dop_operator_3.py took 0.077 seconds
[2024-08-10 09:04:57,026] {scheduler_job.py:182} INFO - Started process (PID=4056) to work on /home/airflow/.local/lib/python3.6/site-packages/airflow/example_dags/example_branch_python_dop_operator_3.py
[2024-08-10 09:04:57,029] {scheduler_job.py:629} INFO - Processing file /home/airflow/.local/lib/python3.6/site-packages/airflow/example_dags/example_branch_python_dop_operator_3.py for tasks to queue
[2024-08-10 09:04:57,031] {logging_mixin.py:104} INFO - [2024-08-10 09:04:57,030] {dagbag.py:451} INFO - Filling up the DagBag from /home/airflow/.local/lib/python3.6/site-packages/airflow/example_dags/example_branch_python_dop_operator_3.py
[2024-08-10 09:04:57,055] {scheduler_job.py:639} INFO - DAG(s) dict_keys(['example_branch_dop_operator_v3']) retrieved from /home/airflow/.local/lib/python3.6/site-packages/airflow/example_dags/example_branch_python_dop_operator_3.py
[2024-08-10 09:04:57,077] {logging_mixin.py:104} INFO - [2024-08-10 09:04:57,077] {dag.py:1824} INFO - Sync 1 DAGs
[2024-08-10 09:04:57,105] {logging_mixin.py:104} INFO - [2024-08-10 09:04:57,104] {dag.py:2280} INFO - Setting next_dagrun for example_branch_dop_operator_v3 to 2024-08-08 00:00:00+00:00
[2024-08-10 09:04:57,117] {scheduler_job.py:190} INFO - Processing /home/airflow/.local/lib/python3.6/site-packages/airflow/example_dags/example_branch_python_dop_operator_3.py took 0.098 seconds
[2024-08-10 09:05:27,244] {scheduler_job.py:182} INFO - Started process (PID=4191) to work on /home/airflow/.local/lib/python3.6/site-packages/airflow/example_dags/example_branch_python_dop_operator_3.py
[2024-08-10 09:05:27,246] {scheduler_job.py:629} INFO - Processing file /home/airflow/.local/lib/python3.6/site-packages/airflow/example_dags/example_branch_python_dop_operator_3.py for tasks to queue
[2024-08-10 09:05:27,246] {logging_mixin.py:104} INFO - [2024-08-10 09:05:27,246] {dagbag.py:451} INFO - Filling up the DagBag from /home/airflow/.local/lib/python3.6/site-packages/airflow/example_dags/example_branch_python_dop_operator_3.py
[2024-08-10 09:05:27,262] {scheduler_job.py:639} INFO - DAG(s) dict_keys(['example_branch_dop_operator_v3']) retrieved from /home/airflow/.local/lib/python3.6/site-packages/airflow/example_dags/example_branch_python_dop_operator_3.py
[2024-08-10 09:05:27,279] {logging_mixin.py:104} INFO - [2024-08-10 09:05:27,279] {dag.py:1824} INFO - Sync 1 DAGs
[2024-08-10 09:05:27,306] {logging_mixin.py:104} INFO - [2024-08-10 09:05:27,306] {dag.py:2280} INFO - Setting next_dagrun for example_branch_dop_operator_v3 to 2024-08-08 00:00:00+00:00
[2024-08-10 09:05:27,320] {scheduler_job.py:190} INFO - Processing /home/airflow/.local/lib/python3.6/site-packages/airflow/example_dags/example_branch_python_dop_operator_3.py took 0.080 seconds
[2024-08-10 09:05:57,433] {scheduler_job.py:182} INFO - Started process (PID=4326) to work on /home/airflow/.local/lib/python3.6/site-packages/airflow/example_dags/example_branch_python_dop_operator_3.py
[2024-08-10 09:05:57,435] {scheduler_job.py:629} INFO - Processing file /home/airflow/.local/lib/python3.6/site-packages/airflow/example_dags/example_branch_python_dop_operator_3.py for tasks to queue
[2024-08-10 09:05:57,436] {logging_mixin.py:104} INFO - [2024-08-10 09:05:57,436] {dagbag.py:451} INFO - Filling up the DagBag from /home/airflow/.local/lib/python3.6/site-packages/airflow/example_dags/example_branch_python_dop_operator_3.py
[2024-08-10 09:05:57,459] {scheduler_job.py:639} INFO - DAG(s) dict_keys(['example_branch_dop_operator_v3']) retrieved from /home/airflow/.local/lib/python3.6/site-packages/airflow/example_dags/example_branch_python_dop_operator_3.py
[2024-08-10 09:05:57,481] {logging_mixin.py:104} INFO - [2024-08-10 09:05:57,481] {dag.py:1824} INFO - Sync 1 DAGs
[2024-08-10 09:05:57,507] {logging_mixin.py:104} INFO - [2024-08-10 09:05:57,507] {dag.py:2280} INFO - Setting next_dagrun for example_branch_dop_operator_v3 to 2024-08-08 00:00:00+00:00
[2024-08-10 09:05:57,542] {scheduler_job.py:190} INFO - Processing /home/airflow/.local/lib/python3.6/site-packages/airflow/example_dags/example_branch_python_dop_operator_3.py took 0.114 seconds
[2024-08-10 09:06:27,718] {scheduler_job.py:182} INFO - Started process (PID=4463) to work on /home/airflow/.local/lib/python3.6/site-packages/airflow/example_dags/example_branch_python_dop_operator_3.py
[2024-08-10 09:06:27,720] {scheduler_job.py:629} INFO - Processing file /home/airflow/.local/lib/python3.6/site-packages/airflow/example_dags/example_branch_python_dop_operator_3.py for tasks to queue
[2024-08-10 09:06:27,721] {logging_mixin.py:104} INFO - [2024-08-10 09:06:27,720] {dagbag.py:451} INFO - Filling up the DagBag from /home/airflow/.local/lib/python3.6/site-packages/airflow/example_dags/example_branch_python_dop_operator_3.py
[2024-08-10 09:06:27,734] {scheduler_job.py:639} INFO - DAG(s) dict_keys(['example_branch_dop_operator_v3']) retrieved from /home/airflow/.local/lib/python3.6/site-packages/airflow/example_dags/example_branch_python_dop_operator_3.py
[2024-08-10 09:06:27,754] {logging_mixin.py:104} INFO - [2024-08-10 09:06:27,754] {dag.py:1824} INFO - Sync 1 DAGs
[2024-08-10 09:06:27,781] {logging_mixin.py:104} INFO - [2024-08-10 09:06:27,781] {dag.py:2280} INFO - Setting next_dagrun for example_branch_dop_operator_v3 to 2024-08-08 00:00:00+00:00
[2024-08-10 09:06:27,801] {scheduler_job.py:190} INFO - Processing /home/airflow/.local/lib/python3.6/site-packages/airflow/example_dags/example_branch_python_dop_operator_3.py took 0.085 seconds
[2024-08-10 09:06:58,037] {scheduler_job.py:182} INFO - Started process (PID=4598) to work on /home/airflow/.local/lib/python3.6/site-packages/airflow/example_dags/example_branch_python_dop_operator_3.py
[2024-08-10 09:06:58,039] {scheduler_job.py:629} INFO - Processing file /home/airflow/.local/lib/python3.6/site-packages/airflow/example_dags/example_branch_python_dop_operator_3.py for tasks to queue
[2024-08-10 09:06:58,040] {logging_mixin.py:104} INFO - [2024-08-10 09:06:58,040] {dagbag.py:451} INFO - Filling up the DagBag from /home/airflow/.local/lib/python3.6/site-packages/airflow/example_dags/example_branch_python_dop_operator_3.py
[2024-08-10 09:06:58,060] {scheduler_job.py:639} INFO - DAG(s) dict_keys(['example_branch_dop_operator_v3']) retrieved from /home/airflow/.local/lib/python3.6/site-packages/airflow/example_dags/example_branch_python_dop_operator_3.py
[2024-08-10 09:06:58,080] {logging_mixin.py:104} INFO - [2024-08-10 09:06:58,080] {dag.py:1824} INFO - Sync 1 DAGs
[2024-08-10 09:06:58,105] {logging_mixin.py:104} INFO - [2024-08-10 09:06:58,105] {dag.py:2280} INFO - Setting next_dagrun for example_branch_dop_operator_v3 to 2024-08-08 00:00:00+00:00
[2024-08-10 09:06:58,128] {scheduler_job.py:190} INFO - Processing /home/airflow/.local/lib/python3.6/site-packages/airflow/example_dags/example_branch_python_dop_operator_3.py took 0.098 seconds
[2024-08-10 09:07:28,316] {scheduler_job.py:182} INFO - Started process (PID=4733) to work on /home/airflow/.local/lib/python3.6/site-packages/airflow/example_dags/example_branch_python_dop_operator_3.py
[2024-08-10 09:07:28,317] {scheduler_job.py:629} INFO - Processing file /home/airflow/.local/lib/python3.6/site-packages/airflow/example_dags/example_branch_python_dop_operator_3.py for tasks to queue
[2024-08-10 09:07:28,318] {logging_mixin.py:104} INFO - [2024-08-10 09:07:28,318] {dagbag.py:451} INFO - Filling up the DagBag from /home/airflow/.local/lib/python3.6/site-packages/airflow/example_dags/example_branch_python_dop_operator_3.py
[2024-08-10 09:07:28,338] {scheduler_job.py:639} INFO - DAG(s) dict_keys(['example_branch_dop_operator_v3']) retrieved from /home/airflow/.local/lib/python3.6/site-packages/airflow/example_dags/example_branch_python_dop_operator_3.py
[2024-08-10 09:07:28,358] {logging_mixin.py:104} INFO - [2024-08-10 09:07:28,358] {dag.py:1824} INFO - Sync 1 DAGs
[2024-08-10 09:07:28,396] {logging_mixin.py:104} INFO - [2024-08-10 09:07:28,396] {dag.py:2280} INFO - Setting next_dagrun for example_branch_dop_operator_v3 to 2024-08-08 00:00:00+00:00
[2024-08-10 09:07:28,407] {scheduler_job.py:190} INFO - Processing /home/airflow/.local/lib/python3.6/site-packages/airflow/example_dags/example_branch_python_dop_operator_3.py took 0.095 seconds
[2024-08-10 09:07:58,553] {scheduler_job.py:182} INFO - Started process (PID=4863) to work on /home/airflow/.local/lib/python3.6/site-packages/airflow/example_dags/example_branch_python_dop_operator_3.py
[2024-08-10 09:07:58,554] {scheduler_job.py:629} INFO - Processing file /home/airflow/.local/lib/python3.6/site-packages/airflow/example_dags/example_branch_python_dop_operator_3.py for tasks to queue
[2024-08-10 09:07:58,554] {logging_mixin.py:104} INFO - [2024-08-10 09:07:58,554] {dagbag.py:451} INFO - Filling up the DagBag from /home/airflow/.local/lib/python3.6/site-packages/airflow/example_dags/example_branch_python_dop_operator_3.py
[2024-08-10 09:07:58,567] {scheduler_job.py:639} INFO - DAG(s) dict_keys(['example_branch_dop_operator_v3']) retrieved from /home/airflow/.local/lib/python3.6/site-packages/airflow/example_dags/example_branch_python_dop_operator_3.py
[2024-08-10 09:07:58,586] {logging_mixin.py:104} INFO - [2024-08-10 09:07:58,586] {dag.py:1824} INFO - Sync 1 DAGs
[2024-08-10 09:07:58,614] {logging_mixin.py:104} INFO - [2024-08-10 09:07:58,614] {dag.py:2280} INFO - Setting next_dagrun for example_branch_dop_operator_v3 to 2024-08-08 00:00:00+00:00
[2024-08-10 09:07:58,627] {scheduler_job.py:190} INFO - Processing /home/airflow/.local/lib/python3.6/site-packages/airflow/example_dags/example_branch_python_dop_operator_3.py took 0.077 seconds
[2024-08-10 09:08:28,991] {scheduler_job.py:182} INFO - Started process (PID=4998) to work on /home/airflow/.local/lib/python3.6/site-packages/airflow/example_dags/example_branch_python_dop_operator_3.py
[2024-08-10 09:08:28,992] {scheduler_job.py:629} INFO - Processing file /home/airflow/.local/lib/python3.6/site-packages/airflow/example_dags/example_branch_python_dop_operator_3.py for tasks to queue
[2024-08-10 09:08:28,992] {logging_mixin.py:104} INFO - [2024-08-10 09:08:28,992] {dagbag.py:451} INFO - Filling up the DagBag from /home/airflow/.local/lib/python3.6/site-packages/airflow/example_dags/example_branch_python_dop_operator_3.py
[2024-08-10 09:08:29,005] {scheduler_job.py:639} INFO - DAG(s) dict_keys(['example_branch_dop_operator_v3']) retrieved from /home/airflow/.local/lib/python3.6/site-packages/airflow/example_dags/example_branch_python_dop_operator_3.py
[2024-08-10 09:08:29,026] {logging_mixin.py:104} INFO - [2024-08-10 09:08:29,026] {dag.py:1824} INFO - Sync 1 DAGs
[2024-08-10 09:08:29,064] {logging_mixin.py:104} INFO - [2024-08-10 09:08:29,064] {dag.py:2280} INFO - Setting next_dagrun for example_branch_dop_operator_v3 to 2024-08-08 00:00:00+00:00
[2024-08-10 09:08:29,083] {scheduler_job.py:190} INFO - Processing /home/airflow/.local/lib/python3.6/site-packages/airflow/example_dags/example_branch_python_dop_operator_3.py took 0.095 seconds
[2024-08-10 09:08:59,582] {scheduler_job.py:182} INFO - Started process (PID=5131) to work on /home/airflow/.local/lib/python3.6/site-packages/airflow/example_dags/example_branch_python_dop_operator_3.py
[2024-08-10 09:08:59,584] {scheduler_job.py:629} INFO - Processing file /home/airflow/.local/lib/python3.6/site-packages/airflow/example_dags/example_branch_python_dop_operator_3.py for tasks to queue
[2024-08-10 09:08:59,585] {logging_mixin.py:104} INFO - [2024-08-10 09:08:59,585] {dagbag.py:451} INFO - Filling up the DagBag from /home/airflow/.local/lib/python3.6/site-packages/airflow/example_dags/example_branch_python_dop_operator_3.py
[2024-08-10 09:08:59,608] {scheduler_job.py:639} INFO - DAG(s) dict_keys(['example_branch_dop_operator_v3']) retrieved from /home/airflow/.local/lib/python3.6/site-packages/airflow/example_dags/example_branch_python_dop_operator_3.py
[2024-08-10 09:08:59,628] {logging_mixin.py:104} INFO - [2024-08-10 09:08:59,628] {dag.py:1824} INFO - Sync 1 DAGs
[2024-08-10 09:08:59,655] {logging_mixin.py:104} INFO - [2024-08-10 09:08:59,655] {dag.py:2280} INFO - Setting next_dagrun for example_branch_dop_operator_v3 to 2024-08-08 00:00:00+00:00
[2024-08-10 09:08:59,677] {scheduler_job.py:190} INFO - Processing /home/airflow/.local/lib/python3.6/site-packages/airflow/example_dags/example_branch_python_dop_operator_3.py took 0.101 seconds
[2024-08-10 09:09:30,010] {scheduler_job.py:182} INFO - Started process (PID=5266) to work on /home/airflow/.local/lib/python3.6/site-packages/airflow/example_dags/example_branch_python_dop_operator_3.py
[2024-08-10 09:09:30,011] {scheduler_job.py:629} INFO - Processing file /home/airflow/.local/lib/python3.6/site-packages/airflow/example_dags/example_branch_python_dop_operator_3.py for tasks to queue
[2024-08-10 09:09:30,012] {logging_mixin.py:104} INFO - [2024-08-10 09:09:30,012] {dagbag.py:451} INFO - Filling up the DagBag from /home/airflow/.local/lib/python3.6/site-packages/airflow/example_dags/example_branch_python_dop_operator_3.py
[2024-08-10 09:09:30,030] {scheduler_job.py:639} INFO - DAG(s) dict_keys(['example_branch_dop_operator_v3']) retrieved from /home/airflow/.local/lib/python3.6/site-packages/airflow/example_dags/example_branch_python_dop_operator_3.py
[2024-08-10 09:09:30,051] {logging_mixin.py:104} INFO - [2024-08-10 09:09:30,051] {dag.py:1824} INFO - Sync 1 DAGs
[2024-08-10 09:09:30,077] {logging_mixin.py:104} INFO - [2024-08-10 09:09:30,077] {dag.py:2280} INFO - Setting next_dagrun for example_branch_dop_operator_v3 to 2024-08-08 00:00:00+00:00
[2024-08-10 09:09:30,087] {scheduler_job.py:190} INFO - Processing /home/airflow/.local/lib/python3.6/site-packages/airflow/example_dags/example_branch_python_dop_operator_3.py took 0.086 seconds
[2024-08-10 09:10:00,351] {scheduler_job.py:182} INFO - Started process (PID=5401) to work on /home/airflow/.local/lib/python3.6/site-packages/airflow/example_dags/example_branch_python_dop_operator_3.py
[2024-08-10 09:10:00,352] {scheduler_job.py:629} INFO - Processing file /home/airflow/.local/lib/python3.6/site-packages/airflow/example_dags/example_branch_python_dop_operator_3.py for tasks to queue
[2024-08-10 09:10:00,353] {logging_mixin.py:104} INFO - [2024-08-10 09:10:00,353] {dagbag.py:451} INFO - Filling up the DagBag from /home/airflow/.local/lib/python3.6/site-packages/airflow/example_dags/example_branch_python_dop_operator_3.py
[2024-08-10 09:10:00,372] {scheduler_job.py:639} INFO - DAG(s) dict_keys(['example_branch_dop_operator_v3']) retrieved from /home/airflow/.local/lib/python3.6/site-packages/airflow/example_dags/example_branch_python_dop_operator_3.py
[2024-08-10 09:10:00,392] {logging_mixin.py:104} INFO - [2024-08-10 09:10:00,392] {dag.py:1824} INFO - Sync 1 DAGs
[2024-08-10 09:10:00,419] {logging_mixin.py:104} INFO - [2024-08-10 09:10:00,419] {dag.py:2280} INFO - Setting next_dagrun for example_branch_dop_operator_v3 to 2024-08-08 00:00:00+00:00
[2024-08-10 09:10:00,455] {scheduler_job.py:190} INFO - Processing /home/airflow/.local/lib/python3.6/site-packages/airflow/example_dags/example_branch_python_dop_operator_3.py took 0.110 seconds
[2024-08-10 09:10:30,839] {scheduler_job.py:182} INFO - Started process (PID=5536) to work on /home/airflow/.local/lib/python3.6/site-packages/airflow/example_dags/example_branch_python_dop_operator_3.py
[2024-08-10 09:10:30,841] {scheduler_job.py:629} INFO - Processing file /home/airflow/.local/lib/python3.6/site-packages/airflow/example_dags/example_branch_python_dop_operator_3.py for tasks to queue
[2024-08-10 09:10:30,842] {logging_mixin.py:104} INFO - [2024-08-10 09:10:30,842] {dagbag.py:451} INFO - Filling up the DagBag from /home/airflow/.local/lib/python3.6/site-packages/airflow/example_dags/example_branch_python_dop_operator_3.py
[2024-08-10 09:10:30,862] {scheduler_job.py:639} INFO - DAG(s) dict_keys(['example_branch_dop_operator_v3']) retrieved from /home/airflow/.local/lib/python3.6/site-packages/airflow/example_dags/example_branch_python_dop_operator_3.py
[2024-08-10 09:10:30,884] {logging_mixin.py:104} INFO - [2024-08-10 09:10:30,884] {dag.py:1824} INFO - Sync 1 DAGs
[2024-08-10 09:10:30,912] {logging_mixin.py:104} INFO - [2024-08-10 09:10:30,912] {dag.py:2280} INFO - Setting next_dagrun for example_branch_dop_operator_v3 to 2024-08-08 00:00:00+00:00
[2024-08-10 09:10:30,922] {scheduler_job.py:190} INFO - Processing /home/airflow/.local/lib/python3.6/site-packages/airflow/example_dags/example_branch_python_dop_operator_3.py took 0.090 seconds
[2024-08-10 09:11:01,017] {scheduler_job.py:182} INFO - Started process (PID=5671) to work on /home/airflow/.local/lib/python3.6/site-packages/airflow/example_dags/example_branch_python_dop_operator_3.py
[2024-08-10 09:11:01,018] {scheduler_job.py:629} INFO - Processing file /home/airflow/.local/lib/python3.6/site-packages/airflow/example_dags/example_branch_python_dop_operator_3.py for tasks to queue
[2024-08-10 09:11:01,019] {logging_mixin.py:104} INFO - [2024-08-10 09:11:01,019] {dagbag.py:451} INFO - Filling up the DagBag from /home/airflow/.local/lib/python3.6/site-packages/airflow/example_dags/example_branch_python_dop_operator_3.py
[2024-08-10 09:11:01,043] {scheduler_job.py:639} INFO - DAG(s) dict_keys(['example_branch_dop_operator_v3']) retrieved from /home/airflow/.local/lib/python3.6/site-packages/airflow/example_dags/example_branch_python_dop_operator_3.py
[2024-08-10 09:11:01,069] {logging_mixin.py:104} INFO - [2024-08-10 09:11:01,069] {dag.py:1824} INFO - Sync 1 DAGs
[2024-08-10 09:11:01,111] {logging_mixin.py:104} INFO - [2024-08-10 09:11:01,111] {dag.py:2280} INFO - Setting next_dagrun for example_branch_dop_operator_v3 to 2024-08-08 00:00:00+00:00
[2024-08-10 09:11:01,129] {scheduler_job.py:190} INFO - Processing /home/airflow/.local/lib/python3.6/site-packages/airflow/example_dags/example_branch_python_dop_operator_3.py took 0.116 seconds
[2024-08-10 09:11:31,330] {scheduler_job.py:182} INFO - Started process (PID=5806) to work on /home/airflow/.local/lib/python3.6/site-packages/airflow/example_dags/example_branch_python_dop_operator_3.py
[2024-08-10 09:11:31,332] {scheduler_job.py:629} INFO - Processing file /home/airflow/.local/lib/python3.6/site-packages/airflow/example_dags/example_branch_python_dop_operator_3.py for tasks to queue
[2024-08-10 09:11:31,333] {logging_mixin.py:104} INFO - [2024-08-10 09:11:31,333] {dagbag.py:451} INFO - Filling up the DagBag from /home/airflow/.local/lib/python3.6/site-packages/airflow/example_dags/example_branch_python_dop_operator_3.py
[2024-08-10 09:11:31,355] {scheduler_job.py:639} INFO - DAG(s) dict_keys(['example_branch_dop_operator_v3']) retrieved from /home/airflow/.local/lib/python3.6/site-packages/airflow/example_dags/example_branch_python_dop_operator_3.py
[2024-08-10 09:11:31,377] {logging_mixin.py:104} INFO - [2024-08-10 09:11:31,377] {dag.py:1824} INFO - Sync 1 DAGs
[2024-08-10 09:11:31,405] {logging_mixin.py:104} INFO - [2024-08-10 09:11:31,405] {dag.py:2280} INFO - Setting next_dagrun for example_branch_dop_operator_v3 to 2024-08-08 00:00:00+00:00
[2024-08-10 09:11:31,423] {scheduler_job.py:190} INFO - Processing /home/airflow/.local/lib/python3.6/site-packages/airflow/example_dags/example_branch_python_dop_operator_3.py took 0.098 seconds
[2024-08-10 09:12:01,861] {scheduler_job.py:182} INFO - Started process (PID=5951) to work on /home/airflow/.local/lib/python3.6/site-packages/airflow/example_dags/example_branch_python_dop_operator_3.py
[2024-08-10 09:12:01,862] {scheduler_job.py:629} INFO - Processing file /home/airflow/.local/lib/python3.6/site-packages/airflow/example_dags/example_branch_python_dop_operator_3.py for tasks to queue
[2024-08-10 09:12:01,864] {logging_mixin.py:104} INFO - [2024-08-10 09:12:01,864] {dagbag.py:451} INFO - Filling up the DagBag from /home/airflow/.local/lib/python3.6/site-packages/airflow/example_dags/example_branch_python_dop_operator_3.py
[2024-08-10 09:12:01,883] {scheduler_job.py:639} INFO - DAG(s) dict_keys(['example_branch_dop_operator_v3']) retrieved from /home/airflow/.local/lib/python3.6/site-packages/airflow/example_dags/example_branch_python_dop_operator_3.py
[2024-08-10 09:12:01,949] {logging_mixin.py:104} INFO - [2024-08-10 09:12:01,949] {dag.py:1824} INFO - Sync 1 DAGs
[2024-08-10 09:12:01,988] {logging_mixin.py:104} INFO - [2024-08-10 09:12:01,987] {dag.py:2280} INFO - Setting next_dagrun for example_branch_dop_operator_v3 to 2024-08-08 00:00:00+00:00
[2024-08-10 09:12:02,006] {scheduler_job.py:190} INFO - Processing /home/airflow/.local/lib/python3.6/site-packages/airflow/example_dags/example_branch_python_dop_operator_3.py took 0.151 seconds
[2024-08-10 09:12:32,713] {scheduler_job.py:182} INFO - Started process (PID=6076) to work on /home/airflow/.local/lib/python3.6/site-packages/airflow/example_dags/example_branch_python_dop_operator_3.py
[2024-08-10 09:12:32,714] {scheduler_job.py:629} INFO - Processing file /home/airflow/.local/lib/python3.6/site-packages/airflow/example_dags/example_branch_python_dop_operator_3.py for tasks to queue
[2024-08-10 09:12:32,715] {logging_mixin.py:104} INFO - [2024-08-10 09:12:32,715] {dagbag.py:451} INFO - Filling up the DagBag from /home/airflow/.local/lib/python3.6/site-packages/airflow/example_dags/example_branch_python_dop_operator_3.py
[2024-08-10 09:12:32,731] {scheduler_job.py:639} INFO - DAG(s) dict_keys(['example_branch_dop_operator_v3']) retrieved from /home/airflow/.local/lib/python3.6/site-packages/airflow/example_dags/example_branch_python_dop_operator_3.py
[2024-08-10 09:12:32,754] {logging_mixin.py:104} INFO - [2024-08-10 09:12:32,754] {dag.py:1824} INFO - Sync 1 DAGs
[2024-08-10 09:12:32,786] {logging_mixin.py:104} INFO - [2024-08-10 09:12:32,786] {dag.py:2280} INFO - Setting next_dagrun for example_branch_dop_operator_v3 to 2024-08-08 00:00:00+00:00
[2024-08-10 09:12:32,798] {scheduler_job.py:190} INFO - Processing /home/airflow/.local/lib/python3.6/site-packages/airflow/example_dags/example_branch_python_dop_operator_3.py took 0.089 seconds
[2024-08-10 09:13:03,348] {scheduler_job.py:182} INFO - Started process (PID=6211) to work on /home/airflow/.local/lib/python3.6/site-packages/airflow/example_dags/example_branch_python_dop_operator_3.py
[2024-08-10 09:13:03,350] {scheduler_job.py:629} INFO - Processing file /home/airflow/.local/lib/python3.6/site-packages/airflow/example_dags/example_branch_python_dop_operator_3.py for tasks to queue
[2024-08-10 09:13:03,351] {logging_mixin.py:104} INFO - [2024-08-10 09:13:03,351] {dagbag.py:451} INFO - Filling up the DagBag from /home/airflow/.local/lib/python3.6/site-packages/airflow/example_dags/example_branch_python_dop_operator_3.py
[2024-08-10 09:13:03,375] {scheduler_job.py:639} INFO - DAG(s) dict_keys(['example_branch_dop_operator_v3']) retrieved from /home/airflow/.local/lib/python3.6/site-packages/airflow/example_dags/example_branch_python_dop_operator_3.py
[2024-08-10 09:13:03,396] {logging_mixin.py:104} INFO - [2024-08-10 09:13:03,396] {dag.py:1824} INFO - Sync 1 DAGs
[2024-08-10 09:13:03,425] {logging_mixin.py:104} INFO - [2024-08-10 09:13:03,425] {dag.py:2280} INFO - Setting next_dagrun for example_branch_dop_operator_v3 to 2024-08-08 00:00:00+00:00
[2024-08-10 09:13:03,435] {scheduler_job.py:190} INFO - Processing /home/airflow/.local/lib/python3.6/site-packages/airflow/example_dags/example_branch_python_dop_operator_3.py took 0.091 seconds
[2024-08-10 09:13:33,835] {scheduler_job.py:182} INFO - Started process (PID=6346) to work on /home/airflow/.local/lib/python3.6/site-packages/airflow/example_dags/example_branch_python_dop_operator_3.py
[2024-08-10 09:13:33,837] {scheduler_job.py:629} INFO - Processing file /home/airflow/.local/lib/python3.6/site-packages/airflow/example_dags/example_branch_python_dop_operator_3.py for tasks to queue
[2024-08-10 09:13:33,839] {logging_mixin.py:104} INFO - [2024-08-10 09:13:33,839] {dagbag.py:451} INFO - Filling up the DagBag from /home/airflow/.local/lib/python3.6/site-packages/airflow/example_dags/example_branch_python_dop_operator_3.py
[2024-08-10 09:13:33,856] {scheduler_job.py:639} INFO - DAG(s) dict_keys(['example_branch_dop_operator_v3']) retrieved from /home/airflow/.local/lib/python3.6/site-packages/airflow/example_dags/example_branch_python_dop_operator_3.py
[2024-08-10 09:13:33,876] {logging_mixin.py:104} INFO - [2024-08-10 09:13:33,876] {dag.py:1824} INFO - Sync 1 DAGs
[2024-08-10 09:13:33,905] {logging_mixin.py:104} INFO - [2024-08-10 09:13:33,905] {dag.py:2280} INFO - Setting next_dagrun for example_branch_dop_operator_v3 to 2024-08-08 00:00:00+00:00
[2024-08-10 09:13:33,915] {scheduler_job.py:190} INFO - Processing /home/airflow/.local/lib/python3.6/site-packages/airflow/example_dags/example_branch_python_dop_operator_3.py took 0.087 seconds
[2024-08-10 09:14:04,092] {scheduler_job.py:182} INFO - Started process (PID=6481) to work on /home/airflow/.local/lib/python3.6/site-packages/airflow/example_dags/example_branch_python_dop_operator_3.py
[2024-08-10 09:14:04,094] {scheduler_job.py:629} INFO - Processing file /home/airflow/.local/lib/python3.6/site-packages/airflow/example_dags/example_branch_python_dop_operator_3.py for tasks to queue
[2024-08-10 09:14:04,095] {logging_mixin.py:104} INFO - [2024-08-10 09:14:04,095] {dagbag.py:451} INFO - Filling up the DagBag from /home/airflow/.local/lib/python3.6/site-packages/airflow/example_dags/example_branch_python_dop_operator_3.py
[2024-08-10 09:14:04,111] {scheduler_job.py:639} INFO - DAG(s) dict_keys(['example_branch_dop_operator_v3']) retrieved from /home/airflow/.local/lib/python3.6/site-packages/airflow/example_dags/example_branch_python_dop_operator_3.py
[2024-08-10 09:14:04,130] {logging_mixin.py:104} INFO - [2024-08-10 09:14:04,130] {dag.py:1824} INFO - Sync 1 DAGs
[2024-08-10 09:14:04,155] {logging_mixin.py:104} INFO - [2024-08-10 09:14:04,155] {dag.py:2280} INFO - Setting next_dagrun for example_branch_dop_operator_v3 to 2024-08-08 00:00:00+00:00
[2024-08-10 09:14:04,165] {scheduler_job.py:190} INFO - Processing /home/airflow/.local/lib/python3.6/site-packages/airflow/example_dags/example_branch_python_dop_operator_3.py took 0.076 seconds
[2024-08-10 09:14:34,467] {scheduler_job.py:182} INFO - Started process (PID=6616) to work on /home/airflow/.local/lib/python3.6/site-packages/airflow/example_dags/example_branch_python_dop_operator_3.py
[2024-08-10 09:14:34,469] {scheduler_job.py:629} INFO - Processing file /home/airflow/.local/lib/python3.6/site-packages/airflow/example_dags/example_branch_python_dop_operator_3.py for tasks to queue
[2024-08-10 09:14:34,470] {logging_mixin.py:104} INFO - [2024-08-10 09:14:34,469] {dagbag.py:451} INFO - Filling up the DagBag from /home/airflow/.local/lib/python3.6/site-packages/airflow/example_dags/example_branch_python_dop_operator_3.py
[2024-08-10 09:14:34,485] {scheduler_job.py:639} INFO - DAG(s) dict_keys(['example_branch_dop_operator_v3']) retrieved from /home/airflow/.local/lib/python3.6/site-packages/airflow/example_dags/example_branch_python_dop_operator_3.py
[2024-08-10 09:14:34,506] {logging_mixin.py:104} INFO - [2024-08-10 09:14:34,506] {dag.py:1824} INFO - Sync 1 DAGs
[2024-08-10 09:14:34,537] {logging_mixin.py:104} INFO - [2024-08-10 09:14:34,537] {dag.py:2280} INFO - Setting next_dagrun for example_branch_dop_operator_v3 to 2024-08-08 00:00:00+00:00
[2024-08-10 09:14:34,547] {scheduler_job.py:190} INFO - Processing /home/airflow/.local/lib/python3.6/site-packages/airflow/example_dags/example_branch_python_dop_operator_3.py took 0.084 seconds
[2024-08-10 09:15:04,596] {scheduler_job.py:182} INFO - Started process (PID=6751) to work on /home/airflow/.local/lib/python3.6/site-packages/airflow/example_dags/example_branch_python_dop_operator_3.py
[2024-08-10 09:15:04,598] {scheduler_job.py:629} INFO - Processing file /home/airflow/.local/lib/python3.6/site-packages/airflow/example_dags/example_branch_python_dop_operator_3.py for tasks to queue
[2024-08-10 09:15:04,599] {logging_mixin.py:104} INFO - [2024-08-10 09:15:04,599] {dagbag.py:451} INFO - Filling up the DagBag from /home/airflow/.local/lib/python3.6/site-packages/airflow/example_dags/example_branch_python_dop_operator_3.py
[2024-08-10 09:15:04,620] {scheduler_job.py:639} INFO - DAG(s) dict_keys(['example_branch_dop_operator_v3']) retrieved from /home/airflow/.local/lib/python3.6/site-packages/airflow/example_dags/example_branch_python_dop_operator_3.py
[2024-08-10 09:15:04,641] {logging_mixin.py:104} INFO - [2024-08-10 09:15:04,641] {dag.py:1824} INFO - Sync 1 DAGs
[2024-08-10 09:15:04,667] {logging_mixin.py:104} INFO - [2024-08-10 09:15:04,667] {dag.py:2280} INFO - Setting next_dagrun for example_branch_dop_operator_v3 to 2024-08-08 00:00:00+00:00
[2024-08-10 09:15:04,711] {scheduler_job.py:190} INFO - Processing /home/airflow/.local/lib/python3.6/site-packages/airflow/example_dags/example_branch_python_dop_operator_3.py took 0.120 seconds
[2024-08-10 09:15:35,129] {scheduler_job.py:182} INFO - Started process (PID=6886) to work on /home/airflow/.local/lib/python3.6/site-packages/airflow/example_dags/example_branch_python_dop_operator_3.py
[2024-08-10 09:15:35,130] {scheduler_job.py:629} INFO - Processing file /home/airflow/.local/lib/python3.6/site-packages/airflow/example_dags/example_branch_python_dop_operator_3.py for tasks to queue
[2024-08-10 09:15:35,131] {logging_mixin.py:104} INFO - [2024-08-10 09:15:35,131] {dagbag.py:451} INFO - Filling up the DagBag from /home/airflow/.local/lib/python3.6/site-packages/airflow/example_dags/example_branch_python_dop_operator_3.py
[2024-08-10 09:15:35,154] {scheduler_job.py:639} INFO - DAG(s) dict_keys(['example_branch_dop_operator_v3']) retrieved from /home/airflow/.local/lib/python3.6/site-packages/airflow/example_dags/example_branch_python_dop_operator_3.py
[2024-08-10 09:15:35,174] {logging_mixin.py:104} INFO - [2024-08-10 09:15:35,174] {dag.py:1824} INFO - Sync 1 DAGs
[2024-08-10 09:15:35,203] {logging_mixin.py:104} INFO - [2024-08-10 09:15:35,203] {dag.py:2280} INFO - Setting next_dagrun for example_branch_dop_operator_v3 to 2024-08-08 00:00:00+00:00
[2024-08-10 09:15:35,216] {scheduler_job.py:190} INFO - Processing /home/airflow/.local/lib/python3.6/site-packages/airflow/example_dags/example_branch_python_dop_operator_3.py took 0.092 seconds
[2024-08-10 09:16:05,296] {scheduler_job.py:182} INFO - Started process (PID=7021) to work on /home/airflow/.local/lib/python3.6/site-packages/airflow/example_dags/example_branch_python_dop_operator_3.py
[2024-08-10 09:16:05,297] {scheduler_job.py:629} INFO - Processing file /home/airflow/.local/lib/python3.6/site-packages/airflow/example_dags/example_branch_python_dop_operator_3.py for tasks to queue
[2024-08-10 09:16:05,298] {logging_mixin.py:104} INFO - [2024-08-10 09:16:05,298] {dagbag.py:451} INFO - Filling up the DagBag from /home/airflow/.local/lib/python3.6/site-packages/airflow/example_dags/example_branch_python_dop_operator_3.py
[2024-08-10 09:16:05,314] {scheduler_job.py:639} INFO - DAG(s) dict_keys(['example_branch_dop_operator_v3']) retrieved from /home/airflow/.local/lib/python3.6/site-packages/airflow/example_dags/example_branch_python_dop_operator_3.py
[2024-08-10 09:16:05,334] {logging_mixin.py:104} INFO - [2024-08-10 09:16:05,334] {dag.py:1824} INFO - Sync 1 DAGs
[2024-08-10 09:16:05,360] {logging_mixin.py:104} INFO - [2024-08-10 09:16:05,360] {dag.py:2280} INFO - Setting next_dagrun for example_branch_dop_operator_v3 to 2024-08-08 00:00:00+00:00
[2024-08-10 09:16:05,378] {scheduler_job.py:190} INFO - Processing /home/airflow/.local/lib/python3.6/site-packages/airflow/example_dags/example_branch_python_dop_operator_3.py took 0.085 seconds
