[2024-08-10 08:42:12,518] {scheduler_job.py:182} INFO - Started process (PID=30491) to work on /home/airflow/.local/lib/python3.6/site-packages/airflow/example_dags/example_dag_decorator.py
[2024-08-10 08:42:12,519] {scheduler_job.py:629} INFO - Processing file /home/airflow/.local/lib/python3.6/site-packages/airflow/example_dags/example_dag_decorator.py for tasks to queue
[2024-08-10 08:42:12,520] {logging_mixin.py:104} INFO - [2024-08-10 08:42:12,520] {dagbag.py:451} INFO - Filling up the DagBag from /home/airflow/.local/lib/python3.6/site-packages/airflow/example_dags/example_dag_decorator.py
[2024-08-10 08:42:12,534] {scheduler_job.py:639} INFO - DAG(s) dict_keys(['example_dag_decorator']) retrieved from /home/airflow/.local/lib/python3.6/site-packages/airflow/example_dags/example_dag_decorator.py
[2024-08-10 08:42:12,554] {logging_mixin.py:104} INFO - [2024-08-10 08:42:12,554] {dag.py:1824} INFO - Sync 1 DAGs
[2024-08-10 08:42:12,568] {logging_mixin.py:104} INFO - [2024-08-10 08:42:12,568] {dag.py:2280} INFO - Setting next_dagrun for example_dag_decorator to None
[2024-08-10 08:42:12,580] {scheduler_job.py:190} INFO - Processing /home/airflow/.local/lib/python3.6/site-packages/airflow/example_dags/example_dag_decorator.py took 0.065 seconds
[2024-08-10 08:42:43,111] {scheduler_job.py:182} INFO - Started process (PID=30636) to work on /home/airflow/.local/lib/python3.6/site-packages/airflow/example_dags/example_dag_decorator.py
[2024-08-10 08:42:43,112] {scheduler_job.py:629} INFO - Processing file /home/airflow/.local/lib/python3.6/site-packages/airflow/example_dags/example_dag_decorator.py for tasks to queue
[2024-08-10 08:42:43,113] {logging_mixin.py:104} INFO - [2024-08-10 08:42:43,113] {dagbag.py:451} INFO - Filling up the DagBag from /home/airflow/.local/lib/python3.6/site-packages/airflow/example_dags/example_dag_decorator.py
[2024-08-10 08:42:43,128] {scheduler_job.py:639} INFO - DAG(s) dict_keys(['example_dag_decorator']) retrieved from /home/airflow/.local/lib/python3.6/site-packages/airflow/example_dags/example_dag_decorator.py
[2024-08-10 08:42:43,149] {logging_mixin.py:104} INFO - [2024-08-10 08:42:43,149] {dag.py:1824} INFO - Sync 1 DAGs
[2024-08-10 08:42:43,162] {logging_mixin.py:104} INFO - [2024-08-10 08:42:43,162] {dag.py:2280} INFO - Setting next_dagrun for example_dag_decorator to None
[2024-08-10 08:42:43,174] {scheduler_job.py:190} INFO - Processing /home/airflow/.local/lib/python3.6/site-packages/airflow/example_dags/example_dag_decorator.py took 0.065 seconds
[2024-08-10 08:43:13,802] {scheduler_job.py:182} INFO - Started process (PID=30797) to work on /home/airflow/.local/lib/python3.6/site-packages/airflow/example_dags/example_dag_decorator.py
[2024-08-10 08:43:13,803] {scheduler_job.py:629} INFO - Processing file /home/airflow/.local/lib/python3.6/site-packages/airflow/example_dags/example_dag_decorator.py for tasks to queue
[2024-08-10 08:43:13,803] {logging_mixin.py:104} INFO - [2024-08-10 08:43:13,803] {dagbag.py:451} INFO - Filling up the DagBag from /home/airflow/.local/lib/python3.6/site-packages/airflow/example_dags/example_dag_decorator.py
[2024-08-10 08:43:13,818] {scheduler_job.py:639} INFO - DAG(s) dict_keys(['example_dag_decorator']) retrieved from /home/airflow/.local/lib/python3.6/site-packages/airflow/example_dags/example_dag_decorator.py
[2024-08-10 08:43:13,841] {logging_mixin.py:104} INFO - [2024-08-10 08:43:13,841] {dag.py:1824} INFO - Sync 1 DAGs
[2024-08-10 08:43:13,854] {logging_mixin.py:104} INFO - [2024-08-10 08:43:13,854] {dag.py:2280} INFO - Setting next_dagrun for example_dag_decorator to None
[2024-08-10 08:43:13,866] {scheduler_job.py:190} INFO - Processing /home/airflow/.local/lib/python3.6/site-packages/airflow/example_dags/example_dag_decorator.py took 0.067 seconds
[2024-08-10 08:43:44,605] {scheduler_job.py:182} INFO - Started process (PID=30944) to work on /home/airflow/.local/lib/python3.6/site-packages/airflow/example_dags/example_dag_decorator.py
[2024-08-10 08:43:44,607] {scheduler_job.py:629} INFO - Processing file /home/airflow/.local/lib/python3.6/site-packages/airflow/example_dags/example_dag_decorator.py for tasks to queue
[2024-08-10 08:43:44,608] {logging_mixin.py:104} INFO - [2024-08-10 08:43:44,608] {dagbag.py:451} INFO - Filling up the DagBag from /home/airflow/.local/lib/python3.6/site-packages/airflow/example_dags/example_dag_decorator.py
[2024-08-10 08:43:44,647] {scheduler_job.py:639} INFO - DAG(s) dict_keys(['example_dag_decorator']) retrieved from /home/airflow/.local/lib/python3.6/site-packages/airflow/example_dags/example_dag_decorator.py
[2024-08-10 08:43:44,697] {logging_mixin.py:104} INFO - [2024-08-10 08:43:44,697] {dag.py:1824} INFO - Sync 1 DAGs
[2024-08-10 08:43:44,726] {logging_mixin.py:104} INFO - [2024-08-10 08:43:44,725] {dag.py:2280} INFO - Setting next_dagrun for example_dag_decorator to None
[2024-08-10 08:43:44,747] {scheduler_job.py:190} INFO - Processing /home/airflow/.local/lib/python3.6/site-packages/airflow/example_dags/example_dag_decorator.py took 0.153 seconds
[2024-08-10 08:44:15,743] {scheduler_job.py:182} INFO - Started process (PID=31093) to work on /home/airflow/.local/lib/python3.6/site-packages/airflow/example_dags/example_dag_decorator.py
[2024-08-10 08:44:15,744] {scheduler_job.py:629} INFO - Processing file /home/airflow/.local/lib/python3.6/site-packages/airflow/example_dags/example_dag_decorator.py for tasks to queue
[2024-08-10 08:44:15,745] {logging_mixin.py:104} INFO - [2024-08-10 08:44:15,745] {dagbag.py:451} INFO - Filling up the DagBag from /home/airflow/.local/lib/python3.6/site-packages/airflow/example_dags/example_dag_decorator.py
[2024-08-10 08:44:15,761] {scheduler_job.py:639} INFO - DAG(s) dict_keys(['example_dag_decorator']) retrieved from /home/airflow/.local/lib/python3.6/site-packages/airflow/example_dags/example_dag_decorator.py
[2024-08-10 08:44:15,784] {logging_mixin.py:104} INFO - [2024-08-10 08:44:15,784] {dag.py:1824} INFO - Sync 1 DAGs
[2024-08-10 08:44:15,800] {logging_mixin.py:104} INFO - [2024-08-10 08:44:15,800] {dag.py:2280} INFO - Setting next_dagrun for example_dag_decorator to None
[2024-08-10 08:44:15,812] {scheduler_job.py:190} INFO - Processing /home/airflow/.local/lib/python3.6/site-packages/airflow/example_dags/example_dag_decorator.py took 0.072 seconds
[2024-08-10 08:44:46,546] {scheduler_job.py:182} INFO - Started process (PID=31227) to work on /home/airflow/.local/lib/python3.6/site-packages/airflow/example_dags/example_dag_decorator.py
[2024-08-10 08:44:46,548] {scheduler_job.py:629} INFO - Processing file /home/airflow/.local/lib/python3.6/site-packages/airflow/example_dags/example_dag_decorator.py for tasks to queue
[2024-08-10 08:44:46,550] {logging_mixin.py:104} INFO - [2024-08-10 08:44:46,549] {dagbag.py:451} INFO - Filling up the DagBag from /home/airflow/.local/lib/python3.6/site-packages/airflow/example_dags/example_dag_decorator.py
[2024-08-10 08:44:46,569] {scheduler_job.py:639} INFO - DAG(s) dict_keys(['example_dag_decorator']) retrieved from /home/airflow/.local/lib/python3.6/site-packages/airflow/example_dags/example_dag_decorator.py
[2024-08-10 08:44:46,591] {logging_mixin.py:104} INFO - [2024-08-10 08:44:46,591] {dag.py:1824} INFO - Sync 1 DAGs
[2024-08-10 08:44:46,604] {logging_mixin.py:104} INFO - [2024-08-10 08:44:46,604] {dag.py:2280} INFO - Setting next_dagrun for example_dag_decorator to None
[2024-08-10 08:44:46,620] {scheduler_job.py:190} INFO - Processing /home/airflow/.local/lib/python3.6/site-packages/airflow/example_dags/example_dag_decorator.py took 0.082 seconds
[2024-08-10 08:45:17,346] {scheduler_job.py:182} INFO - Started process (PID=31363) to work on /home/airflow/.local/lib/python3.6/site-packages/airflow/example_dags/example_dag_decorator.py
[2024-08-10 08:45:17,347] {scheduler_job.py:629} INFO - Processing file /home/airflow/.local/lib/python3.6/site-packages/airflow/example_dags/example_dag_decorator.py for tasks to queue
[2024-08-10 08:45:17,347] {logging_mixin.py:104} INFO - [2024-08-10 08:45:17,347] {dagbag.py:451} INFO - Filling up the DagBag from /home/airflow/.local/lib/python3.6/site-packages/airflow/example_dags/example_dag_decorator.py
[2024-08-10 08:45:17,371] {scheduler_job.py:639} INFO - DAG(s) dict_keys(['example_dag_decorator']) retrieved from /home/airflow/.local/lib/python3.6/site-packages/airflow/example_dags/example_dag_decorator.py
[2024-08-10 08:45:17,398] {logging_mixin.py:104} INFO - [2024-08-10 08:45:17,398] {dag.py:1824} INFO - Sync 1 DAGs
[2024-08-10 08:45:17,414] {logging_mixin.py:104} INFO - [2024-08-10 08:45:17,414] {dag.py:2280} INFO - Setting next_dagrun for example_dag_decorator to None
[2024-08-10 08:45:17,431] {scheduler_job.py:190} INFO - Processing /home/airflow/.local/lib/python3.6/site-packages/airflow/example_dags/example_dag_decorator.py took 0.089 seconds
[2024-08-10 08:45:47,910] {scheduler_job.py:182} INFO - Started process (PID=31497) to work on /home/airflow/.local/lib/python3.6/site-packages/airflow/example_dags/example_dag_decorator.py
[2024-08-10 08:45:47,913] {scheduler_job.py:629} INFO - Processing file /home/airflow/.local/lib/python3.6/site-packages/airflow/example_dags/example_dag_decorator.py for tasks to queue
[2024-08-10 08:45:47,914] {logging_mixin.py:104} INFO - [2024-08-10 08:45:47,914] {dagbag.py:451} INFO - Filling up the DagBag from /home/airflow/.local/lib/python3.6/site-packages/airflow/example_dags/example_dag_decorator.py
[2024-08-10 08:45:47,928] {scheduler_job.py:639} INFO - DAG(s) dict_keys(['example_dag_decorator']) retrieved from /home/airflow/.local/lib/python3.6/site-packages/airflow/example_dags/example_dag_decorator.py
[2024-08-10 08:45:47,952] {logging_mixin.py:104} INFO - [2024-08-10 08:45:47,951] {dag.py:1824} INFO - Sync 1 DAGs
[2024-08-10 08:45:47,965] {logging_mixin.py:104} INFO - [2024-08-10 08:45:47,965] {dag.py:2280} INFO - Setting next_dagrun for example_dag_decorator to None
[2024-08-10 08:45:47,988] {scheduler_job.py:190} INFO - Processing /home/airflow/.local/lib/python3.6/site-packages/airflow/example_dags/example_dag_decorator.py took 0.082 seconds
[2024-08-10 08:46:18,188] {scheduler_job.py:182} INFO - Started process (PID=31632) to work on /home/airflow/.local/lib/python3.6/site-packages/airflow/example_dags/example_dag_decorator.py
[2024-08-10 08:46:18,189] {scheduler_job.py:629} INFO - Processing file /home/airflow/.local/lib/python3.6/site-packages/airflow/example_dags/example_dag_decorator.py for tasks to queue
[2024-08-10 08:46:18,190] {logging_mixin.py:104} INFO - [2024-08-10 08:46:18,190] {dagbag.py:451} INFO - Filling up the DagBag from /home/airflow/.local/lib/python3.6/site-packages/airflow/example_dags/example_dag_decorator.py
[2024-08-10 08:46:18,205] {scheduler_job.py:639} INFO - DAG(s) dict_keys(['example_dag_decorator']) retrieved from /home/airflow/.local/lib/python3.6/site-packages/airflow/example_dags/example_dag_decorator.py
[2024-08-10 08:46:18,227] {logging_mixin.py:104} INFO - [2024-08-10 08:46:18,227] {dag.py:1824} INFO - Sync 1 DAGs
[2024-08-10 08:46:18,243] {logging_mixin.py:104} INFO - [2024-08-10 08:46:18,243] {dag.py:2280} INFO - Setting next_dagrun for example_dag_decorator to None
[2024-08-10 08:46:18,256] {scheduler_job.py:190} INFO - Processing /home/airflow/.local/lib/python3.6/site-packages/airflow/example_dags/example_dag_decorator.py took 0.071 seconds
[2024-08-10 08:46:48,808] {scheduler_job.py:182} INFO - Started process (PID=31767) to work on /home/airflow/.local/lib/python3.6/site-packages/airflow/example_dags/example_dag_decorator.py
[2024-08-10 08:46:48,810] {scheduler_job.py:629} INFO - Processing file /home/airflow/.local/lib/python3.6/site-packages/airflow/example_dags/example_dag_decorator.py for tasks to queue
[2024-08-10 08:46:48,810] {logging_mixin.py:104} INFO - [2024-08-10 08:46:48,810] {dagbag.py:451} INFO - Filling up the DagBag from /home/airflow/.local/lib/python3.6/site-packages/airflow/example_dags/example_dag_decorator.py
[2024-08-10 08:46:48,830] {scheduler_job.py:639} INFO - DAG(s) dict_keys(['example_dag_decorator']) retrieved from /home/airflow/.local/lib/python3.6/site-packages/airflow/example_dags/example_dag_decorator.py
[2024-08-10 08:46:48,853] {logging_mixin.py:104} INFO - [2024-08-10 08:46:48,853] {dag.py:1824} INFO - Sync 1 DAGs
[2024-08-10 08:46:48,868] {logging_mixin.py:104} INFO - [2024-08-10 08:46:48,868] {dag.py:2280} INFO - Setting next_dagrun for example_dag_decorator to None
[2024-08-10 08:46:48,880] {scheduler_job.py:190} INFO - Processing /home/airflow/.local/lib/python3.6/site-packages/airflow/example_dags/example_dag_decorator.py took 0.075 seconds
[2024-08-10 08:47:19,137] {scheduler_job.py:182} INFO - Started process (PID=31902) to work on /home/airflow/.local/lib/python3.6/site-packages/airflow/example_dags/example_dag_decorator.py
[2024-08-10 08:47:19,138] {scheduler_job.py:629} INFO - Processing file /home/airflow/.local/lib/python3.6/site-packages/airflow/example_dags/example_dag_decorator.py for tasks to queue
[2024-08-10 08:47:19,138] {logging_mixin.py:104} INFO - [2024-08-10 08:47:19,138] {dagbag.py:451} INFO - Filling up the DagBag from /home/airflow/.local/lib/python3.6/site-packages/airflow/example_dags/example_dag_decorator.py
[2024-08-10 08:47:19,152] {scheduler_job.py:639} INFO - DAG(s) dict_keys(['example_dag_decorator']) retrieved from /home/airflow/.local/lib/python3.6/site-packages/airflow/example_dags/example_dag_decorator.py
[2024-08-10 08:47:19,221] {logging_mixin.py:104} INFO - [2024-08-10 08:47:19,220] {dag.py:1824} INFO - Sync 1 DAGs
[2024-08-10 08:47:19,242] {logging_mixin.py:104} INFO - [2024-08-10 08:47:19,241] {dag.py:2280} INFO - Setting next_dagrun for example_dag_decorator to None
[2024-08-10 08:47:19,254] {scheduler_job.py:190} INFO - Processing /home/airflow/.local/lib/python3.6/site-packages/airflow/example_dags/example_dag_decorator.py took 0.122 seconds
[2024-08-10 08:47:49,552] {scheduler_job.py:182} INFO - Started process (PID=32037) to work on /home/airflow/.local/lib/python3.6/site-packages/airflow/example_dags/example_dag_decorator.py
[2024-08-10 08:47:49,554] {scheduler_job.py:629} INFO - Processing file /home/airflow/.local/lib/python3.6/site-packages/airflow/example_dags/example_dag_decorator.py for tasks to queue
[2024-08-10 08:47:49,555] {logging_mixin.py:104} INFO - [2024-08-10 08:47:49,554] {dagbag.py:451} INFO - Filling up the DagBag from /home/airflow/.local/lib/python3.6/site-packages/airflow/example_dags/example_dag_decorator.py
[2024-08-10 08:47:49,574] {scheduler_job.py:639} INFO - DAG(s) dict_keys(['example_dag_decorator']) retrieved from /home/airflow/.local/lib/python3.6/site-packages/airflow/example_dags/example_dag_decorator.py
[2024-08-10 08:47:49,603] {logging_mixin.py:104} INFO - [2024-08-10 08:47:49,603] {dag.py:1824} INFO - Sync 1 DAGs
[2024-08-10 08:47:49,620] {logging_mixin.py:104} INFO - [2024-08-10 08:47:49,619] {dag.py:2280} INFO - Setting next_dagrun for example_dag_decorator to None
[2024-08-10 08:47:49,639] {scheduler_job.py:190} INFO - Processing /home/airflow/.local/lib/python3.6/site-packages/airflow/example_dags/example_dag_decorator.py took 0.094 seconds
[2024-08-10 08:48:20,147] {scheduler_job.py:182} INFO - Started process (PID=32172) to work on /home/airflow/.local/lib/python3.6/site-packages/airflow/example_dags/example_dag_decorator.py
[2024-08-10 08:48:20,148] {scheduler_job.py:629} INFO - Processing file /home/airflow/.local/lib/python3.6/site-packages/airflow/example_dags/example_dag_decorator.py for tasks to queue
[2024-08-10 08:48:20,149] {logging_mixin.py:104} INFO - [2024-08-10 08:48:20,149] {dagbag.py:451} INFO - Filling up the DagBag from /home/airflow/.local/lib/python3.6/site-packages/airflow/example_dags/example_dag_decorator.py
[2024-08-10 08:48:20,170] {scheduler_job.py:639} INFO - DAG(s) dict_keys(['example_dag_decorator']) retrieved from /home/airflow/.local/lib/python3.6/site-packages/airflow/example_dags/example_dag_decorator.py
[2024-08-10 08:48:20,193] {logging_mixin.py:104} INFO - [2024-08-10 08:48:20,192] {dag.py:1824} INFO - Sync 1 DAGs
[2024-08-10 08:48:20,206] {logging_mixin.py:104} INFO - [2024-08-10 08:48:20,206] {dag.py:2280} INFO - Setting next_dagrun for example_dag_decorator to None
[2024-08-10 08:48:20,218] {scheduler_job.py:190} INFO - Processing /home/airflow/.local/lib/python3.6/site-packages/airflow/example_dags/example_dag_decorator.py took 0.077 seconds
[2024-08-10 08:48:50,707] {scheduler_job.py:182} INFO - Started process (PID=32319) to work on /home/airflow/.local/lib/python3.6/site-packages/airflow/example_dags/example_dag_decorator.py
[2024-08-10 08:48:50,708] {scheduler_job.py:629} INFO - Processing file /home/airflow/.local/lib/python3.6/site-packages/airflow/example_dags/example_dag_decorator.py for tasks to queue
[2024-08-10 08:48:50,709] {logging_mixin.py:104} INFO - [2024-08-10 08:48:50,709] {dagbag.py:451} INFO - Filling up the DagBag from /home/airflow/.local/lib/python3.6/site-packages/airflow/example_dags/example_dag_decorator.py
[2024-08-10 08:48:50,722] {scheduler_job.py:639} INFO - DAG(s) dict_keys(['example_dag_decorator']) retrieved from /home/airflow/.local/lib/python3.6/site-packages/airflow/example_dags/example_dag_decorator.py
[2024-08-10 08:48:50,742] {logging_mixin.py:104} INFO - [2024-08-10 08:48:50,742] {dag.py:1824} INFO - Sync 1 DAGs
[2024-08-10 08:48:50,756] {logging_mixin.py:104} INFO - [2024-08-10 08:48:50,755] {dag.py:2280} INFO - Setting next_dagrun for example_dag_decorator to None
[2024-08-10 08:48:50,765] {scheduler_job.py:190} INFO - Processing /home/airflow/.local/lib/python3.6/site-packages/airflow/example_dags/example_dag_decorator.py took 0.061 seconds
[2024-08-10 08:49:20,914] {scheduler_job.py:182} INFO - Started process (PID=32456) to work on /home/airflow/.local/lib/python3.6/site-packages/airflow/example_dags/example_dag_decorator.py
[2024-08-10 08:49:20,916] {scheduler_job.py:629} INFO - Processing file /home/airflow/.local/lib/python3.6/site-packages/airflow/example_dags/example_dag_decorator.py for tasks to queue
[2024-08-10 08:49:20,917] {logging_mixin.py:104} INFO - [2024-08-10 08:49:20,917] {dagbag.py:451} INFO - Filling up the DagBag from /home/airflow/.local/lib/python3.6/site-packages/airflow/example_dags/example_dag_decorator.py
[2024-08-10 08:49:20,939] {scheduler_job.py:639} INFO - DAG(s) dict_keys(['example_dag_decorator']) retrieved from /home/airflow/.local/lib/python3.6/site-packages/airflow/example_dags/example_dag_decorator.py
[2024-08-10 08:49:20,965] {logging_mixin.py:104} INFO - [2024-08-10 08:49:20,965] {dag.py:1824} INFO - Sync 1 DAGs
[2024-08-10 08:49:20,982] {logging_mixin.py:104} INFO - [2024-08-10 08:49:20,982] {dag.py:2280} INFO - Setting next_dagrun for example_dag_decorator to None
[2024-08-10 08:49:20,995] {scheduler_job.py:190} INFO - Processing /home/airflow/.local/lib/python3.6/site-packages/airflow/example_dags/example_dag_decorator.py took 0.086 seconds
[2024-08-10 08:49:51,261] {scheduler_job.py:182} INFO - Started process (PID=32592) to work on /home/airflow/.local/lib/python3.6/site-packages/airflow/example_dags/example_dag_decorator.py
[2024-08-10 08:49:51,262] {scheduler_job.py:629} INFO - Processing file /home/airflow/.local/lib/python3.6/site-packages/airflow/example_dags/example_dag_decorator.py for tasks to queue
[2024-08-10 08:49:51,262] {logging_mixin.py:104} INFO - [2024-08-10 08:49:51,262] {dagbag.py:451} INFO - Filling up the DagBag from /home/airflow/.local/lib/python3.6/site-packages/airflow/example_dags/example_dag_decorator.py
[2024-08-10 08:49:51,277] {scheduler_job.py:639} INFO - DAG(s) dict_keys(['example_dag_decorator']) retrieved from /home/airflow/.local/lib/python3.6/site-packages/airflow/example_dags/example_dag_decorator.py
[2024-08-10 08:49:51,300] {logging_mixin.py:104} INFO - [2024-08-10 08:49:51,300] {dag.py:1824} INFO - Sync 1 DAGs
[2024-08-10 08:49:51,314] {logging_mixin.py:104} INFO - [2024-08-10 08:49:51,314] {dag.py:2280} INFO - Setting next_dagrun for example_dag_decorator to None
[2024-08-10 08:49:51,326] {scheduler_job.py:190} INFO - Processing /home/airflow/.local/lib/python3.6/site-packages/airflow/example_dags/example_dag_decorator.py took 0.067 seconds
[2024-08-10 08:50:21,505] {scheduler_job.py:182} INFO - Started process (PID=32721) to work on /home/airflow/.local/lib/python3.6/site-packages/airflow/example_dags/example_dag_decorator.py
[2024-08-10 08:50:21,506] {scheduler_job.py:629} INFO - Processing file /home/airflow/.local/lib/python3.6/site-packages/airflow/example_dags/example_dag_decorator.py for tasks to queue
[2024-08-10 08:50:21,507] {logging_mixin.py:104} INFO - [2024-08-10 08:50:21,507] {dagbag.py:451} INFO - Filling up the DagBag from /home/airflow/.local/lib/python3.6/site-packages/airflow/example_dags/example_dag_decorator.py
[2024-08-10 08:50:21,529] {scheduler_job.py:639} INFO - DAG(s) dict_keys(['example_dag_decorator']) retrieved from /home/airflow/.local/lib/python3.6/site-packages/airflow/example_dags/example_dag_decorator.py
[2024-08-10 08:50:21,551] {logging_mixin.py:104} INFO - [2024-08-10 08:50:21,551] {dag.py:1824} INFO - Sync 1 DAGs
[2024-08-10 08:50:21,565] {logging_mixin.py:104} INFO - [2024-08-10 08:50:21,565] {dag.py:2280} INFO - Setting next_dagrun for example_dag_decorator to None
[2024-08-10 08:50:21,577] {scheduler_job.py:190} INFO - Processing /home/airflow/.local/lib/python3.6/site-packages/airflow/example_dags/example_dag_decorator.py took 0.077 seconds
[2024-08-10 08:50:51,650] {scheduler_job.py:182} INFO - Started process (PID=388) to work on /home/airflow/.local/lib/python3.6/site-packages/airflow/example_dags/example_dag_decorator.py
[2024-08-10 08:50:51,653] {scheduler_job.py:629} INFO - Processing file /home/airflow/.local/lib/python3.6/site-packages/airflow/example_dags/example_dag_decorator.py for tasks to queue
[2024-08-10 08:50:51,654] {logging_mixin.py:104} INFO - [2024-08-10 08:50:51,654] {dagbag.py:451} INFO - Filling up the DagBag from /home/airflow/.local/lib/python3.6/site-packages/airflow/example_dags/example_dag_decorator.py
[2024-08-10 08:50:51,672] {scheduler_job.py:639} INFO - DAG(s) dict_keys(['example_dag_decorator']) retrieved from /home/airflow/.local/lib/python3.6/site-packages/airflow/example_dags/example_dag_decorator.py
[2024-08-10 08:50:51,694] {logging_mixin.py:104} INFO - [2024-08-10 08:50:51,694] {dag.py:1824} INFO - Sync 1 DAGs
[2024-08-10 08:50:51,707] {logging_mixin.py:104} INFO - [2024-08-10 08:50:51,707] {dag.py:2280} INFO - Setting next_dagrun for example_dag_decorator to None
[2024-08-10 08:50:51,722] {scheduler_job.py:190} INFO - Processing /home/airflow/.local/lib/python3.6/site-packages/airflow/example_dags/example_dag_decorator.py took 0.077 seconds
[2024-08-10 08:51:21,804] {scheduler_job.py:182} INFO - Started process (PID=523) to work on /home/airflow/.local/lib/python3.6/site-packages/airflow/example_dags/example_dag_decorator.py
[2024-08-10 08:51:21,809] {scheduler_job.py:629} INFO - Processing file /home/airflow/.local/lib/python3.6/site-packages/airflow/example_dags/example_dag_decorator.py for tasks to queue
[2024-08-10 08:51:21,810] {logging_mixin.py:104} INFO - [2024-08-10 08:51:21,810] {dagbag.py:451} INFO - Filling up the DagBag from /home/airflow/.local/lib/python3.6/site-packages/airflow/example_dags/example_dag_decorator.py
[2024-08-10 08:51:21,834] {scheduler_job.py:639} INFO - DAG(s) dict_keys(['example_dag_decorator']) retrieved from /home/airflow/.local/lib/python3.6/site-packages/airflow/example_dags/example_dag_decorator.py
[2024-08-10 08:51:21,856] {logging_mixin.py:104} INFO - [2024-08-10 08:51:21,856] {dag.py:1824} INFO - Sync 1 DAGs
[2024-08-10 08:51:21,870] {logging_mixin.py:104} INFO - [2024-08-10 08:51:21,870] {dag.py:2280} INFO - Setting next_dagrun for example_dag_decorator to None
[2024-08-10 08:51:21,881] {scheduler_job.py:190} INFO - Processing /home/airflow/.local/lib/python3.6/site-packages/airflow/example_dags/example_dag_decorator.py took 0.086 seconds
[2024-08-10 08:51:52,076] {scheduler_job.py:182} INFO - Started process (PID=658) to work on /home/airflow/.local/lib/python3.6/site-packages/airflow/example_dags/example_dag_decorator.py
[2024-08-10 08:51:52,077] {scheduler_job.py:629} INFO - Processing file /home/airflow/.local/lib/python3.6/site-packages/airflow/example_dags/example_dag_decorator.py for tasks to queue
[2024-08-10 08:51:52,078] {logging_mixin.py:104} INFO - [2024-08-10 08:51:52,078] {dagbag.py:451} INFO - Filling up the DagBag from /home/airflow/.local/lib/python3.6/site-packages/airflow/example_dags/example_dag_decorator.py
[2024-08-10 08:51:52,092] {scheduler_job.py:639} INFO - DAG(s) dict_keys(['example_dag_decorator']) retrieved from /home/airflow/.local/lib/python3.6/site-packages/airflow/example_dags/example_dag_decorator.py
[2024-08-10 08:51:52,114] {logging_mixin.py:104} INFO - [2024-08-10 08:51:52,114] {dag.py:1824} INFO - Sync 1 DAGs
[2024-08-10 08:51:52,128] {logging_mixin.py:104} INFO - [2024-08-10 08:51:52,127] {dag.py:2280} INFO - Setting next_dagrun for example_dag_decorator to None
[2024-08-10 08:51:52,139] {scheduler_job.py:190} INFO - Processing /home/airflow/.local/lib/python3.6/site-packages/airflow/example_dags/example_dag_decorator.py took 0.066 seconds
[2024-08-10 08:52:22,225] {scheduler_job.py:182} INFO - Started process (PID=793) to work on /home/airflow/.local/lib/python3.6/site-packages/airflow/example_dags/example_dag_decorator.py
[2024-08-10 08:52:22,227] {scheduler_job.py:629} INFO - Processing file /home/airflow/.local/lib/python3.6/site-packages/airflow/example_dags/example_dag_decorator.py for tasks to queue
[2024-08-10 08:52:22,228] {logging_mixin.py:104} INFO - [2024-08-10 08:52:22,228] {dagbag.py:451} INFO - Filling up the DagBag from /home/airflow/.local/lib/python3.6/site-packages/airflow/example_dags/example_dag_decorator.py
[2024-08-10 08:52:22,245] {scheduler_job.py:639} INFO - DAG(s) dict_keys(['example_dag_decorator']) retrieved from /home/airflow/.local/lib/python3.6/site-packages/airflow/example_dags/example_dag_decorator.py
[2024-08-10 08:52:22,266] {logging_mixin.py:104} INFO - [2024-08-10 08:52:22,266] {dag.py:1824} INFO - Sync 1 DAGs
[2024-08-10 08:52:22,279] {logging_mixin.py:104} INFO - [2024-08-10 08:52:22,279] {dag.py:2280} INFO - Setting next_dagrun for example_dag_decorator to None
[2024-08-10 08:52:22,290] {scheduler_job.py:190} INFO - Processing /home/airflow/.local/lib/python3.6/site-packages/airflow/example_dags/example_dag_decorator.py took 0.072 seconds
[2024-08-10 08:52:52,385] {scheduler_job.py:182} INFO - Started process (PID=928) to work on /home/airflow/.local/lib/python3.6/site-packages/airflow/example_dags/example_dag_decorator.py
[2024-08-10 08:52:52,387] {scheduler_job.py:629} INFO - Processing file /home/airflow/.local/lib/python3.6/site-packages/airflow/example_dags/example_dag_decorator.py for tasks to queue
[2024-08-10 08:52:52,388] {logging_mixin.py:104} INFO - [2024-08-10 08:52:52,388] {dagbag.py:451} INFO - Filling up the DagBag from /home/airflow/.local/lib/python3.6/site-packages/airflow/example_dags/example_dag_decorator.py
[2024-08-10 08:52:52,410] {scheduler_job.py:639} INFO - DAG(s) dict_keys(['example_dag_decorator']) retrieved from /home/airflow/.local/lib/python3.6/site-packages/airflow/example_dags/example_dag_decorator.py
[2024-08-10 08:52:52,434] {logging_mixin.py:104} INFO - [2024-08-10 08:52:52,433] {dag.py:1824} INFO - Sync 1 DAGs
[2024-08-10 08:52:52,448] {logging_mixin.py:104} INFO - [2024-08-10 08:52:52,448] {dag.py:2280} INFO - Setting next_dagrun for example_dag_decorator to None
[2024-08-10 08:52:52,460] {scheduler_job.py:190} INFO - Processing /home/airflow/.local/lib/python3.6/site-packages/airflow/example_dags/example_dag_decorator.py took 0.081 seconds
[2024-08-10 08:53:22,538] {scheduler_job.py:182} INFO - Started process (PID=1064) to work on /home/airflow/.local/lib/python3.6/site-packages/airflow/example_dags/example_dag_decorator.py
[2024-08-10 08:53:22,539] {scheduler_job.py:629} INFO - Processing file /home/airflow/.local/lib/python3.6/site-packages/airflow/example_dags/example_dag_decorator.py for tasks to queue
[2024-08-10 08:53:22,540] {logging_mixin.py:104} INFO - [2024-08-10 08:53:22,540] {dagbag.py:451} INFO - Filling up the DagBag from /home/airflow/.local/lib/python3.6/site-packages/airflow/example_dags/example_dag_decorator.py
[2024-08-10 08:53:22,554] {scheduler_job.py:639} INFO - DAG(s) dict_keys(['example_dag_decorator']) retrieved from /home/airflow/.local/lib/python3.6/site-packages/airflow/example_dags/example_dag_decorator.py
[2024-08-10 08:53:22,575] {logging_mixin.py:104} INFO - [2024-08-10 08:53:22,575] {dag.py:1824} INFO - Sync 1 DAGs
[2024-08-10 08:53:22,588] {logging_mixin.py:104} INFO - [2024-08-10 08:53:22,588] {dag.py:2280} INFO - Setting next_dagrun for example_dag_decorator to None
[2024-08-10 08:53:22,598] {scheduler_job.py:190} INFO - Processing /home/airflow/.local/lib/python3.6/site-packages/airflow/example_dags/example_dag_decorator.py took 0.063 seconds
[2024-08-10 08:53:52,637] {scheduler_job.py:182} INFO - Started process (PID=1198) to work on /home/airflow/.local/lib/python3.6/site-packages/airflow/example_dags/example_dag_decorator.py
[2024-08-10 08:53:52,640] {scheduler_job.py:629} INFO - Processing file /home/airflow/.local/lib/python3.6/site-packages/airflow/example_dags/example_dag_decorator.py for tasks to queue
[2024-08-10 08:53:52,641] {logging_mixin.py:104} INFO - [2024-08-10 08:53:52,641] {dagbag.py:451} INFO - Filling up the DagBag from /home/airflow/.local/lib/python3.6/site-packages/airflow/example_dags/example_dag_decorator.py
[2024-08-10 08:53:52,663] {scheduler_job.py:639} INFO - DAG(s) dict_keys(['example_dag_decorator']) retrieved from /home/airflow/.local/lib/python3.6/site-packages/airflow/example_dags/example_dag_decorator.py
[2024-08-10 08:53:52,686] {logging_mixin.py:104} INFO - [2024-08-10 08:53:52,686] {dag.py:1824} INFO - Sync 1 DAGs
[2024-08-10 08:53:52,699] {logging_mixin.py:104} INFO - [2024-08-10 08:53:52,699] {dag.py:2280} INFO - Setting next_dagrun for example_dag_decorator to None
[2024-08-10 08:53:52,710] {scheduler_job.py:190} INFO - Processing /home/airflow/.local/lib/python3.6/site-packages/airflow/example_dags/example_dag_decorator.py took 0.079 seconds
[2024-08-10 08:54:22,833] {scheduler_job.py:182} INFO - Started process (PID=1333) to work on /home/airflow/.local/lib/python3.6/site-packages/airflow/example_dags/example_dag_decorator.py
[2024-08-10 08:54:22,835] {scheduler_job.py:629} INFO - Processing file /home/airflow/.local/lib/python3.6/site-packages/airflow/example_dags/example_dag_decorator.py for tasks to queue
[2024-08-10 08:54:22,836] {logging_mixin.py:104} INFO - [2024-08-10 08:54:22,835] {dagbag.py:451} INFO - Filling up the DagBag from /home/airflow/.local/lib/python3.6/site-packages/airflow/example_dags/example_dag_decorator.py
[2024-08-10 08:54:22,859] {scheduler_job.py:639} INFO - DAG(s) dict_keys(['example_dag_decorator']) retrieved from /home/airflow/.local/lib/python3.6/site-packages/airflow/example_dags/example_dag_decorator.py
[2024-08-10 08:54:22,883] {logging_mixin.py:104} INFO - [2024-08-10 08:54:22,883] {dag.py:1824} INFO - Sync 1 DAGs
[2024-08-10 08:54:22,899] {logging_mixin.py:104} INFO - [2024-08-10 08:54:22,899] {dag.py:2280} INFO - Setting next_dagrun for example_dag_decorator to None
[2024-08-10 08:54:22,914] {scheduler_job.py:190} INFO - Processing /home/airflow/.local/lib/python3.6/site-packages/airflow/example_dags/example_dag_decorator.py took 0.087 seconds
[2024-08-10 08:54:53,870] {scheduler_job.py:182} INFO - Started process (PID=1468) to work on /home/airflow/.local/lib/python3.6/site-packages/airflow/example_dags/example_dag_decorator.py
[2024-08-10 08:54:53,871] {scheduler_job.py:629} INFO - Processing file /home/airflow/.local/lib/python3.6/site-packages/airflow/example_dags/example_dag_decorator.py for tasks to queue
[2024-08-10 08:54:53,871] {logging_mixin.py:104} INFO - [2024-08-10 08:54:53,871] {dagbag.py:451} INFO - Filling up the DagBag from /home/airflow/.local/lib/python3.6/site-packages/airflow/example_dags/example_dag_decorator.py
[2024-08-10 08:54:53,891] {scheduler_job.py:639} INFO - DAG(s) dict_keys(['example_dag_decorator']) retrieved from /home/airflow/.local/lib/python3.6/site-packages/airflow/example_dags/example_dag_decorator.py
[2024-08-10 08:54:53,914] {logging_mixin.py:104} INFO - [2024-08-10 08:54:53,914] {dag.py:1824} INFO - Sync 1 DAGs
[2024-08-10 08:54:53,928] {logging_mixin.py:104} INFO - [2024-08-10 08:54:53,928] {dag.py:2280} INFO - Setting next_dagrun for example_dag_decorator to None
[2024-08-10 08:54:53,940] {scheduler_job.py:190} INFO - Processing /home/airflow/.local/lib/python3.6/site-packages/airflow/example_dags/example_dag_decorator.py took 0.073 seconds
[2024-08-10 08:55:24,271] {scheduler_job.py:182} INFO - Started process (PID=1603) to work on /home/airflow/.local/lib/python3.6/site-packages/airflow/example_dags/example_dag_decorator.py
[2024-08-10 08:55:24,272] {scheduler_job.py:629} INFO - Processing file /home/airflow/.local/lib/python3.6/site-packages/airflow/example_dags/example_dag_decorator.py for tasks to queue
[2024-08-10 08:55:24,273] {logging_mixin.py:104} INFO - [2024-08-10 08:55:24,273] {dagbag.py:451} INFO - Filling up the DagBag from /home/airflow/.local/lib/python3.6/site-packages/airflow/example_dags/example_dag_decorator.py
[2024-08-10 08:55:24,288] {scheduler_job.py:639} INFO - DAG(s) dict_keys(['example_dag_decorator']) retrieved from /home/airflow/.local/lib/python3.6/site-packages/airflow/example_dags/example_dag_decorator.py
[2024-08-10 08:55:24,310] {logging_mixin.py:104} INFO - [2024-08-10 08:55:24,310] {dag.py:1824} INFO - Sync 1 DAGs
[2024-08-10 08:55:24,322] {logging_mixin.py:104} INFO - [2024-08-10 08:55:24,322] {dag.py:2280} INFO - Setting next_dagrun for example_dag_decorator to None
[2024-08-10 08:55:24,337] {scheduler_job.py:190} INFO - Processing /home/airflow/.local/lib/python3.6/site-packages/airflow/example_dags/example_dag_decorator.py took 0.071 seconds
[2024-08-10 08:55:54,830] {scheduler_job.py:182} INFO - Started process (PID=1738) to work on /home/airflow/.local/lib/python3.6/site-packages/airflow/example_dags/example_dag_decorator.py
[2024-08-10 08:55:54,832] {scheduler_job.py:629} INFO - Processing file /home/airflow/.local/lib/python3.6/site-packages/airflow/example_dags/example_dag_decorator.py for tasks to queue
[2024-08-10 08:55:54,833] {logging_mixin.py:104} INFO - [2024-08-10 08:55:54,832] {dagbag.py:451} INFO - Filling up the DagBag from /home/airflow/.local/lib/python3.6/site-packages/airflow/example_dags/example_dag_decorator.py
[2024-08-10 08:55:54,846] {scheduler_job.py:639} INFO - DAG(s) dict_keys(['example_dag_decorator']) retrieved from /home/airflow/.local/lib/python3.6/site-packages/airflow/example_dags/example_dag_decorator.py
[2024-08-10 08:55:54,869] {logging_mixin.py:104} INFO - [2024-08-10 08:55:54,869] {dag.py:1824} INFO - Sync 1 DAGs
[2024-08-10 08:55:54,883] {logging_mixin.py:104} INFO - [2024-08-10 08:55:54,883] {dag.py:2280} INFO - Setting next_dagrun for example_dag_decorator to None
[2024-08-10 08:55:54,894] {scheduler_job.py:190} INFO - Processing /home/airflow/.local/lib/python3.6/site-packages/airflow/example_dags/example_dag_decorator.py took 0.068 seconds
[2024-08-10 08:56:24,965] {scheduler_job.py:182} INFO - Started process (PID=1873) to work on /home/airflow/.local/lib/python3.6/site-packages/airflow/example_dags/example_dag_decorator.py
[2024-08-10 08:56:24,967] {scheduler_job.py:629} INFO - Processing file /home/airflow/.local/lib/python3.6/site-packages/airflow/example_dags/example_dag_decorator.py for tasks to queue
[2024-08-10 08:56:24,968] {logging_mixin.py:104} INFO - [2024-08-10 08:56:24,968] {dagbag.py:451} INFO - Filling up the DagBag from /home/airflow/.local/lib/python3.6/site-packages/airflow/example_dags/example_dag_decorator.py
[2024-08-10 08:56:24,993] {scheduler_job.py:639} INFO - DAG(s) dict_keys(['example_dag_decorator']) retrieved from /home/airflow/.local/lib/python3.6/site-packages/airflow/example_dags/example_dag_decorator.py
[2024-08-10 08:56:25,016] {logging_mixin.py:104} INFO - [2024-08-10 08:56:25,016] {dag.py:1824} INFO - Sync 1 DAGs
[2024-08-10 08:56:25,030] {logging_mixin.py:104} INFO - [2024-08-10 08:56:25,029] {dag.py:2280} INFO - Setting next_dagrun for example_dag_decorator to None
[2024-08-10 08:56:25,041] {scheduler_job.py:190} INFO - Processing /home/airflow/.local/lib/python3.6/site-packages/airflow/example_dags/example_dag_decorator.py took 0.083 seconds
[2024-08-10 08:56:55,368] {scheduler_job.py:182} INFO - Started process (PID=2008) to work on /home/airflow/.local/lib/python3.6/site-packages/airflow/example_dags/example_dag_decorator.py
[2024-08-10 08:56:55,369] {scheduler_job.py:629} INFO - Processing file /home/airflow/.local/lib/python3.6/site-packages/airflow/example_dags/example_dag_decorator.py for tasks to queue
[2024-08-10 08:56:55,370] {logging_mixin.py:104} INFO - [2024-08-10 08:56:55,370] {dagbag.py:451} INFO - Filling up the DagBag from /home/airflow/.local/lib/python3.6/site-packages/airflow/example_dags/example_dag_decorator.py
[2024-08-10 08:56:55,388] {scheduler_job.py:639} INFO - DAG(s) dict_keys(['example_dag_decorator']) retrieved from /home/airflow/.local/lib/python3.6/site-packages/airflow/example_dags/example_dag_decorator.py
[2024-08-10 08:56:55,411] {logging_mixin.py:104} INFO - [2024-08-10 08:56:55,411] {dag.py:1824} INFO - Sync 1 DAGs
[2024-08-10 08:56:55,426] {logging_mixin.py:104} INFO - [2024-08-10 08:56:55,426] {dag.py:2280} INFO - Setting next_dagrun for example_dag_decorator to None
[2024-08-10 08:56:55,438] {scheduler_job.py:190} INFO - Processing /home/airflow/.local/lib/python3.6/site-packages/airflow/example_dags/example_dag_decorator.py took 0.073 seconds
[2024-08-10 08:57:25,757] {scheduler_job.py:182} INFO - Started process (PID=2143) to work on /home/airflow/.local/lib/python3.6/site-packages/airflow/example_dags/example_dag_decorator.py
[2024-08-10 08:57:25,758] {scheduler_job.py:629} INFO - Processing file /home/airflow/.local/lib/python3.6/site-packages/airflow/example_dags/example_dag_decorator.py for tasks to queue
[2024-08-10 08:57:25,759] {logging_mixin.py:104} INFO - [2024-08-10 08:57:25,759] {dagbag.py:451} INFO - Filling up the DagBag from /home/airflow/.local/lib/python3.6/site-packages/airflow/example_dags/example_dag_decorator.py
[2024-08-10 08:57:25,787] {scheduler_job.py:639} INFO - DAG(s) dict_keys(['example_dag_decorator']) retrieved from /home/airflow/.local/lib/python3.6/site-packages/airflow/example_dags/example_dag_decorator.py
[2024-08-10 08:57:25,821] {logging_mixin.py:104} INFO - [2024-08-10 08:57:25,821] {dag.py:1824} INFO - Sync 1 DAGs
[2024-08-10 08:57:25,842] {logging_mixin.py:104} INFO - [2024-08-10 08:57:25,841] {dag.py:2280} INFO - Setting next_dagrun for example_dag_decorator to None
[2024-08-10 08:57:25,857] {scheduler_job.py:190} INFO - Processing /home/airflow/.local/lib/python3.6/site-packages/airflow/example_dags/example_dag_decorator.py took 0.107 seconds
[2024-08-10 08:57:56,012] {scheduler_job.py:182} INFO - Started process (PID=2278) to work on /home/airflow/.local/lib/python3.6/site-packages/airflow/example_dags/example_dag_decorator.py
[2024-08-10 08:57:56,013] {scheduler_job.py:629} INFO - Processing file /home/airflow/.local/lib/python3.6/site-packages/airflow/example_dags/example_dag_decorator.py for tasks to queue
[2024-08-10 08:57:56,013] {logging_mixin.py:104} INFO - [2024-08-10 08:57:56,013] {dagbag.py:451} INFO - Filling up the DagBag from /home/airflow/.local/lib/python3.6/site-packages/airflow/example_dags/example_dag_decorator.py
[2024-08-10 08:57:56,029] {scheduler_job.py:639} INFO - DAG(s) dict_keys(['example_dag_decorator']) retrieved from /home/airflow/.local/lib/python3.6/site-packages/airflow/example_dags/example_dag_decorator.py
[2024-08-10 08:57:56,052] {logging_mixin.py:104} INFO - [2024-08-10 08:57:56,052] {dag.py:1824} INFO - Sync 1 DAGs
[2024-08-10 08:57:56,066] {logging_mixin.py:104} INFO - [2024-08-10 08:57:56,066] {dag.py:2280} INFO - Setting next_dagrun for example_dag_decorator to None
[2024-08-10 08:57:56,078] {scheduler_job.py:190} INFO - Processing /home/airflow/.local/lib/python3.6/site-packages/airflow/example_dags/example_dag_decorator.py took 0.070 seconds
[2024-08-10 08:58:27,061] {scheduler_job.py:182} INFO - Started process (PID=2414) to work on /home/airflow/.local/lib/python3.6/site-packages/airflow/example_dags/example_dag_decorator.py
[2024-08-10 08:58:27,062] {scheduler_job.py:629} INFO - Processing file /home/airflow/.local/lib/python3.6/site-packages/airflow/example_dags/example_dag_decorator.py for tasks to queue
[2024-08-10 08:58:27,063] {logging_mixin.py:104} INFO - [2024-08-10 08:58:27,063] {dagbag.py:451} INFO - Filling up the DagBag from /home/airflow/.local/lib/python3.6/site-packages/airflow/example_dags/example_dag_decorator.py
[2024-08-10 08:58:27,078] {scheduler_job.py:639} INFO - DAG(s) dict_keys(['example_dag_decorator']) retrieved from /home/airflow/.local/lib/python3.6/site-packages/airflow/example_dags/example_dag_decorator.py
[2024-08-10 08:58:27,101] {logging_mixin.py:104} INFO - [2024-08-10 08:58:27,101] {dag.py:1824} INFO - Sync 1 DAGs
[2024-08-10 08:58:27,116] {logging_mixin.py:104} INFO - [2024-08-10 08:58:27,116] {dag.py:2280} INFO - Setting next_dagrun for example_dag_decorator to None
[2024-08-10 08:58:27,140] {scheduler_job.py:190} INFO - Processing /home/airflow/.local/lib/python3.6/site-packages/airflow/example_dags/example_dag_decorator.py took 0.083 seconds
[2024-08-10 08:58:57,491] {scheduler_job.py:182} INFO - Started process (PID=2548) to work on /home/airflow/.local/lib/python3.6/site-packages/airflow/example_dags/example_dag_decorator.py
[2024-08-10 08:58:57,492] {scheduler_job.py:629} INFO - Processing file /home/airflow/.local/lib/python3.6/site-packages/airflow/example_dags/example_dag_decorator.py for tasks to queue
[2024-08-10 08:58:57,493] {logging_mixin.py:104} INFO - [2024-08-10 08:58:57,493] {dagbag.py:451} INFO - Filling up the DagBag from /home/airflow/.local/lib/python3.6/site-packages/airflow/example_dags/example_dag_decorator.py
[2024-08-10 08:58:57,506] {scheduler_job.py:639} INFO - DAG(s) dict_keys(['example_dag_decorator']) retrieved from /home/airflow/.local/lib/python3.6/site-packages/airflow/example_dags/example_dag_decorator.py
[2024-08-10 08:58:57,527] {logging_mixin.py:104} INFO - [2024-08-10 08:58:57,527] {dag.py:1824} INFO - Sync 1 DAGs
[2024-08-10 08:58:57,540] {logging_mixin.py:104} INFO - [2024-08-10 08:58:57,540] {dag.py:2280} INFO - Setting next_dagrun for example_dag_decorator to None
[2024-08-10 08:58:57,554] {scheduler_job.py:190} INFO - Processing /home/airflow/.local/lib/python3.6/site-packages/airflow/example_dags/example_dag_decorator.py took 0.065 seconds
[2024-08-10 08:59:27,657] {scheduler_job.py:182} INFO - Started process (PID=2683) to work on /home/airflow/.local/lib/python3.6/site-packages/airflow/example_dags/example_dag_decorator.py
[2024-08-10 08:59:27,658] {scheduler_job.py:629} INFO - Processing file /home/airflow/.local/lib/python3.6/site-packages/airflow/example_dags/example_dag_decorator.py for tasks to queue
[2024-08-10 08:59:27,659] {logging_mixin.py:104} INFO - [2024-08-10 08:59:27,659] {dagbag.py:451} INFO - Filling up the DagBag from /home/airflow/.local/lib/python3.6/site-packages/airflow/example_dags/example_dag_decorator.py
[2024-08-10 08:59:27,683] {scheduler_job.py:639} INFO - DAG(s) dict_keys(['example_dag_decorator']) retrieved from /home/airflow/.local/lib/python3.6/site-packages/airflow/example_dags/example_dag_decorator.py
[2024-08-10 08:59:27,705] {logging_mixin.py:104} INFO - [2024-08-10 08:59:27,705] {dag.py:1824} INFO - Sync 1 DAGs
[2024-08-10 08:59:27,717] {logging_mixin.py:104} INFO - [2024-08-10 08:59:27,717] {dag.py:2280} INFO - Setting next_dagrun for example_dag_decorator to None
[2024-08-10 08:59:27,729] {scheduler_job.py:190} INFO - Processing /home/airflow/.local/lib/python3.6/site-packages/airflow/example_dags/example_dag_decorator.py took 0.077 seconds
[2024-08-10 08:59:57,885] {scheduler_job.py:182} INFO - Started process (PID=2818) to work on /home/airflow/.local/lib/python3.6/site-packages/airflow/example_dags/example_dag_decorator.py
[2024-08-10 08:59:57,886] {scheduler_job.py:629} INFO - Processing file /home/airflow/.local/lib/python3.6/site-packages/airflow/example_dags/example_dag_decorator.py for tasks to queue
[2024-08-10 08:59:57,887] {logging_mixin.py:104} INFO - [2024-08-10 08:59:57,887] {dagbag.py:451} INFO - Filling up the DagBag from /home/airflow/.local/lib/python3.6/site-packages/airflow/example_dags/example_dag_decorator.py
[2024-08-10 08:59:57,910] {scheduler_job.py:639} INFO - DAG(s) dict_keys(['example_dag_decorator']) retrieved from /home/airflow/.local/lib/python3.6/site-packages/airflow/example_dags/example_dag_decorator.py
[2024-08-10 08:59:57,932] {logging_mixin.py:104} INFO - [2024-08-10 08:59:57,932] {dag.py:1824} INFO - Sync 1 DAGs
[2024-08-10 08:59:57,945] {logging_mixin.py:104} INFO - [2024-08-10 08:59:57,945] {dag.py:2280} INFO - Setting next_dagrun for example_dag_decorator to None
[2024-08-10 08:59:57,956] {scheduler_job.py:190} INFO - Processing /home/airflow/.local/lib/python3.6/site-packages/airflow/example_dags/example_dag_decorator.py took 0.076 seconds
[2024-08-10 09:00:28,383] {scheduler_job.py:182} INFO - Started process (PID=2953) to work on /home/airflow/.local/lib/python3.6/site-packages/airflow/example_dags/example_dag_decorator.py
[2024-08-10 09:00:28,385] {scheduler_job.py:629} INFO - Processing file /home/airflow/.local/lib/python3.6/site-packages/airflow/example_dags/example_dag_decorator.py for tasks to queue
[2024-08-10 09:00:28,386] {logging_mixin.py:104} INFO - [2024-08-10 09:00:28,385] {dagbag.py:451} INFO - Filling up the DagBag from /home/airflow/.local/lib/python3.6/site-packages/airflow/example_dags/example_dag_decorator.py
[2024-08-10 09:00:28,405] {scheduler_job.py:639} INFO - DAG(s) dict_keys(['example_dag_decorator']) retrieved from /home/airflow/.local/lib/python3.6/site-packages/airflow/example_dags/example_dag_decorator.py
[2024-08-10 09:00:28,429] {logging_mixin.py:104} INFO - [2024-08-10 09:00:28,429] {dag.py:1824} INFO - Sync 1 DAGs
[2024-08-10 09:00:28,442] {logging_mixin.py:104} INFO - [2024-08-10 09:00:28,442] {dag.py:2280} INFO - Setting next_dagrun for example_dag_decorator to None
[2024-08-10 09:00:28,454] {scheduler_job.py:190} INFO - Processing /home/airflow/.local/lib/python3.6/site-packages/airflow/example_dags/example_dag_decorator.py took 0.077 seconds
[2024-08-10 09:00:58,538] {scheduler_job.py:182} INFO - Started process (PID=3088) to work on /home/airflow/.local/lib/python3.6/site-packages/airflow/example_dags/example_dag_decorator.py
[2024-08-10 09:00:58,538] {scheduler_job.py:629} INFO - Processing file /home/airflow/.local/lib/python3.6/site-packages/airflow/example_dags/example_dag_decorator.py for tasks to queue
[2024-08-10 09:00:58,539] {logging_mixin.py:104} INFO - [2024-08-10 09:00:58,539] {dagbag.py:451} INFO - Filling up the DagBag from /home/airflow/.local/lib/python3.6/site-packages/airflow/example_dags/example_dag_decorator.py
[2024-08-10 09:00:58,554] {scheduler_job.py:639} INFO - DAG(s) dict_keys(['example_dag_decorator']) retrieved from /home/airflow/.local/lib/python3.6/site-packages/airflow/example_dags/example_dag_decorator.py
[2024-08-10 09:00:58,576] {logging_mixin.py:104} INFO - [2024-08-10 09:00:58,576] {dag.py:1824} INFO - Sync 1 DAGs
[2024-08-10 09:00:58,595] {logging_mixin.py:104} INFO - [2024-08-10 09:00:58,595] {dag.py:2280} INFO - Setting next_dagrun for example_dag_decorator to None
[2024-08-10 09:00:58,606] {scheduler_job.py:190} INFO - Processing /home/airflow/.local/lib/python3.6/site-packages/airflow/example_dags/example_dag_decorator.py took 0.071 seconds
[2024-08-10 09:01:28,859] {scheduler_job.py:182} INFO - Started process (PID=3223) to work on /home/airflow/.local/lib/python3.6/site-packages/airflow/example_dags/example_dag_decorator.py
[2024-08-10 09:01:28,861] {scheduler_job.py:629} INFO - Processing file /home/airflow/.local/lib/python3.6/site-packages/airflow/example_dags/example_dag_decorator.py for tasks to queue
[2024-08-10 09:01:28,862] {logging_mixin.py:104} INFO - [2024-08-10 09:01:28,862] {dagbag.py:451} INFO - Filling up the DagBag from /home/airflow/.local/lib/python3.6/site-packages/airflow/example_dags/example_dag_decorator.py
[2024-08-10 09:01:28,888] {scheduler_job.py:639} INFO - DAG(s) dict_keys(['example_dag_decorator']) retrieved from /home/airflow/.local/lib/python3.6/site-packages/airflow/example_dags/example_dag_decorator.py
[2024-08-10 09:01:28,926] {logging_mixin.py:104} INFO - [2024-08-10 09:01:28,926] {dag.py:1824} INFO - Sync 1 DAGs
[2024-08-10 09:01:28,963] {logging_mixin.py:104} INFO - [2024-08-10 09:01:28,963] {dag.py:2280} INFO - Setting next_dagrun for example_dag_decorator to None
[2024-08-10 09:01:28,985] {scheduler_job.py:190} INFO - Processing /home/airflow/.local/lib/python3.6/site-packages/airflow/example_dags/example_dag_decorator.py took 0.131 seconds
[2024-08-10 09:01:59,144] {scheduler_job.py:182} INFO - Started process (PID=3358) to work on /home/airflow/.local/lib/python3.6/site-packages/airflow/example_dags/example_dag_decorator.py
[2024-08-10 09:01:59,145] {scheduler_job.py:629} INFO - Processing file /home/airflow/.local/lib/python3.6/site-packages/airflow/example_dags/example_dag_decorator.py for tasks to queue
[2024-08-10 09:01:59,147] {logging_mixin.py:104} INFO - [2024-08-10 09:01:59,146] {dagbag.py:451} INFO - Filling up the DagBag from /home/airflow/.local/lib/python3.6/site-packages/airflow/example_dags/example_dag_decorator.py
[2024-08-10 09:01:59,162] {scheduler_job.py:639} INFO - DAG(s) dict_keys(['example_dag_decorator']) retrieved from /home/airflow/.local/lib/python3.6/site-packages/airflow/example_dags/example_dag_decorator.py
[2024-08-10 09:01:59,187] {logging_mixin.py:104} INFO - [2024-08-10 09:01:59,187] {dag.py:1824} INFO - Sync 1 DAGs
[2024-08-10 09:01:59,203] {logging_mixin.py:104} INFO - [2024-08-10 09:01:59,203] {dag.py:2280} INFO - Setting next_dagrun for example_dag_decorator to None
[2024-08-10 09:01:59,216] {scheduler_job.py:190} INFO - Processing /home/airflow/.local/lib/python3.6/site-packages/airflow/example_dags/example_dag_decorator.py took 0.076 seconds
[2024-08-10 09:02:29,356] {scheduler_job.py:182} INFO - Started process (PID=3493) to work on /home/airflow/.local/lib/python3.6/site-packages/airflow/example_dags/example_dag_decorator.py
[2024-08-10 09:02:29,357] {scheduler_job.py:629} INFO - Processing file /home/airflow/.local/lib/python3.6/site-packages/airflow/example_dags/example_dag_decorator.py for tasks to queue
[2024-08-10 09:02:29,358] {logging_mixin.py:104} INFO - [2024-08-10 09:02:29,358] {dagbag.py:451} INFO - Filling up the DagBag from /home/airflow/.local/lib/python3.6/site-packages/airflow/example_dags/example_dag_decorator.py
[2024-08-10 09:02:29,373] {scheduler_job.py:639} INFO - DAG(s) dict_keys(['example_dag_decorator']) retrieved from /home/airflow/.local/lib/python3.6/site-packages/airflow/example_dags/example_dag_decorator.py
[2024-08-10 09:02:29,396] {logging_mixin.py:104} INFO - [2024-08-10 09:02:29,396] {dag.py:1824} INFO - Sync 1 DAGs
[2024-08-10 09:02:29,415] {logging_mixin.py:104} INFO - [2024-08-10 09:02:29,415] {dag.py:2280} INFO - Setting next_dagrun for example_dag_decorator to None
[2024-08-10 09:02:29,430] {scheduler_job.py:190} INFO - Processing /home/airflow/.local/lib/python3.6/site-packages/airflow/example_dags/example_dag_decorator.py took 0.076 seconds
[2024-08-10 09:02:59,791] {scheduler_job.py:182} INFO - Started process (PID=3629) to work on /home/airflow/.local/lib/python3.6/site-packages/airflow/example_dags/example_dag_decorator.py
[2024-08-10 09:02:59,793] {scheduler_job.py:629} INFO - Processing file /home/airflow/.local/lib/python3.6/site-packages/airflow/example_dags/example_dag_decorator.py for tasks to queue
[2024-08-10 09:02:59,795] {logging_mixin.py:104} INFO - [2024-08-10 09:02:59,794] {dagbag.py:451} INFO - Filling up the DagBag from /home/airflow/.local/lib/python3.6/site-packages/airflow/example_dags/example_dag_decorator.py
[2024-08-10 09:02:59,893] {scheduler_job.py:639} INFO - DAG(s) dict_keys(['example_dag_decorator']) retrieved from /home/airflow/.local/lib/python3.6/site-packages/airflow/example_dags/example_dag_decorator.py
[2024-08-10 09:02:59,934] {logging_mixin.py:104} INFO - [2024-08-10 09:02:59,934] {dag.py:1824} INFO - Sync 1 DAGs
[2024-08-10 09:02:59,952] {logging_mixin.py:104} INFO - [2024-08-10 09:02:59,951] {dag.py:2280} INFO - Setting next_dagrun for example_dag_decorator to None
[2024-08-10 09:02:59,964] {scheduler_job.py:190} INFO - Processing /home/airflow/.local/lib/python3.6/site-packages/airflow/example_dags/example_dag_decorator.py took 0.192 seconds
[2024-08-10 09:03:30,125] {scheduler_job.py:182} INFO - Started process (PID=3763) to work on /home/airflow/.local/lib/python3.6/site-packages/airflow/example_dags/example_dag_decorator.py
[2024-08-10 09:03:30,126] {scheduler_job.py:629} INFO - Processing file /home/airflow/.local/lib/python3.6/site-packages/airflow/example_dags/example_dag_decorator.py for tasks to queue
[2024-08-10 09:03:30,126] {logging_mixin.py:104} INFO - [2024-08-10 09:03:30,126] {dagbag.py:451} INFO - Filling up the DagBag from /home/airflow/.local/lib/python3.6/site-packages/airflow/example_dags/example_dag_decorator.py
[2024-08-10 09:03:30,147] {scheduler_job.py:639} INFO - DAG(s) dict_keys(['example_dag_decorator']) retrieved from /home/airflow/.local/lib/python3.6/site-packages/airflow/example_dags/example_dag_decorator.py
[2024-08-10 09:03:30,172] {logging_mixin.py:104} INFO - [2024-08-10 09:03:30,172] {dag.py:1824} INFO - Sync 1 DAGs
[2024-08-10 09:03:30,187] {logging_mixin.py:104} INFO - [2024-08-10 09:03:30,187] {dag.py:2280} INFO - Setting next_dagrun for example_dag_decorator to None
[2024-08-10 09:03:30,197] {scheduler_job.py:190} INFO - Processing /home/airflow/.local/lib/python3.6/site-packages/airflow/example_dags/example_dag_decorator.py took 0.074 seconds
[2024-08-10 09:04:00,321] {scheduler_job.py:182} INFO - Started process (PID=3899) to work on /home/airflow/.local/lib/python3.6/site-packages/airflow/example_dags/example_dag_decorator.py
[2024-08-10 09:04:00,322] {scheduler_job.py:629} INFO - Processing file /home/airflow/.local/lib/python3.6/site-packages/airflow/example_dags/example_dag_decorator.py for tasks to queue
[2024-08-10 09:04:00,323] {logging_mixin.py:104} INFO - [2024-08-10 09:04:00,323] {dagbag.py:451} INFO - Filling up the DagBag from /home/airflow/.local/lib/python3.6/site-packages/airflow/example_dags/example_dag_decorator.py
[2024-08-10 09:04:00,338] {scheduler_job.py:639} INFO - DAG(s) dict_keys(['example_dag_decorator']) retrieved from /home/airflow/.local/lib/python3.6/site-packages/airflow/example_dags/example_dag_decorator.py
[2024-08-10 09:04:00,361] {logging_mixin.py:104} INFO - [2024-08-10 09:04:00,361] {dag.py:1824} INFO - Sync 1 DAGs
[2024-08-10 09:04:00,376] {logging_mixin.py:104} INFO - [2024-08-10 09:04:00,376] {dag.py:2280} INFO - Setting next_dagrun for example_dag_decorator to None
[2024-08-10 09:04:00,387] {scheduler_job.py:190} INFO - Processing /home/airflow/.local/lib/python3.6/site-packages/airflow/example_dags/example_dag_decorator.py took 0.069 seconds
[2024-08-10 09:04:30,833] {scheduler_job.py:182} INFO - Started process (PID=4033) to work on /home/airflow/.local/lib/python3.6/site-packages/airflow/example_dags/example_dag_decorator.py
[2024-08-10 09:04:30,834] {scheduler_job.py:629} INFO - Processing file /home/airflow/.local/lib/python3.6/site-packages/airflow/example_dags/example_dag_decorator.py for tasks to queue
[2024-08-10 09:04:30,835] {logging_mixin.py:104} INFO - [2024-08-10 09:04:30,835] {dagbag.py:451} INFO - Filling up the DagBag from /home/airflow/.local/lib/python3.6/site-packages/airflow/example_dags/example_dag_decorator.py
[2024-08-10 09:04:30,851] {scheduler_job.py:639} INFO - DAG(s) dict_keys(['example_dag_decorator']) retrieved from /home/airflow/.local/lib/python3.6/site-packages/airflow/example_dags/example_dag_decorator.py
[2024-08-10 09:04:30,877] {logging_mixin.py:104} INFO - [2024-08-10 09:04:30,877] {dag.py:1824} INFO - Sync 1 DAGs
[2024-08-10 09:04:30,896] {logging_mixin.py:104} INFO - [2024-08-10 09:04:30,896] {dag.py:2280} INFO - Setting next_dagrun for example_dag_decorator to None
[2024-08-10 09:04:30,911] {scheduler_job.py:190} INFO - Processing /home/airflow/.local/lib/python3.6/site-packages/airflow/example_dags/example_dag_decorator.py took 0.083 seconds
[2024-08-10 09:05:00,998] {scheduler_job.py:182} INFO - Started process (PID=4168) to work on /home/airflow/.local/lib/python3.6/site-packages/airflow/example_dags/example_dag_decorator.py
[2024-08-10 09:05:00,999] {scheduler_job.py:629} INFO - Processing file /home/airflow/.local/lib/python3.6/site-packages/airflow/example_dags/example_dag_decorator.py for tasks to queue
[2024-08-10 09:05:00,999] {logging_mixin.py:104} INFO - [2024-08-10 09:05:00,999] {dagbag.py:451} INFO - Filling up the DagBag from /home/airflow/.local/lib/python3.6/site-packages/airflow/example_dags/example_dag_decorator.py
[2024-08-10 09:05:01,014] {scheduler_job.py:639} INFO - DAG(s) dict_keys(['example_dag_decorator']) retrieved from /home/airflow/.local/lib/python3.6/site-packages/airflow/example_dags/example_dag_decorator.py
[2024-08-10 09:05:01,045] {logging_mixin.py:104} INFO - [2024-08-10 09:05:01,045] {dag.py:1824} INFO - Sync 1 DAGs
[2024-08-10 09:05:01,061] {logging_mixin.py:104} INFO - [2024-08-10 09:05:01,060] {dag.py:2280} INFO - Setting next_dagrun for example_dag_decorator to None
[2024-08-10 09:05:01,072] {scheduler_job.py:190} INFO - Processing /home/airflow/.local/lib/python3.6/site-packages/airflow/example_dags/example_dag_decorator.py took 0.077 seconds
[2024-08-10 09:05:31,155] {scheduler_job.py:182} INFO - Started process (PID=4303) to work on /home/airflow/.local/lib/python3.6/site-packages/airflow/example_dags/example_dag_decorator.py
[2024-08-10 09:05:31,156] {scheduler_job.py:629} INFO - Processing file /home/airflow/.local/lib/python3.6/site-packages/airflow/example_dags/example_dag_decorator.py for tasks to queue
[2024-08-10 09:05:31,157] {logging_mixin.py:104} INFO - [2024-08-10 09:05:31,157] {dagbag.py:451} INFO - Filling up the DagBag from /home/airflow/.local/lib/python3.6/site-packages/airflow/example_dags/example_dag_decorator.py
[2024-08-10 09:05:31,178] {scheduler_job.py:639} INFO - DAG(s) dict_keys(['example_dag_decorator']) retrieved from /home/airflow/.local/lib/python3.6/site-packages/airflow/example_dags/example_dag_decorator.py
[2024-08-10 09:05:31,207] {logging_mixin.py:104} INFO - [2024-08-10 09:05:31,207] {dag.py:1824} INFO - Sync 1 DAGs
[2024-08-10 09:05:31,221] {logging_mixin.py:104} INFO - [2024-08-10 09:05:31,221] {dag.py:2280} INFO - Setting next_dagrun for example_dag_decorator to None
[2024-08-10 09:05:31,232] {scheduler_job.py:190} INFO - Processing /home/airflow/.local/lib/python3.6/site-packages/airflow/example_dags/example_dag_decorator.py took 0.080 seconds
[2024-08-10 09:06:01,529] {scheduler_job.py:182} INFO - Started process (PID=4438) to work on /home/airflow/.local/lib/python3.6/site-packages/airflow/example_dags/example_dag_decorator.py
[2024-08-10 09:06:01,530] {scheduler_job.py:629} INFO - Processing file /home/airflow/.local/lib/python3.6/site-packages/airflow/example_dags/example_dag_decorator.py for tasks to queue
[2024-08-10 09:06:01,532] {logging_mixin.py:104} INFO - [2024-08-10 09:06:01,532] {dagbag.py:451} INFO - Filling up the DagBag from /home/airflow/.local/lib/python3.6/site-packages/airflow/example_dags/example_dag_decorator.py
[2024-08-10 09:06:01,549] {scheduler_job.py:639} INFO - DAG(s) dict_keys(['example_dag_decorator']) retrieved from /home/airflow/.local/lib/python3.6/site-packages/airflow/example_dags/example_dag_decorator.py
[2024-08-10 09:06:01,572] {logging_mixin.py:104} INFO - [2024-08-10 09:06:01,572] {dag.py:1824} INFO - Sync 1 DAGs
[2024-08-10 09:06:01,587] {logging_mixin.py:104} INFO - [2024-08-10 09:06:01,587] {dag.py:2280} INFO - Setting next_dagrun for example_dag_decorator to None
[2024-08-10 09:06:01,603] {scheduler_job.py:190} INFO - Processing /home/airflow/.local/lib/python3.6/site-packages/airflow/example_dags/example_dag_decorator.py took 0.078 seconds
[2024-08-10 09:06:31,761] {scheduler_job.py:182} INFO - Started process (PID=4573) to work on /home/airflow/.local/lib/python3.6/site-packages/airflow/example_dags/example_dag_decorator.py
[2024-08-10 09:06:31,763] {scheduler_job.py:629} INFO - Processing file /home/airflow/.local/lib/python3.6/site-packages/airflow/example_dags/example_dag_decorator.py for tasks to queue
[2024-08-10 09:06:31,763] {logging_mixin.py:104} INFO - [2024-08-10 09:06:31,763] {dagbag.py:451} INFO - Filling up the DagBag from /home/airflow/.local/lib/python3.6/site-packages/airflow/example_dags/example_dag_decorator.py
[2024-08-10 09:06:31,776] {scheduler_job.py:639} INFO - DAG(s) dict_keys(['example_dag_decorator']) retrieved from /home/airflow/.local/lib/python3.6/site-packages/airflow/example_dags/example_dag_decorator.py
[2024-08-10 09:06:31,798] {logging_mixin.py:104} INFO - [2024-08-10 09:06:31,798] {dag.py:1824} INFO - Sync 1 DAGs
[2024-08-10 09:06:31,812] {logging_mixin.py:104} INFO - [2024-08-10 09:06:31,812] {dag.py:2280} INFO - Setting next_dagrun for example_dag_decorator to None
[2024-08-10 09:06:31,824] {scheduler_job.py:190} INFO - Processing /home/airflow/.local/lib/python3.6/site-packages/airflow/example_dags/example_dag_decorator.py took 0.065 seconds
[2024-08-10 09:07:02,046] {scheduler_job.py:182} INFO - Started process (PID=4708) to work on /home/airflow/.local/lib/python3.6/site-packages/airflow/example_dags/example_dag_decorator.py
[2024-08-10 09:07:02,047] {scheduler_job.py:629} INFO - Processing file /home/airflow/.local/lib/python3.6/site-packages/airflow/example_dags/example_dag_decorator.py for tasks to queue
[2024-08-10 09:07:02,047] {logging_mixin.py:104} INFO - [2024-08-10 09:07:02,047] {dagbag.py:451} INFO - Filling up the DagBag from /home/airflow/.local/lib/python3.6/site-packages/airflow/example_dags/example_dag_decorator.py
[2024-08-10 09:07:02,062] {scheduler_job.py:639} INFO - DAG(s) dict_keys(['example_dag_decorator']) retrieved from /home/airflow/.local/lib/python3.6/site-packages/airflow/example_dags/example_dag_decorator.py
[2024-08-10 09:07:02,085] {logging_mixin.py:104} INFO - [2024-08-10 09:07:02,085] {dag.py:1824} INFO - Sync 1 DAGs
[2024-08-10 09:07:02,101] {logging_mixin.py:104} INFO - [2024-08-10 09:07:02,101] {dag.py:2280} INFO - Setting next_dagrun for example_dag_decorator to None
[2024-08-10 09:07:02,112] {scheduler_job.py:190} INFO - Processing /home/airflow/.local/lib/python3.6/site-packages/airflow/example_dags/example_dag_decorator.py took 0.069 seconds
[2024-08-10 09:07:32,298] {scheduler_job.py:182} INFO - Started process (PID=4843) to work on /home/airflow/.local/lib/python3.6/site-packages/airflow/example_dags/example_dag_decorator.py
[2024-08-10 09:07:32,301] {scheduler_job.py:629} INFO - Processing file /home/airflow/.local/lib/python3.6/site-packages/airflow/example_dags/example_dag_decorator.py for tasks to queue
[2024-08-10 09:07:32,302] {logging_mixin.py:104} INFO - [2024-08-10 09:07:32,302] {dagbag.py:451} INFO - Filling up the DagBag from /home/airflow/.local/lib/python3.6/site-packages/airflow/example_dags/example_dag_decorator.py
[2024-08-10 09:07:32,328] {scheduler_job.py:639} INFO - DAG(s) dict_keys(['example_dag_decorator']) retrieved from /home/airflow/.local/lib/python3.6/site-packages/airflow/example_dags/example_dag_decorator.py
[2024-08-10 09:07:32,351] {logging_mixin.py:104} INFO - [2024-08-10 09:07:32,351] {dag.py:1824} INFO - Sync 1 DAGs
[2024-08-10 09:07:32,365] {logging_mixin.py:104} INFO - [2024-08-10 09:07:32,365] {dag.py:2280} INFO - Setting next_dagrun for example_dag_decorator to None
[2024-08-10 09:07:32,377] {scheduler_job.py:190} INFO - Processing /home/airflow/.local/lib/python3.6/site-packages/airflow/example_dags/example_dag_decorator.py took 0.093 seconds
[2024-08-10 09:08:02,809] {scheduler_job.py:182} INFO - Started process (PID=4978) to work on /home/airflow/.local/lib/python3.6/site-packages/airflow/example_dags/example_dag_decorator.py
[2024-08-10 09:08:02,811] {scheduler_job.py:629} INFO - Processing file /home/airflow/.local/lib/python3.6/site-packages/airflow/example_dags/example_dag_decorator.py for tasks to queue
[2024-08-10 09:08:02,811] {logging_mixin.py:104} INFO - [2024-08-10 09:08:02,811] {dagbag.py:451} INFO - Filling up the DagBag from /home/airflow/.local/lib/python3.6/site-packages/airflow/example_dags/example_dag_decorator.py
[2024-08-10 09:08:02,830] {scheduler_job.py:639} INFO - DAG(s) dict_keys(['example_dag_decorator']) retrieved from /home/airflow/.local/lib/python3.6/site-packages/airflow/example_dags/example_dag_decorator.py
[2024-08-10 09:08:02,853] {logging_mixin.py:104} INFO - [2024-08-10 09:08:02,853] {dag.py:1824} INFO - Sync 1 DAGs
[2024-08-10 09:08:02,867] {logging_mixin.py:104} INFO - [2024-08-10 09:08:02,867] {dag.py:2280} INFO - Setting next_dagrun for example_dag_decorator to None
[2024-08-10 09:08:02,878] {scheduler_job.py:190} INFO - Processing /home/airflow/.local/lib/python3.6/site-packages/airflow/example_dags/example_dag_decorator.py took 0.074 seconds
[2024-08-10 09:08:33,395] {scheduler_job.py:182} INFO - Started process (PID=5113) to work on /home/airflow/.local/lib/python3.6/site-packages/airflow/example_dags/example_dag_decorator.py
[2024-08-10 09:08:33,397] {scheduler_job.py:629} INFO - Processing file /home/airflow/.local/lib/python3.6/site-packages/airflow/example_dags/example_dag_decorator.py for tasks to queue
[2024-08-10 09:08:33,398] {logging_mixin.py:104} INFO - [2024-08-10 09:08:33,397] {dagbag.py:451} INFO - Filling up the DagBag from /home/airflow/.local/lib/python3.6/site-packages/airflow/example_dags/example_dag_decorator.py
[2024-08-10 09:08:33,418] {scheduler_job.py:639} INFO - DAG(s) dict_keys(['example_dag_decorator']) retrieved from /home/airflow/.local/lib/python3.6/site-packages/airflow/example_dags/example_dag_decorator.py
[2024-08-10 09:08:33,440] {logging_mixin.py:104} INFO - [2024-08-10 09:08:33,440] {dag.py:1824} INFO - Sync 1 DAGs
[2024-08-10 09:08:33,454] {logging_mixin.py:104} INFO - [2024-08-10 09:08:33,454] {dag.py:2280} INFO - Setting next_dagrun for example_dag_decorator to None
[2024-08-10 09:08:33,467] {scheduler_job.py:190} INFO - Processing /home/airflow/.local/lib/python3.6/site-packages/airflow/example_dags/example_dag_decorator.py took 0.078 seconds
[2024-08-10 09:09:03,790] {scheduler_job.py:182} INFO - Started process (PID=5248) to work on /home/airflow/.local/lib/python3.6/site-packages/airflow/example_dags/example_dag_decorator.py
[2024-08-10 09:09:03,792] {scheduler_job.py:629} INFO - Processing file /home/airflow/.local/lib/python3.6/site-packages/airflow/example_dags/example_dag_decorator.py for tasks to queue
[2024-08-10 09:09:03,793] {logging_mixin.py:104} INFO - [2024-08-10 09:09:03,793] {dagbag.py:451} INFO - Filling up the DagBag from /home/airflow/.local/lib/python3.6/site-packages/airflow/example_dags/example_dag_decorator.py
[2024-08-10 09:09:03,810] {scheduler_job.py:639} INFO - DAG(s) dict_keys(['example_dag_decorator']) retrieved from /home/airflow/.local/lib/python3.6/site-packages/airflow/example_dags/example_dag_decorator.py
[2024-08-10 09:09:03,831] {logging_mixin.py:104} INFO - [2024-08-10 09:09:03,831] {dag.py:1824} INFO - Sync 1 DAGs
[2024-08-10 09:09:03,844] {logging_mixin.py:104} INFO - [2024-08-10 09:09:03,844] {dag.py:2280} INFO - Setting next_dagrun for example_dag_decorator to None
[2024-08-10 09:09:03,856] {scheduler_job.py:190} INFO - Processing /home/airflow/.local/lib/python3.6/site-packages/airflow/example_dags/example_dag_decorator.py took 0.073 seconds
[2024-08-10 09:09:34,166] {scheduler_job.py:182} INFO - Started process (PID=5383) to work on /home/airflow/.local/lib/python3.6/site-packages/airflow/example_dags/example_dag_decorator.py
[2024-08-10 09:09:34,167] {scheduler_job.py:629} INFO - Processing file /home/airflow/.local/lib/python3.6/site-packages/airflow/example_dags/example_dag_decorator.py for tasks to queue
[2024-08-10 09:09:34,168] {logging_mixin.py:104} INFO - [2024-08-10 09:09:34,168] {dagbag.py:451} INFO - Filling up the DagBag from /home/airflow/.local/lib/python3.6/site-packages/airflow/example_dags/example_dag_decorator.py
[2024-08-10 09:09:34,184] {scheduler_job.py:639} INFO - DAG(s) dict_keys(['example_dag_decorator']) retrieved from /home/airflow/.local/lib/python3.6/site-packages/airflow/example_dags/example_dag_decorator.py
[2024-08-10 09:09:34,206] {logging_mixin.py:104} INFO - [2024-08-10 09:09:34,206] {dag.py:1824} INFO - Sync 1 DAGs
[2024-08-10 09:09:34,220] {logging_mixin.py:104} INFO - [2024-08-10 09:09:34,220] {dag.py:2280} INFO - Setting next_dagrun for example_dag_decorator to None
[2024-08-10 09:09:34,231] {scheduler_job.py:190} INFO - Processing /home/airflow/.local/lib/python3.6/site-packages/airflow/example_dags/example_dag_decorator.py took 0.068 seconds
[2024-08-10 09:10:04,566] {scheduler_job.py:182} INFO - Started process (PID=5518) to work on /home/airflow/.local/lib/python3.6/site-packages/airflow/example_dags/example_dag_decorator.py
[2024-08-10 09:10:04,568] {scheduler_job.py:629} INFO - Processing file /home/airflow/.local/lib/python3.6/site-packages/airflow/example_dags/example_dag_decorator.py for tasks to queue
[2024-08-10 09:10:04,569] {logging_mixin.py:104} INFO - [2024-08-10 09:10:04,569] {dagbag.py:451} INFO - Filling up the DagBag from /home/airflow/.local/lib/python3.6/site-packages/airflow/example_dags/example_dag_decorator.py
[2024-08-10 09:10:04,591] {scheduler_job.py:639} INFO - DAG(s) dict_keys(['example_dag_decorator']) retrieved from /home/airflow/.local/lib/python3.6/site-packages/airflow/example_dags/example_dag_decorator.py
[2024-08-10 09:10:04,613] {logging_mixin.py:104} INFO - [2024-08-10 09:10:04,613] {dag.py:1824} INFO - Sync 1 DAGs
[2024-08-10 09:10:04,627] {logging_mixin.py:104} INFO - [2024-08-10 09:10:04,627] {dag.py:2280} INFO - Setting next_dagrun for example_dag_decorator to None
[2024-08-10 09:10:04,644] {scheduler_job.py:190} INFO - Processing /home/airflow/.local/lib/python3.6/site-packages/airflow/example_dags/example_dag_decorator.py took 0.082 seconds
[2024-08-10 09:10:34,845] {scheduler_job.py:182} INFO - Started process (PID=5653) to work on /home/airflow/.local/lib/python3.6/site-packages/airflow/example_dags/example_dag_decorator.py
[2024-08-10 09:10:34,847] {scheduler_job.py:629} INFO - Processing file /home/airflow/.local/lib/python3.6/site-packages/airflow/example_dags/example_dag_decorator.py for tasks to queue
[2024-08-10 09:10:34,847] {logging_mixin.py:104} INFO - [2024-08-10 09:10:34,847] {dagbag.py:451} INFO - Filling up the DagBag from /home/airflow/.local/lib/python3.6/site-packages/airflow/example_dags/example_dag_decorator.py
[2024-08-10 09:10:34,863] {scheduler_job.py:639} INFO - DAG(s) dict_keys(['example_dag_decorator']) retrieved from /home/airflow/.local/lib/python3.6/site-packages/airflow/example_dags/example_dag_decorator.py
[2024-08-10 09:10:34,888] {logging_mixin.py:104} INFO - [2024-08-10 09:10:34,888] {dag.py:1824} INFO - Sync 1 DAGs
[2024-08-10 09:10:34,903] {logging_mixin.py:104} INFO - [2024-08-10 09:10:34,903] {dag.py:2280} INFO - Setting next_dagrun for example_dag_decorator to None
[2024-08-10 09:10:34,916] {scheduler_job.py:190} INFO - Processing /home/airflow/.local/lib/python3.6/site-packages/airflow/example_dags/example_dag_decorator.py took 0.075 seconds
[2024-08-10 09:11:05,069] {scheduler_job.py:182} INFO - Started process (PID=5789) to work on /home/airflow/.local/lib/python3.6/site-packages/airflow/example_dags/example_dag_decorator.py
[2024-08-10 09:11:05,070] {scheduler_job.py:629} INFO - Processing file /home/airflow/.local/lib/python3.6/site-packages/airflow/example_dags/example_dag_decorator.py for tasks to queue
[2024-08-10 09:11:05,070] {logging_mixin.py:104} INFO - [2024-08-10 09:11:05,070] {dagbag.py:451} INFO - Filling up the DagBag from /home/airflow/.local/lib/python3.6/site-packages/airflow/example_dags/example_dag_decorator.py
[2024-08-10 09:11:05,084] {scheduler_job.py:639} INFO - DAG(s) dict_keys(['example_dag_decorator']) retrieved from /home/airflow/.local/lib/python3.6/site-packages/airflow/example_dags/example_dag_decorator.py
[2024-08-10 09:11:05,106] {logging_mixin.py:104} INFO - [2024-08-10 09:11:05,106] {dag.py:1824} INFO - Sync 1 DAGs
[2024-08-10 09:11:05,119] {logging_mixin.py:104} INFO - [2024-08-10 09:11:05,119] {dag.py:2280} INFO - Setting next_dagrun for example_dag_decorator to None
[2024-08-10 09:11:05,131] {scheduler_job.py:190} INFO - Processing /home/airflow/.local/lib/python3.6/site-packages/airflow/example_dags/example_dag_decorator.py took 0.065 seconds
[2024-08-10 09:11:35,575] {scheduler_job.py:182} INFO - Started process (PID=5923) to work on /home/airflow/.local/lib/python3.6/site-packages/airflow/example_dags/example_dag_decorator.py
[2024-08-10 09:11:35,578] {scheduler_job.py:629} INFO - Processing file /home/airflow/.local/lib/python3.6/site-packages/airflow/example_dags/example_dag_decorator.py for tasks to queue
[2024-08-10 09:11:35,579] {logging_mixin.py:104} INFO - [2024-08-10 09:11:35,579] {dagbag.py:451} INFO - Filling up the DagBag from /home/airflow/.local/lib/python3.6/site-packages/airflow/example_dags/example_dag_decorator.py
[2024-08-10 09:11:35,598] {scheduler_job.py:639} INFO - DAG(s) dict_keys(['example_dag_decorator']) retrieved from /home/airflow/.local/lib/python3.6/site-packages/airflow/example_dags/example_dag_decorator.py
[2024-08-10 09:11:35,620] {logging_mixin.py:104} INFO - [2024-08-10 09:11:35,620] {dag.py:1824} INFO - Sync 1 DAGs
[2024-08-10 09:11:35,634] {logging_mixin.py:104} INFO - [2024-08-10 09:11:35,634] {dag.py:2280} INFO - Setting next_dagrun for example_dag_decorator to None
[2024-08-10 09:11:35,645] {scheduler_job.py:190} INFO - Processing /home/airflow/.local/lib/python3.6/site-packages/airflow/example_dags/example_dag_decorator.py took 0.074 seconds
[2024-08-10 09:12:06,435] {scheduler_job.py:182} INFO - Started process (PID=6058) to work on /home/airflow/.local/lib/python3.6/site-packages/airflow/example_dags/example_dag_decorator.py
[2024-08-10 09:12:06,437] {scheduler_job.py:629} INFO - Processing file /home/airflow/.local/lib/python3.6/site-packages/airflow/example_dags/example_dag_decorator.py for tasks to queue
[2024-08-10 09:12:06,439] {logging_mixin.py:104} INFO - [2024-08-10 09:12:06,439] {dagbag.py:451} INFO - Filling up the DagBag from /home/airflow/.local/lib/python3.6/site-packages/airflow/example_dags/example_dag_decorator.py
[2024-08-10 09:12:06,456] {scheduler_job.py:639} INFO - DAG(s) dict_keys(['example_dag_decorator']) retrieved from /home/airflow/.local/lib/python3.6/site-packages/airflow/example_dags/example_dag_decorator.py
[2024-08-10 09:12:06,483] {logging_mixin.py:104} INFO - [2024-08-10 09:12:06,483] {dag.py:1824} INFO - Sync 1 DAGs
[2024-08-10 09:12:06,498] {logging_mixin.py:104} INFO - [2024-08-10 09:12:06,498] {dag.py:2280} INFO - Setting next_dagrun for example_dag_decorator to None
[2024-08-10 09:12:06,511] {scheduler_job.py:190} INFO - Processing /home/airflow/.local/lib/python3.6/site-packages/airflow/example_dags/example_dag_decorator.py took 0.079 seconds
[2024-08-10 09:12:37,065] {scheduler_job.py:182} INFO - Started process (PID=6193) to work on /home/airflow/.local/lib/python3.6/site-packages/airflow/example_dags/example_dag_decorator.py
[2024-08-10 09:12:37,066] {scheduler_job.py:629} INFO - Processing file /home/airflow/.local/lib/python3.6/site-packages/airflow/example_dags/example_dag_decorator.py for tasks to queue
[2024-08-10 09:12:37,067] {logging_mixin.py:104} INFO - [2024-08-10 09:12:37,066] {dagbag.py:451} INFO - Filling up the DagBag from /home/airflow/.local/lib/python3.6/site-packages/airflow/example_dags/example_dag_decorator.py
[2024-08-10 09:12:37,085] {scheduler_job.py:639} INFO - DAG(s) dict_keys(['example_dag_decorator']) retrieved from /home/airflow/.local/lib/python3.6/site-packages/airflow/example_dags/example_dag_decorator.py
[2024-08-10 09:12:37,108] {logging_mixin.py:104} INFO - [2024-08-10 09:12:37,108] {dag.py:1824} INFO - Sync 1 DAGs
[2024-08-10 09:12:37,124] {logging_mixin.py:104} INFO - [2024-08-10 09:12:37,123] {dag.py:2280} INFO - Setting next_dagrun for example_dag_decorator to None
[2024-08-10 09:12:37,136] {scheduler_job.py:190} INFO - Processing /home/airflow/.local/lib/python3.6/site-packages/airflow/example_dags/example_dag_decorator.py took 0.076 seconds
[2024-08-10 09:13:07,584] {scheduler_job.py:182} INFO - Started process (PID=6328) to work on /home/airflow/.local/lib/python3.6/site-packages/airflow/example_dags/example_dag_decorator.py
[2024-08-10 09:13:07,586] {scheduler_job.py:629} INFO - Processing file /home/airflow/.local/lib/python3.6/site-packages/airflow/example_dags/example_dag_decorator.py for tasks to queue
[2024-08-10 09:13:07,587] {logging_mixin.py:104} INFO - [2024-08-10 09:13:07,587] {dagbag.py:451} INFO - Filling up the DagBag from /home/airflow/.local/lib/python3.6/site-packages/airflow/example_dags/example_dag_decorator.py
[2024-08-10 09:13:07,606] {scheduler_job.py:639} INFO - DAG(s) dict_keys(['example_dag_decorator']) retrieved from /home/airflow/.local/lib/python3.6/site-packages/airflow/example_dags/example_dag_decorator.py
[2024-08-10 09:13:07,630] {logging_mixin.py:104} INFO - [2024-08-10 09:13:07,630] {dag.py:1824} INFO - Sync 1 DAGs
[2024-08-10 09:13:07,646] {logging_mixin.py:104} INFO - [2024-08-10 09:13:07,646] {dag.py:2280} INFO - Setting next_dagrun for example_dag_decorator to None
[2024-08-10 09:13:07,658] {scheduler_job.py:190} INFO - Processing /home/airflow/.local/lib/python3.6/site-packages/airflow/example_dags/example_dag_decorator.py took 0.079 seconds
[2024-08-10 09:13:37,840] {scheduler_job.py:182} INFO - Started process (PID=6463) to work on /home/airflow/.local/lib/python3.6/site-packages/airflow/example_dags/example_dag_decorator.py
[2024-08-10 09:13:37,841] {scheduler_job.py:629} INFO - Processing file /home/airflow/.local/lib/python3.6/site-packages/airflow/example_dags/example_dag_decorator.py for tasks to queue
[2024-08-10 09:13:37,842] {logging_mixin.py:104} INFO - [2024-08-10 09:13:37,842] {dagbag.py:451} INFO - Filling up the DagBag from /home/airflow/.local/lib/python3.6/site-packages/airflow/example_dags/example_dag_decorator.py
[2024-08-10 09:13:37,857] {scheduler_job.py:639} INFO - DAG(s) dict_keys(['example_dag_decorator']) retrieved from /home/airflow/.local/lib/python3.6/site-packages/airflow/example_dags/example_dag_decorator.py
[2024-08-10 09:13:37,880] {logging_mixin.py:104} INFO - [2024-08-10 09:13:37,880] {dag.py:1824} INFO - Sync 1 DAGs
[2024-08-10 09:13:37,894] {logging_mixin.py:104} INFO - [2024-08-10 09:13:37,894] {dag.py:2280} INFO - Setting next_dagrun for example_dag_decorator to None
[2024-08-10 09:13:37,906] {scheduler_job.py:190} INFO - Processing /home/airflow/.local/lib/python3.6/site-packages/airflow/example_dags/example_dag_decorator.py took 0.069 seconds
[2024-08-10 09:14:08,190] {scheduler_job.py:182} INFO - Started process (PID=6599) to work on /home/airflow/.local/lib/python3.6/site-packages/airflow/example_dags/example_dag_decorator.py
[2024-08-10 09:14:08,191] {scheduler_job.py:629} INFO - Processing file /home/airflow/.local/lib/python3.6/site-packages/airflow/example_dags/example_dag_decorator.py for tasks to queue
[2024-08-10 09:14:08,191] {logging_mixin.py:104} INFO - [2024-08-10 09:14:08,191] {dagbag.py:451} INFO - Filling up the DagBag from /home/airflow/.local/lib/python3.6/site-packages/airflow/example_dags/example_dag_decorator.py
[2024-08-10 09:14:08,205] {scheduler_job.py:639} INFO - DAG(s) dict_keys(['example_dag_decorator']) retrieved from /home/airflow/.local/lib/python3.6/site-packages/airflow/example_dags/example_dag_decorator.py
[2024-08-10 09:14:08,227] {logging_mixin.py:104} INFO - [2024-08-10 09:14:08,227] {dag.py:1824} INFO - Sync 1 DAGs
[2024-08-10 09:14:08,241] {logging_mixin.py:104} INFO - [2024-08-10 09:14:08,241] {dag.py:2280} INFO - Setting next_dagrun for example_dag_decorator to None
[2024-08-10 09:14:08,254] {scheduler_job.py:190} INFO - Processing /home/airflow/.local/lib/python3.6/site-packages/airflow/example_dags/example_dag_decorator.py took 0.067 seconds
[2024-08-10 09:14:38,397] {scheduler_job.py:182} INFO - Started process (PID=6728) to work on /home/airflow/.local/lib/python3.6/site-packages/airflow/example_dags/example_dag_decorator.py
[2024-08-10 09:14:38,399] {scheduler_job.py:629} INFO - Processing file /home/airflow/.local/lib/python3.6/site-packages/airflow/example_dags/example_dag_decorator.py for tasks to queue
[2024-08-10 09:14:38,400] {logging_mixin.py:104} INFO - [2024-08-10 09:14:38,400] {dagbag.py:451} INFO - Filling up the DagBag from /home/airflow/.local/lib/python3.6/site-packages/airflow/example_dags/example_dag_decorator.py
[2024-08-10 09:14:38,424] {scheduler_job.py:639} INFO - DAG(s) dict_keys(['example_dag_decorator']) retrieved from /home/airflow/.local/lib/python3.6/site-packages/airflow/example_dags/example_dag_decorator.py
[2024-08-10 09:14:38,447] {logging_mixin.py:104} INFO - [2024-08-10 09:14:38,447] {dag.py:1824} INFO - Sync 1 DAGs
[2024-08-10 09:14:38,463] {logging_mixin.py:104} INFO - [2024-08-10 09:14:38,463] {dag.py:2280} INFO - Setting next_dagrun for example_dag_decorator to None
[2024-08-10 09:14:38,475] {scheduler_job.py:190} INFO - Processing /home/airflow/.local/lib/python3.6/site-packages/airflow/example_dags/example_dag_decorator.py took 0.082 seconds
[2024-08-10 09:15:08,960] {scheduler_job.py:182} INFO - Started process (PID=6863) to work on /home/airflow/.local/lib/python3.6/site-packages/airflow/example_dags/example_dag_decorator.py
[2024-08-10 09:15:08,961] {scheduler_job.py:629} INFO - Processing file /home/airflow/.local/lib/python3.6/site-packages/airflow/example_dags/example_dag_decorator.py for tasks to queue
[2024-08-10 09:15:08,961] {logging_mixin.py:104} INFO - [2024-08-10 09:15:08,961] {dagbag.py:451} INFO - Filling up the DagBag from /home/airflow/.local/lib/python3.6/site-packages/airflow/example_dags/example_dag_decorator.py
[2024-08-10 09:15:08,975] {scheduler_job.py:639} INFO - DAG(s) dict_keys(['example_dag_decorator']) retrieved from /home/airflow/.local/lib/python3.6/site-packages/airflow/example_dags/example_dag_decorator.py
[2024-08-10 09:15:08,997] {logging_mixin.py:104} INFO - [2024-08-10 09:15:08,997] {dag.py:1824} INFO - Sync 1 DAGs
[2024-08-10 09:15:09,010] {logging_mixin.py:104} INFO - [2024-08-10 09:15:09,010] {dag.py:2280} INFO - Setting next_dagrun for example_dag_decorator to None
[2024-08-10 09:15:09,021] {scheduler_job.py:190} INFO - Processing /home/airflow/.local/lib/python3.6/site-packages/airflow/example_dags/example_dag_decorator.py took 0.064 seconds
[2024-08-10 09:15:39,113] {scheduler_job.py:182} INFO - Started process (PID=6998) to work on /home/airflow/.local/lib/python3.6/site-packages/airflow/example_dags/example_dag_decorator.py
[2024-08-10 09:15:39,114] {scheduler_job.py:629} INFO - Processing file /home/airflow/.local/lib/python3.6/site-packages/airflow/example_dags/example_dag_decorator.py for tasks to queue
[2024-08-10 09:15:39,114] {logging_mixin.py:104} INFO - [2024-08-10 09:15:39,114] {dagbag.py:451} INFO - Filling up the DagBag from /home/airflow/.local/lib/python3.6/site-packages/airflow/example_dags/example_dag_decorator.py
[2024-08-10 09:15:39,130] {scheduler_job.py:639} INFO - DAG(s) dict_keys(['example_dag_decorator']) retrieved from /home/airflow/.local/lib/python3.6/site-packages/airflow/example_dags/example_dag_decorator.py
[2024-08-10 09:15:39,159] {logging_mixin.py:104} INFO - [2024-08-10 09:15:39,159] {dag.py:1824} INFO - Sync 1 DAGs
[2024-08-10 09:15:39,175] {logging_mixin.py:104} INFO - [2024-08-10 09:15:39,175] {dag.py:2280} INFO - Setting next_dagrun for example_dag_decorator to None
[2024-08-10 09:15:39,190] {scheduler_job.py:190} INFO - Processing /home/airflow/.local/lib/python3.6/site-packages/airflow/example_dags/example_dag_decorator.py took 0.080 seconds
[2024-08-10 09:16:09,267] {scheduler_job.py:182} INFO - Started process (PID=7133) to work on /home/airflow/.local/lib/python3.6/site-packages/airflow/example_dags/example_dag_decorator.py
[2024-08-10 09:16:09,269] {scheduler_job.py:629} INFO - Processing file /home/airflow/.local/lib/python3.6/site-packages/airflow/example_dags/example_dag_decorator.py for tasks to queue
[2024-08-10 09:16:09,271] {logging_mixin.py:104} INFO - [2024-08-10 09:16:09,270] {dagbag.py:451} INFO - Filling up the DagBag from /home/airflow/.local/lib/python3.6/site-packages/airflow/example_dags/example_dag_decorator.py
[2024-08-10 09:16:09,298] {scheduler_job.py:639} INFO - DAG(s) dict_keys(['example_dag_decorator']) retrieved from /home/airflow/.local/lib/python3.6/site-packages/airflow/example_dags/example_dag_decorator.py
[2024-08-10 09:16:09,322] {logging_mixin.py:104} INFO - [2024-08-10 09:16:09,322] {dag.py:1824} INFO - Sync 1 DAGs
[2024-08-10 09:16:09,335] {logging_mixin.py:104} INFO - [2024-08-10 09:16:09,335] {dag.py:2280} INFO - Setting next_dagrun for example_dag_decorator to None
[2024-08-10 09:16:09,347] {scheduler_job.py:190} INFO - Processing /home/airflow/.local/lib/python3.6/site-packages/airflow/example_dags/example_dag_decorator.py took 0.086 seconds
