[2024-08-10 08:42:12,603] {scheduler_job.py:182} INFO - Started process (PID=30501) to work on /home/airflow/.local/lib/python3.6/site-packages/airflow/example_dags/example_short_circuit_operator.py
[2024-08-10 08:42:12,605] {scheduler_job.py:629} INFO - Processing file /home/airflow/.local/lib/python3.6/site-packages/airflow/example_dags/example_short_circuit_operator.py for tasks to queue
[2024-08-10 08:42:12,607] {logging_mixin.py:104} INFO - [2024-08-10 08:42:12,606] {dagbag.py:451} INFO - Filling up the DagBag from /home/airflow/.local/lib/python3.6/site-packages/airflow/example_dags/example_short_circuit_operator.py
[2024-08-10 08:42:12,622] {scheduler_job.py:639} INFO - DAG(s) dict_keys(['example_short_circuit_operator']) retrieved from /home/airflow/.local/lib/python3.6/site-packages/airflow/example_dags/example_short_circuit_operator.py
[2024-08-10 08:42:12,645] {logging_mixin.py:104} INFO - [2024-08-10 08:42:12,645] {dag.py:1824} INFO - Sync 1 DAGs
[2024-08-10 08:42:12,661] {logging_mixin.py:104} INFO - [2024-08-10 08:42:12,661] {dag.py:2280} INFO - Setting next_dagrun for example_short_circuit_operator to 2024-08-08 00:00:00+00:00
[2024-08-10 08:42:12,672] {scheduler_job.py:190} INFO - Processing /home/airflow/.local/lib/python3.6/site-packages/airflow/example_dags/example_short_circuit_operator.py took 0.073 seconds
[2024-08-10 08:42:43,277] {scheduler_job.py:182} INFO - Started process (PID=30656) to work on /home/airflow/.local/lib/python3.6/site-packages/airflow/example_dags/example_short_circuit_operator.py
[2024-08-10 08:42:43,279] {scheduler_job.py:629} INFO - Processing file /home/airflow/.local/lib/python3.6/site-packages/airflow/example_dags/example_short_circuit_operator.py for tasks to queue
[2024-08-10 08:42:43,280] {logging_mixin.py:104} INFO - [2024-08-10 08:42:43,280] {dagbag.py:451} INFO - Filling up the DagBag from /home/airflow/.local/lib/python3.6/site-packages/airflow/example_dags/example_short_circuit_operator.py
[2024-08-10 08:42:43,292] {scheduler_job.py:639} INFO - DAG(s) dict_keys(['example_short_circuit_operator']) retrieved from /home/airflow/.local/lib/python3.6/site-packages/airflow/example_dags/example_short_circuit_operator.py
[2024-08-10 08:42:43,312] {logging_mixin.py:104} INFO - [2024-08-10 08:42:43,312] {dag.py:1824} INFO - Sync 1 DAGs
[2024-08-10 08:42:43,327] {logging_mixin.py:104} INFO - [2024-08-10 08:42:43,327] {dag.py:2280} INFO - Setting next_dagrun for example_short_circuit_operator to 2024-08-08 00:00:00+00:00
[2024-08-10 08:42:43,336] {scheduler_job.py:190} INFO - Processing /home/airflow/.local/lib/python3.6/site-packages/airflow/example_dags/example_short_circuit_operator.py took 0.063 seconds
[2024-08-10 08:43:13,701] {scheduler_job.py:182} INFO - Started process (PID=30782) to work on /home/airflow/.local/lib/python3.6/site-packages/airflow/example_dags/example_short_circuit_operator.py
[2024-08-10 08:43:13,702] {scheduler_job.py:629} INFO - Processing file /home/airflow/.local/lib/python3.6/site-packages/airflow/example_dags/example_short_circuit_operator.py for tasks to queue
[2024-08-10 08:43:13,703] {logging_mixin.py:104} INFO - [2024-08-10 08:43:13,703] {dagbag.py:451} INFO - Filling up the DagBag from /home/airflow/.local/lib/python3.6/site-packages/airflow/example_dags/example_short_circuit_operator.py
[2024-08-10 08:43:13,715] {scheduler_job.py:639} INFO - DAG(s) dict_keys(['example_short_circuit_operator']) retrieved from /home/airflow/.local/lib/python3.6/site-packages/airflow/example_dags/example_short_circuit_operator.py
[2024-08-10 08:43:13,734] {logging_mixin.py:104} INFO - [2024-08-10 08:43:13,734] {dag.py:1824} INFO - Sync 1 DAGs
[2024-08-10 08:43:13,748] {logging_mixin.py:104} INFO - [2024-08-10 08:43:13,748] {dag.py:2280} INFO - Setting next_dagrun for example_short_circuit_operator to 2024-08-08 00:00:00+00:00
[2024-08-10 08:43:13,757] {scheduler_job.py:190} INFO - Processing /home/airflow/.local/lib/python3.6/site-packages/airflow/example_dags/example_short_circuit_operator.py took 0.058 seconds
[2024-08-10 08:43:44,229] {scheduler_job.py:182} INFO - Started process (PID=30922) to work on /home/airflow/.local/lib/python3.6/site-packages/airflow/example_dags/example_short_circuit_operator.py
[2024-08-10 08:43:44,231] {scheduler_job.py:629} INFO - Processing file /home/airflow/.local/lib/python3.6/site-packages/airflow/example_dags/example_short_circuit_operator.py for tasks to queue
[2024-08-10 08:43:44,232] {logging_mixin.py:104} INFO - [2024-08-10 08:43:44,232] {dagbag.py:451} INFO - Filling up the DagBag from /home/airflow/.local/lib/python3.6/site-packages/airflow/example_dags/example_short_circuit_operator.py
[2024-08-10 08:43:44,264] {scheduler_job.py:639} INFO - DAG(s) dict_keys(['example_short_circuit_operator']) retrieved from /home/airflow/.local/lib/python3.6/site-packages/airflow/example_dags/example_short_circuit_operator.py
[2024-08-10 08:43:44,309] {logging_mixin.py:104} INFO - [2024-08-10 08:43:44,308] {dag.py:1824} INFO - Sync 1 DAGs
[2024-08-10 08:43:44,346] {logging_mixin.py:104} INFO - [2024-08-10 08:43:44,346] {dag.py:2280} INFO - Setting next_dagrun for example_short_circuit_operator to 2024-08-08 00:00:00+00:00
[2024-08-10 08:43:44,367] {scheduler_job.py:190} INFO - Processing /home/airflow/.local/lib/python3.6/site-packages/airflow/example_dags/example_short_circuit_operator.py took 0.146 seconds
[2024-08-10 08:44:14,433] {scheduler_job.py:182} INFO - Started process (PID=31070) to work on /home/airflow/.local/lib/python3.6/site-packages/airflow/example_dags/example_short_circuit_operator.py
[2024-08-10 08:44:14,437] {scheduler_job.py:629} INFO - Processing file /home/airflow/.local/lib/python3.6/site-packages/airflow/example_dags/example_short_circuit_operator.py for tasks to queue
[2024-08-10 08:44:14,440] {logging_mixin.py:104} INFO - [2024-08-10 08:44:14,440] {dagbag.py:451} INFO - Filling up the DagBag from /home/airflow/.local/lib/python3.6/site-packages/airflow/example_dags/example_short_circuit_operator.py
[2024-08-10 08:44:14,482] {scheduler_job.py:639} INFO - DAG(s) dict_keys(['example_short_circuit_operator']) retrieved from /home/airflow/.local/lib/python3.6/site-packages/airflow/example_dags/example_short_circuit_operator.py
[2024-08-10 08:44:14,535] {logging_mixin.py:104} INFO - [2024-08-10 08:44:14,535] {dag.py:1824} INFO - Sync 1 DAGs
[2024-08-10 08:44:14,553] {logging_mixin.py:104} INFO - [2024-08-10 08:44:14,553] {dag.py:2280} INFO - Setting next_dagrun for example_short_circuit_operator to 2024-08-08 00:00:00+00:00
[2024-08-10 08:44:14,566] {scheduler_job.py:190} INFO - Processing /home/airflow/.local/lib/python3.6/site-packages/airflow/example_dags/example_short_circuit_operator.py took 0.143 seconds
[2024-08-10 08:44:45,355] {scheduler_job.py:182} INFO - Started process (PID=31205) to work on /home/airflow/.local/lib/python3.6/site-packages/airflow/example_dags/example_short_circuit_operator.py
[2024-08-10 08:44:45,356] {scheduler_job.py:629} INFO - Processing file /home/airflow/.local/lib/python3.6/site-packages/airflow/example_dags/example_short_circuit_operator.py for tasks to queue
[2024-08-10 08:44:45,357] {logging_mixin.py:104} INFO - [2024-08-10 08:44:45,357] {dagbag.py:451} INFO - Filling up the DagBag from /home/airflow/.local/lib/python3.6/site-packages/airflow/example_dags/example_short_circuit_operator.py
[2024-08-10 08:44:45,373] {scheduler_job.py:639} INFO - DAG(s) dict_keys(['example_short_circuit_operator']) retrieved from /home/airflow/.local/lib/python3.6/site-packages/airflow/example_dags/example_short_circuit_operator.py
[2024-08-10 08:44:45,391] {logging_mixin.py:104} INFO - [2024-08-10 08:44:45,391] {dag.py:1824} INFO - Sync 1 DAGs
[2024-08-10 08:44:45,405] {logging_mixin.py:104} INFO - [2024-08-10 08:44:45,405] {dag.py:2280} INFO - Setting next_dagrun for example_short_circuit_operator to 2024-08-08 00:00:00+00:00
[2024-08-10 08:44:45,416] {scheduler_job.py:190} INFO - Processing /home/airflow/.local/lib/python3.6/site-packages/airflow/example_dags/example_short_circuit_operator.py took 0.064 seconds
[2024-08-10 08:45:16,035] {scheduler_job.py:182} INFO - Started process (PID=31333) to work on /home/airflow/.local/lib/python3.6/site-packages/airflow/example_dags/example_short_circuit_operator.py
[2024-08-10 08:45:16,037] {scheduler_job.py:629} INFO - Processing file /home/airflow/.local/lib/python3.6/site-packages/airflow/example_dags/example_short_circuit_operator.py for tasks to queue
[2024-08-10 08:45:16,037] {logging_mixin.py:104} INFO - [2024-08-10 08:45:16,037] {dagbag.py:451} INFO - Filling up the DagBag from /home/airflow/.local/lib/python3.6/site-packages/airflow/example_dags/example_short_circuit_operator.py
[2024-08-10 08:45:16,057] {scheduler_job.py:639} INFO - DAG(s) dict_keys(['example_short_circuit_operator']) retrieved from /home/airflow/.local/lib/python3.6/site-packages/airflow/example_dags/example_short_circuit_operator.py
[2024-08-10 08:45:16,088] {logging_mixin.py:104} INFO - [2024-08-10 08:45:16,088] {dag.py:1824} INFO - Sync 1 DAGs
[2024-08-10 08:45:16,108] {logging_mixin.py:104} INFO - [2024-08-10 08:45:16,108] {dag.py:2280} INFO - Setting next_dagrun for example_short_circuit_operator to 2024-08-08 00:00:00+00:00
[2024-08-10 08:45:16,123] {scheduler_job.py:190} INFO - Processing /home/airflow/.local/lib/python3.6/site-packages/airflow/example_dags/example_short_circuit_operator.py took 0.092 seconds
[2024-08-10 08:45:46,552] {scheduler_job.py:182} INFO - Started process (PID=31458) to work on /home/airflow/.local/lib/python3.6/site-packages/airflow/example_dags/example_short_circuit_operator.py
[2024-08-10 08:45:46,554] {scheduler_job.py:629} INFO - Processing file /home/airflow/.local/lib/python3.6/site-packages/airflow/example_dags/example_short_circuit_operator.py for tasks to queue
[2024-08-10 08:45:46,555] {logging_mixin.py:104} INFO - [2024-08-10 08:45:46,555] {dagbag.py:451} INFO - Filling up the DagBag from /home/airflow/.local/lib/python3.6/site-packages/airflow/example_dags/example_short_circuit_operator.py
[2024-08-10 08:45:46,566] {scheduler_job.py:639} INFO - DAG(s) dict_keys(['example_short_circuit_operator']) retrieved from /home/airflow/.local/lib/python3.6/site-packages/airflow/example_dags/example_short_circuit_operator.py
[2024-08-10 08:45:46,583] {logging_mixin.py:104} INFO - [2024-08-10 08:45:46,583] {dag.py:1824} INFO - Sync 1 DAGs
[2024-08-10 08:45:46,598] {logging_mixin.py:104} INFO - [2024-08-10 08:45:46,598] {dag.py:2280} INFO - Setting next_dagrun for example_short_circuit_operator to 2024-08-08 00:00:00+00:00
[2024-08-10 08:45:46,610] {scheduler_job.py:190} INFO - Processing /home/airflow/.local/lib/python3.6/site-packages/airflow/example_dags/example_short_circuit_operator.py took 0.060 seconds
[2024-08-10 08:46:17,000] {scheduler_job.py:182} INFO - Started process (PID=31603) to work on /home/airflow/.local/lib/python3.6/site-packages/airflow/example_dags/example_short_circuit_operator.py
[2024-08-10 08:46:17,001] {scheduler_job.py:629} INFO - Processing file /home/airflow/.local/lib/python3.6/site-packages/airflow/example_dags/example_short_circuit_operator.py for tasks to queue
[2024-08-10 08:46:17,002] {logging_mixin.py:104} INFO - [2024-08-10 08:46:17,002] {dagbag.py:451} INFO - Filling up the DagBag from /home/airflow/.local/lib/python3.6/site-packages/airflow/example_dags/example_short_circuit_operator.py
[2024-08-10 08:46:17,015] {scheduler_job.py:639} INFO - DAG(s) dict_keys(['example_short_circuit_operator']) retrieved from /home/airflow/.local/lib/python3.6/site-packages/airflow/example_dags/example_short_circuit_operator.py
[2024-08-10 08:46:17,035] {logging_mixin.py:104} INFO - [2024-08-10 08:46:17,035] {dag.py:1824} INFO - Sync 1 DAGs
[2024-08-10 08:46:17,049] {logging_mixin.py:104} INFO - [2024-08-10 08:46:17,049] {dag.py:2280} INFO - Setting next_dagrun for example_short_circuit_operator to 2024-08-08 00:00:00+00:00
[2024-08-10 08:46:17,059] {scheduler_job.py:190} INFO - Processing /home/airflow/.local/lib/python3.6/site-packages/airflow/example_dags/example_short_circuit_operator.py took 0.062 seconds
[2024-08-10 08:46:47,563] {scheduler_job.py:182} INFO - Started process (PID=31738) to work on /home/airflow/.local/lib/python3.6/site-packages/airflow/example_dags/example_short_circuit_operator.py
[2024-08-10 08:46:47,564] {scheduler_job.py:629} INFO - Processing file /home/airflow/.local/lib/python3.6/site-packages/airflow/example_dags/example_short_circuit_operator.py for tasks to queue
[2024-08-10 08:46:47,565] {logging_mixin.py:104} INFO - [2024-08-10 08:46:47,565] {dagbag.py:451} INFO - Filling up the DagBag from /home/airflow/.local/lib/python3.6/site-packages/airflow/example_dags/example_short_circuit_operator.py
[2024-08-10 08:46:47,585] {scheduler_job.py:639} INFO - DAG(s) dict_keys(['example_short_circuit_operator']) retrieved from /home/airflow/.local/lib/python3.6/site-packages/airflow/example_dags/example_short_circuit_operator.py
[2024-08-10 08:46:47,613] {logging_mixin.py:104} INFO - [2024-08-10 08:46:47,613] {dag.py:1824} INFO - Sync 1 DAGs
[2024-08-10 08:46:47,633] {logging_mixin.py:104} INFO - [2024-08-10 08:46:47,632] {dag.py:2280} INFO - Setting next_dagrun for example_short_circuit_operator to 2024-08-08 00:00:00+00:00
[2024-08-10 08:46:47,642] {scheduler_job.py:190} INFO - Processing /home/airflow/.local/lib/python3.6/site-packages/airflow/example_dags/example_short_circuit_operator.py took 0.082 seconds
[2024-08-10 08:47:17,890] {scheduler_job.py:182} INFO - Started process (PID=31868) to work on /home/airflow/.local/lib/python3.6/site-packages/airflow/example_dags/example_short_circuit_operator.py
[2024-08-10 08:47:17,891] {scheduler_job.py:629} INFO - Processing file /home/airflow/.local/lib/python3.6/site-packages/airflow/example_dags/example_short_circuit_operator.py for tasks to queue
[2024-08-10 08:47:17,892] {logging_mixin.py:104} INFO - [2024-08-10 08:47:17,892] {dagbag.py:451} INFO - Filling up the DagBag from /home/airflow/.local/lib/python3.6/site-packages/airflow/example_dags/example_short_circuit_operator.py
[2024-08-10 08:47:17,903] {scheduler_job.py:639} INFO - DAG(s) dict_keys(['example_short_circuit_operator']) retrieved from /home/airflow/.local/lib/python3.6/site-packages/airflow/example_dags/example_short_circuit_operator.py
[2024-08-10 08:47:17,923] {logging_mixin.py:104} INFO - [2024-08-10 08:47:17,923] {dag.py:1824} INFO - Sync 1 DAGs
[2024-08-10 08:47:17,937] {logging_mixin.py:104} INFO - [2024-08-10 08:47:17,937] {dag.py:2280} INFO - Setting next_dagrun for example_short_circuit_operator to 2024-08-08 00:00:00+00:00
[2024-08-10 08:47:17,946] {scheduler_job.py:190} INFO - Processing /home/airflow/.local/lib/python3.6/site-packages/airflow/example_dags/example_short_circuit_operator.py took 0.059 seconds
[2024-08-10 08:47:48,262] {scheduler_job.py:182} INFO - Started process (PID=32003) to work on /home/airflow/.local/lib/python3.6/site-packages/airflow/example_dags/example_short_circuit_operator.py
[2024-08-10 08:47:48,263] {scheduler_job.py:629} INFO - Processing file /home/airflow/.local/lib/python3.6/site-packages/airflow/example_dags/example_short_circuit_operator.py for tasks to queue
[2024-08-10 08:47:48,264] {logging_mixin.py:104} INFO - [2024-08-10 08:47:48,264] {dagbag.py:451} INFO - Filling up the DagBag from /home/airflow/.local/lib/python3.6/site-packages/airflow/example_dags/example_short_circuit_operator.py
[2024-08-10 08:47:48,275] {scheduler_job.py:639} INFO - DAG(s) dict_keys(['example_short_circuit_operator']) retrieved from /home/airflow/.local/lib/python3.6/site-packages/airflow/example_dags/example_short_circuit_operator.py
[2024-08-10 08:47:48,293] {logging_mixin.py:104} INFO - [2024-08-10 08:47:48,293] {dag.py:1824} INFO - Sync 1 DAGs
[2024-08-10 08:47:48,307] {logging_mixin.py:104} INFO - [2024-08-10 08:47:48,306] {dag.py:2280} INFO - Setting next_dagrun for example_short_circuit_operator to 2024-08-08 00:00:00+00:00
[2024-08-10 08:47:48,316] {scheduler_job.py:190} INFO - Processing /home/airflow/.local/lib/python3.6/site-packages/airflow/example_dags/example_short_circuit_operator.py took 0.057 seconds
[2024-08-10 08:48:18,875] {scheduler_job.py:182} INFO - Started process (PID=32148) to work on /home/airflow/.local/lib/python3.6/site-packages/airflow/example_dags/example_short_circuit_operator.py
[2024-08-10 08:48:18,876] {scheduler_job.py:629} INFO - Processing file /home/airflow/.local/lib/python3.6/site-packages/airflow/example_dags/example_short_circuit_operator.py for tasks to queue
[2024-08-10 08:48:18,877] {logging_mixin.py:104} INFO - [2024-08-10 08:48:18,877] {dagbag.py:451} INFO - Filling up the DagBag from /home/airflow/.local/lib/python3.6/site-packages/airflow/example_dags/example_short_circuit_operator.py
[2024-08-10 08:48:18,894] {scheduler_job.py:639} INFO - DAG(s) dict_keys(['example_short_circuit_operator']) retrieved from /home/airflow/.local/lib/python3.6/site-packages/airflow/example_dags/example_short_circuit_operator.py
[2024-08-10 08:48:18,920] {logging_mixin.py:104} INFO - [2024-08-10 08:48:18,920] {dag.py:1824} INFO - Sync 1 DAGs
[2024-08-10 08:48:18,935] {logging_mixin.py:104} INFO - [2024-08-10 08:48:18,934] {dag.py:2280} INFO - Setting next_dagrun for example_short_circuit_operator to 2024-08-08 00:00:00+00:00
[2024-08-10 08:48:18,945] {scheduler_job.py:190} INFO - Processing /home/airflow/.local/lib/python3.6/site-packages/airflow/example_dags/example_short_circuit_operator.py took 0.075 seconds
[2024-08-10 08:48:49,077] {scheduler_job.py:182} INFO - Started process (PID=32290) to work on /home/airflow/.local/lib/python3.6/site-packages/airflow/example_dags/example_short_circuit_operator.py
[2024-08-10 08:48:49,080] {scheduler_job.py:629} INFO - Processing file /home/airflow/.local/lib/python3.6/site-packages/airflow/example_dags/example_short_circuit_operator.py for tasks to queue
[2024-08-10 08:48:49,081] {logging_mixin.py:104} INFO - [2024-08-10 08:48:49,080] {dagbag.py:451} INFO - Filling up the DagBag from /home/airflow/.local/lib/python3.6/site-packages/airflow/example_dags/example_short_circuit_operator.py
[2024-08-10 08:48:49,095] {scheduler_job.py:639} INFO - DAG(s) dict_keys(['example_short_circuit_operator']) retrieved from /home/airflow/.local/lib/python3.6/site-packages/airflow/example_dags/example_short_circuit_operator.py
[2024-08-10 08:48:49,121] {logging_mixin.py:104} INFO - [2024-08-10 08:48:49,121] {dag.py:1824} INFO - Sync 1 DAGs
[2024-08-10 08:48:49,143] {logging_mixin.py:104} INFO - [2024-08-10 08:48:49,143] {dag.py:2280} INFO - Setting next_dagrun for example_short_circuit_operator to 2024-08-08 00:00:00+00:00
[2024-08-10 08:48:49,156] {scheduler_job.py:190} INFO - Processing /home/airflow/.local/lib/python3.6/site-packages/airflow/example_dags/example_short_circuit_operator.py took 0.084 seconds
[2024-08-10 08:49:19,658] {scheduler_job.py:182} INFO - Started process (PID=32422) to work on /home/airflow/.local/lib/python3.6/site-packages/airflow/example_dags/example_short_circuit_operator.py
[2024-08-10 08:49:19,659] {scheduler_job.py:629} INFO - Processing file /home/airflow/.local/lib/python3.6/site-packages/airflow/example_dags/example_short_circuit_operator.py for tasks to queue
[2024-08-10 08:49:19,659] {logging_mixin.py:104} INFO - [2024-08-10 08:49:19,659] {dagbag.py:451} INFO - Filling up the DagBag from /home/airflow/.local/lib/python3.6/site-packages/airflow/example_dags/example_short_circuit_operator.py
[2024-08-10 08:49:19,671] {scheduler_job.py:639} INFO - DAG(s) dict_keys(['example_short_circuit_operator']) retrieved from /home/airflow/.local/lib/python3.6/site-packages/airflow/example_dags/example_short_circuit_operator.py
[2024-08-10 08:49:19,691] {logging_mixin.py:104} INFO - [2024-08-10 08:49:19,691] {dag.py:1824} INFO - Sync 1 DAGs
[2024-08-10 08:49:19,705] {logging_mixin.py:104} INFO - [2024-08-10 08:49:19,705] {dag.py:2280} INFO - Setting next_dagrun for example_short_circuit_operator to 2024-08-08 00:00:00+00:00
[2024-08-10 08:49:19,714] {scheduler_job.py:190} INFO - Processing /home/airflow/.local/lib/python3.6/site-packages/airflow/example_dags/example_short_circuit_operator.py took 0.060 seconds
[2024-08-10 08:49:49,982] {scheduler_job.py:182} INFO - Started process (PID=32564) to work on /home/airflow/.local/lib/python3.6/site-packages/airflow/example_dags/example_short_circuit_operator.py
[2024-08-10 08:49:49,983] {scheduler_job.py:629} INFO - Processing file /home/airflow/.local/lib/python3.6/site-packages/airflow/example_dags/example_short_circuit_operator.py for tasks to queue
[2024-08-10 08:49:49,984] {logging_mixin.py:104} INFO - [2024-08-10 08:49:49,984] {dagbag.py:451} INFO - Filling up the DagBag from /home/airflow/.local/lib/python3.6/site-packages/airflow/example_dags/example_short_circuit_operator.py
[2024-08-10 08:49:49,995] {scheduler_job.py:639} INFO - DAG(s) dict_keys(['example_short_circuit_operator']) retrieved from /home/airflow/.local/lib/python3.6/site-packages/airflow/example_dags/example_short_circuit_operator.py
[2024-08-10 08:49:50,014] {logging_mixin.py:104} INFO - [2024-08-10 08:49:50,014] {dag.py:1824} INFO - Sync 1 DAGs
[2024-08-10 08:49:50,028] {logging_mixin.py:104} INFO - [2024-08-10 08:49:50,028] {dag.py:2280} INFO - Setting next_dagrun for example_short_circuit_operator to 2024-08-08 00:00:00+00:00
[2024-08-10 08:49:50,037] {scheduler_job.py:190} INFO - Processing /home/airflow/.local/lib/python3.6/site-packages/airflow/example_dags/example_short_circuit_operator.py took 0.057 seconds
[2024-08-10 08:50:20,247] {scheduler_job.py:182} INFO - Started process (PID=32689) to work on /home/airflow/.local/lib/python3.6/site-packages/airflow/example_dags/example_short_circuit_operator.py
[2024-08-10 08:50:20,248] {scheduler_job.py:629} INFO - Processing file /home/airflow/.local/lib/python3.6/site-packages/airflow/example_dags/example_short_circuit_operator.py for tasks to queue
[2024-08-10 08:50:20,249] {logging_mixin.py:104} INFO - [2024-08-10 08:50:20,249] {dagbag.py:451} INFO - Filling up the DagBag from /home/airflow/.local/lib/python3.6/site-packages/airflow/example_dags/example_short_circuit_operator.py
[2024-08-10 08:50:20,265] {scheduler_job.py:639} INFO - DAG(s) dict_keys(['example_short_circuit_operator']) retrieved from /home/airflow/.local/lib/python3.6/site-packages/airflow/example_dags/example_short_circuit_operator.py
[2024-08-10 08:50:20,287] {logging_mixin.py:104} INFO - [2024-08-10 08:50:20,286] {dag.py:1824} INFO - Sync 1 DAGs
[2024-08-10 08:50:20,302] {logging_mixin.py:104} INFO - [2024-08-10 08:50:20,302] {dag.py:2280} INFO - Setting next_dagrun for example_short_circuit_operator to 2024-08-08 00:00:00+00:00
[2024-08-10 08:50:20,312] {scheduler_job.py:190} INFO - Processing /home/airflow/.local/lib/python3.6/site-packages/airflow/example_dags/example_short_circuit_operator.py took 0.069 seconds
[2024-08-10 08:50:50,382] {scheduler_job.py:182} INFO - Started process (PID=354) to work on /home/airflow/.local/lib/python3.6/site-packages/airflow/example_dags/example_short_circuit_operator.py
[2024-08-10 08:50:50,383] {scheduler_job.py:629} INFO - Processing file /home/airflow/.local/lib/python3.6/site-packages/airflow/example_dags/example_short_circuit_operator.py for tasks to queue
[2024-08-10 08:50:50,384] {logging_mixin.py:104} INFO - [2024-08-10 08:50:50,383] {dagbag.py:451} INFO - Filling up the DagBag from /home/airflow/.local/lib/python3.6/site-packages/airflow/example_dags/example_short_circuit_operator.py
[2024-08-10 08:50:50,398] {scheduler_job.py:639} INFO - DAG(s) dict_keys(['example_short_circuit_operator']) retrieved from /home/airflow/.local/lib/python3.6/site-packages/airflow/example_dags/example_short_circuit_operator.py
[2024-08-10 08:50:50,419] {logging_mixin.py:104} INFO - [2024-08-10 08:50:50,419] {dag.py:1824} INFO - Sync 1 DAGs
[2024-08-10 08:50:50,434] {logging_mixin.py:104} INFO - [2024-08-10 08:50:50,434] {dag.py:2280} INFO - Setting next_dagrun for example_short_circuit_operator to 2024-08-08 00:00:00+00:00
[2024-08-10 08:50:50,444] {scheduler_job.py:190} INFO - Processing /home/airflow/.local/lib/python3.6/site-packages/airflow/example_dags/example_short_circuit_operator.py took 0.065 seconds
[2024-08-10 08:51:20,532] {scheduler_job.py:182} INFO - Started process (PID=489) to work on /home/airflow/.local/lib/python3.6/site-packages/airflow/example_dags/example_short_circuit_operator.py
[2024-08-10 08:51:20,534] {scheduler_job.py:629} INFO - Processing file /home/airflow/.local/lib/python3.6/site-packages/airflow/example_dags/example_short_circuit_operator.py for tasks to queue
[2024-08-10 08:51:20,534] {logging_mixin.py:104} INFO - [2024-08-10 08:51:20,534] {dagbag.py:451} INFO - Filling up the DagBag from /home/airflow/.local/lib/python3.6/site-packages/airflow/example_dags/example_short_circuit_operator.py
[2024-08-10 08:51:20,547] {scheduler_job.py:639} INFO - DAG(s) dict_keys(['example_short_circuit_operator']) retrieved from /home/airflow/.local/lib/python3.6/site-packages/airflow/example_dags/example_short_circuit_operator.py
[2024-08-10 08:51:20,569] {logging_mixin.py:104} INFO - [2024-08-10 08:51:20,569] {dag.py:1824} INFO - Sync 1 DAGs
[2024-08-10 08:51:20,586] {logging_mixin.py:104} INFO - [2024-08-10 08:51:20,585] {dag.py:2280} INFO - Setting next_dagrun for example_short_circuit_operator to 2024-08-08 00:00:00+00:00
[2024-08-10 08:51:20,598] {scheduler_job.py:190} INFO - Processing /home/airflow/.local/lib/python3.6/site-packages/airflow/example_dags/example_short_circuit_operator.py took 0.069 seconds
[2024-08-10 08:51:50,772] {scheduler_job.py:182} INFO - Started process (PID=619) to work on /home/airflow/.local/lib/python3.6/site-packages/airflow/example_dags/example_short_circuit_operator.py
[2024-08-10 08:51:50,773] {scheduler_job.py:629} INFO - Processing file /home/airflow/.local/lib/python3.6/site-packages/airflow/example_dags/example_short_circuit_operator.py for tasks to queue
[2024-08-10 08:51:50,774] {logging_mixin.py:104} INFO - [2024-08-10 08:51:50,773] {dagbag.py:451} INFO - Filling up the DagBag from /home/airflow/.local/lib/python3.6/site-packages/airflow/example_dags/example_short_circuit_operator.py
[2024-08-10 08:51:50,785] {scheduler_job.py:639} INFO - DAG(s) dict_keys(['example_short_circuit_operator']) retrieved from /home/airflow/.local/lib/python3.6/site-packages/airflow/example_dags/example_short_circuit_operator.py
[2024-08-10 08:51:50,805] {logging_mixin.py:104} INFO - [2024-08-10 08:51:50,805] {dag.py:1824} INFO - Sync 1 DAGs
[2024-08-10 08:51:50,818] {logging_mixin.py:104} INFO - [2024-08-10 08:51:50,818] {dag.py:2280} INFO - Setting next_dagrun for example_short_circuit_operator to 2024-08-08 00:00:00+00:00
[2024-08-10 08:51:50,828] {scheduler_job.py:190} INFO - Processing /home/airflow/.local/lib/python3.6/site-packages/airflow/example_dags/example_short_circuit_operator.py took 0.058 seconds
[2024-08-10 08:52:20,958] {scheduler_job.py:182} INFO - Started process (PID=756) to work on /home/airflow/.local/lib/python3.6/site-packages/airflow/example_dags/example_short_circuit_operator.py
[2024-08-10 08:52:20,959] {scheduler_job.py:629} INFO - Processing file /home/airflow/.local/lib/python3.6/site-packages/airflow/example_dags/example_short_circuit_operator.py for tasks to queue
[2024-08-10 08:52:20,959] {logging_mixin.py:104} INFO - [2024-08-10 08:52:20,959] {dagbag.py:451} INFO - Filling up the DagBag from /home/airflow/.local/lib/python3.6/site-packages/airflow/example_dags/example_short_circuit_operator.py
[2024-08-10 08:52:20,970] {scheduler_job.py:639} INFO - DAG(s) dict_keys(['example_short_circuit_operator']) retrieved from /home/airflow/.local/lib/python3.6/site-packages/airflow/example_dags/example_short_circuit_operator.py
[2024-08-10 08:52:20,988] {logging_mixin.py:104} INFO - [2024-08-10 08:52:20,988] {dag.py:1824} INFO - Sync 1 DAGs
[2024-08-10 08:52:21,001] {logging_mixin.py:104} INFO - [2024-08-10 08:52:21,001] {dag.py:2280} INFO - Setting next_dagrun for example_short_circuit_operator to 2024-08-08 00:00:00+00:00
[2024-08-10 08:52:21,010] {scheduler_job.py:190} INFO - Processing /home/airflow/.local/lib/python3.6/site-packages/airflow/example_dags/example_short_circuit_operator.py took 0.055 seconds
[2024-08-10 08:52:51,057] {scheduler_job.py:182} INFO - Started process (PID=886) to work on /home/airflow/.local/lib/python3.6/site-packages/airflow/example_dags/example_short_circuit_operator.py
[2024-08-10 08:52:51,058] {scheduler_job.py:629} INFO - Processing file /home/airflow/.local/lib/python3.6/site-packages/airflow/example_dags/example_short_circuit_operator.py for tasks to queue
[2024-08-10 08:52:51,059] {logging_mixin.py:104} INFO - [2024-08-10 08:52:51,059] {dagbag.py:451} INFO - Filling up the DagBag from /home/airflow/.local/lib/python3.6/site-packages/airflow/example_dags/example_short_circuit_operator.py
[2024-08-10 08:52:51,070] {scheduler_job.py:639} INFO - DAG(s) dict_keys(['example_short_circuit_operator']) retrieved from /home/airflow/.local/lib/python3.6/site-packages/airflow/example_dags/example_short_circuit_operator.py
[2024-08-10 08:52:51,089] {logging_mixin.py:104} INFO - [2024-08-10 08:52:51,089] {dag.py:1824} INFO - Sync 1 DAGs
[2024-08-10 08:52:51,104] {logging_mixin.py:104} INFO - [2024-08-10 08:52:51,104] {dag.py:2280} INFO - Setting next_dagrun for example_short_circuit_operator to 2024-08-08 00:00:00+00:00
[2024-08-10 08:52:51,116] {scheduler_job.py:190} INFO - Processing /home/airflow/.local/lib/python3.6/site-packages/airflow/example_dags/example_short_circuit_operator.py took 0.061 seconds
[2024-08-10 08:53:21,162] {scheduler_job.py:182} INFO - Started process (PID=1019) to work on /home/airflow/.local/lib/python3.6/site-packages/airflow/example_dags/example_short_circuit_operator.py
[2024-08-10 08:53:21,163] {scheduler_job.py:629} INFO - Processing file /home/airflow/.local/lib/python3.6/site-packages/airflow/example_dags/example_short_circuit_operator.py for tasks to queue
[2024-08-10 08:53:21,164] {logging_mixin.py:104} INFO - [2024-08-10 08:53:21,164] {dagbag.py:451} INFO - Filling up the DagBag from /home/airflow/.local/lib/python3.6/site-packages/airflow/example_dags/example_short_circuit_operator.py
[2024-08-10 08:53:21,175] {scheduler_job.py:639} INFO - DAG(s) dict_keys(['example_short_circuit_operator']) retrieved from /home/airflow/.local/lib/python3.6/site-packages/airflow/example_dags/example_short_circuit_operator.py
[2024-08-10 08:53:21,195] {logging_mixin.py:104} INFO - [2024-08-10 08:53:21,195] {dag.py:1824} INFO - Sync 1 DAGs
[2024-08-10 08:53:21,208] {logging_mixin.py:104} INFO - [2024-08-10 08:53:21,208] {dag.py:2280} INFO - Setting next_dagrun for example_short_circuit_operator to 2024-08-08 00:00:00+00:00
[2024-08-10 08:53:21,217] {scheduler_job.py:190} INFO - Processing /home/airflow/.local/lib/python3.6/site-packages/airflow/example_dags/example_short_circuit_operator.py took 0.058 seconds
[2024-08-10 08:53:51,264] {scheduler_job.py:182} INFO - Started process (PID=1149) to work on /home/airflow/.local/lib/python3.6/site-packages/airflow/example_dags/example_short_circuit_operator.py
[2024-08-10 08:53:51,266] {scheduler_job.py:629} INFO - Processing file /home/airflow/.local/lib/python3.6/site-packages/airflow/example_dags/example_short_circuit_operator.py for tasks to queue
[2024-08-10 08:53:51,267] {logging_mixin.py:104} INFO - [2024-08-10 08:53:51,266] {dagbag.py:451} INFO - Filling up the DagBag from /home/airflow/.local/lib/python3.6/site-packages/airflow/example_dags/example_short_circuit_operator.py
[2024-08-10 08:53:51,280] {scheduler_job.py:639} INFO - DAG(s) dict_keys(['example_short_circuit_operator']) retrieved from /home/airflow/.local/lib/python3.6/site-packages/airflow/example_dags/example_short_circuit_operator.py
[2024-08-10 08:53:51,299] {logging_mixin.py:104} INFO - [2024-08-10 08:53:51,299] {dag.py:1824} INFO - Sync 1 DAGs
[2024-08-10 08:53:51,312] {logging_mixin.py:104} INFO - [2024-08-10 08:53:51,312] {dag.py:2280} INFO - Setting next_dagrun for example_short_circuit_operator to 2024-08-08 00:00:00+00:00
[2024-08-10 08:53:51,324] {scheduler_job.py:190} INFO - Processing /home/airflow/.local/lib/python3.6/site-packages/airflow/example_dags/example_short_circuit_operator.py took 0.063 seconds
[2024-08-10 08:54:21,345] {scheduler_job.py:182} INFO - Started process (PID=1281) to work on /home/airflow/.local/lib/python3.6/site-packages/airflow/example_dags/example_short_circuit_operator.py
[2024-08-10 08:54:21,346] {scheduler_job.py:629} INFO - Processing file /home/airflow/.local/lib/python3.6/site-packages/airflow/example_dags/example_short_circuit_operator.py for tasks to queue
[2024-08-10 08:54:21,347] {logging_mixin.py:104} INFO - [2024-08-10 08:54:21,347] {dagbag.py:451} INFO - Filling up the DagBag from /home/airflow/.local/lib/python3.6/site-packages/airflow/example_dags/example_short_circuit_operator.py
[2024-08-10 08:54:21,358] {scheduler_job.py:639} INFO - DAG(s) dict_keys(['example_short_circuit_operator']) retrieved from /home/airflow/.local/lib/python3.6/site-packages/airflow/example_dags/example_short_circuit_operator.py
[2024-08-10 08:54:21,377] {logging_mixin.py:104} INFO - [2024-08-10 08:54:21,377] {dag.py:1824} INFO - Sync 1 DAGs
[2024-08-10 08:54:21,391] {logging_mixin.py:104} INFO - [2024-08-10 08:54:21,390] {dag.py:2280} INFO - Setting next_dagrun for example_short_circuit_operator to 2024-08-08 00:00:00+00:00
[2024-08-10 08:54:21,400] {scheduler_job.py:190} INFO - Processing /home/airflow/.local/lib/python3.6/site-packages/airflow/example_dags/example_short_circuit_operator.py took 0.057 seconds
[2024-08-10 08:54:51,421] {scheduler_job.py:182} INFO - Started process (PID=1404) to work on /home/airflow/.local/lib/python3.6/site-packages/airflow/example_dags/example_short_circuit_operator.py
[2024-08-10 08:54:51,422] {scheduler_job.py:629} INFO - Processing file /home/airflow/.local/lib/python3.6/site-packages/airflow/example_dags/example_short_circuit_operator.py for tasks to queue
[2024-08-10 08:54:51,423] {logging_mixin.py:104} INFO - [2024-08-10 08:54:51,423] {dagbag.py:451} INFO - Filling up the DagBag from /home/airflow/.local/lib/python3.6/site-packages/airflow/example_dags/example_short_circuit_operator.py
[2024-08-10 08:54:51,435] {scheduler_job.py:639} INFO - DAG(s) dict_keys(['example_short_circuit_operator']) retrieved from /home/airflow/.local/lib/python3.6/site-packages/airflow/example_dags/example_short_circuit_operator.py
[2024-08-10 08:54:51,454] {logging_mixin.py:104} INFO - [2024-08-10 08:54:51,454] {dag.py:1824} INFO - Sync 1 DAGs
[2024-08-10 08:54:51,468] {logging_mixin.py:104} INFO - [2024-08-10 08:54:51,467] {dag.py:2280} INFO - Setting next_dagrun for example_short_circuit_operator to 2024-08-08 00:00:00+00:00
[2024-08-10 08:54:51,477] {scheduler_job.py:190} INFO - Processing /home/airflow/.local/lib/python3.6/site-packages/airflow/example_dags/example_short_circuit_operator.py took 0.058 seconds
[2024-08-10 08:55:22,017] {scheduler_job.py:182} INFO - Started process (PID=1565) to work on /home/airflow/.local/lib/python3.6/site-packages/airflow/example_dags/example_short_circuit_operator.py
[2024-08-10 08:55:22,018] {scheduler_job.py:629} INFO - Processing file /home/airflow/.local/lib/python3.6/site-packages/airflow/example_dags/example_short_circuit_operator.py for tasks to queue
[2024-08-10 08:55:22,018] {logging_mixin.py:104} INFO - [2024-08-10 08:55:22,018] {dagbag.py:451} INFO - Filling up the DagBag from /home/airflow/.local/lib/python3.6/site-packages/airflow/example_dags/example_short_circuit_operator.py
[2024-08-10 08:55:22,029] {scheduler_job.py:639} INFO - DAG(s) dict_keys(['example_short_circuit_operator']) retrieved from /home/airflow/.local/lib/python3.6/site-packages/airflow/example_dags/example_short_circuit_operator.py
[2024-08-10 08:55:22,048] {logging_mixin.py:104} INFO - [2024-08-10 08:55:22,047] {dag.py:1824} INFO - Sync 1 DAGs
[2024-08-10 08:55:22,061] {logging_mixin.py:104} INFO - [2024-08-10 08:55:22,061] {dag.py:2280} INFO - Setting next_dagrun for example_short_circuit_operator to 2024-08-08 00:00:00+00:00
[2024-08-10 08:55:22,070] {scheduler_job.py:190} INFO - Processing /home/airflow/.local/lib/python3.6/site-packages/airflow/example_dags/example_short_circuit_operator.py took 0.056 seconds
[2024-08-10 08:55:52,620] {scheduler_job.py:182} INFO - Started process (PID=1714) to work on /home/airflow/.local/lib/python3.6/site-packages/airflow/example_dags/example_short_circuit_operator.py
[2024-08-10 08:55:52,622] {scheduler_job.py:629} INFO - Processing file /home/airflow/.local/lib/python3.6/site-packages/airflow/example_dags/example_short_circuit_operator.py for tasks to queue
[2024-08-10 08:55:52,623] {logging_mixin.py:104} INFO - [2024-08-10 08:55:52,623] {dagbag.py:451} INFO - Filling up the DagBag from /home/airflow/.local/lib/python3.6/site-packages/airflow/example_dags/example_short_circuit_operator.py
[2024-08-10 08:55:52,640] {scheduler_job.py:639} INFO - DAG(s) dict_keys(['example_short_circuit_operator']) retrieved from /home/airflow/.local/lib/python3.6/site-packages/airflow/example_dags/example_short_circuit_operator.py
[2024-08-10 08:55:52,666] {logging_mixin.py:104} INFO - [2024-08-10 08:55:52,666] {dag.py:1824} INFO - Sync 1 DAGs
[2024-08-10 08:55:52,684] {logging_mixin.py:104} INFO - [2024-08-10 08:55:52,684] {dag.py:2280} INFO - Setting next_dagrun for example_short_circuit_operator to 2024-08-08 00:00:00+00:00
[2024-08-10 08:55:52,696] {scheduler_job.py:190} INFO - Processing /home/airflow/.local/lib/python3.6/site-packages/airflow/example_dags/example_short_circuit_operator.py took 0.080 seconds
[2024-08-10 08:56:23,713] {scheduler_job.py:182} INFO - Started process (PID=1848) to work on /home/airflow/.local/lib/python3.6/site-packages/airflow/example_dags/example_short_circuit_operator.py
[2024-08-10 08:56:23,714] {scheduler_job.py:629} INFO - Processing file /home/airflow/.local/lib/python3.6/site-packages/airflow/example_dags/example_short_circuit_operator.py for tasks to queue
[2024-08-10 08:56:23,714] {logging_mixin.py:104} INFO - [2024-08-10 08:56:23,714] {dagbag.py:451} INFO - Filling up the DagBag from /home/airflow/.local/lib/python3.6/site-packages/airflow/example_dags/example_short_circuit_operator.py
[2024-08-10 08:56:23,726] {scheduler_job.py:639} INFO - DAG(s) dict_keys(['example_short_circuit_operator']) retrieved from /home/airflow/.local/lib/python3.6/site-packages/airflow/example_dags/example_short_circuit_operator.py
[2024-08-10 08:56:23,747] {logging_mixin.py:104} INFO - [2024-08-10 08:56:23,747] {dag.py:1824} INFO - Sync 1 DAGs
[2024-08-10 08:56:23,760] {logging_mixin.py:104} INFO - [2024-08-10 08:56:23,760] {dag.py:2280} INFO - Setting next_dagrun for example_short_circuit_operator to 2024-08-08 00:00:00+00:00
[2024-08-10 08:56:23,781] {scheduler_job.py:190} INFO - Processing /home/airflow/.local/lib/python3.6/site-packages/airflow/example_dags/example_short_circuit_operator.py took 0.074 seconds
[2024-08-10 08:56:54,172] {scheduler_job.py:182} INFO - Started process (PID=1983) to work on /home/airflow/.local/lib/python3.6/site-packages/airflow/example_dags/example_short_circuit_operator.py
[2024-08-10 08:56:54,173] {scheduler_job.py:629} INFO - Processing file /home/airflow/.local/lib/python3.6/site-packages/airflow/example_dags/example_short_circuit_operator.py for tasks to queue
[2024-08-10 08:56:54,174] {logging_mixin.py:104} INFO - [2024-08-10 08:56:54,174] {dagbag.py:451} INFO - Filling up the DagBag from /home/airflow/.local/lib/python3.6/site-packages/airflow/example_dags/example_short_circuit_operator.py
[2024-08-10 08:56:54,190] {scheduler_job.py:639} INFO - DAG(s) dict_keys(['example_short_circuit_operator']) retrieved from /home/airflow/.local/lib/python3.6/site-packages/airflow/example_dags/example_short_circuit_operator.py
[2024-08-10 08:56:54,209] {logging_mixin.py:104} INFO - [2024-08-10 08:56:54,209] {dag.py:1824} INFO - Sync 1 DAGs
[2024-08-10 08:56:54,223] {logging_mixin.py:104} INFO - [2024-08-10 08:56:54,223] {dag.py:2280} INFO - Setting next_dagrun for example_short_circuit_operator to 2024-08-08 00:00:00+00:00
[2024-08-10 08:56:54,245] {scheduler_job.py:190} INFO - Processing /home/airflow/.local/lib/python3.6/site-packages/airflow/example_dags/example_short_circuit_operator.py took 0.079 seconds
[2024-08-10 08:57:24,475] {scheduler_job.py:182} INFO - Started process (PID=2118) to work on /home/airflow/.local/lib/python3.6/site-packages/airflow/example_dags/example_short_circuit_operator.py
[2024-08-10 08:57:24,476] {scheduler_job.py:629} INFO - Processing file /home/airflow/.local/lib/python3.6/site-packages/airflow/example_dags/example_short_circuit_operator.py for tasks to queue
[2024-08-10 08:57:24,477] {logging_mixin.py:104} INFO - [2024-08-10 08:57:24,477] {dagbag.py:451} INFO - Filling up the DagBag from /home/airflow/.local/lib/python3.6/site-packages/airflow/example_dags/example_short_circuit_operator.py
[2024-08-10 08:57:24,489] {scheduler_job.py:639} INFO - DAG(s) dict_keys(['example_short_circuit_operator']) retrieved from /home/airflow/.local/lib/python3.6/site-packages/airflow/example_dags/example_short_circuit_operator.py
[2024-08-10 08:57:24,509] {logging_mixin.py:104} INFO - [2024-08-10 08:57:24,509] {dag.py:1824} INFO - Sync 1 DAGs
[2024-08-10 08:57:24,524] {logging_mixin.py:104} INFO - [2024-08-10 08:57:24,524] {dag.py:2280} INFO - Setting next_dagrun for example_short_circuit_operator to 2024-08-08 00:00:00+00:00
[2024-08-10 08:57:24,545] {scheduler_job.py:190} INFO - Processing /home/airflow/.local/lib/python3.6/site-packages/airflow/example_dags/example_short_circuit_operator.py took 0.073 seconds
[2024-08-10 08:57:54,818] {scheduler_job.py:182} INFO - Started process (PID=2251) to work on /home/airflow/.local/lib/python3.6/site-packages/airflow/example_dags/example_short_circuit_operator.py
[2024-08-10 08:57:54,820] {scheduler_job.py:629} INFO - Processing file /home/airflow/.local/lib/python3.6/site-packages/airflow/example_dags/example_short_circuit_operator.py for tasks to queue
[2024-08-10 08:57:54,821] {logging_mixin.py:104} INFO - [2024-08-10 08:57:54,821] {dagbag.py:451} INFO - Filling up the DagBag from /home/airflow/.local/lib/python3.6/site-packages/airflow/example_dags/example_short_circuit_operator.py
[2024-08-10 08:57:54,843] {scheduler_job.py:639} INFO - DAG(s) dict_keys(['example_short_circuit_operator']) retrieved from /home/airflow/.local/lib/python3.6/site-packages/airflow/example_dags/example_short_circuit_operator.py
[2024-08-10 08:57:54,866] {logging_mixin.py:104} INFO - [2024-08-10 08:57:54,866] {dag.py:1824} INFO - Sync 1 DAGs
[2024-08-10 08:57:54,882] {logging_mixin.py:104} INFO - [2024-08-10 08:57:54,882] {dag.py:2280} INFO - Setting next_dagrun for example_short_circuit_operator to 2024-08-08 00:00:00+00:00
[2024-08-10 08:57:54,893] {scheduler_job.py:190} INFO - Processing /home/airflow/.local/lib/python3.6/site-packages/airflow/example_dags/example_short_circuit_operator.py took 0.082 seconds
[2024-08-10 08:58:25,825] {scheduler_job.py:182} INFO - Started process (PID=2389) to work on /home/airflow/.local/lib/python3.6/site-packages/airflow/example_dags/example_short_circuit_operator.py
[2024-08-10 08:58:25,827] {scheduler_job.py:629} INFO - Processing file /home/airflow/.local/lib/python3.6/site-packages/airflow/example_dags/example_short_circuit_operator.py for tasks to queue
[2024-08-10 08:58:25,828] {logging_mixin.py:104} INFO - [2024-08-10 08:58:25,828] {dagbag.py:451} INFO - Filling up the DagBag from /home/airflow/.local/lib/python3.6/site-packages/airflow/example_dags/example_short_circuit_operator.py
[2024-08-10 08:58:25,843] {scheduler_job.py:639} INFO - DAG(s) dict_keys(['example_short_circuit_operator']) retrieved from /home/airflow/.local/lib/python3.6/site-packages/airflow/example_dags/example_short_circuit_operator.py
[2024-08-10 08:58:25,863] {logging_mixin.py:104} INFO - [2024-08-10 08:58:25,863] {dag.py:1824} INFO - Sync 1 DAGs
[2024-08-10 08:58:25,880] {logging_mixin.py:104} INFO - [2024-08-10 08:58:25,880] {dag.py:2280} INFO - Setting next_dagrun for example_short_circuit_operator to 2024-08-08 00:00:00+00:00
[2024-08-10 08:58:25,890] {scheduler_job.py:190} INFO - Processing /home/airflow/.local/lib/python3.6/site-packages/airflow/example_dags/example_short_circuit_operator.py took 0.069 seconds
[2024-08-10 08:58:56,254] {scheduler_job.py:182} INFO - Started process (PID=2523) to work on /home/airflow/.local/lib/python3.6/site-packages/airflow/example_dags/example_short_circuit_operator.py
[2024-08-10 08:58:56,255] {scheduler_job.py:629} INFO - Processing file /home/airflow/.local/lib/python3.6/site-packages/airflow/example_dags/example_short_circuit_operator.py for tasks to queue
[2024-08-10 08:58:56,256] {logging_mixin.py:104} INFO - [2024-08-10 08:58:56,256] {dagbag.py:451} INFO - Filling up the DagBag from /home/airflow/.local/lib/python3.6/site-packages/airflow/example_dags/example_short_circuit_operator.py
[2024-08-10 08:58:56,267] {scheduler_job.py:639} INFO - DAG(s) dict_keys(['example_short_circuit_operator']) retrieved from /home/airflow/.local/lib/python3.6/site-packages/airflow/example_dags/example_short_circuit_operator.py
[2024-08-10 08:58:56,286] {logging_mixin.py:104} INFO - [2024-08-10 08:58:56,286] {dag.py:1824} INFO - Sync 1 DAGs
[2024-08-10 08:58:56,300] {logging_mixin.py:104} INFO - [2024-08-10 08:58:56,300] {dag.py:2280} INFO - Setting next_dagrun for example_short_circuit_operator to 2024-08-08 00:00:00+00:00
[2024-08-10 08:58:56,324] {scheduler_job.py:190} INFO - Processing /home/airflow/.local/lib/python3.6/site-packages/airflow/example_dags/example_short_circuit_operator.py took 0.073 seconds
[2024-08-10 08:59:26,409] {scheduler_job.py:182} INFO - Started process (PID=2656) to work on /home/airflow/.local/lib/python3.6/site-packages/airflow/example_dags/example_short_circuit_operator.py
[2024-08-10 08:59:26,410] {scheduler_job.py:629} INFO - Processing file /home/airflow/.local/lib/python3.6/site-packages/airflow/example_dags/example_short_circuit_operator.py for tasks to queue
[2024-08-10 08:59:26,411] {logging_mixin.py:104} INFO - [2024-08-10 08:59:26,411] {dagbag.py:451} INFO - Filling up the DagBag from /home/airflow/.local/lib/python3.6/site-packages/airflow/example_dags/example_short_circuit_operator.py
[2024-08-10 08:59:26,422] {scheduler_job.py:639} INFO - DAG(s) dict_keys(['example_short_circuit_operator']) retrieved from /home/airflow/.local/lib/python3.6/site-packages/airflow/example_dags/example_short_circuit_operator.py
[2024-08-10 08:59:26,442] {logging_mixin.py:104} INFO - [2024-08-10 08:59:26,442] {dag.py:1824} INFO - Sync 1 DAGs
[2024-08-10 08:59:26,455] {logging_mixin.py:104} INFO - [2024-08-10 08:59:26,455] {dag.py:2280} INFO - Setting next_dagrun for example_short_circuit_operator to 2024-08-08 00:00:00+00:00
[2024-08-10 08:59:26,464] {scheduler_job.py:190} INFO - Processing /home/airflow/.local/lib/python3.6/site-packages/airflow/example_dags/example_short_circuit_operator.py took 0.058 seconds
[2024-08-10 08:59:56,656] {scheduler_job.py:182} INFO - Started process (PID=2793) to work on /home/airflow/.local/lib/python3.6/site-packages/airflow/example_dags/example_short_circuit_operator.py
[2024-08-10 08:59:56,657] {scheduler_job.py:629} INFO - Processing file /home/airflow/.local/lib/python3.6/site-packages/airflow/example_dags/example_short_circuit_operator.py for tasks to queue
[2024-08-10 08:59:56,658] {logging_mixin.py:104} INFO - [2024-08-10 08:59:56,658] {dagbag.py:451} INFO - Filling up the DagBag from /home/airflow/.local/lib/python3.6/site-packages/airflow/example_dags/example_short_circuit_operator.py
[2024-08-10 08:59:56,673] {scheduler_job.py:639} INFO - DAG(s) dict_keys(['example_short_circuit_operator']) retrieved from /home/airflow/.local/lib/python3.6/site-packages/airflow/example_dags/example_short_circuit_operator.py
[2024-08-10 08:59:56,696] {logging_mixin.py:104} INFO - [2024-08-10 08:59:56,696] {dag.py:1824} INFO - Sync 1 DAGs
[2024-08-10 08:59:56,712] {logging_mixin.py:104} INFO - [2024-08-10 08:59:56,712] {dag.py:2280} INFO - Setting next_dagrun for example_short_circuit_operator to 2024-08-08 00:00:00+00:00
[2024-08-10 08:59:56,726] {scheduler_job.py:190} INFO - Processing /home/airflow/.local/lib/python3.6/site-packages/airflow/example_dags/example_short_circuit_operator.py took 0.074 seconds
[2024-08-10 09:00:27,135] {scheduler_job.py:182} INFO - Started process (PID=2929) to work on /home/airflow/.local/lib/python3.6/site-packages/airflow/example_dags/example_short_circuit_operator.py
[2024-08-10 09:00:27,137] {scheduler_job.py:629} INFO - Processing file /home/airflow/.local/lib/python3.6/site-packages/airflow/example_dags/example_short_circuit_operator.py for tasks to queue
[2024-08-10 09:00:27,138] {logging_mixin.py:104} INFO - [2024-08-10 09:00:27,137] {dagbag.py:451} INFO - Filling up the DagBag from /home/airflow/.local/lib/python3.6/site-packages/airflow/example_dags/example_short_circuit_operator.py
[2024-08-10 09:00:27,157] {scheduler_job.py:639} INFO - DAG(s) dict_keys(['example_short_circuit_operator']) retrieved from /home/airflow/.local/lib/python3.6/site-packages/airflow/example_dags/example_short_circuit_operator.py
[2024-08-10 09:00:27,182] {logging_mixin.py:104} INFO - [2024-08-10 09:00:27,182] {dag.py:1824} INFO - Sync 1 DAGs
[2024-08-10 09:00:27,200] {logging_mixin.py:104} INFO - [2024-08-10 09:00:27,200] {dag.py:2280} INFO - Setting next_dagrun for example_short_circuit_operator to 2024-08-08 00:00:00+00:00
[2024-08-10 09:00:27,212] {scheduler_job.py:190} INFO - Processing /home/airflow/.local/lib/python3.6/site-packages/airflow/example_dags/example_short_circuit_operator.py took 0.081 seconds
[2024-08-10 09:00:57,349] {scheduler_job.py:182} INFO - Started process (PID=3061) to work on /home/airflow/.local/lib/python3.6/site-packages/airflow/example_dags/example_short_circuit_operator.py
[2024-08-10 09:00:57,350] {scheduler_job.py:629} INFO - Processing file /home/airflow/.local/lib/python3.6/site-packages/airflow/example_dags/example_short_circuit_operator.py for tasks to queue
[2024-08-10 09:00:57,351] {logging_mixin.py:104} INFO - [2024-08-10 09:00:57,351] {dagbag.py:451} INFO - Filling up the DagBag from /home/airflow/.local/lib/python3.6/site-packages/airflow/example_dags/example_short_circuit_operator.py
[2024-08-10 09:00:57,362] {scheduler_job.py:639} INFO - DAG(s) dict_keys(['example_short_circuit_operator']) retrieved from /home/airflow/.local/lib/python3.6/site-packages/airflow/example_dags/example_short_circuit_operator.py
[2024-08-10 09:00:57,383] {logging_mixin.py:104} INFO - [2024-08-10 09:00:57,383] {dag.py:1824} INFO - Sync 1 DAGs
[2024-08-10 09:00:57,398] {logging_mixin.py:104} INFO - [2024-08-10 09:00:57,398] {dag.py:2280} INFO - Setting next_dagrun for example_short_circuit_operator to 2024-08-08 00:00:00+00:00
[2024-08-10 09:00:57,407] {scheduler_job.py:190} INFO - Processing /home/airflow/.local/lib/python3.6/site-packages/airflow/example_dags/example_short_circuit_operator.py took 0.062 seconds
[2024-08-10 09:01:27,644] {scheduler_job.py:182} INFO - Started process (PID=3198) to work on /home/airflow/.local/lib/python3.6/site-packages/airflow/example_dags/example_short_circuit_operator.py
[2024-08-10 09:01:27,645] {scheduler_job.py:629} INFO - Processing file /home/airflow/.local/lib/python3.6/site-packages/airflow/example_dags/example_short_circuit_operator.py for tasks to queue
[2024-08-10 09:01:27,646] {logging_mixin.py:104} INFO - [2024-08-10 09:01:27,646] {dagbag.py:451} INFO - Filling up the DagBag from /home/airflow/.local/lib/python3.6/site-packages/airflow/example_dags/example_short_circuit_operator.py
[2024-08-10 09:01:27,656] {scheduler_job.py:639} INFO - DAG(s) dict_keys(['example_short_circuit_operator']) retrieved from /home/airflow/.local/lib/python3.6/site-packages/airflow/example_dags/example_short_circuit_operator.py
[2024-08-10 09:01:27,675] {logging_mixin.py:104} INFO - [2024-08-10 09:01:27,675] {dag.py:1824} INFO - Sync 1 DAGs
[2024-08-10 09:01:27,691] {logging_mixin.py:104} INFO - [2024-08-10 09:01:27,691] {dag.py:2280} INFO - Setting next_dagrun for example_short_circuit_operator to 2024-08-08 00:00:00+00:00
[2024-08-10 09:01:27,725] {scheduler_job.py:190} INFO - Processing /home/airflow/.local/lib/python3.6/site-packages/airflow/example_dags/example_short_circuit_operator.py took 0.084 seconds
[2024-08-10 09:01:57,876] {scheduler_job.py:182} INFO - Started process (PID=3331) to work on /home/airflow/.local/lib/python3.6/site-packages/airflow/example_dags/example_short_circuit_operator.py
[2024-08-10 09:01:57,877] {scheduler_job.py:629} INFO - Processing file /home/airflow/.local/lib/python3.6/site-packages/airflow/example_dags/example_short_circuit_operator.py for tasks to queue
[2024-08-10 09:01:57,878] {logging_mixin.py:104} INFO - [2024-08-10 09:01:57,878] {dagbag.py:451} INFO - Filling up the DagBag from /home/airflow/.local/lib/python3.6/site-packages/airflow/example_dags/example_short_circuit_operator.py
[2024-08-10 09:01:57,890] {scheduler_job.py:639} INFO - DAG(s) dict_keys(['example_short_circuit_operator']) retrieved from /home/airflow/.local/lib/python3.6/site-packages/airflow/example_dags/example_short_circuit_operator.py
[2024-08-10 09:01:57,912] {logging_mixin.py:104} INFO - [2024-08-10 09:01:57,912] {dag.py:1824} INFO - Sync 1 DAGs
[2024-08-10 09:01:57,926] {logging_mixin.py:104} INFO - [2024-08-10 09:01:57,926] {dag.py:2280} INFO - Setting next_dagrun for example_short_circuit_operator to 2024-08-08 00:00:00+00:00
[2024-08-10 09:01:57,947] {scheduler_job.py:190} INFO - Processing /home/airflow/.local/lib/python3.6/site-packages/airflow/example_dags/example_short_circuit_operator.py took 0.073 seconds
[2024-08-10 09:02:28,163] {scheduler_job.py:182} INFO - Started process (PID=3466) to work on /home/airflow/.local/lib/python3.6/site-packages/airflow/example_dags/example_short_circuit_operator.py
[2024-08-10 09:02:28,164] {scheduler_job.py:629} INFO - Processing file /home/airflow/.local/lib/python3.6/site-packages/airflow/example_dags/example_short_circuit_operator.py for tasks to queue
[2024-08-10 09:02:28,164] {logging_mixin.py:104} INFO - [2024-08-10 09:02:28,164] {dagbag.py:451} INFO - Filling up the DagBag from /home/airflow/.local/lib/python3.6/site-packages/airflow/example_dags/example_short_circuit_operator.py
[2024-08-10 09:02:28,178] {scheduler_job.py:639} INFO - DAG(s) dict_keys(['example_short_circuit_operator']) retrieved from /home/airflow/.local/lib/python3.6/site-packages/airflow/example_dags/example_short_circuit_operator.py
[2024-08-10 09:02:28,198] {logging_mixin.py:104} INFO - [2024-08-10 09:02:28,198] {dag.py:1824} INFO - Sync 1 DAGs
[2024-08-10 09:02:28,214] {logging_mixin.py:104} INFO - [2024-08-10 09:02:28,214] {dag.py:2280} INFO - Setting next_dagrun for example_short_circuit_operator to 2024-08-08 00:00:00+00:00
[2024-08-10 09:02:28,235] {scheduler_job.py:190} INFO - Processing /home/airflow/.local/lib/python3.6/site-packages/airflow/example_dags/example_short_circuit_operator.py took 0.075 seconds
[2024-08-10 09:02:58,488] {scheduler_job.py:182} INFO - Started process (PID=3603) to work on /home/airflow/.local/lib/python3.6/site-packages/airflow/example_dags/example_short_circuit_operator.py
[2024-08-10 09:02:58,488] {scheduler_job.py:629} INFO - Processing file /home/airflow/.local/lib/python3.6/site-packages/airflow/example_dags/example_short_circuit_operator.py for tasks to queue
[2024-08-10 09:02:58,489] {logging_mixin.py:104} INFO - [2024-08-10 09:02:58,489] {dagbag.py:451} INFO - Filling up the DagBag from /home/airflow/.local/lib/python3.6/site-packages/airflow/example_dags/example_short_circuit_operator.py
[2024-08-10 09:02:58,506] {scheduler_job.py:639} INFO - DAG(s) dict_keys(['example_short_circuit_operator']) retrieved from /home/airflow/.local/lib/python3.6/site-packages/airflow/example_dags/example_short_circuit_operator.py
[2024-08-10 09:02:58,528] {logging_mixin.py:104} INFO - [2024-08-10 09:02:58,528] {dag.py:1824} INFO - Sync 1 DAGs
[2024-08-10 09:02:58,545] {logging_mixin.py:104} INFO - [2024-08-10 09:02:58,544] {dag.py:2280} INFO - Setting next_dagrun for example_short_circuit_operator to 2024-08-08 00:00:00+00:00
[2024-08-10 09:02:58,573] {scheduler_job.py:190} INFO - Processing /home/airflow/.local/lib/python3.6/site-packages/airflow/example_dags/example_short_circuit_operator.py took 0.090 seconds
[2024-08-10 09:03:28,827] {scheduler_job.py:182} INFO - Started process (PID=3739) to work on /home/airflow/.local/lib/python3.6/site-packages/airflow/example_dags/example_short_circuit_operator.py
[2024-08-10 09:03:28,829] {scheduler_job.py:629} INFO - Processing file /home/airflow/.local/lib/python3.6/site-packages/airflow/example_dags/example_short_circuit_operator.py for tasks to queue
[2024-08-10 09:03:28,833] {logging_mixin.py:104} INFO - [2024-08-10 09:03:28,833] {dagbag.py:451} INFO - Filling up the DagBag from /home/airflow/.local/lib/python3.6/site-packages/airflow/example_dags/example_short_circuit_operator.py
[2024-08-10 09:03:28,854] {scheduler_job.py:639} INFO - DAG(s) dict_keys(['example_short_circuit_operator']) retrieved from /home/airflow/.local/lib/python3.6/site-packages/airflow/example_dags/example_short_circuit_operator.py
[2024-08-10 09:03:28,877] {logging_mixin.py:104} INFO - [2024-08-10 09:03:28,877] {dag.py:1824} INFO - Sync 1 DAGs
[2024-08-10 09:03:28,892] {logging_mixin.py:104} INFO - [2024-08-10 09:03:28,892] {dag.py:2280} INFO - Setting next_dagrun for example_short_circuit_operator to 2024-08-08 00:00:00+00:00
[2024-08-10 09:03:28,911] {scheduler_job.py:190} INFO - Processing /home/airflow/.local/lib/python3.6/site-packages/airflow/example_dags/example_short_circuit_operator.py took 0.089 seconds
[2024-08-10 09:03:59,063] {scheduler_job.py:182} INFO - Started process (PID=3871) to work on /home/airflow/.local/lib/python3.6/site-packages/airflow/example_dags/example_short_circuit_operator.py
[2024-08-10 09:03:59,065] {scheduler_job.py:629} INFO - Processing file /home/airflow/.local/lib/python3.6/site-packages/airflow/example_dags/example_short_circuit_operator.py for tasks to queue
[2024-08-10 09:03:59,066] {logging_mixin.py:104} INFO - [2024-08-10 09:03:59,066] {dagbag.py:451} INFO - Filling up the DagBag from /home/airflow/.local/lib/python3.6/site-packages/airflow/example_dags/example_short_circuit_operator.py
[2024-08-10 09:03:59,079] {scheduler_job.py:639} INFO - DAG(s) dict_keys(['example_short_circuit_operator']) retrieved from /home/airflow/.local/lib/python3.6/site-packages/airflow/example_dags/example_short_circuit_operator.py
[2024-08-10 09:03:59,107] {logging_mixin.py:104} INFO - [2024-08-10 09:03:59,107] {dag.py:1824} INFO - Sync 1 DAGs
[2024-08-10 09:03:59,127] {logging_mixin.py:104} INFO - [2024-08-10 09:03:59,126] {dag.py:2280} INFO - Setting next_dagrun for example_short_circuit_operator to 2024-08-08 00:00:00+00:00
[2024-08-10 09:03:59,137] {scheduler_job.py:190} INFO - Processing /home/airflow/.local/lib/python3.6/site-packages/airflow/example_dags/example_short_circuit_operator.py took 0.079 seconds
[2024-08-10 09:04:29,584] {scheduler_job.py:182} INFO - Started process (PID=4008) to work on /home/airflow/.local/lib/python3.6/site-packages/airflow/example_dags/example_short_circuit_operator.py
[2024-08-10 09:04:29,585] {scheduler_job.py:629} INFO - Processing file /home/airflow/.local/lib/python3.6/site-packages/airflow/example_dags/example_short_circuit_operator.py for tasks to queue
[2024-08-10 09:04:29,585] {logging_mixin.py:104} INFO - [2024-08-10 09:04:29,585] {dagbag.py:451} INFO - Filling up the DagBag from /home/airflow/.local/lib/python3.6/site-packages/airflow/example_dags/example_short_circuit_operator.py
[2024-08-10 09:04:29,597] {scheduler_job.py:639} INFO - DAG(s) dict_keys(['example_short_circuit_operator']) retrieved from /home/airflow/.local/lib/python3.6/site-packages/airflow/example_dags/example_short_circuit_operator.py
[2024-08-10 09:04:29,618] {logging_mixin.py:104} INFO - [2024-08-10 09:04:29,618] {dag.py:1824} INFO - Sync 1 DAGs
[2024-08-10 09:04:29,632] {logging_mixin.py:104} INFO - [2024-08-10 09:04:29,632] {dag.py:2280} INFO - Setting next_dagrun for example_short_circuit_operator to 2024-08-08 00:00:00+00:00
[2024-08-10 09:04:29,653] {scheduler_job.py:190} INFO - Processing /home/airflow/.local/lib/python3.6/site-packages/airflow/example_dags/example_short_circuit_operator.py took 0.073 seconds
[2024-08-10 09:04:59,747] {scheduler_job.py:182} INFO - Started process (PID=4141) to work on /home/airflow/.local/lib/python3.6/site-packages/airflow/example_dags/example_short_circuit_operator.py
[2024-08-10 09:04:59,748] {scheduler_job.py:629} INFO - Processing file /home/airflow/.local/lib/python3.6/site-packages/airflow/example_dags/example_short_circuit_operator.py for tasks to queue
[2024-08-10 09:04:59,749] {logging_mixin.py:104} INFO - [2024-08-10 09:04:59,749] {dagbag.py:451} INFO - Filling up the DagBag from /home/airflow/.local/lib/python3.6/site-packages/airflow/example_dags/example_short_circuit_operator.py
[2024-08-10 09:04:59,761] {scheduler_job.py:639} INFO - DAG(s) dict_keys(['example_short_circuit_operator']) retrieved from /home/airflow/.local/lib/python3.6/site-packages/airflow/example_dags/example_short_circuit_operator.py
[2024-08-10 09:04:59,782] {logging_mixin.py:104} INFO - [2024-08-10 09:04:59,782] {dag.py:1824} INFO - Sync 1 DAGs
[2024-08-10 09:04:59,800] {logging_mixin.py:104} INFO - [2024-08-10 09:04:59,799] {dag.py:2280} INFO - Setting next_dagrun for example_short_circuit_operator to 2024-08-08 00:00:00+00:00
[2024-08-10 09:04:59,811] {scheduler_job.py:190} INFO - Processing /home/airflow/.local/lib/python3.6/site-packages/airflow/example_dags/example_short_circuit_operator.py took 0.066 seconds
[2024-08-10 09:05:29,946] {scheduler_job.py:182} INFO - Started process (PID=4276) to work on /home/airflow/.local/lib/python3.6/site-packages/airflow/example_dags/example_short_circuit_operator.py
[2024-08-10 09:05:29,947] {scheduler_job.py:629} INFO - Processing file /home/airflow/.local/lib/python3.6/site-packages/airflow/example_dags/example_short_circuit_operator.py for tasks to queue
[2024-08-10 09:05:29,947] {logging_mixin.py:104} INFO - [2024-08-10 09:05:29,947] {dagbag.py:451} INFO - Filling up the DagBag from /home/airflow/.local/lib/python3.6/site-packages/airflow/example_dags/example_short_circuit_operator.py
[2024-08-10 09:05:29,959] {scheduler_job.py:639} INFO - DAG(s) dict_keys(['example_short_circuit_operator']) retrieved from /home/airflow/.local/lib/python3.6/site-packages/airflow/example_dags/example_short_circuit_operator.py
[2024-08-10 09:05:29,981] {logging_mixin.py:104} INFO - [2024-08-10 09:05:29,981] {dag.py:1824} INFO - Sync 1 DAGs
[2024-08-10 09:05:29,995] {logging_mixin.py:104} INFO - [2024-08-10 09:05:29,994] {dag.py:2280} INFO - Setting next_dagrun for example_short_circuit_operator to 2024-08-08 00:00:00+00:00
[2024-08-10 09:05:30,016] {scheduler_job.py:190} INFO - Processing /home/airflow/.local/lib/python3.6/site-packages/airflow/example_dags/example_short_circuit_operator.py took 0.073 seconds
[2024-08-10 09:06:00,167] {scheduler_job.py:182} INFO - Started process (PID=4411) to work on /home/airflow/.local/lib/python3.6/site-packages/airflow/example_dags/example_short_circuit_operator.py
[2024-08-10 09:06:00,169] {scheduler_job.py:629} INFO - Processing file /home/airflow/.local/lib/python3.6/site-packages/airflow/example_dags/example_short_circuit_operator.py for tasks to queue
[2024-08-10 09:06:00,170] {logging_mixin.py:104} INFO - [2024-08-10 09:06:00,169] {dagbag.py:451} INFO - Filling up the DagBag from /home/airflow/.local/lib/python3.6/site-packages/airflow/example_dags/example_short_circuit_operator.py
[2024-08-10 09:06:00,185] {scheduler_job.py:639} INFO - DAG(s) dict_keys(['example_short_circuit_operator']) retrieved from /home/airflow/.local/lib/python3.6/site-packages/airflow/example_dags/example_short_circuit_operator.py
[2024-08-10 09:06:00,274] {logging_mixin.py:104} INFO - [2024-08-10 09:06:00,274] {dag.py:1824} INFO - Sync 1 DAGs
[2024-08-10 09:06:00,292] {logging_mixin.py:104} INFO - [2024-08-10 09:06:00,292] {dag.py:2280} INFO - Setting next_dagrun for example_short_circuit_operator to 2024-08-08 00:00:00+00:00
[2024-08-10 09:06:00,313] {scheduler_job.py:190} INFO - Processing /home/airflow/.local/lib/python3.6/site-packages/airflow/example_dags/example_short_circuit_operator.py took 0.149 seconds
[2024-08-10 09:06:30,472] {scheduler_job.py:182} INFO - Started process (PID=4546) to work on /home/airflow/.local/lib/python3.6/site-packages/airflow/example_dags/example_short_circuit_operator.py
[2024-08-10 09:06:30,474] {scheduler_job.py:629} INFO - Processing file /home/airflow/.local/lib/python3.6/site-packages/airflow/example_dags/example_short_circuit_operator.py for tasks to queue
[2024-08-10 09:06:30,475] {logging_mixin.py:104} INFO - [2024-08-10 09:06:30,475] {dagbag.py:451} INFO - Filling up the DagBag from /home/airflow/.local/lib/python3.6/site-packages/airflow/example_dags/example_short_circuit_operator.py
[2024-08-10 09:06:30,495] {scheduler_job.py:639} INFO - DAG(s) dict_keys(['example_short_circuit_operator']) retrieved from /home/airflow/.local/lib/python3.6/site-packages/airflow/example_dags/example_short_circuit_operator.py
[2024-08-10 09:06:30,515] {logging_mixin.py:104} INFO - [2024-08-10 09:06:30,515] {dag.py:1824} INFO - Sync 1 DAGs
[2024-08-10 09:06:30,528] {logging_mixin.py:104} INFO - [2024-08-10 09:06:30,528] {dag.py:2280} INFO - Setting next_dagrun for example_short_circuit_operator to 2024-08-08 00:00:00+00:00
[2024-08-10 09:06:30,548] {scheduler_job.py:190} INFO - Processing /home/airflow/.local/lib/python3.6/site-packages/airflow/example_dags/example_short_circuit_operator.py took 0.081 seconds
[2024-08-10 09:07:00,840] {scheduler_job.py:182} INFO - Started process (PID=4683) to work on /home/airflow/.local/lib/python3.6/site-packages/airflow/example_dags/example_short_circuit_operator.py
[2024-08-10 09:07:00,842] {scheduler_job.py:629} INFO - Processing file /home/airflow/.local/lib/python3.6/site-packages/airflow/example_dags/example_short_circuit_operator.py for tasks to queue
[2024-08-10 09:07:00,842] {logging_mixin.py:104} INFO - [2024-08-10 09:07:00,842] {dagbag.py:451} INFO - Filling up the DagBag from /home/airflow/.local/lib/python3.6/site-packages/airflow/example_dags/example_short_circuit_operator.py
[2024-08-10 09:07:00,854] {scheduler_job.py:639} INFO - DAG(s) dict_keys(['example_short_circuit_operator']) retrieved from /home/airflow/.local/lib/python3.6/site-packages/airflow/example_dags/example_short_circuit_operator.py
[2024-08-10 09:07:00,874] {logging_mixin.py:104} INFO - [2024-08-10 09:07:00,873] {dag.py:1824} INFO - Sync 1 DAGs
[2024-08-10 09:07:00,888] {logging_mixin.py:104} INFO - [2024-08-10 09:07:00,888] {dag.py:2280} INFO - Setting next_dagrun for example_short_circuit_operator to 2024-08-08 00:00:00+00:00
[2024-08-10 09:07:00,901] {scheduler_job.py:190} INFO - Processing /home/airflow/.local/lib/python3.6/site-packages/airflow/example_dags/example_short_circuit_operator.py took 0.063 seconds
[2024-08-10 09:07:31,024] {scheduler_job.py:182} INFO - Started process (PID=4816) to work on /home/airflow/.local/lib/python3.6/site-packages/airflow/example_dags/example_short_circuit_operator.py
[2024-08-10 09:07:31,026] {scheduler_job.py:629} INFO - Processing file /home/airflow/.local/lib/python3.6/site-packages/airflow/example_dags/example_short_circuit_operator.py for tasks to queue
[2024-08-10 09:07:31,027] {logging_mixin.py:104} INFO - [2024-08-10 09:07:31,027] {dagbag.py:451} INFO - Filling up the DagBag from /home/airflow/.local/lib/python3.6/site-packages/airflow/example_dags/example_short_circuit_operator.py
[2024-08-10 09:07:31,044] {scheduler_job.py:639} INFO - DAG(s) dict_keys(['example_short_circuit_operator']) retrieved from /home/airflow/.local/lib/python3.6/site-packages/airflow/example_dags/example_short_circuit_operator.py
[2024-08-10 09:07:31,065] {logging_mixin.py:104} INFO - [2024-08-10 09:07:31,065] {dag.py:1824} INFO - Sync 1 DAGs
[2024-08-10 09:07:31,079] {logging_mixin.py:104} INFO - [2024-08-10 09:07:31,079] {dag.py:2280} INFO - Setting next_dagrun for example_short_circuit_operator to 2024-08-08 00:00:00+00:00
[2024-08-10 09:07:31,091] {scheduler_job.py:190} INFO - Processing /home/airflow/.local/lib/python3.6/site-packages/airflow/example_dags/example_short_circuit_operator.py took 0.072 seconds
[2024-08-10 09:08:01,600] {scheduler_job.py:182} INFO - Started process (PID=4953) to work on /home/airflow/.local/lib/python3.6/site-packages/airflow/example_dags/example_short_circuit_operator.py
[2024-08-10 09:08:01,602] {scheduler_job.py:629} INFO - Processing file /home/airflow/.local/lib/python3.6/site-packages/airflow/example_dags/example_short_circuit_operator.py for tasks to queue
[2024-08-10 09:08:01,603] {logging_mixin.py:104} INFO - [2024-08-10 09:08:01,602] {dagbag.py:451} INFO - Filling up the DagBag from /home/airflow/.local/lib/python3.6/site-packages/airflow/example_dags/example_short_circuit_operator.py
[2024-08-10 09:08:01,621] {scheduler_job.py:639} INFO - DAG(s) dict_keys(['example_short_circuit_operator']) retrieved from /home/airflow/.local/lib/python3.6/site-packages/airflow/example_dags/example_short_circuit_operator.py
[2024-08-10 09:08:01,642] {logging_mixin.py:104} INFO - [2024-08-10 09:08:01,642] {dag.py:1824} INFO - Sync 1 DAGs
[2024-08-10 09:08:01,655] {logging_mixin.py:104} INFO - [2024-08-10 09:08:01,655] {dag.py:2280} INFO - Setting next_dagrun for example_short_circuit_operator to 2024-08-08 00:00:00+00:00
[2024-08-10 09:08:01,682] {scheduler_job.py:190} INFO - Processing /home/airflow/.local/lib/python3.6/site-packages/airflow/example_dags/example_short_circuit_operator.py took 0.087 seconds
[2024-08-10 09:08:32,127] {scheduler_job.py:182} INFO - Started process (PID=5088) to work on /home/airflow/.local/lib/python3.6/site-packages/airflow/example_dags/example_short_circuit_operator.py
[2024-08-10 09:08:32,130] {scheduler_job.py:629} INFO - Processing file /home/airflow/.local/lib/python3.6/site-packages/airflow/example_dags/example_short_circuit_operator.py for tasks to queue
[2024-08-10 09:08:32,131] {logging_mixin.py:104} INFO - [2024-08-10 09:08:32,130] {dagbag.py:451} INFO - Filling up the DagBag from /home/airflow/.local/lib/python3.6/site-packages/airflow/example_dags/example_short_circuit_operator.py
[2024-08-10 09:08:32,148] {scheduler_job.py:639} INFO - DAG(s) dict_keys(['example_short_circuit_operator']) retrieved from /home/airflow/.local/lib/python3.6/site-packages/airflow/example_dags/example_short_circuit_operator.py
[2024-08-10 09:08:32,170] {logging_mixin.py:104} INFO - [2024-08-10 09:08:32,170] {dag.py:1824} INFO - Sync 1 DAGs
[2024-08-10 09:08:32,184] {logging_mixin.py:104} INFO - [2024-08-10 09:08:32,184] {dag.py:2280} INFO - Setting next_dagrun for example_short_circuit_operator to 2024-08-08 00:00:00+00:00
[2024-08-10 09:08:32,195] {scheduler_job.py:190} INFO - Processing /home/airflow/.local/lib/python3.6/site-packages/airflow/example_dags/example_short_circuit_operator.py took 0.074 seconds
[2024-08-10 09:09:02,530] {scheduler_job.py:182} INFO - Started process (PID=5223) to work on /home/airflow/.local/lib/python3.6/site-packages/airflow/example_dags/example_short_circuit_operator.py
[2024-08-10 09:09:02,531] {scheduler_job.py:629} INFO - Processing file /home/airflow/.local/lib/python3.6/site-packages/airflow/example_dags/example_short_circuit_operator.py for tasks to queue
[2024-08-10 09:09:02,532] {logging_mixin.py:104} INFO - [2024-08-10 09:09:02,532] {dagbag.py:451} INFO - Filling up the DagBag from /home/airflow/.local/lib/python3.6/site-packages/airflow/example_dags/example_short_circuit_operator.py
[2024-08-10 09:09:02,549] {scheduler_job.py:639} INFO - DAG(s) dict_keys(['example_short_circuit_operator']) retrieved from /home/airflow/.local/lib/python3.6/site-packages/airflow/example_dags/example_short_circuit_operator.py
[2024-08-10 09:09:02,568] {logging_mixin.py:104} INFO - [2024-08-10 09:09:02,568] {dag.py:1824} INFO - Sync 1 DAGs
[2024-08-10 09:09:02,583] {logging_mixin.py:104} INFO - [2024-08-10 09:09:02,583] {dag.py:2280} INFO - Setting next_dagrun for example_short_circuit_operator to 2024-08-08 00:00:00+00:00
[2024-08-10 09:09:02,594] {scheduler_job.py:190} INFO - Processing /home/airflow/.local/lib/python3.6/site-packages/airflow/example_dags/example_short_circuit_operator.py took 0.072 seconds
[2024-08-10 09:09:32,893] {scheduler_job.py:182} INFO - Started process (PID=5359) to work on /home/airflow/.local/lib/python3.6/site-packages/airflow/example_dags/example_short_circuit_operator.py
[2024-08-10 09:09:32,895] {scheduler_job.py:629} INFO - Processing file /home/airflow/.local/lib/python3.6/site-packages/airflow/example_dags/example_short_circuit_operator.py for tasks to queue
[2024-08-10 09:09:32,896] {logging_mixin.py:104} INFO - [2024-08-10 09:09:32,896] {dagbag.py:451} INFO - Filling up the DagBag from /home/airflow/.local/lib/python3.6/site-packages/airflow/example_dags/example_short_circuit_operator.py
[2024-08-10 09:09:32,914] {scheduler_job.py:639} INFO - DAG(s) dict_keys(['example_short_circuit_operator']) retrieved from /home/airflow/.local/lib/python3.6/site-packages/airflow/example_dags/example_short_circuit_operator.py
[2024-08-10 09:09:32,934] {logging_mixin.py:104} INFO - [2024-08-10 09:09:32,934] {dag.py:1824} INFO - Sync 1 DAGs
[2024-08-10 09:09:32,948] {logging_mixin.py:104} INFO - [2024-08-10 09:09:32,948] {dag.py:2280} INFO - Setting next_dagrun for example_short_circuit_operator to 2024-08-08 00:00:00+00:00
[2024-08-10 09:09:32,969] {scheduler_job.py:190} INFO - Processing /home/airflow/.local/lib/python3.6/site-packages/airflow/example_dags/example_short_circuit_operator.py took 0.081 seconds
[2024-08-10 09:10:03,293] {scheduler_job.py:182} INFO - Started process (PID=5493) to work on /home/airflow/.local/lib/python3.6/site-packages/airflow/example_dags/example_short_circuit_operator.py
[2024-08-10 09:10:03,295] {scheduler_job.py:629} INFO - Processing file /home/airflow/.local/lib/python3.6/site-packages/airflow/example_dags/example_short_circuit_operator.py for tasks to queue
[2024-08-10 09:10:03,296] {logging_mixin.py:104} INFO - [2024-08-10 09:10:03,296] {dagbag.py:451} INFO - Filling up the DagBag from /home/airflow/.local/lib/python3.6/site-packages/airflow/example_dags/example_short_circuit_operator.py
[2024-08-10 09:10:03,316] {scheduler_job.py:639} INFO - DAG(s) dict_keys(['example_short_circuit_operator']) retrieved from /home/airflow/.local/lib/python3.6/site-packages/airflow/example_dags/example_short_circuit_operator.py
[2024-08-10 09:10:03,337] {logging_mixin.py:104} INFO - [2024-08-10 09:10:03,337] {dag.py:1824} INFO - Sync 1 DAGs
[2024-08-10 09:10:03,351] {logging_mixin.py:104} INFO - [2024-08-10 09:10:03,351] {dag.py:2280} INFO - Setting next_dagrun for example_short_circuit_operator to 2024-08-08 00:00:00+00:00
[2024-08-10 09:10:03,360] {scheduler_job.py:190} INFO - Processing /home/airflow/.local/lib/python3.6/site-packages/airflow/example_dags/example_short_circuit_operator.py took 0.072 seconds
[2024-08-10 09:10:33,646] {scheduler_job.py:182} INFO - Started process (PID=5628) to work on /home/airflow/.local/lib/python3.6/site-packages/airflow/example_dags/example_short_circuit_operator.py
[2024-08-10 09:10:33,648] {scheduler_job.py:629} INFO - Processing file /home/airflow/.local/lib/python3.6/site-packages/airflow/example_dags/example_short_circuit_operator.py for tasks to queue
[2024-08-10 09:10:33,649] {logging_mixin.py:104} INFO - [2024-08-10 09:10:33,649] {dagbag.py:451} INFO - Filling up the DagBag from /home/airflow/.local/lib/python3.6/site-packages/airflow/example_dags/example_short_circuit_operator.py
[2024-08-10 09:10:33,664] {scheduler_job.py:639} INFO - DAG(s) dict_keys(['example_short_circuit_operator']) retrieved from /home/airflow/.local/lib/python3.6/site-packages/airflow/example_dags/example_short_circuit_operator.py
[2024-08-10 09:10:33,683] {logging_mixin.py:104} INFO - [2024-08-10 09:10:33,683] {dag.py:1824} INFO - Sync 1 DAGs
[2024-08-10 09:10:33,698] {logging_mixin.py:104} INFO - [2024-08-10 09:10:33,698] {dag.py:2280} INFO - Setting next_dagrun for example_short_circuit_operator to 2024-08-08 00:00:00+00:00
[2024-08-10 09:10:33,718] {scheduler_job.py:190} INFO - Processing /home/airflow/.local/lib/python3.6/site-packages/airflow/example_dags/example_short_circuit_operator.py took 0.077 seconds
[2024-08-10 09:11:03,801] {scheduler_job.py:182} INFO - Started process (PID=5761) to work on /home/airflow/.local/lib/python3.6/site-packages/airflow/example_dags/example_short_circuit_operator.py
[2024-08-10 09:11:03,802] {scheduler_job.py:629} INFO - Processing file /home/airflow/.local/lib/python3.6/site-packages/airflow/example_dags/example_short_circuit_operator.py for tasks to queue
[2024-08-10 09:11:03,803] {logging_mixin.py:104} INFO - [2024-08-10 09:11:03,803] {dagbag.py:451} INFO - Filling up the DagBag from /home/airflow/.local/lib/python3.6/site-packages/airflow/example_dags/example_short_circuit_operator.py
[2024-08-10 09:11:03,824] {scheduler_job.py:639} INFO - DAG(s) dict_keys(['example_short_circuit_operator']) retrieved from /home/airflow/.local/lib/python3.6/site-packages/airflow/example_dags/example_short_circuit_operator.py
[2024-08-10 09:11:03,848] {logging_mixin.py:104} INFO - [2024-08-10 09:11:03,847] {dag.py:1824} INFO - Sync 1 DAGs
[2024-08-10 09:11:03,863] {logging_mixin.py:104} INFO - [2024-08-10 09:11:03,863] {dag.py:2280} INFO - Setting next_dagrun for example_short_circuit_operator to 2024-08-08 00:00:00+00:00
[2024-08-10 09:11:03,882] {scheduler_job.py:190} INFO - Processing /home/airflow/.local/lib/python3.6/site-packages/airflow/example_dags/example_short_circuit_operator.py took 0.088 seconds
[2024-08-10 09:11:34,196] {scheduler_job.py:182} INFO - Started process (PID=5899) to work on /home/airflow/.local/lib/python3.6/site-packages/airflow/example_dags/example_short_circuit_operator.py
[2024-08-10 09:11:34,198] {scheduler_job.py:629} INFO - Processing file /home/airflow/.local/lib/python3.6/site-packages/airflow/example_dags/example_short_circuit_operator.py for tasks to queue
[2024-08-10 09:11:34,199] {logging_mixin.py:104} INFO - [2024-08-10 09:11:34,199] {dagbag.py:451} INFO - Filling up the DagBag from /home/airflow/.local/lib/python3.6/site-packages/airflow/example_dags/example_short_circuit_operator.py
[2024-08-10 09:11:34,212] {scheduler_job.py:639} INFO - DAG(s) dict_keys(['example_short_circuit_operator']) retrieved from /home/airflow/.local/lib/python3.6/site-packages/airflow/example_dags/example_short_circuit_operator.py
[2024-08-10 09:11:34,233] {logging_mixin.py:104} INFO - [2024-08-10 09:11:34,233] {dag.py:1824} INFO - Sync 1 DAGs
[2024-08-10 09:11:34,251] {logging_mixin.py:104} INFO - [2024-08-10 09:11:34,251] {dag.py:2280} INFO - Setting next_dagrun for example_short_circuit_operator to 2024-08-08 00:00:00+00:00
[2024-08-10 09:11:34,262] {scheduler_job.py:190} INFO - Processing /home/airflow/.local/lib/python3.6/site-packages/airflow/example_dags/example_short_circuit_operator.py took 0.069 seconds
[2024-08-10 09:12:04,947] {scheduler_job.py:182} INFO - Started process (PID=6034) to work on /home/airflow/.local/lib/python3.6/site-packages/airflow/example_dags/example_short_circuit_operator.py
[2024-08-10 09:12:04,948] {scheduler_job.py:629} INFO - Processing file /home/airflow/.local/lib/python3.6/site-packages/airflow/example_dags/example_short_circuit_operator.py for tasks to queue
[2024-08-10 09:12:04,948] {logging_mixin.py:104} INFO - [2024-08-10 09:12:04,948] {dagbag.py:451} INFO - Filling up the DagBag from /home/airflow/.local/lib/python3.6/site-packages/airflow/example_dags/example_short_circuit_operator.py
[2024-08-10 09:12:04,964] {scheduler_job.py:639} INFO - DAG(s) dict_keys(['example_short_circuit_operator']) retrieved from /home/airflow/.local/lib/python3.6/site-packages/airflow/example_dags/example_short_circuit_operator.py
[2024-08-10 09:12:04,997] {logging_mixin.py:104} INFO - [2024-08-10 09:12:04,997] {dag.py:1824} INFO - Sync 1 DAGs
[2024-08-10 09:12:05,027] {logging_mixin.py:104} INFO - [2024-08-10 09:12:05,027] {dag.py:2280} INFO - Setting next_dagrun for example_short_circuit_operator to 2024-08-08 00:00:00+00:00
[2024-08-10 09:12:05,049] {scheduler_job.py:190} INFO - Processing /home/airflow/.local/lib/python3.6/site-packages/airflow/example_dags/example_short_circuit_operator.py took 0.106 seconds
[2024-08-10 09:12:35,682] {scheduler_job.py:182} INFO - Started process (PID=6169) to work on /home/airflow/.local/lib/python3.6/site-packages/airflow/example_dags/example_short_circuit_operator.py
[2024-08-10 09:12:35,682] {scheduler_job.py:629} INFO - Processing file /home/airflow/.local/lib/python3.6/site-packages/airflow/example_dags/example_short_circuit_operator.py for tasks to queue
[2024-08-10 09:12:35,683] {logging_mixin.py:104} INFO - [2024-08-10 09:12:35,683] {dagbag.py:451} INFO - Filling up the DagBag from /home/airflow/.local/lib/python3.6/site-packages/airflow/example_dags/example_short_circuit_operator.py
[2024-08-10 09:12:35,694] {scheduler_job.py:639} INFO - DAG(s) dict_keys(['example_short_circuit_operator']) retrieved from /home/airflow/.local/lib/python3.6/site-packages/airflow/example_dags/example_short_circuit_operator.py
[2024-08-10 09:12:35,719] {logging_mixin.py:104} INFO - [2024-08-10 09:12:35,719] {dag.py:1824} INFO - Sync 1 DAGs
[2024-08-10 09:12:35,734] {logging_mixin.py:104} INFO - [2024-08-10 09:12:35,734] {dag.py:2280} INFO - Setting next_dagrun for example_short_circuit_operator to 2024-08-08 00:00:00+00:00
[2024-08-10 09:12:35,748] {scheduler_job.py:190} INFO - Processing /home/airflow/.local/lib/python3.6/site-packages/airflow/example_dags/example_short_circuit_operator.py took 0.069 seconds
[2024-08-10 09:13:06,233] {scheduler_job.py:182} INFO - Started process (PID=6304) to work on /home/airflow/.local/lib/python3.6/site-packages/airflow/example_dags/example_short_circuit_operator.py
[2024-08-10 09:13:06,235] {scheduler_job.py:629} INFO - Processing file /home/airflow/.local/lib/python3.6/site-packages/airflow/example_dags/example_short_circuit_operator.py for tasks to queue
[2024-08-10 09:13:06,235] {logging_mixin.py:104} INFO - [2024-08-10 09:13:06,235] {dagbag.py:451} INFO - Filling up the DagBag from /home/airflow/.local/lib/python3.6/site-packages/airflow/example_dags/example_short_circuit_operator.py
[2024-08-10 09:13:06,247] {scheduler_job.py:639} INFO - DAG(s) dict_keys(['example_short_circuit_operator']) retrieved from /home/airflow/.local/lib/python3.6/site-packages/airflow/example_dags/example_short_circuit_operator.py
[2024-08-10 09:13:06,269] {logging_mixin.py:104} INFO - [2024-08-10 09:13:06,268] {dag.py:1824} INFO - Sync 1 DAGs
[2024-08-10 09:13:06,285] {logging_mixin.py:104} INFO - [2024-08-10 09:13:06,285] {dag.py:2280} INFO - Setting next_dagrun for example_short_circuit_operator to 2024-08-08 00:00:00+00:00
[2024-08-10 09:13:06,296] {scheduler_job.py:190} INFO - Processing /home/airflow/.local/lib/python3.6/site-packages/airflow/example_dags/example_short_circuit_operator.py took 0.066 seconds
[2024-08-10 09:13:36,583] {scheduler_job.py:182} INFO - Started process (PID=6433) to work on /home/airflow/.local/lib/python3.6/site-packages/airflow/example_dags/example_short_circuit_operator.py
[2024-08-10 09:13:36,584] {scheduler_job.py:629} INFO - Processing file /home/airflow/.local/lib/python3.6/site-packages/airflow/example_dags/example_short_circuit_operator.py for tasks to queue
[2024-08-10 09:13:36,585] {logging_mixin.py:104} INFO - [2024-08-10 09:13:36,585] {dagbag.py:451} INFO - Filling up the DagBag from /home/airflow/.local/lib/python3.6/site-packages/airflow/example_dags/example_short_circuit_operator.py
[2024-08-10 09:13:36,600] {scheduler_job.py:639} INFO - DAG(s) dict_keys(['example_short_circuit_operator']) retrieved from /home/airflow/.local/lib/python3.6/site-packages/airflow/example_dags/example_short_circuit_operator.py
[2024-08-10 09:13:36,620] {logging_mixin.py:104} INFO - [2024-08-10 09:13:36,620] {dag.py:1824} INFO - Sync 1 DAGs
[2024-08-10 09:13:36,634] {logging_mixin.py:104} INFO - [2024-08-10 09:13:36,634] {dag.py:2280} INFO - Setting next_dagrun for example_short_circuit_operator to 2024-08-08 00:00:00+00:00
[2024-08-10 09:13:36,644] {scheduler_job.py:190} INFO - Processing /home/airflow/.local/lib/python3.6/site-packages/airflow/example_dags/example_short_circuit_operator.py took 0.065 seconds
[2024-08-10 09:14:06,876] {scheduler_job.py:182} INFO - Started process (PID=6568) to work on /home/airflow/.local/lib/python3.6/site-packages/airflow/example_dags/example_short_circuit_operator.py
[2024-08-10 09:14:06,876] {scheduler_job.py:629} INFO - Processing file /home/airflow/.local/lib/python3.6/site-packages/airflow/example_dags/example_short_circuit_operator.py for tasks to queue
[2024-08-10 09:14:06,877] {logging_mixin.py:104} INFO - [2024-08-10 09:14:06,877] {dagbag.py:451} INFO - Filling up the DagBag from /home/airflow/.local/lib/python3.6/site-packages/airflow/example_dags/example_short_circuit_operator.py
[2024-08-10 09:14:06,890] {scheduler_job.py:639} INFO - DAG(s) dict_keys(['example_short_circuit_operator']) retrieved from /home/airflow/.local/lib/python3.6/site-packages/airflow/example_dags/example_short_circuit_operator.py
[2024-08-10 09:14:06,908] {logging_mixin.py:104} INFO - [2024-08-10 09:14:06,908] {dag.py:1824} INFO - Sync 1 DAGs
[2024-08-10 09:14:06,923] {logging_mixin.py:104} INFO - [2024-08-10 09:14:06,923] {dag.py:2280} INFO - Setting next_dagrun for example_short_circuit_operator to 2024-08-08 00:00:00+00:00
[2024-08-10 09:14:06,933] {scheduler_job.py:190} INFO - Processing /home/airflow/.local/lib/python3.6/site-packages/airflow/example_dags/example_short_circuit_operator.py took 0.061 seconds
[2024-08-10 09:14:37,127] {scheduler_job.py:182} INFO - Started process (PID=6703) to work on /home/airflow/.local/lib/python3.6/site-packages/airflow/example_dags/example_short_circuit_operator.py
[2024-08-10 09:14:37,128] {scheduler_job.py:629} INFO - Processing file /home/airflow/.local/lib/python3.6/site-packages/airflow/example_dags/example_short_circuit_operator.py for tasks to queue
[2024-08-10 09:14:37,129] {logging_mixin.py:104} INFO - [2024-08-10 09:14:37,129] {dagbag.py:451} INFO - Filling up the DagBag from /home/airflow/.local/lib/python3.6/site-packages/airflow/example_dags/example_short_circuit_operator.py
[2024-08-10 09:14:37,141] {scheduler_job.py:639} INFO - DAG(s) dict_keys(['example_short_circuit_operator']) retrieved from /home/airflow/.local/lib/python3.6/site-packages/airflow/example_dags/example_short_circuit_operator.py
[2024-08-10 09:14:37,160] {logging_mixin.py:104} INFO - [2024-08-10 09:14:37,160] {dag.py:1824} INFO - Sync 1 DAGs
[2024-08-10 09:14:37,174] {logging_mixin.py:104} INFO - [2024-08-10 09:14:37,173] {dag.py:2280} INFO - Setting next_dagrun for example_short_circuit_operator to 2024-08-08 00:00:00+00:00
[2024-08-10 09:14:37,195] {scheduler_job.py:190} INFO - Processing /home/airflow/.local/lib/python3.6/site-packages/airflow/example_dags/example_short_circuit_operator.py took 0.071 seconds
[2024-08-10 09:15:07,563] {scheduler_job.py:182} INFO - Started process (PID=6838) to work on /home/airflow/.local/lib/python3.6/site-packages/airflow/example_dags/example_short_circuit_operator.py
[2024-08-10 09:15:07,565] {scheduler_job.py:629} INFO - Processing file /home/airflow/.local/lib/python3.6/site-packages/airflow/example_dags/example_short_circuit_operator.py for tasks to queue
[2024-08-10 09:15:07,565] {logging_mixin.py:104} INFO - [2024-08-10 09:15:07,565] {dagbag.py:451} INFO - Filling up the DagBag from /home/airflow/.local/lib/python3.6/site-packages/airflow/example_dags/example_short_circuit_operator.py
[2024-08-10 09:15:07,578] {scheduler_job.py:639} INFO - DAG(s) dict_keys(['example_short_circuit_operator']) retrieved from /home/airflow/.local/lib/python3.6/site-packages/airflow/example_dags/example_short_circuit_operator.py
[2024-08-10 09:15:07,597] {logging_mixin.py:104} INFO - [2024-08-10 09:15:07,597] {dag.py:1824} INFO - Sync 1 DAGs
[2024-08-10 09:15:07,611] {logging_mixin.py:104} INFO - [2024-08-10 09:15:07,611] {dag.py:2280} INFO - Setting next_dagrun for example_short_circuit_operator to 2024-08-08 00:00:00+00:00
[2024-08-10 09:15:07,632] {scheduler_job.py:190} INFO - Processing /home/airflow/.local/lib/python3.6/site-packages/airflow/example_dags/example_short_circuit_operator.py took 0.076 seconds
[2024-08-10 09:15:37,850] {scheduler_job.py:182} INFO - Started process (PID=6971) to work on /home/airflow/.local/lib/python3.6/site-packages/airflow/example_dags/example_short_circuit_operator.py
[2024-08-10 09:15:37,853] {scheduler_job.py:629} INFO - Processing file /home/airflow/.local/lib/python3.6/site-packages/airflow/example_dags/example_short_circuit_operator.py for tasks to queue
[2024-08-10 09:15:37,854] {logging_mixin.py:104} INFO - [2024-08-10 09:15:37,854] {dagbag.py:451} INFO - Filling up the DagBag from /home/airflow/.local/lib/python3.6/site-packages/airflow/example_dags/example_short_circuit_operator.py
[2024-08-10 09:15:37,876] {scheduler_job.py:639} INFO - DAG(s) dict_keys(['example_short_circuit_operator']) retrieved from /home/airflow/.local/lib/python3.6/site-packages/airflow/example_dags/example_short_circuit_operator.py
[2024-08-10 09:15:37,897] {logging_mixin.py:104} INFO - [2024-08-10 09:15:37,897] {dag.py:1824} INFO - Sync 1 DAGs
[2024-08-10 09:15:37,911] {logging_mixin.py:104} INFO - [2024-08-10 09:15:37,911] {dag.py:2280} INFO - Setting next_dagrun for example_short_circuit_operator to 2024-08-08 00:00:00+00:00
[2024-08-10 09:15:37,932] {scheduler_job.py:190} INFO - Processing /home/airflow/.local/lib/python3.6/site-packages/airflow/example_dags/example_short_circuit_operator.py took 0.088 seconds
[2024-08-10 09:16:08,003] {scheduler_job.py:182} INFO - Started process (PID=7106) to work on /home/airflow/.local/lib/python3.6/site-packages/airflow/example_dags/example_short_circuit_operator.py
[2024-08-10 09:16:08,004] {scheduler_job.py:629} INFO - Processing file /home/airflow/.local/lib/python3.6/site-packages/airflow/example_dags/example_short_circuit_operator.py for tasks to queue
[2024-08-10 09:16:08,004] {logging_mixin.py:104} INFO - [2024-08-10 09:16:08,004] {dagbag.py:451} INFO - Filling up the DagBag from /home/airflow/.local/lib/python3.6/site-packages/airflow/example_dags/example_short_circuit_operator.py
[2024-08-10 09:16:08,017] {scheduler_job.py:639} INFO - DAG(s) dict_keys(['example_short_circuit_operator']) retrieved from /home/airflow/.local/lib/python3.6/site-packages/airflow/example_dags/example_short_circuit_operator.py
[2024-08-10 09:16:08,036] {logging_mixin.py:104} INFO - [2024-08-10 09:16:08,036] {dag.py:1824} INFO - Sync 1 DAGs
[2024-08-10 09:16:08,051] {logging_mixin.py:104} INFO - [2024-08-10 09:16:08,051] {dag.py:2280} INFO - Setting next_dagrun for example_short_circuit_operator to 2024-08-08 00:00:00+00:00
[2024-08-10 09:16:08,076] {scheduler_job.py:190} INFO - Processing /home/airflow/.local/lib/python3.6/site-packages/airflow/example_dags/example_short_circuit_operator.py took 0.076 seconds
