[2024-08-10 08:42:12,131] {scheduler_job.py:182} INFO - Started process (PID=30443) to work on /home/airflow/.local/lib/python3.6/site-packages/airflow/example_dags/example_skip_dag.py
[2024-08-10 08:42:12,132] {scheduler_job.py:629} INFO - Processing file /home/airflow/.local/lib/python3.6/site-packages/airflow/example_dags/example_skip_dag.py for tasks to queue
[2024-08-10 08:42:12,133] {logging_mixin.py:104} INFO - [2024-08-10 08:42:12,133] {dagbag.py:451} INFO - Filling up the DagBag from /home/airflow/.local/lib/python3.6/site-packages/airflow/example_dags/example_skip_dag.py
[2024-08-10 08:42:12,145] {scheduler_job.py:639} INFO - DAG(s) dict_keys(['example_skip_dag']) retrieved from /home/airflow/.local/lib/python3.6/site-packages/airflow/example_dags/example_skip_dag.py
[2024-08-10 08:42:12,168] {logging_mixin.py:104} INFO - [2024-08-10 08:42:12,168] {dag.py:1824} INFO - Sync 1 DAGs
[2024-08-10 08:42:12,189] {logging_mixin.py:104} INFO - [2024-08-10 08:42:12,189] {dag.py:2280} INFO - Setting next_dagrun for example_skip_dag to 2024-08-08 00:00:00+00:00
[2024-08-10 08:42:12,200] {scheduler_job.py:190} INFO - Processing /home/airflow/.local/lib/python3.6/site-packages/airflow/example_dags/example_skip_dag.py took 0.072 seconds
[2024-08-10 08:42:42,518] {scheduler_job.py:182} INFO - Started process (PID=30578) to work on /home/airflow/.local/lib/python3.6/site-packages/airflow/example_dags/example_skip_dag.py
[2024-08-10 08:42:42,520] {scheduler_job.py:629} INFO - Processing file /home/airflow/.local/lib/python3.6/site-packages/airflow/example_dags/example_skip_dag.py for tasks to queue
[2024-08-10 08:42:42,523] {logging_mixin.py:104} INFO - [2024-08-10 08:42:42,522] {dagbag.py:451} INFO - Filling up the DagBag from /home/airflow/.local/lib/python3.6/site-packages/airflow/example_dags/example_skip_dag.py
[2024-08-10 08:42:42,541] {scheduler_job.py:639} INFO - DAG(s) dict_keys(['example_skip_dag']) retrieved from /home/airflow/.local/lib/python3.6/site-packages/airflow/example_dags/example_skip_dag.py
[2024-08-10 08:42:42,577] {logging_mixin.py:104} INFO - [2024-08-10 08:42:42,576] {dag.py:1824} INFO - Sync 1 DAGs
[2024-08-10 08:42:42,602] {logging_mixin.py:104} INFO - [2024-08-10 08:42:42,602] {dag.py:2280} INFO - Setting next_dagrun for example_skip_dag to 2024-08-08 00:00:00+00:00
[2024-08-10 08:42:42,624] {scheduler_job.py:190} INFO - Processing /home/airflow/.local/lib/python3.6/site-packages/airflow/example_dags/example_skip_dag.py took 0.109 seconds
[2024-08-10 08:43:13,076] {scheduler_job.py:182} INFO - Started process (PID=30714) to work on /home/airflow/.local/lib/python3.6/site-packages/airflow/example_dags/example_skip_dag.py
[2024-08-10 08:43:13,077] {scheduler_job.py:629} INFO - Processing file /home/airflow/.local/lib/python3.6/site-packages/airflow/example_dags/example_skip_dag.py for tasks to queue
[2024-08-10 08:43:13,077] {logging_mixin.py:104} INFO - [2024-08-10 08:43:13,077] {dagbag.py:451} INFO - Filling up the DagBag from /home/airflow/.local/lib/python3.6/site-packages/airflow/example_dags/example_skip_dag.py
[2024-08-10 08:43:13,088] {scheduler_job.py:639} INFO - DAG(s) dict_keys(['example_skip_dag']) retrieved from /home/airflow/.local/lib/python3.6/site-packages/airflow/example_dags/example_skip_dag.py
[2024-08-10 08:43:13,111] {logging_mixin.py:104} INFO - [2024-08-10 08:43:13,111] {dag.py:1824} INFO - Sync 1 DAGs
[2024-08-10 08:43:13,127] {logging_mixin.py:104} INFO - [2024-08-10 08:43:13,127] {dag.py:2280} INFO - Setting next_dagrun for example_skip_dag to 2024-08-08 00:00:00+00:00
[2024-08-10 08:43:13,138] {scheduler_job.py:190} INFO - Processing /home/airflow/.local/lib/python3.6/site-packages/airflow/example_dags/example_skip_dag.py took 0.065 seconds
[2024-08-10 08:43:43,239] {scheduler_job.py:182} INFO - Started process (PID=30849) to work on /home/airflow/.local/lib/python3.6/site-packages/airflow/example_dags/example_skip_dag.py
[2024-08-10 08:43:43,240] {scheduler_job.py:629} INFO - Processing file /home/airflow/.local/lib/python3.6/site-packages/airflow/example_dags/example_skip_dag.py for tasks to queue
[2024-08-10 08:43:43,241] {logging_mixin.py:104} INFO - [2024-08-10 08:43:43,241] {dagbag.py:451} INFO - Filling up the DagBag from /home/airflow/.local/lib/python3.6/site-packages/airflow/example_dags/example_skip_dag.py
[2024-08-10 08:43:43,254] {scheduler_job.py:639} INFO - DAG(s) dict_keys(['example_skip_dag']) retrieved from /home/airflow/.local/lib/python3.6/site-packages/airflow/example_dags/example_skip_dag.py
[2024-08-10 08:43:43,276] {logging_mixin.py:104} INFO - [2024-08-10 08:43:43,276] {dag.py:1824} INFO - Sync 1 DAGs
[2024-08-10 08:43:43,292] {logging_mixin.py:104} INFO - [2024-08-10 08:43:43,291] {dag.py:2280} INFO - Setting next_dagrun for example_skip_dag to 2024-08-08 00:00:00+00:00
[2024-08-10 08:43:43,304] {scheduler_job.py:190} INFO - Processing /home/airflow/.local/lib/python3.6/site-packages/airflow/example_dags/example_skip_dag.py took 0.069 seconds
[2024-08-10 08:44:13,429] {scheduler_job.py:182} INFO - Started process (PID=30995) to work on /home/airflow/.local/lib/python3.6/site-packages/airflow/example_dags/example_skip_dag.py
[2024-08-10 08:44:13,430] {scheduler_job.py:629} INFO - Processing file /home/airflow/.local/lib/python3.6/site-packages/airflow/example_dags/example_skip_dag.py for tasks to queue
[2024-08-10 08:44:13,432] {logging_mixin.py:104} INFO - [2024-08-10 08:44:13,431] {dagbag.py:451} INFO - Filling up the DagBag from /home/airflow/.local/lib/python3.6/site-packages/airflow/example_dags/example_skip_dag.py
[2024-08-10 08:44:13,465] {scheduler_job.py:639} INFO - DAG(s) dict_keys(['example_skip_dag']) retrieved from /home/airflow/.local/lib/python3.6/site-packages/airflow/example_dags/example_skip_dag.py
[2024-08-10 08:44:13,500] {logging_mixin.py:104} INFO - [2024-08-10 08:44:13,500] {dag.py:1824} INFO - Sync 1 DAGs
[2024-08-10 08:44:13,530] {logging_mixin.py:104} INFO - [2024-08-10 08:44:13,530] {dag.py:2280} INFO - Setting next_dagrun for example_skip_dag to 2024-08-08 00:00:00+00:00
[2024-08-10 08:44:13,539] {scheduler_job.py:190} INFO - Processing /home/airflow/.local/lib/python3.6/site-packages/airflow/example_dags/example_skip_dag.py took 0.115 seconds
[2024-08-10 08:44:44,543] {scheduler_job.py:182} INFO - Started process (PID=31143) to work on /home/airflow/.local/lib/python3.6/site-packages/airflow/example_dags/example_skip_dag.py
[2024-08-10 08:44:44,544] {scheduler_job.py:629} INFO - Processing file /home/airflow/.local/lib/python3.6/site-packages/airflow/example_dags/example_skip_dag.py for tasks to queue
[2024-08-10 08:44:44,544] {logging_mixin.py:104} INFO - [2024-08-10 08:44:44,544] {dagbag.py:451} INFO - Filling up the DagBag from /home/airflow/.local/lib/python3.6/site-packages/airflow/example_dags/example_skip_dag.py
[2024-08-10 08:44:44,554] {scheduler_job.py:639} INFO - DAG(s) dict_keys(['example_skip_dag']) retrieved from /home/airflow/.local/lib/python3.6/site-packages/airflow/example_dags/example_skip_dag.py
[2024-08-10 08:44:44,574] {logging_mixin.py:104} INFO - [2024-08-10 08:44:44,574] {dag.py:1824} INFO - Sync 1 DAGs
[2024-08-10 08:44:44,588] {logging_mixin.py:104} INFO - [2024-08-10 08:44:44,588] {dag.py:2280} INFO - Setting next_dagrun for example_skip_dag to 2024-08-08 00:00:00+00:00
[2024-08-10 08:44:44,597] {scheduler_job.py:190} INFO - Processing /home/airflow/.local/lib/python3.6/site-packages/airflow/example_dags/example_skip_dag.py took 0.057 seconds
[2024-08-10 08:45:15,337] {scheduler_job.py:182} INFO - Started process (PID=31278) to work on /home/airflow/.local/lib/python3.6/site-packages/airflow/example_dags/example_skip_dag.py
[2024-08-10 08:45:15,339] {scheduler_job.py:629} INFO - Processing file /home/airflow/.local/lib/python3.6/site-packages/airflow/example_dags/example_skip_dag.py for tasks to queue
[2024-08-10 08:45:15,340] {logging_mixin.py:104} INFO - [2024-08-10 08:45:15,340] {dagbag.py:451} INFO - Filling up the DagBag from /home/airflow/.local/lib/python3.6/site-packages/airflow/example_dags/example_skip_dag.py
[2024-08-10 08:45:15,360] {scheduler_job.py:639} INFO - DAG(s) dict_keys(['example_skip_dag']) retrieved from /home/airflow/.local/lib/python3.6/site-packages/airflow/example_dags/example_skip_dag.py
[2024-08-10 08:45:15,479] {logging_mixin.py:104} INFO - [2024-08-10 08:45:15,478] {dag.py:1824} INFO - Sync 1 DAGs
[2024-08-10 08:45:15,508] {logging_mixin.py:104} INFO - [2024-08-10 08:45:15,508] {dag.py:2280} INFO - Setting next_dagrun for example_skip_dag to 2024-08-08 00:00:00+00:00
[2024-08-10 08:45:15,523] {scheduler_job.py:190} INFO - Processing /home/airflow/.local/lib/python3.6/site-packages/airflow/example_dags/example_skip_dag.py took 0.194 seconds
[2024-08-10 08:45:46,121] {scheduler_job.py:182} INFO - Started process (PID=31413) to work on /home/airflow/.local/lib/python3.6/site-packages/airflow/example_dags/example_skip_dag.py
[2024-08-10 08:45:46,123] {scheduler_job.py:629} INFO - Processing file /home/airflow/.local/lib/python3.6/site-packages/airflow/example_dags/example_skip_dag.py for tasks to queue
[2024-08-10 08:45:46,123] {logging_mixin.py:104} INFO - [2024-08-10 08:45:46,123] {dagbag.py:451} INFO - Filling up the DagBag from /home/airflow/.local/lib/python3.6/site-packages/airflow/example_dags/example_skip_dag.py
[2024-08-10 08:45:46,133] {scheduler_job.py:639} INFO - DAG(s) dict_keys(['example_skip_dag']) retrieved from /home/airflow/.local/lib/python3.6/site-packages/airflow/example_dags/example_skip_dag.py
[2024-08-10 08:45:46,154] {logging_mixin.py:104} INFO - [2024-08-10 08:45:46,154] {dag.py:1824} INFO - Sync 1 DAGs
[2024-08-10 08:45:46,170] {logging_mixin.py:104} INFO - [2024-08-10 08:45:46,170] {dag.py:2280} INFO - Setting next_dagrun for example_skip_dag to 2024-08-08 00:00:00+00:00
[2024-08-10 08:45:46,180] {scheduler_job.py:190} INFO - Processing /home/airflow/.local/lib/python3.6/site-packages/airflow/example_dags/example_skip_dag.py took 0.062 seconds
[2024-08-10 08:46:16,392] {scheduler_job.py:182} INFO - Started process (PID=31548) to work on /home/airflow/.local/lib/python3.6/site-packages/airflow/example_dags/example_skip_dag.py
[2024-08-10 08:46:16,393] {scheduler_job.py:629} INFO - Processing file /home/airflow/.local/lib/python3.6/site-packages/airflow/example_dags/example_skip_dag.py for tasks to queue
[2024-08-10 08:46:16,393] {logging_mixin.py:104} INFO - [2024-08-10 08:46:16,393] {dagbag.py:451} INFO - Filling up the DagBag from /home/airflow/.local/lib/python3.6/site-packages/airflow/example_dags/example_skip_dag.py
[2024-08-10 08:46:16,402] {scheduler_job.py:639} INFO - DAG(s) dict_keys(['example_skip_dag']) retrieved from /home/airflow/.local/lib/python3.6/site-packages/airflow/example_dags/example_skip_dag.py
[2024-08-10 08:46:16,422] {logging_mixin.py:104} INFO - [2024-08-10 08:46:16,422] {dag.py:1824} INFO - Sync 1 DAGs
[2024-08-10 08:46:16,435] {logging_mixin.py:104} INFO - [2024-08-10 08:46:16,435] {dag.py:2280} INFO - Setting next_dagrun for example_skip_dag to 2024-08-08 00:00:00+00:00
[2024-08-10 08:46:16,444] {scheduler_job.py:190} INFO - Processing /home/airflow/.local/lib/python3.6/site-packages/airflow/example_dags/example_skip_dag.py took 0.055 seconds
[2024-08-10 08:46:46,642] {scheduler_job.py:182} INFO - Started process (PID=31665) to work on /home/airflow/.local/lib/python3.6/site-packages/airflow/example_dags/example_skip_dag.py
[2024-08-10 08:46:46,644] {scheduler_job.py:629} INFO - Processing file /home/airflow/.local/lib/python3.6/site-packages/airflow/example_dags/example_skip_dag.py for tasks to queue
[2024-08-10 08:46:46,644] {logging_mixin.py:104} INFO - [2024-08-10 08:46:46,644] {dagbag.py:451} INFO - Filling up the DagBag from /home/airflow/.local/lib/python3.6/site-packages/airflow/example_dags/example_skip_dag.py
[2024-08-10 08:46:46,655] {scheduler_job.py:639} INFO - DAG(s) dict_keys(['example_skip_dag']) retrieved from /home/airflow/.local/lib/python3.6/site-packages/airflow/example_dags/example_skip_dag.py
[2024-08-10 08:46:46,674] {logging_mixin.py:104} INFO - [2024-08-10 08:46:46,674] {dag.py:1824} INFO - Sync 1 DAGs
[2024-08-10 08:46:46,688] {logging_mixin.py:104} INFO - [2024-08-10 08:46:46,688] {dag.py:2280} INFO - Setting next_dagrun for example_skip_dag to 2024-08-08 00:00:00+00:00
[2024-08-10 08:46:46,699] {scheduler_job.py:190} INFO - Processing /home/airflow/.local/lib/python3.6/site-packages/airflow/example_dags/example_skip_dag.py took 0.060 seconds
[2024-08-10 08:47:17,194] {scheduler_job.py:182} INFO - Started process (PID=31795) to work on /home/airflow/.local/lib/python3.6/site-packages/airflow/example_dags/example_skip_dag.py
[2024-08-10 08:47:17,195] {scheduler_job.py:629} INFO - Processing file /home/airflow/.local/lib/python3.6/site-packages/airflow/example_dags/example_skip_dag.py for tasks to queue
[2024-08-10 08:47:17,196] {logging_mixin.py:104} INFO - [2024-08-10 08:47:17,196] {dagbag.py:451} INFO - Filling up the DagBag from /home/airflow/.local/lib/python3.6/site-packages/airflow/example_dags/example_skip_dag.py
[2024-08-10 08:47:17,205] {scheduler_job.py:639} INFO - DAG(s) dict_keys(['example_skip_dag']) retrieved from /home/airflow/.local/lib/python3.6/site-packages/airflow/example_dags/example_skip_dag.py
[2024-08-10 08:47:17,225] {logging_mixin.py:104} INFO - [2024-08-10 08:47:17,224] {dag.py:1824} INFO - Sync 1 DAGs
[2024-08-10 08:47:17,238] {logging_mixin.py:104} INFO - [2024-08-10 08:47:17,238] {dag.py:2280} INFO - Setting next_dagrun for example_skip_dag to 2024-08-08 00:00:00+00:00
[2024-08-10 08:47:17,248] {scheduler_job.py:190} INFO - Processing /home/airflow/.local/lib/python3.6/site-packages/airflow/example_dags/example_skip_dag.py took 0.057 seconds
[2024-08-10 08:47:47,569] {scheduler_job.py:182} INFO - Started process (PID=31930) to work on /home/airflow/.local/lib/python3.6/site-packages/airflow/example_dags/example_skip_dag.py
[2024-08-10 08:47:47,570] {scheduler_job.py:629} INFO - Processing file /home/airflow/.local/lib/python3.6/site-packages/airflow/example_dags/example_skip_dag.py for tasks to queue
[2024-08-10 08:47:47,570] {logging_mixin.py:104} INFO - [2024-08-10 08:47:47,570] {dagbag.py:451} INFO - Filling up the DagBag from /home/airflow/.local/lib/python3.6/site-packages/airflow/example_dags/example_skip_dag.py
[2024-08-10 08:47:47,580] {scheduler_job.py:639} INFO - DAG(s) dict_keys(['example_skip_dag']) retrieved from /home/airflow/.local/lib/python3.6/site-packages/airflow/example_dags/example_skip_dag.py
[2024-08-10 08:47:47,603] {logging_mixin.py:104} INFO - [2024-08-10 08:47:47,602] {dag.py:1824} INFO - Sync 1 DAGs
[2024-08-10 08:47:47,618] {logging_mixin.py:104} INFO - [2024-08-10 08:47:47,618] {dag.py:2280} INFO - Setting next_dagrun for example_skip_dag to 2024-08-08 00:00:00+00:00
[2024-08-10 08:47:47,628] {scheduler_job.py:190} INFO - Processing /home/airflow/.local/lib/python3.6/site-packages/airflow/example_dags/example_skip_dag.py took 0.062 seconds
[2024-08-10 08:48:17,976] {scheduler_job.py:182} INFO - Started process (PID=32065) to work on /home/airflow/.local/lib/python3.6/site-packages/airflow/example_dags/example_skip_dag.py
[2024-08-10 08:48:17,977] {scheduler_job.py:629} INFO - Processing file /home/airflow/.local/lib/python3.6/site-packages/airflow/example_dags/example_skip_dag.py for tasks to queue
[2024-08-10 08:48:17,978] {logging_mixin.py:104} INFO - [2024-08-10 08:48:17,977] {dagbag.py:451} INFO - Filling up the DagBag from /home/airflow/.local/lib/python3.6/site-packages/airflow/example_dags/example_skip_dag.py
[2024-08-10 08:48:17,988] {scheduler_job.py:639} INFO - DAG(s) dict_keys(['example_skip_dag']) retrieved from /home/airflow/.local/lib/python3.6/site-packages/airflow/example_dags/example_skip_dag.py
[2024-08-10 08:48:18,008] {logging_mixin.py:104} INFO - [2024-08-10 08:48:18,008] {dag.py:1824} INFO - Sync 1 DAGs
[2024-08-10 08:48:18,023] {logging_mixin.py:104} INFO - [2024-08-10 08:48:18,022] {dag.py:2280} INFO - Setting next_dagrun for example_skip_dag to 2024-08-08 00:00:00+00:00
[2024-08-10 08:48:18,033] {scheduler_job.py:190} INFO - Processing /home/airflow/.local/lib/python3.6/site-packages/airflow/example_dags/example_skip_dag.py took 0.060 seconds
[2024-08-10 08:48:48,405] {scheduler_job.py:182} INFO - Started process (PID=32211) to work on /home/airflow/.local/lib/python3.6/site-packages/airflow/example_dags/example_skip_dag.py
[2024-08-10 08:48:48,406] {scheduler_job.py:629} INFO - Processing file /home/airflow/.local/lib/python3.6/site-packages/airflow/example_dags/example_skip_dag.py for tasks to queue
[2024-08-10 08:48:48,407] {logging_mixin.py:104} INFO - [2024-08-10 08:48:48,407] {dagbag.py:451} INFO - Filling up the DagBag from /home/airflow/.local/lib/python3.6/site-packages/airflow/example_dags/example_skip_dag.py
[2024-08-10 08:48:48,416] {scheduler_job.py:639} INFO - DAG(s) dict_keys(['example_skip_dag']) retrieved from /home/airflow/.local/lib/python3.6/site-packages/airflow/example_dags/example_skip_dag.py
[2024-08-10 08:48:48,436] {logging_mixin.py:104} INFO - [2024-08-10 08:48:48,436] {dag.py:1824} INFO - Sync 1 DAGs
[2024-08-10 08:48:48,450] {logging_mixin.py:104} INFO - [2024-08-10 08:48:48,450] {dag.py:2280} INFO - Setting next_dagrun for example_skip_dag to 2024-08-08 00:00:00+00:00
[2024-08-10 08:48:48,460] {scheduler_job.py:190} INFO - Processing /home/airflow/.local/lib/python3.6/site-packages/airflow/example_dags/example_skip_dag.py took 0.057 seconds
[2024-08-10 08:49:19,413] {scheduler_job.py:182} INFO - Started process (PID=32392) to work on /home/airflow/.local/lib/python3.6/site-packages/airflow/example_dags/example_skip_dag.py
[2024-08-10 08:49:19,414] {scheduler_job.py:629} INFO - Processing file /home/airflow/.local/lib/python3.6/site-packages/airflow/example_dags/example_skip_dag.py for tasks to queue
[2024-08-10 08:49:19,414] {logging_mixin.py:104} INFO - [2024-08-10 08:49:19,414] {dagbag.py:451} INFO - Filling up the DagBag from /home/airflow/.local/lib/python3.6/site-packages/airflow/example_dags/example_skip_dag.py
[2024-08-10 08:49:19,424] {scheduler_job.py:639} INFO - DAG(s) dict_keys(['example_skip_dag']) retrieved from /home/airflow/.local/lib/python3.6/site-packages/airflow/example_dags/example_skip_dag.py
[2024-08-10 08:49:19,444] {logging_mixin.py:104} INFO - [2024-08-10 08:49:19,444] {dag.py:1824} INFO - Sync 1 DAGs
[2024-08-10 08:49:19,458] {logging_mixin.py:104} INFO - [2024-08-10 08:49:19,458] {dag.py:2280} INFO - Setting next_dagrun for example_skip_dag to 2024-08-08 00:00:00+00:00
[2024-08-10 08:49:19,467] {scheduler_job.py:190} INFO - Processing /home/airflow/.local/lib/python3.6/site-packages/airflow/example_dags/example_skip_dag.py took 0.057 seconds
[2024-08-10 08:49:49,759] {scheduler_job.py:182} INFO - Started process (PID=32537) to work on /home/airflow/.local/lib/python3.6/site-packages/airflow/example_dags/example_skip_dag.py
[2024-08-10 08:49:49,760] {scheduler_job.py:629} INFO - Processing file /home/airflow/.local/lib/python3.6/site-packages/airflow/example_dags/example_skip_dag.py for tasks to queue
[2024-08-10 08:49:49,761] {logging_mixin.py:104} INFO - [2024-08-10 08:49:49,761] {dagbag.py:451} INFO - Filling up the DagBag from /home/airflow/.local/lib/python3.6/site-packages/airflow/example_dags/example_skip_dag.py
[2024-08-10 08:49:49,770] {scheduler_job.py:639} INFO - DAG(s) dict_keys(['example_skip_dag']) retrieved from /home/airflow/.local/lib/python3.6/site-packages/airflow/example_dags/example_skip_dag.py
[2024-08-10 08:49:49,791] {logging_mixin.py:104} INFO - [2024-08-10 08:49:49,791] {dag.py:1824} INFO - Sync 1 DAGs
[2024-08-10 08:49:49,805] {logging_mixin.py:104} INFO - [2024-08-10 08:49:49,805] {dag.py:2280} INFO - Setting next_dagrun for example_skip_dag to 2024-08-08 00:00:00+00:00
[2024-08-10 08:49:49,815] {scheduler_job.py:190} INFO - Processing /home/airflow/.local/lib/python3.6/site-packages/airflow/example_dags/example_skip_dag.py took 0.058 seconds
[2024-08-10 08:50:20,091] {scheduler_job.py:182} INFO - Started process (PID=32671) to work on /home/airflow/.local/lib/python3.6/site-packages/airflow/example_dags/example_skip_dag.py
[2024-08-10 08:50:20,092] {scheduler_job.py:629} INFO - Processing file /home/airflow/.local/lib/python3.6/site-packages/airflow/example_dags/example_skip_dag.py for tasks to queue
[2024-08-10 08:50:20,093] {logging_mixin.py:104} INFO - [2024-08-10 08:50:20,093] {dagbag.py:451} INFO - Filling up the DagBag from /home/airflow/.local/lib/python3.6/site-packages/airflow/example_dags/example_skip_dag.py
[2024-08-10 08:50:20,102] {scheduler_job.py:639} INFO - DAG(s) dict_keys(['example_skip_dag']) retrieved from /home/airflow/.local/lib/python3.6/site-packages/airflow/example_dags/example_skip_dag.py
[2024-08-10 08:50:20,121] {logging_mixin.py:104} INFO - [2024-08-10 08:50:20,121] {dag.py:1824} INFO - Sync 1 DAGs
[2024-08-10 08:50:20,135] {logging_mixin.py:104} INFO - [2024-08-10 08:50:20,135] {dag.py:2280} INFO - Setting next_dagrun for example_skip_dag to 2024-08-08 00:00:00+00:00
[2024-08-10 08:50:20,146] {scheduler_job.py:190} INFO - Processing /home/airflow/.local/lib/python3.6/site-packages/airflow/example_dags/example_skip_dag.py took 0.058 seconds
[2024-08-10 08:50:50,214] {scheduler_job.py:182} INFO - Started process (PID=339) to work on /home/airflow/.local/lib/python3.6/site-packages/airflow/example_dags/example_skip_dag.py
[2024-08-10 08:50:50,215] {scheduler_job.py:629} INFO - Processing file /home/airflow/.local/lib/python3.6/site-packages/airflow/example_dags/example_skip_dag.py for tasks to queue
[2024-08-10 08:50:50,216] {logging_mixin.py:104} INFO - [2024-08-10 08:50:50,216] {dagbag.py:451} INFO - Filling up the DagBag from /home/airflow/.local/lib/python3.6/site-packages/airflow/example_dags/example_skip_dag.py
[2024-08-10 08:50:50,229] {scheduler_job.py:639} INFO - DAG(s) dict_keys(['example_skip_dag']) retrieved from /home/airflow/.local/lib/python3.6/site-packages/airflow/example_dags/example_skip_dag.py
[2024-08-10 08:50:50,251] {logging_mixin.py:104} INFO - [2024-08-10 08:50:50,251] {dag.py:1824} INFO - Sync 1 DAGs
[2024-08-10 08:50:50,267] {logging_mixin.py:104} INFO - [2024-08-10 08:50:50,267] {dag.py:2280} INFO - Setting next_dagrun for example_skip_dag to 2024-08-08 00:00:00+00:00
[2024-08-10 08:50:50,278] {scheduler_job.py:190} INFO - Processing /home/airflow/.local/lib/python3.6/site-packages/airflow/example_dags/example_skip_dag.py took 0.067 seconds
[2024-08-10 08:51:20,296] {scheduler_job.py:182} INFO - Started process (PID=466) to work on /home/airflow/.local/lib/python3.6/site-packages/airflow/example_dags/example_skip_dag.py
[2024-08-10 08:51:20,297] {scheduler_job.py:629} INFO - Processing file /home/airflow/.local/lib/python3.6/site-packages/airflow/example_dags/example_skip_dag.py for tasks to queue
[2024-08-10 08:51:20,298] {logging_mixin.py:104} INFO - [2024-08-10 08:51:20,298] {dagbag.py:451} INFO - Filling up the DagBag from /home/airflow/.local/lib/python3.6/site-packages/airflow/example_dags/example_skip_dag.py
[2024-08-10 08:51:20,307] {scheduler_job.py:639} INFO - DAG(s) dict_keys(['example_skip_dag']) retrieved from /home/airflow/.local/lib/python3.6/site-packages/airflow/example_dags/example_skip_dag.py
[2024-08-10 08:51:20,326] {logging_mixin.py:104} INFO - [2024-08-10 08:51:20,326] {dag.py:1824} INFO - Sync 1 DAGs
[2024-08-10 08:51:20,340] {logging_mixin.py:104} INFO - [2024-08-10 08:51:20,339] {dag.py:2280} INFO - Setting next_dagrun for example_skip_dag to 2024-08-08 00:00:00+00:00
[2024-08-10 08:51:20,348] {scheduler_job.py:190} INFO - Processing /home/airflow/.local/lib/python3.6/site-packages/airflow/example_dags/example_skip_dag.py took 0.054 seconds
[2024-08-10 08:51:50,700] {scheduler_job.py:182} INFO - Started process (PID=609) to work on /home/airflow/.local/lib/python3.6/site-packages/airflow/example_dags/example_skip_dag.py
[2024-08-10 08:51:50,701] {scheduler_job.py:629} INFO - Processing file /home/airflow/.local/lib/python3.6/site-packages/airflow/example_dags/example_skip_dag.py for tasks to queue
[2024-08-10 08:51:50,701] {logging_mixin.py:104} INFO - [2024-08-10 08:51:50,701] {dagbag.py:451} INFO - Filling up the DagBag from /home/airflow/.local/lib/python3.6/site-packages/airflow/example_dags/example_skip_dag.py
[2024-08-10 08:51:50,711] {scheduler_job.py:639} INFO - DAG(s) dict_keys(['example_skip_dag']) retrieved from /home/airflow/.local/lib/python3.6/site-packages/airflow/example_dags/example_skip_dag.py
[2024-08-10 08:51:50,730] {logging_mixin.py:104} INFO - [2024-08-10 08:51:50,730] {dag.py:1824} INFO - Sync 1 DAGs
[2024-08-10 08:51:50,744] {logging_mixin.py:104} INFO - [2024-08-10 08:51:50,744] {dag.py:2280} INFO - Setting next_dagrun for example_skip_dag to 2024-08-08 00:00:00+00:00
[2024-08-10 08:51:50,753] {scheduler_job.py:190} INFO - Processing /home/airflow/.local/lib/python3.6/site-packages/airflow/example_dags/example_skip_dag.py took 0.057 seconds
[2024-08-10 08:52:20,822] {scheduler_job.py:182} INFO - Started process (PID=746) to work on /home/airflow/.local/lib/python3.6/site-packages/airflow/example_dags/example_skip_dag.py
[2024-08-10 08:52:20,823] {scheduler_job.py:629} INFO - Processing file /home/airflow/.local/lib/python3.6/site-packages/airflow/example_dags/example_skip_dag.py for tasks to queue
[2024-08-10 08:52:20,824] {logging_mixin.py:104} INFO - [2024-08-10 08:52:20,824] {dagbag.py:451} INFO - Filling up the DagBag from /home/airflow/.local/lib/python3.6/site-packages/airflow/example_dags/example_skip_dag.py
[2024-08-10 08:52:20,833] {scheduler_job.py:639} INFO - DAG(s) dict_keys(['example_skip_dag']) retrieved from /home/airflow/.local/lib/python3.6/site-packages/airflow/example_dags/example_skip_dag.py
[2024-08-10 08:52:20,852] {logging_mixin.py:104} INFO - [2024-08-10 08:52:20,852] {dag.py:1824} INFO - Sync 1 DAGs
[2024-08-10 08:52:20,865] {logging_mixin.py:104} INFO - [2024-08-10 08:52:20,865] {dag.py:2280} INFO - Setting next_dagrun for example_skip_dag to 2024-08-08 00:00:00+00:00
[2024-08-10 08:52:20,873] {scheduler_job.py:190} INFO - Processing /home/airflow/.local/lib/python3.6/site-packages/airflow/example_dags/example_skip_dag.py took 0.054 seconds
[2024-08-10 08:52:50,908] {scheduler_job.py:182} INFO - Started process (PID=874) to work on /home/airflow/.local/lib/python3.6/site-packages/airflow/example_dags/example_skip_dag.py
[2024-08-10 08:52:50,909] {scheduler_job.py:629} INFO - Processing file /home/airflow/.local/lib/python3.6/site-packages/airflow/example_dags/example_skip_dag.py for tasks to queue
[2024-08-10 08:52:50,909] {logging_mixin.py:104} INFO - [2024-08-10 08:52:50,909] {dagbag.py:451} INFO - Filling up the DagBag from /home/airflow/.local/lib/python3.6/site-packages/airflow/example_dags/example_skip_dag.py
[2024-08-10 08:52:50,919] {scheduler_job.py:639} INFO - DAG(s) dict_keys(['example_skip_dag']) retrieved from /home/airflow/.local/lib/python3.6/site-packages/airflow/example_dags/example_skip_dag.py
[2024-08-10 08:52:50,938] {logging_mixin.py:104} INFO - [2024-08-10 08:52:50,938] {dag.py:1824} INFO - Sync 1 DAGs
[2024-08-10 08:52:50,951] {logging_mixin.py:104} INFO - [2024-08-10 08:52:50,951] {dag.py:2280} INFO - Setting next_dagrun for example_skip_dag to 2024-08-08 00:00:00+00:00
[2024-08-10 08:52:50,964] {scheduler_job.py:190} INFO - Processing /home/airflow/.local/lib/python3.6/site-packages/airflow/example_dags/example_skip_dag.py took 0.059 seconds
[2024-08-10 08:53:21,091] {scheduler_job.py:182} INFO - Started process (PID=1009) to work on /home/airflow/.local/lib/python3.6/site-packages/airflow/example_dags/example_skip_dag.py
[2024-08-10 08:53:21,092] {scheduler_job.py:629} INFO - Processing file /home/airflow/.local/lib/python3.6/site-packages/airflow/example_dags/example_skip_dag.py for tasks to queue
[2024-08-10 08:53:21,093] {logging_mixin.py:104} INFO - [2024-08-10 08:53:21,093] {dagbag.py:451} INFO - Filling up the DagBag from /home/airflow/.local/lib/python3.6/site-packages/airflow/example_dags/example_skip_dag.py
[2024-08-10 08:53:21,102] {scheduler_job.py:639} INFO - DAG(s) dict_keys(['example_skip_dag']) retrieved from /home/airflow/.local/lib/python3.6/site-packages/airflow/example_dags/example_skip_dag.py
[2024-08-10 08:53:21,122] {logging_mixin.py:104} INFO - [2024-08-10 08:53:21,122] {dag.py:1824} INFO - Sync 1 DAGs
[2024-08-10 08:53:21,136] {logging_mixin.py:104} INFO - [2024-08-10 08:53:21,136] {dag.py:2280} INFO - Setting next_dagrun for example_skip_dag to 2024-08-08 00:00:00+00:00
[2024-08-10 08:53:21,145] {scheduler_job.py:190} INFO - Processing /home/airflow/.local/lib/python3.6/site-packages/airflow/example_dags/example_skip_dag.py took 0.057 seconds
[2024-08-10 08:53:51,181] {scheduler_job.py:182} INFO - Started process (PID=1139) to work on /home/airflow/.local/lib/python3.6/site-packages/airflow/example_dags/example_skip_dag.py
[2024-08-10 08:53:51,183] {scheduler_job.py:629} INFO - Processing file /home/airflow/.local/lib/python3.6/site-packages/airflow/example_dags/example_skip_dag.py for tasks to queue
[2024-08-10 08:53:51,184] {logging_mixin.py:104} INFO - [2024-08-10 08:53:51,183] {dagbag.py:451} INFO - Filling up the DagBag from /home/airflow/.local/lib/python3.6/site-packages/airflow/example_dags/example_skip_dag.py
[2024-08-10 08:53:51,196] {scheduler_job.py:639} INFO - DAG(s) dict_keys(['example_skip_dag']) retrieved from /home/airflow/.local/lib/python3.6/site-packages/airflow/example_dags/example_skip_dag.py
[2024-08-10 08:53:51,215] {logging_mixin.py:104} INFO - [2024-08-10 08:53:51,215] {dag.py:1824} INFO - Sync 1 DAGs
[2024-08-10 08:53:51,229] {logging_mixin.py:104} INFO - [2024-08-10 08:53:51,229] {dag.py:2280} INFO - Setting next_dagrun for example_skip_dag to 2024-08-08 00:00:00+00:00
[2024-08-10 08:53:51,237] {scheduler_job.py:190} INFO - Processing /home/airflow/.local/lib/python3.6/site-packages/airflow/example_dags/example_skip_dag.py took 0.060 seconds
[2024-08-10 08:54:21,276] {scheduler_job.py:182} INFO - Started process (PID=1273) to work on /home/airflow/.local/lib/python3.6/site-packages/airflow/example_dags/example_skip_dag.py
[2024-08-10 08:54:21,277] {scheduler_job.py:629} INFO - Processing file /home/airflow/.local/lib/python3.6/site-packages/airflow/example_dags/example_skip_dag.py for tasks to queue
[2024-08-10 08:54:21,278] {logging_mixin.py:104} INFO - [2024-08-10 08:54:21,277] {dagbag.py:451} INFO - Filling up the DagBag from /home/airflow/.local/lib/python3.6/site-packages/airflow/example_dags/example_skip_dag.py
[2024-08-10 08:54:21,287] {scheduler_job.py:639} INFO - DAG(s) dict_keys(['example_skip_dag']) retrieved from /home/airflow/.local/lib/python3.6/site-packages/airflow/example_dags/example_skip_dag.py
[2024-08-10 08:54:21,306] {logging_mixin.py:104} INFO - [2024-08-10 08:54:21,306] {dag.py:1824} INFO - Sync 1 DAGs
[2024-08-10 08:54:21,320] {logging_mixin.py:104} INFO - [2024-08-10 08:54:21,320] {dag.py:2280} INFO - Setting next_dagrun for example_skip_dag to 2024-08-08 00:00:00+00:00
[2024-08-10 08:54:21,329] {scheduler_job.py:190} INFO - Processing /home/airflow/.local/lib/python3.6/site-packages/airflow/example_dags/example_skip_dag.py took 0.056 seconds
[2024-08-10 08:54:51,493] {scheduler_job.py:182} INFO - Started process (PID=1414) to work on /home/airflow/.local/lib/python3.6/site-packages/airflow/example_dags/example_skip_dag.py
[2024-08-10 08:54:51,494] {scheduler_job.py:629} INFO - Processing file /home/airflow/.local/lib/python3.6/site-packages/airflow/example_dags/example_skip_dag.py for tasks to queue
[2024-08-10 08:54:51,495] {logging_mixin.py:104} INFO - [2024-08-10 08:54:51,495] {dagbag.py:451} INFO - Filling up the DagBag from /home/airflow/.local/lib/python3.6/site-packages/airflow/example_dags/example_skip_dag.py
[2024-08-10 08:54:51,504] {scheduler_job.py:639} INFO - DAG(s) dict_keys(['example_skip_dag']) retrieved from /home/airflow/.local/lib/python3.6/site-packages/airflow/example_dags/example_skip_dag.py
[2024-08-10 08:54:51,524] {logging_mixin.py:104} INFO - [2024-08-10 08:54:51,524] {dag.py:1824} INFO - Sync 1 DAGs
[2024-08-10 08:54:51,538] {logging_mixin.py:104} INFO - [2024-08-10 08:54:51,538] {dag.py:2280} INFO - Setting next_dagrun for example_skip_dag to 2024-08-08 00:00:00+00:00
[2024-08-10 08:54:51,547] {scheduler_job.py:190} INFO - Processing /home/airflow/.local/lib/python3.6/site-packages/airflow/example_dags/example_skip_dag.py took 0.057 seconds
[2024-08-10 08:55:21,802] {scheduler_job.py:182} INFO - Started process (PID=1539) to work on /home/airflow/.local/lib/python3.6/site-packages/airflow/example_dags/example_skip_dag.py
[2024-08-10 08:55:21,803] {scheduler_job.py:629} INFO - Processing file /home/airflow/.local/lib/python3.6/site-packages/airflow/example_dags/example_skip_dag.py for tasks to queue
[2024-08-10 08:55:21,804] {logging_mixin.py:104} INFO - [2024-08-10 08:55:21,804] {dagbag.py:451} INFO - Filling up the DagBag from /home/airflow/.local/lib/python3.6/site-packages/airflow/example_dags/example_skip_dag.py
[2024-08-10 08:55:21,813] {scheduler_job.py:639} INFO - DAG(s) dict_keys(['example_skip_dag']) retrieved from /home/airflow/.local/lib/python3.6/site-packages/airflow/example_dags/example_skip_dag.py
[2024-08-10 08:55:21,833] {logging_mixin.py:104} INFO - [2024-08-10 08:55:21,833] {dag.py:1824} INFO - Sync 1 DAGs
[2024-08-10 08:55:21,846] {logging_mixin.py:104} INFO - [2024-08-10 08:55:21,846] {dag.py:2280} INFO - Setting next_dagrun for example_skip_dag to 2024-08-08 00:00:00+00:00
[2024-08-10 08:55:21,856] {scheduler_job.py:190} INFO - Processing /home/airflow/.local/lib/python3.6/site-packages/airflow/example_dags/example_skip_dag.py took 0.057 seconds
[2024-08-10 08:55:51,993] {scheduler_job.py:182} INFO - Started process (PID=1636) to work on /home/airflow/.local/lib/python3.6/site-packages/airflow/example_dags/example_skip_dag.py
[2024-08-10 08:55:51,994] {scheduler_job.py:629} INFO - Processing file /home/airflow/.local/lib/python3.6/site-packages/airflow/example_dags/example_skip_dag.py for tasks to queue
[2024-08-10 08:55:51,995] {logging_mixin.py:104} INFO - [2024-08-10 08:55:51,995] {dagbag.py:451} INFO - Filling up the DagBag from /home/airflow/.local/lib/python3.6/site-packages/airflow/example_dags/example_skip_dag.py
[2024-08-10 08:55:52,004] {scheduler_job.py:639} INFO - DAG(s) dict_keys(['example_skip_dag']) retrieved from /home/airflow/.local/lib/python3.6/site-packages/airflow/example_dags/example_skip_dag.py
[2024-08-10 08:55:52,023] {logging_mixin.py:104} INFO - [2024-08-10 08:55:52,023] {dag.py:1824} INFO - Sync 1 DAGs
[2024-08-10 08:55:52,036] {logging_mixin.py:104} INFO - [2024-08-10 08:55:52,036] {dag.py:2280} INFO - Setting next_dagrun for example_skip_dag to 2024-08-08 00:00:00+00:00
[2024-08-10 08:55:52,047] {scheduler_job.py:190} INFO - Processing /home/airflow/.local/lib/python3.6/site-packages/airflow/example_dags/example_skip_dag.py took 0.057 seconds
[2024-08-10 08:56:22,130] {scheduler_job.py:182} INFO - Started process (PID=1771) to work on /home/airflow/.local/lib/python3.6/site-packages/airflow/example_dags/example_skip_dag.py
[2024-08-10 08:56:22,130] {scheduler_job.py:629} INFO - Processing file /home/airflow/.local/lib/python3.6/site-packages/airflow/example_dags/example_skip_dag.py for tasks to queue
[2024-08-10 08:56:22,131] {logging_mixin.py:104} INFO - [2024-08-10 08:56:22,131] {dagbag.py:451} INFO - Filling up the DagBag from /home/airflow/.local/lib/python3.6/site-packages/airflow/example_dags/example_skip_dag.py
[2024-08-10 08:56:22,140] {scheduler_job.py:639} INFO - DAG(s) dict_keys(['example_skip_dag']) retrieved from /home/airflow/.local/lib/python3.6/site-packages/airflow/example_dags/example_skip_dag.py
[2024-08-10 08:56:22,160] {logging_mixin.py:104} INFO - [2024-08-10 08:56:22,159] {dag.py:1824} INFO - Sync 1 DAGs
[2024-08-10 08:56:22,173] {logging_mixin.py:104} INFO - [2024-08-10 08:56:22,173] {dag.py:2280} INFO - Setting next_dagrun for example_skip_dag to 2024-08-08 00:00:00+00:00
[2024-08-10 08:56:22,182] {scheduler_job.py:190} INFO - Processing /home/airflow/.local/lib/python3.6/site-packages/airflow/example_dags/example_skip_dag.py took 0.055 seconds
[2024-08-10 08:56:52,278] {scheduler_job.py:182} INFO - Started process (PID=1906) to work on /home/airflow/.local/lib/python3.6/site-packages/airflow/example_dags/example_skip_dag.py
[2024-08-10 08:56:52,279] {scheduler_job.py:629} INFO - Processing file /home/airflow/.local/lib/python3.6/site-packages/airflow/example_dags/example_skip_dag.py for tasks to queue
[2024-08-10 08:56:52,280] {logging_mixin.py:104} INFO - [2024-08-10 08:56:52,279] {dagbag.py:451} INFO - Filling up the DagBag from /home/airflow/.local/lib/python3.6/site-packages/airflow/example_dags/example_skip_dag.py
[2024-08-10 08:56:52,290] {scheduler_job.py:639} INFO - DAG(s) dict_keys(['example_skip_dag']) retrieved from /home/airflow/.local/lib/python3.6/site-packages/airflow/example_dags/example_skip_dag.py
[2024-08-10 08:56:52,312] {logging_mixin.py:104} INFO - [2024-08-10 08:56:52,312] {dag.py:1824} INFO - Sync 1 DAGs
[2024-08-10 08:56:52,329] {logging_mixin.py:104} INFO - [2024-08-10 08:56:52,329] {dag.py:2280} INFO - Setting next_dagrun for example_skip_dag to 2024-08-08 00:00:00+00:00
[2024-08-10 08:56:52,341] {scheduler_job.py:190} INFO - Processing /home/airflow/.local/lib/python3.6/site-packages/airflow/example_dags/example_skip_dag.py took 0.066 seconds
[2024-08-10 08:57:22,853] {scheduler_job.py:182} INFO - Started process (PID=2048) to work on /home/airflow/.local/lib/python3.6/site-packages/airflow/example_dags/example_skip_dag.py
[2024-08-10 08:57:22,854] {scheduler_job.py:629} INFO - Processing file /home/airflow/.local/lib/python3.6/site-packages/airflow/example_dags/example_skip_dag.py for tasks to queue
[2024-08-10 08:57:22,854] {logging_mixin.py:104} INFO - [2024-08-10 08:57:22,854] {dagbag.py:451} INFO - Filling up the DagBag from /home/airflow/.local/lib/python3.6/site-packages/airflow/example_dags/example_skip_dag.py
[2024-08-10 08:57:22,865] {scheduler_job.py:639} INFO - DAG(s) dict_keys(['example_skip_dag']) retrieved from /home/airflow/.local/lib/python3.6/site-packages/airflow/example_dags/example_skip_dag.py
[2024-08-10 08:57:22,888] {logging_mixin.py:104} INFO - [2024-08-10 08:57:22,888] {dag.py:1824} INFO - Sync 1 DAGs
[2024-08-10 08:57:22,908] {logging_mixin.py:104} INFO - [2024-08-10 08:57:22,908] {dag.py:2280} INFO - Setting next_dagrun for example_skip_dag to 2024-08-08 00:00:00+00:00
[2024-08-10 08:57:22,920] {scheduler_job.py:190} INFO - Processing /home/airflow/.local/lib/python3.6/site-packages/airflow/example_dags/example_skip_dag.py took 0.071 seconds
[2024-08-10 08:57:53,236] {scheduler_job.py:182} INFO - Started process (PID=2186) to work on /home/airflow/.local/lib/python3.6/site-packages/airflow/example_dags/example_skip_dag.py
[2024-08-10 08:57:53,237] {scheduler_job.py:629} INFO - Processing file /home/airflow/.local/lib/python3.6/site-packages/airflow/example_dags/example_skip_dag.py for tasks to queue
[2024-08-10 08:57:53,238] {logging_mixin.py:104} INFO - [2024-08-10 08:57:53,238] {dagbag.py:451} INFO - Filling up the DagBag from /home/airflow/.local/lib/python3.6/site-packages/airflow/example_dags/example_skip_dag.py
[2024-08-10 08:57:53,247] {scheduler_job.py:639} INFO - DAG(s) dict_keys(['example_skip_dag']) retrieved from /home/airflow/.local/lib/python3.6/site-packages/airflow/example_dags/example_skip_dag.py
[2024-08-10 08:57:53,265] {logging_mixin.py:104} INFO - [2024-08-10 08:57:53,265] {dag.py:1824} INFO - Sync 1 DAGs
[2024-08-10 08:57:53,279] {logging_mixin.py:104} INFO - [2024-08-10 08:57:53,279] {dag.py:2280} INFO - Setting next_dagrun for example_skip_dag to 2024-08-08 00:00:00+00:00
[2024-08-10 08:57:53,287] {scheduler_job.py:190} INFO - Processing /home/airflow/.local/lib/python3.6/site-packages/airflow/example_dags/example_skip_dag.py took 0.054 seconds
[2024-08-10 08:58:23,338] {scheduler_job.py:182} INFO - Started process (PID=2321) to work on /home/airflow/.local/lib/python3.6/site-packages/airflow/example_dags/example_skip_dag.py
[2024-08-10 08:58:23,339] {scheduler_job.py:629} INFO - Processing file /home/airflow/.local/lib/python3.6/site-packages/airflow/example_dags/example_skip_dag.py for tasks to queue
[2024-08-10 08:58:23,340] {logging_mixin.py:104} INFO - [2024-08-10 08:58:23,340] {dagbag.py:451} INFO - Filling up the DagBag from /home/airflow/.local/lib/python3.6/site-packages/airflow/example_dags/example_skip_dag.py
[2024-08-10 08:58:23,350] {scheduler_job.py:639} INFO - DAG(s) dict_keys(['example_skip_dag']) retrieved from /home/airflow/.local/lib/python3.6/site-packages/airflow/example_dags/example_skip_dag.py
[2024-08-10 08:58:23,370] {logging_mixin.py:104} INFO - [2024-08-10 08:58:23,370] {dag.py:1824} INFO - Sync 1 DAGs
[2024-08-10 08:58:23,383] {logging_mixin.py:104} INFO - [2024-08-10 08:58:23,383] {dag.py:2280} INFO - Setting next_dagrun for example_skip_dag to 2024-08-08 00:00:00+00:00
[2024-08-10 08:58:23,392] {scheduler_job.py:190} INFO - Processing /home/airflow/.local/lib/python3.6/site-packages/airflow/example_dags/example_skip_dag.py took 0.057 seconds
[2024-08-10 08:58:53,625] {scheduler_job.py:182} INFO - Started process (PID=2446) to work on /home/airflow/.local/lib/python3.6/site-packages/airflow/example_dags/example_skip_dag.py
[2024-08-10 08:58:53,627] {scheduler_job.py:629} INFO - Processing file /home/airflow/.local/lib/python3.6/site-packages/airflow/example_dags/example_skip_dag.py for tasks to queue
[2024-08-10 08:58:53,628] {logging_mixin.py:104} INFO - [2024-08-10 08:58:53,628] {dagbag.py:451} INFO - Filling up the DagBag from /home/airflow/.local/lib/python3.6/site-packages/airflow/example_dags/example_skip_dag.py
[2024-08-10 08:58:53,639] {scheduler_job.py:639} INFO - DAG(s) dict_keys(['example_skip_dag']) retrieved from /home/airflow/.local/lib/python3.6/site-packages/airflow/example_dags/example_skip_dag.py
[2024-08-10 08:58:53,659] {logging_mixin.py:104} INFO - [2024-08-10 08:58:53,658] {dag.py:1824} INFO - Sync 1 DAGs
[2024-08-10 08:58:53,671] {logging_mixin.py:104} INFO - [2024-08-10 08:58:53,671] {dag.py:2280} INFO - Setting next_dagrun for example_skip_dag to 2024-08-08 00:00:00+00:00
[2024-08-10 08:58:53,682] {scheduler_job.py:190} INFO - Processing /home/airflow/.local/lib/python3.6/site-packages/airflow/example_dags/example_skip_dag.py took 0.060 seconds
[2024-08-10 08:59:23,810] {scheduler_job.py:182} INFO - Started process (PID=2581) to work on /home/airflow/.local/lib/python3.6/site-packages/airflow/example_dags/example_skip_dag.py
[2024-08-10 08:59:23,811] {scheduler_job.py:629} INFO - Processing file /home/airflow/.local/lib/python3.6/site-packages/airflow/example_dags/example_skip_dag.py for tasks to queue
[2024-08-10 08:59:23,812] {logging_mixin.py:104} INFO - [2024-08-10 08:59:23,812] {dagbag.py:451} INFO - Filling up the DagBag from /home/airflow/.local/lib/python3.6/site-packages/airflow/example_dags/example_skip_dag.py
[2024-08-10 08:59:23,822] {scheduler_job.py:639} INFO - DAG(s) dict_keys(['example_skip_dag']) retrieved from /home/airflow/.local/lib/python3.6/site-packages/airflow/example_dags/example_skip_dag.py
[2024-08-10 08:59:23,842] {logging_mixin.py:104} INFO - [2024-08-10 08:59:23,842] {dag.py:1824} INFO - Sync 1 DAGs
[2024-08-10 08:59:23,856] {logging_mixin.py:104} INFO - [2024-08-10 08:59:23,856] {dag.py:2280} INFO - Setting next_dagrun for example_skip_dag to 2024-08-08 00:00:00+00:00
[2024-08-10 08:59:23,875] {scheduler_job.py:190} INFO - Processing /home/airflow/.local/lib/python3.6/site-packages/airflow/example_dags/example_skip_dag.py took 0.068 seconds
[2024-08-10 08:59:54,034] {scheduler_job.py:182} INFO - Started process (PID=2716) to work on /home/airflow/.local/lib/python3.6/site-packages/airflow/example_dags/example_skip_dag.py
[2024-08-10 08:59:54,035] {scheduler_job.py:629} INFO - Processing file /home/airflow/.local/lib/python3.6/site-packages/airflow/example_dags/example_skip_dag.py for tasks to queue
[2024-08-10 08:59:54,036] {logging_mixin.py:104} INFO - [2024-08-10 08:59:54,036] {dagbag.py:451} INFO - Filling up the DagBag from /home/airflow/.local/lib/python3.6/site-packages/airflow/example_dags/example_skip_dag.py
[2024-08-10 08:59:54,044] {scheduler_job.py:639} INFO - DAG(s) dict_keys(['example_skip_dag']) retrieved from /home/airflow/.local/lib/python3.6/site-packages/airflow/example_dags/example_skip_dag.py
[2024-08-10 08:59:54,064] {logging_mixin.py:104} INFO - [2024-08-10 08:59:54,064] {dag.py:1824} INFO - Sync 1 DAGs
[2024-08-10 08:59:54,079] {logging_mixin.py:104} INFO - [2024-08-10 08:59:54,079] {dag.py:2280} INFO - Setting next_dagrun for example_skip_dag to 2024-08-08 00:00:00+00:00
[2024-08-10 08:59:54,088] {scheduler_job.py:190} INFO - Processing /home/airflow/.local/lib/python3.6/site-packages/airflow/example_dags/example_skip_dag.py took 0.057 seconds
[2024-08-10 09:00:24,232] {scheduler_job.py:182} INFO - Started process (PID=2851) to work on /home/airflow/.local/lib/python3.6/site-packages/airflow/example_dags/example_skip_dag.py
[2024-08-10 09:00:24,233] {scheduler_job.py:629} INFO - Processing file /home/airflow/.local/lib/python3.6/site-packages/airflow/example_dags/example_skip_dag.py for tasks to queue
[2024-08-10 09:00:24,234] {logging_mixin.py:104} INFO - [2024-08-10 09:00:24,234] {dagbag.py:451} INFO - Filling up the DagBag from /home/airflow/.local/lib/python3.6/site-packages/airflow/example_dags/example_skip_dag.py
[2024-08-10 09:00:24,245] {scheduler_job.py:639} INFO - DAG(s) dict_keys(['example_skip_dag']) retrieved from /home/airflow/.local/lib/python3.6/site-packages/airflow/example_dags/example_skip_dag.py
[2024-08-10 09:00:24,270] {logging_mixin.py:104} INFO - [2024-08-10 09:00:24,270] {dag.py:1824} INFO - Sync 1 DAGs
[2024-08-10 09:00:24,285] {logging_mixin.py:104} INFO - [2024-08-10 09:00:24,285] {dag.py:2280} INFO - Setting next_dagrun for example_skip_dag to 2024-08-08 00:00:00+00:00
[2024-08-10 09:00:24,295] {scheduler_job.py:190} INFO - Processing /home/airflow/.local/lib/python3.6/site-packages/airflow/example_dags/example_skip_dag.py took 0.066 seconds
[2024-08-10 09:00:54,823] {scheduler_job.py:182} INFO - Started process (PID=2994) to work on /home/airflow/.local/lib/python3.6/site-packages/airflow/example_dags/example_skip_dag.py
[2024-08-10 09:00:54,824] {scheduler_job.py:629} INFO - Processing file /home/airflow/.local/lib/python3.6/site-packages/airflow/example_dags/example_skip_dag.py for tasks to queue
[2024-08-10 09:00:54,824] {logging_mixin.py:104} INFO - [2024-08-10 09:00:54,824] {dagbag.py:451} INFO - Filling up the DagBag from /home/airflow/.local/lib/python3.6/site-packages/airflow/example_dags/example_skip_dag.py
[2024-08-10 09:00:54,837] {scheduler_job.py:639} INFO - DAG(s) dict_keys(['example_skip_dag']) retrieved from /home/airflow/.local/lib/python3.6/site-packages/airflow/example_dags/example_skip_dag.py
[2024-08-10 09:00:54,863] {logging_mixin.py:104} INFO - [2024-08-10 09:00:54,862] {dag.py:1824} INFO - Sync 1 DAGs
[2024-08-10 09:00:54,877] {logging_mixin.py:104} INFO - [2024-08-10 09:00:54,877] {dag.py:2280} INFO - Setting next_dagrun for example_skip_dag to 2024-08-08 00:00:00+00:00
[2024-08-10 09:00:54,887] {scheduler_job.py:190} INFO - Processing /home/airflow/.local/lib/python3.6/site-packages/airflow/example_dags/example_skip_dag.py took 0.067 seconds
[2024-08-10 09:01:25,022] {scheduler_job.py:182} INFO - Started process (PID=3128) to work on /home/airflow/.local/lib/python3.6/site-packages/airflow/example_dags/example_skip_dag.py
[2024-08-10 09:01:25,024] {scheduler_job.py:629} INFO - Processing file /home/airflow/.local/lib/python3.6/site-packages/airflow/example_dags/example_skip_dag.py for tasks to queue
[2024-08-10 09:01:25,025] {logging_mixin.py:104} INFO - [2024-08-10 09:01:25,025] {dagbag.py:451} INFO - Filling up the DagBag from /home/airflow/.local/lib/python3.6/site-packages/airflow/example_dags/example_skip_dag.py
[2024-08-10 09:01:25,040] {scheduler_job.py:639} INFO - DAG(s) dict_keys(['example_skip_dag']) retrieved from /home/airflow/.local/lib/python3.6/site-packages/airflow/example_dags/example_skip_dag.py
[2024-08-10 09:01:25,067] {logging_mixin.py:104} INFO - [2024-08-10 09:01:25,067] {dag.py:1824} INFO - Sync 1 DAGs
[2024-08-10 09:01:25,087] {logging_mixin.py:104} INFO - [2024-08-10 09:01:25,087] {dag.py:2280} INFO - Setting next_dagrun for example_skip_dag to 2024-08-08 00:00:00+00:00
[2024-08-10 09:01:25,098] {scheduler_job.py:190} INFO - Processing /home/airflow/.local/lib/python3.6/site-packages/airflow/example_dags/example_skip_dag.py took 0.081 seconds
[2024-08-10 09:01:55,344] {scheduler_job.py:182} INFO - Started process (PID=3263) to work on /home/airflow/.local/lib/python3.6/site-packages/airflow/example_dags/example_skip_dag.py
[2024-08-10 09:01:55,345] {scheduler_job.py:629} INFO - Processing file /home/airflow/.local/lib/python3.6/site-packages/airflow/example_dags/example_skip_dag.py for tasks to queue
[2024-08-10 09:01:55,345] {logging_mixin.py:104} INFO - [2024-08-10 09:01:55,345] {dagbag.py:451} INFO - Filling up the DagBag from /home/airflow/.local/lib/python3.6/site-packages/airflow/example_dags/example_skip_dag.py
[2024-08-10 09:01:55,354] {scheduler_job.py:639} INFO - DAG(s) dict_keys(['example_skip_dag']) retrieved from /home/airflow/.local/lib/python3.6/site-packages/airflow/example_dags/example_skip_dag.py
[2024-08-10 09:01:55,376] {logging_mixin.py:104} INFO - [2024-08-10 09:01:55,376] {dag.py:1824} INFO - Sync 1 DAGs
[2024-08-10 09:01:55,393] {logging_mixin.py:104} INFO - [2024-08-10 09:01:55,393] {dag.py:2280} INFO - Setting next_dagrun for example_skip_dag to 2024-08-08 00:00:00+00:00
[2024-08-10 09:01:55,402] {scheduler_job.py:190} INFO - Processing /home/airflow/.local/lib/python3.6/site-packages/airflow/example_dags/example_skip_dag.py took 0.061 seconds
[2024-08-10 09:02:25,521] {scheduler_job.py:182} INFO - Started process (PID=3394) to work on /home/airflow/.local/lib/python3.6/site-packages/airflow/example_dags/example_skip_dag.py
[2024-08-10 09:02:25,522] {scheduler_job.py:629} INFO - Processing file /home/airflow/.local/lib/python3.6/site-packages/airflow/example_dags/example_skip_dag.py for tasks to queue
[2024-08-10 09:02:25,522] {logging_mixin.py:104} INFO - [2024-08-10 09:02:25,522] {dagbag.py:451} INFO - Filling up the DagBag from /home/airflow/.local/lib/python3.6/site-packages/airflow/example_dags/example_skip_dag.py
[2024-08-10 09:02:25,532] {scheduler_job.py:639} INFO - DAG(s) dict_keys(['example_skip_dag']) retrieved from /home/airflow/.local/lib/python3.6/site-packages/airflow/example_dags/example_skip_dag.py
[2024-08-10 09:02:25,553] {logging_mixin.py:104} INFO - [2024-08-10 09:02:25,553] {dag.py:1824} INFO - Sync 1 DAGs
[2024-08-10 09:02:25,571] {logging_mixin.py:104} INFO - [2024-08-10 09:02:25,571] {dag.py:2280} INFO - Setting next_dagrun for example_skip_dag to 2024-08-08 00:00:00+00:00
[2024-08-10 09:02:25,582] {scheduler_job.py:190} INFO - Processing /home/airflow/.local/lib/python3.6/site-packages/airflow/example_dags/example_skip_dag.py took 0.064 seconds
[2024-08-10 09:02:55,859] {scheduler_job.py:182} INFO - Started process (PID=3524) to work on /home/airflow/.local/lib/python3.6/site-packages/airflow/example_dags/example_skip_dag.py
[2024-08-10 09:02:55,860] {scheduler_job.py:629} INFO - Processing file /home/airflow/.local/lib/python3.6/site-packages/airflow/example_dags/example_skip_dag.py for tasks to queue
[2024-08-10 09:02:55,861] {logging_mixin.py:104} INFO - [2024-08-10 09:02:55,861] {dagbag.py:451} INFO - Filling up the DagBag from /home/airflow/.local/lib/python3.6/site-packages/airflow/example_dags/example_skip_dag.py
[2024-08-10 09:02:55,872] {scheduler_job.py:639} INFO - DAG(s) dict_keys(['example_skip_dag']) retrieved from /home/airflow/.local/lib/python3.6/site-packages/airflow/example_dags/example_skip_dag.py
[2024-08-10 09:02:55,893] {logging_mixin.py:104} INFO - [2024-08-10 09:02:55,893] {dag.py:1824} INFO - Sync 1 DAGs
[2024-08-10 09:02:55,908] {logging_mixin.py:104} INFO - [2024-08-10 09:02:55,908] {dag.py:2280} INFO - Setting next_dagrun for example_skip_dag to 2024-08-08 00:00:00+00:00
[2024-08-10 09:02:55,917] {scheduler_job.py:190} INFO - Processing /home/airflow/.local/lib/python3.6/site-packages/airflow/example_dags/example_skip_dag.py took 0.062 seconds
[2024-08-10 09:03:26,269] {scheduler_job.py:182} INFO - Started process (PID=3671) to work on /home/airflow/.local/lib/python3.6/site-packages/airflow/example_dags/example_skip_dag.py
[2024-08-10 09:03:26,270] {scheduler_job.py:629} INFO - Processing file /home/airflow/.local/lib/python3.6/site-packages/airflow/example_dags/example_skip_dag.py for tasks to queue
[2024-08-10 09:03:26,270] {logging_mixin.py:104} INFO - [2024-08-10 09:03:26,270] {dagbag.py:451} INFO - Filling up the DagBag from /home/airflow/.local/lib/python3.6/site-packages/airflow/example_dags/example_skip_dag.py
[2024-08-10 09:03:26,279] {scheduler_job.py:639} INFO - DAG(s) dict_keys(['example_skip_dag']) retrieved from /home/airflow/.local/lib/python3.6/site-packages/airflow/example_dags/example_skip_dag.py
[2024-08-10 09:03:26,297] {logging_mixin.py:104} INFO - [2024-08-10 09:03:26,297] {dag.py:1824} INFO - Sync 1 DAGs
[2024-08-10 09:03:26,311] {logging_mixin.py:104} INFO - [2024-08-10 09:03:26,311] {dag.py:2280} INFO - Setting next_dagrun for example_skip_dag to 2024-08-08 00:00:00+00:00
[2024-08-10 09:03:26,319] {scheduler_job.py:190} INFO - Processing /home/airflow/.local/lib/python3.6/site-packages/airflow/example_dags/example_skip_dag.py took 0.054 seconds
[2024-08-10 09:03:56,563] {scheduler_job.py:182} INFO - Started process (PID=3803) to work on /home/airflow/.local/lib/python3.6/site-packages/airflow/example_dags/example_skip_dag.py
[2024-08-10 09:03:56,564] {scheduler_job.py:629} INFO - Processing file /home/airflow/.local/lib/python3.6/site-packages/airflow/example_dags/example_skip_dag.py for tasks to queue
[2024-08-10 09:03:56,565] {logging_mixin.py:104} INFO - [2024-08-10 09:03:56,565] {dagbag.py:451} INFO - Filling up the DagBag from /home/airflow/.local/lib/python3.6/site-packages/airflow/example_dags/example_skip_dag.py
[2024-08-10 09:03:56,574] {scheduler_job.py:639} INFO - DAG(s) dict_keys(['example_skip_dag']) retrieved from /home/airflow/.local/lib/python3.6/site-packages/airflow/example_dags/example_skip_dag.py
[2024-08-10 09:03:56,593] {logging_mixin.py:104} INFO - [2024-08-10 09:03:56,593] {dag.py:1824} INFO - Sync 1 DAGs
[2024-08-10 09:03:56,607] {logging_mixin.py:104} INFO - [2024-08-10 09:03:56,607] {dag.py:2280} INFO - Setting next_dagrun for example_skip_dag to 2024-08-08 00:00:00+00:00
[2024-08-10 09:03:56,617] {scheduler_job.py:190} INFO - Processing /home/airflow/.local/lib/python3.6/site-packages/airflow/example_dags/example_skip_dag.py took 0.056 seconds
[2024-08-10 09:04:26,846] {scheduler_job.py:182} INFO - Started process (PID=3944) to work on /home/airflow/.local/lib/python3.6/site-packages/airflow/example_dags/example_skip_dag.py
[2024-08-10 09:04:26,847] {scheduler_job.py:629} INFO - Processing file /home/airflow/.local/lib/python3.6/site-packages/airflow/example_dags/example_skip_dag.py for tasks to queue
[2024-08-10 09:04:26,848] {logging_mixin.py:104} INFO - [2024-08-10 09:04:26,848] {dagbag.py:451} INFO - Filling up the DagBag from /home/airflow/.local/lib/python3.6/site-packages/airflow/example_dags/example_skip_dag.py
[2024-08-10 09:04:26,859] {scheduler_job.py:639} INFO - DAG(s) dict_keys(['example_skip_dag']) retrieved from /home/airflow/.local/lib/python3.6/site-packages/airflow/example_dags/example_skip_dag.py
[2024-08-10 09:04:26,881] {logging_mixin.py:104} INFO - [2024-08-10 09:04:26,881] {dag.py:1824} INFO - Sync 1 DAGs
[2024-08-10 09:04:26,897] {logging_mixin.py:104} INFO - [2024-08-10 09:04:26,897] {dag.py:2280} INFO - Setting next_dagrun for example_skip_dag to 2024-08-08 00:00:00+00:00
[2024-08-10 09:04:26,908] {scheduler_job.py:190} INFO - Processing /home/airflow/.local/lib/python3.6/site-packages/airflow/example_dags/example_skip_dag.py took 0.065 seconds
[2024-08-10 09:04:57,132] {scheduler_job.py:182} INFO - Started process (PID=4066) to work on /home/airflow/.local/lib/python3.6/site-packages/airflow/example_dags/example_skip_dag.py
[2024-08-10 09:04:57,133] {scheduler_job.py:629} INFO - Processing file /home/airflow/.local/lib/python3.6/site-packages/airflow/example_dags/example_skip_dag.py for tasks to queue
[2024-08-10 09:04:57,134] {logging_mixin.py:104} INFO - [2024-08-10 09:04:57,133] {dagbag.py:451} INFO - Filling up the DagBag from /home/airflow/.local/lib/python3.6/site-packages/airflow/example_dags/example_skip_dag.py
[2024-08-10 09:04:57,143] {scheduler_job.py:639} INFO - DAG(s) dict_keys(['example_skip_dag']) retrieved from /home/airflow/.local/lib/python3.6/site-packages/airflow/example_dags/example_skip_dag.py
[2024-08-10 09:04:57,163] {logging_mixin.py:104} INFO - [2024-08-10 09:04:57,163] {dag.py:1824} INFO - Sync 1 DAGs
[2024-08-10 09:04:57,177] {logging_mixin.py:104} INFO - [2024-08-10 09:04:57,177] {dag.py:2280} INFO - Setting next_dagrun for example_skip_dag to 2024-08-08 00:00:00+00:00
[2024-08-10 09:04:57,187] {scheduler_job.py:190} INFO - Processing /home/airflow/.local/lib/python3.6/site-packages/airflow/example_dags/example_skip_dag.py took 0.058 seconds
[2024-08-10 09:05:27,337] {scheduler_job.py:182} INFO - Started process (PID=4201) to work on /home/airflow/.local/lib/python3.6/site-packages/airflow/example_dags/example_skip_dag.py
[2024-08-10 09:05:27,338] {scheduler_job.py:629} INFO - Processing file /home/airflow/.local/lib/python3.6/site-packages/airflow/example_dags/example_skip_dag.py for tasks to queue
[2024-08-10 09:05:27,338] {logging_mixin.py:104} INFO - [2024-08-10 09:05:27,338] {dagbag.py:451} INFO - Filling up the DagBag from /home/airflow/.local/lib/python3.6/site-packages/airflow/example_dags/example_skip_dag.py
[2024-08-10 09:05:27,347] {scheduler_job.py:639} INFO - DAG(s) dict_keys(['example_skip_dag']) retrieved from /home/airflow/.local/lib/python3.6/site-packages/airflow/example_dags/example_skip_dag.py
[2024-08-10 09:05:27,365] {logging_mixin.py:104} INFO - [2024-08-10 09:05:27,365] {dag.py:1824} INFO - Sync 1 DAGs
[2024-08-10 09:05:27,379] {logging_mixin.py:104} INFO - [2024-08-10 09:05:27,379] {dag.py:2280} INFO - Setting next_dagrun for example_skip_dag to 2024-08-08 00:00:00+00:00
[2024-08-10 09:05:27,387] {scheduler_job.py:190} INFO - Processing /home/airflow/.local/lib/python3.6/site-packages/airflow/example_dags/example_skip_dag.py took 0.053 seconds
[2024-08-10 09:05:57,543] {scheduler_job.py:182} INFO - Started process (PID=4334) to work on /home/airflow/.local/lib/python3.6/site-packages/airflow/example_dags/example_skip_dag.py
[2024-08-10 09:05:57,544] {scheduler_job.py:629} INFO - Processing file /home/airflow/.local/lib/python3.6/site-packages/airflow/example_dags/example_skip_dag.py for tasks to queue
[2024-08-10 09:05:57,545] {logging_mixin.py:104} INFO - [2024-08-10 09:05:57,544] {dagbag.py:451} INFO - Filling up the DagBag from /home/airflow/.local/lib/python3.6/site-packages/airflow/example_dags/example_skip_dag.py
[2024-08-10 09:05:57,558] {scheduler_job.py:639} INFO - DAG(s) dict_keys(['example_skip_dag']) retrieved from /home/airflow/.local/lib/python3.6/site-packages/airflow/example_dags/example_skip_dag.py
[2024-08-10 09:05:57,580] {logging_mixin.py:104} INFO - [2024-08-10 09:05:57,580] {dag.py:1824} INFO - Sync 1 DAGs
[2024-08-10 09:05:57,600] {logging_mixin.py:104} INFO - [2024-08-10 09:05:57,600] {dag.py:2280} INFO - Setting next_dagrun for example_skip_dag to 2024-08-08 00:00:00+00:00
[2024-08-10 09:05:57,610] {scheduler_job.py:190} INFO - Processing /home/airflow/.local/lib/python3.6/site-packages/airflow/example_dags/example_skip_dag.py took 0.070 seconds
[2024-08-10 09:06:27,898] {scheduler_job.py:182} INFO - Started process (PID=4476) to work on /home/airflow/.local/lib/python3.6/site-packages/airflow/example_dags/example_skip_dag.py
[2024-08-10 09:06:27,899] {scheduler_job.py:629} INFO - Processing file /home/airflow/.local/lib/python3.6/site-packages/airflow/example_dags/example_skip_dag.py for tasks to queue
[2024-08-10 09:06:27,900] {logging_mixin.py:104} INFO - [2024-08-10 09:06:27,900] {dagbag.py:451} INFO - Filling up the DagBag from /home/airflow/.local/lib/python3.6/site-packages/airflow/example_dags/example_skip_dag.py
[2024-08-10 09:06:27,909] {scheduler_job.py:639} INFO - DAG(s) dict_keys(['example_skip_dag']) retrieved from /home/airflow/.local/lib/python3.6/site-packages/airflow/example_dags/example_skip_dag.py
[2024-08-10 09:06:27,929] {logging_mixin.py:104} INFO - [2024-08-10 09:06:27,929] {dag.py:1824} INFO - Sync 1 DAGs
[2024-08-10 09:06:27,942] {logging_mixin.py:104} INFO - [2024-08-10 09:06:27,942] {dag.py:2280} INFO - Setting next_dagrun for example_skip_dag to 2024-08-08 00:00:00+00:00
[2024-08-10 09:06:27,952] {scheduler_job.py:190} INFO - Processing /home/airflow/.local/lib/python3.6/site-packages/airflow/example_dags/example_skip_dag.py took 0.057 seconds
[2024-08-10 09:06:58,229] {scheduler_job.py:182} INFO - Started process (PID=4611) to work on /home/airflow/.local/lib/python3.6/site-packages/airflow/example_dags/example_skip_dag.py
[2024-08-10 09:06:58,230] {scheduler_job.py:629} INFO - Processing file /home/airflow/.local/lib/python3.6/site-packages/airflow/example_dags/example_skip_dag.py for tasks to queue
[2024-08-10 09:06:58,231] {logging_mixin.py:104} INFO - [2024-08-10 09:06:58,231] {dagbag.py:451} INFO - Filling up the DagBag from /home/airflow/.local/lib/python3.6/site-packages/airflow/example_dags/example_skip_dag.py
[2024-08-10 09:06:58,241] {scheduler_job.py:639} INFO - DAG(s) dict_keys(['example_skip_dag']) retrieved from /home/airflow/.local/lib/python3.6/site-packages/airflow/example_dags/example_skip_dag.py
[2024-08-10 09:06:58,262] {logging_mixin.py:104} INFO - [2024-08-10 09:06:58,262] {dag.py:1824} INFO - Sync 1 DAGs
[2024-08-10 09:06:58,276] {logging_mixin.py:104} INFO - [2024-08-10 09:06:58,276] {dag.py:2280} INFO - Setting next_dagrun for example_skip_dag to 2024-08-08 00:00:00+00:00
[2024-08-10 09:06:58,291] {scheduler_job.py:190} INFO - Processing /home/airflow/.local/lib/python3.6/site-packages/airflow/example_dags/example_skip_dag.py took 0.066 seconds
[2024-08-10 09:07:28,427] {scheduler_job.py:182} INFO - Started process (PID=4744) to work on /home/airflow/.local/lib/python3.6/site-packages/airflow/example_dags/example_skip_dag.py
[2024-08-10 09:07:28,428] {scheduler_job.py:629} INFO - Processing file /home/airflow/.local/lib/python3.6/site-packages/airflow/example_dags/example_skip_dag.py for tasks to queue
[2024-08-10 09:07:28,429] {logging_mixin.py:104} INFO - [2024-08-10 09:07:28,428] {dagbag.py:451} INFO - Filling up the DagBag from /home/airflow/.local/lib/python3.6/site-packages/airflow/example_dags/example_skip_dag.py
[2024-08-10 09:07:28,440] {scheduler_job.py:639} INFO - DAG(s) dict_keys(['example_skip_dag']) retrieved from /home/airflow/.local/lib/python3.6/site-packages/airflow/example_dags/example_skip_dag.py
[2024-08-10 09:07:28,461] {logging_mixin.py:104} INFO - [2024-08-10 09:07:28,461] {dag.py:1824} INFO - Sync 1 DAGs
[2024-08-10 09:07:28,479] {logging_mixin.py:104} INFO - [2024-08-10 09:07:28,478] {dag.py:2280} INFO - Setting next_dagrun for example_skip_dag to 2024-08-08 00:00:00+00:00
[2024-08-10 09:07:28,489] {scheduler_job.py:190} INFO - Processing /home/airflow/.local/lib/python3.6/site-packages/airflow/example_dags/example_skip_dag.py took 0.066 seconds
[2024-08-10 09:07:58,787] {scheduler_job.py:182} INFO - Started process (PID=4878) to work on /home/airflow/.local/lib/python3.6/site-packages/airflow/example_dags/example_skip_dag.py
[2024-08-10 09:07:58,788] {scheduler_job.py:629} INFO - Processing file /home/airflow/.local/lib/python3.6/site-packages/airflow/example_dags/example_skip_dag.py for tasks to queue
[2024-08-10 09:07:58,789] {logging_mixin.py:104} INFO - [2024-08-10 09:07:58,789] {dagbag.py:451} INFO - Filling up the DagBag from /home/airflow/.local/lib/python3.6/site-packages/airflow/example_dags/example_skip_dag.py
[2024-08-10 09:07:58,805] {scheduler_job.py:639} INFO - DAG(s) dict_keys(['example_skip_dag']) retrieved from /home/airflow/.local/lib/python3.6/site-packages/airflow/example_dags/example_skip_dag.py
[2024-08-10 09:07:58,827] {logging_mixin.py:104} INFO - [2024-08-10 09:07:58,827] {dag.py:1824} INFO - Sync 1 DAGs
[2024-08-10 09:07:58,847] {logging_mixin.py:104} INFO - [2024-08-10 09:07:58,847] {dag.py:2280} INFO - Setting next_dagrun for example_skip_dag to 2024-08-08 00:00:00+00:00
[2024-08-10 09:07:58,858] {scheduler_job.py:190} INFO - Processing /home/airflow/.local/lib/python3.6/site-packages/airflow/example_dags/example_skip_dag.py took 0.073 seconds
[2024-08-10 09:08:29,186] {scheduler_job.py:182} INFO - Started process (PID=5011) to work on /home/airflow/.local/lib/python3.6/site-packages/airflow/example_dags/example_skip_dag.py
[2024-08-10 09:08:29,187] {scheduler_job.py:629} INFO - Processing file /home/airflow/.local/lib/python3.6/site-packages/airflow/example_dags/example_skip_dag.py for tasks to queue
[2024-08-10 09:08:29,187] {logging_mixin.py:104} INFO - [2024-08-10 09:08:29,187] {dagbag.py:451} INFO - Filling up the DagBag from /home/airflow/.local/lib/python3.6/site-packages/airflow/example_dags/example_skip_dag.py
[2024-08-10 09:08:29,198] {scheduler_job.py:639} INFO - DAG(s) dict_keys(['example_skip_dag']) retrieved from /home/airflow/.local/lib/python3.6/site-packages/airflow/example_dags/example_skip_dag.py
[2024-08-10 09:08:29,220] {logging_mixin.py:104} INFO - [2024-08-10 09:08:29,219] {dag.py:1824} INFO - Sync 1 DAGs
[2024-08-10 09:08:29,235] {logging_mixin.py:104} INFO - [2024-08-10 09:08:29,234] {dag.py:2280} INFO - Setting next_dagrun for example_skip_dag to 2024-08-08 00:00:00+00:00
[2024-08-10 09:08:29,245] {scheduler_job.py:190} INFO - Processing /home/airflow/.local/lib/python3.6/site-packages/airflow/example_dags/example_skip_dag.py took 0.061 seconds
[2024-08-10 09:08:59,691] {scheduler_job.py:182} INFO - Started process (PID=5141) to work on /home/airflow/.local/lib/python3.6/site-packages/airflow/example_dags/example_skip_dag.py
[2024-08-10 09:08:59,692] {scheduler_job.py:629} INFO - Processing file /home/airflow/.local/lib/python3.6/site-packages/airflow/example_dags/example_skip_dag.py for tasks to queue
[2024-08-10 09:08:59,692] {logging_mixin.py:104} INFO - [2024-08-10 09:08:59,692] {dagbag.py:451} INFO - Filling up the DagBag from /home/airflow/.local/lib/python3.6/site-packages/airflow/example_dags/example_skip_dag.py
[2024-08-10 09:08:59,702] {scheduler_job.py:639} INFO - DAG(s) dict_keys(['example_skip_dag']) retrieved from /home/airflow/.local/lib/python3.6/site-packages/airflow/example_dags/example_skip_dag.py
[2024-08-10 09:08:59,722] {logging_mixin.py:104} INFO - [2024-08-10 09:08:59,722] {dag.py:1824} INFO - Sync 1 DAGs
[2024-08-10 09:08:59,736] {logging_mixin.py:104} INFO - [2024-08-10 09:08:59,736] {dag.py:2280} INFO - Setting next_dagrun for example_skip_dag to 2024-08-08 00:00:00+00:00
[2024-08-10 09:08:59,747] {scheduler_job.py:190} INFO - Processing /home/airflow/.local/lib/python3.6/site-packages/airflow/example_dags/example_skip_dag.py took 0.059 seconds
[2024-08-10 09:09:30,102] {scheduler_job.py:182} INFO - Started process (PID=5276) to work on /home/airflow/.local/lib/python3.6/site-packages/airflow/example_dags/example_skip_dag.py
[2024-08-10 09:09:30,103] {scheduler_job.py:629} INFO - Processing file /home/airflow/.local/lib/python3.6/site-packages/airflow/example_dags/example_skip_dag.py for tasks to queue
[2024-08-10 09:09:30,103] {logging_mixin.py:104} INFO - [2024-08-10 09:09:30,103] {dagbag.py:451} INFO - Filling up the DagBag from /home/airflow/.local/lib/python3.6/site-packages/airflow/example_dags/example_skip_dag.py
[2024-08-10 09:09:30,113] {scheduler_job.py:639} INFO - DAG(s) dict_keys(['example_skip_dag']) retrieved from /home/airflow/.local/lib/python3.6/site-packages/airflow/example_dags/example_skip_dag.py
[2024-08-10 09:09:30,132] {logging_mixin.py:104} INFO - [2024-08-10 09:09:30,132] {dag.py:1824} INFO - Sync 1 DAGs
[2024-08-10 09:09:30,146] {logging_mixin.py:104} INFO - [2024-08-10 09:09:30,146] {dag.py:2280} INFO - Setting next_dagrun for example_skip_dag to 2024-08-08 00:00:00+00:00
[2024-08-10 09:09:30,155] {scheduler_job.py:190} INFO - Processing /home/airflow/.local/lib/python3.6/site-packages/airflow/example_dags/example_skip_dag.py took 0.056 seconds
[2024-08-10 09:10:00,458] {scheduler_job.py:182} INFO - Started process (PID=5409) to work on /home/airflow/.local/lib/python3.6/site-packages/airflow/example_dags/example_skip_dag.py
[2024-08-10 09:10:00,459] {scheduler_job.py:629} INFO - Processing file /home/airflow/.local/lib/python3.6/site-packages/airflow/example_dags/example_skip_dag.py for tasks to queue
[2024-08-10 09:10:00,460] {logging_mixin.py:104} INFO - [2024-08-10 09:10:00,459] {dagbag.py:451} INFO - Filling up the DagBag from /home/airflow/.local/lib/python3.6/site-packages/airflow/example_dags/example_skip_dag.py
[2024-08-10 09:10:00,469] {scheduler_job.py:639} INFO - DAG(s) dict_keys(['example_skip_dag']) retrieved from /home/airflow/.local/lib/python3.6/site-packages/airflow/example_dags/example_skip_dag.py
[2024-08-10 09:10:00,490] {logging_mixin.py:104} INFO - [2024-08-10 09:10:00,490] {dag.py:1824} INFO - Sync 1 DAGs
[2024-08-10 09:10:00,505] {logging_mixin.py:104} INFO - [2024-08-10 09:10:00,504] {dag.py:2280} INFO - Setting next_dagrun for example_skip_dag to 2024-08-08 00:00:00+00:00
[2024-08-10 09:10:00,515] {scheduler_job.py:190} INFO - Processing /home/airflow/.local/lib/python3.6/site-packages/airflow/example_dags/example_skip_dag.py took 0.059 seconds
[2024-08-10 09:10:30,938] {scheduler_job.py:182} INFO - Started process (PID=5546) to work on /home/airflow/.local/lib/python3.6/site-packages/airflow/example_dags/example_skip_dag.py
[2024-08-10 09:10:30,939] {scheduler_job.py:629} INFO - Processing file /home/airflow/.local/lib/python3.6/site-packages/airflow/example_dags/example_skip_dag.py for tasks to queue
[2024-08-10 09:10:30,939] {logging_mixin.py:104} INFO - [2024-08-10 09:10:30,939] {dagbag.py:451} INFO - Filling up the DagBag from /home/airflow/.local/lib/python3.6/site-packages/airflow/example_dags/example_skip_dag.py
[2024-08-10 09:10:30,950] {scheduler_job.py:639} INFO - DAG(s) dict_keys(['example_skip_dag']) retrieved from /home/airflow/.local/lib/python3.6/site-packages/airflow/example_dags/example_skip_dag.py
[2024-08-10 09:10:30,969] {logging_mixin.py:104} INFO - [2024-08-10 09:10:30,969] {dag.py:1824} INFO - Sync 1 DAGs
[2024-08-10 09:10:30,985] {logging_mixin.py:104} INFO - [2024-08-10 09:10:30,985] {dag.py:2280} INFO - Setting next_dagrun for example_skip_dag to 2024-08-08 00:00:00+00:00
[2024-08-10 09:10:30,998] {scheduler_job.py:190} INFO - Processing /home/airflow/.local/lib/python3.6/site-packages/airflow/example_dags/example_skip_dag.py took 0.064 seconds
[2024-08-10 09:11:01,149] {scheduler_job.py:182} INFO - Started process (PID=5681) to work on /home/airflow/.local/lib/python3.6/site-packages/airflow/example_dags/example_skip_dag.py
[2024-08-10 09:11:01,150] {scheduler_job.py:629} INFO - Processing file /home/airflow/.local/lib/python3.6/site-packages/airflow/example_dags/example_skip_dag.py for tasks to queue
[2024-08-10 09:11:01,151] {logging_mixin.py:104} INFO - [2024-08-10 09:11:01,151] {dagbag.py:451} INFO - Filling up the DagBag from /home/airflow/.local/lib/python3.6/site-packages/airflow/example_dags/example_skip_dag.py
[2024-08-10 09:11:01,165] {scheduler_job.py:639} INFO - DAG(s) dict_keys(['example_skip_dag']) retrieved from /home/airflow/.local/lib/python3.6/site-packages/airflow/example_dags/example_skip_dag.py
[2024-08-10 09:11:01,191] {logging_mixin.py:104} INFO - [2024-08-10 09:11:01,190] {dag.py:1824} INFO - Sync 1 DAGs
[2024-08-10 09:11:01,206] {logging_mixin.py:104} INFO - [2024-08-10 09:11:01,206] {dag.py:2280} INFO - Setting next_dagrun for example_skip_dag to 2024-08-08 00:00:00+00:00
[2024-08-10 09:11:01,217] {scheduler_job.py:190} INFO - Processing /home/airflow/.local/lib/python3.6/site-packages/airflow/example_dags/example_skip_dag.py took 0.070 seconds
[2024-08-10 09:11:31,439] {scheduler_job.py:182} INFO - Started process (PID=5816) to work on /home/airflow/.local/lib/python3.6/site-packages/airflow/example_dags/example_skip_dag.py
[2024-08-10 09:11:31,441] {scheduler_job.py:629} INFO - Processing file /home/airflow/.local/lib/python3.6/site-packages/airflow/example_dags/example_skip_dag.py for tasks to queue
[2024-08-10 09:11:31,442] {logging_mixin.py:104} INFO - [2024-08-10 09:11:31,441] {dagbag.py:451} INFO - Filling up the DagBag from /home/airflow/.local/lib/python3.6/site-packages/airflow/example_dags/example_skip_dag.py
[2024-08-10 09:11:31,451] {scheduler_job.py:639} INFO - DAG(s) dict_keys(['example_skip_dag']) retrieved from /home/airflow/.local/lib/python3.6/site-packages/airflow/example_dags/example_skip_dag.py
[2024-08-10 09:11:31,471] {logging_mixin.py:104} INFO - [2024-08-10 09:11:31,471] {dag.py:1824} INFO - Sync 1 DAGs
[2024-08-10 09:11:31,485] {logging_mixin.py:104} INFO - [2024-08-10 09:11:31,485] {dag.py:2280} INFO - Setting next_dagrun for example_skip_dag to 2024-08-08 00:00:00+00:00
[2024-08-10 09:11:31,496] {scheduler_job.py:190} INFO - Processing /home/airflow/.local/lib/python3.6/site-packages/airflow/example_dags/example_skip_dag.py took 0.059 seconds
[2024-08-10 09:12:02,018] {scheduler_job.py:182} INFO - Started process (PID=5959) to work on /home/airflow/.local/lib/python3.6/site-packages/airflow/example_dags/example_skip_dag.py
[2024-08-10 09:12:02,019] {scheduler_job.py:629} INFO - Processing file /home/airflow/.local/lib/python3.6/site-packages/airflow/example_dags/example_skip_dag.py for tasks to queue
[2024-08-10 09:12:02,020] {logging_mixin.py:104} INFO - [2024-08-10 09:12:02,020] {dagbag.py:451} INFO - Filling up the DagBag from /home/airflow/.local/lib/python3.6/site-packages/airflow/example_dags/example_skip_dag.py
[2024-08-10 09:12:02,034] {scheduler_job.py:639} INFO - DAG(s) dict_keys(['example_skip_dag']) retrieved from /home/airflow/.local/lib/python3.6/site-packages/airflow/example_dags/example_skip_dag.py
[2024-08-10 09:12:02,063] {logging_mixin.py:104} INFO - [2024-08-10 09:12:02,062] {dag.py:1824} INFO - Sync 1 DAGs
[2024-08-10 09:12:02,087] {logging_mixin.py:104} INFO - [2024-08-10 09:12:02,086] {dag.py:2280} INFO - Setting next_dagrun for example_skip_dag to 2024-08-08 00:00:00+00:00
[2024-08-10 09:12:02,104] {scheduler_job.py:190} INFO - Processing /home/airflow/.local/lib/python3.6/site-packages/airflow/example_dags/example_skip_dag.py took 0.090 seconds
[2024-08-10 09:12:32,817] {scheduler_job.py:182} INFO - Started process (PID=6086) to work on /home/airflow/.local/lib/python3.6/site-packages/airflow/example_dags/example_skip_dag.py
[2024-08-10 09:12:32,818] {scheduler_job.py:629} INFO - Processing file /home/airflow/.local/lib/python3.6/site-packages/airflow/example_dags/example_skip_dag.py for tasks to queue
[2024-08-10 09:12:32,819] {logging_mixin.py:104} INFO - [2024-08-10 09:12:32,819] {dagbag.py:451} INFO - Filling up the DagBag from /home/airflow/.local/lib/python3.6/site-packages/airflow/example_dags/example_skip_dag.py
[2024-08-10 09:12:32,829] {scheduler_job.py:639} INFO - DAG(s) dict_keys(['example_skip_dag']) retrieved from /home/airflow/.local/lib/python3.6/site-packages/airflow/example_dags/example_skip_dag.py
[2024-08-10 09:12:32,849] {logging_mixin.py:104} INFO - [2024-08-10 09:12:32,849] {dag.py:1824} INFO - Sync 1 DAGs
[2024-08-10 09:12:32,865] {logging_mixin.py:104} INFO - [2024-08-10 09:12:32,865] {dag.py:2280} INFO - Setting next_dagrun for example_skip_dag to 2024-08-08 00:00:00+00:00
[2024-08-10 09:12:32,874] {scheduler_job.py:190} INFO - Processing /home/airflow/.local/lib/python3.6/site-packages/airflow/example_dags/example_skip_dag.py took 0.060 seconds
[2024-08-10 09:13:03,448] {scheduler_job.py:182} INFO - Started process (PID=6221) to work on /home/airflow/.local/lib/python3.6/site-packages/airflow/example_dags/example_skip_dag.py
[2024-08-10 09:13:03,449] {scheduler_job.py:629} INFO - Processing file /home/airflow/.local/lib/python3.6/site-packages/airflow/example_dags/example_skip_dag.py for tasks to queue
[2024-08-10 09:13:03,450] {logging_mixin.py:104} INFO - [2024-08-10 09:13:03,450] {dagbag.py:451} INFO - Filling up the DagBag from /home/airflow/.local/lib/python3.6/site-packages/airflow/example_dags/example_skip_dag.py
[2024-08-10 09:13:03,462] {scheduler_job.py:639} INFO - DAG(s) dict_keys(['example_skip_dag']) retrieved from /home/airflow/.local/lib/python3.6/site-packages/airflow/example_dags/example_skip_dag.py
[2024-08-10 09:13:03,483] {logging_mixin.py:104} INFO - [2024-08-10 09:13:03,483] {dag.py:1824} INFO - Sync 1 DAGs
[2024-08-10 09:13:03,498] {logging_mixin.py:104} INFO - [2024-08-10 09:13:03,498] {dag.py:2280} INFO - Setting next_dagrun for example_skip_dag to 2024-08-08 00:00:00+00:00
[2024-08-10 09:13:03,509] {scheduler_job.py:190} INFO - Processing /home/airflow/.local/lib/python3.6/site-packages/airflow/example_dags/example_skip_dag.py took 0.064 seconds
[2024-08-10 09:13:33,930] {scheduler_job.py:182} INFO - Started process (PID=6356) to work on /home/airflow/.local/lib/python3.6/site-packages/airflow/example_dags/example_skip_dag.py
[2024-08-10 09:13:33,931] {scheduler_job.py:629} INFO - Processing file /home/airflow/.local/lib/python3.6/site-packages/airflow/example_dags/example_skip_dag.py for tasks to queue
[2024-08-10 09:13:33,932] {logging_mixin.py:104} INFO - [2024-08-10 09:13:33,931] {dagbag.py:451} INFO - Filling up the DagBag from /home/airflow/.local/lib/python3.6/site-packages/airflow/example_dags/example_skip_dag.py
[2024-08-10 09:13:33,942] {scheduler_job.py:639} INFO - DAG(s) dict_keys(['example_skip_dag']) retrieved from /home/airflow/.local/lib/python3.6/site-packages/airflow/example_dags/example_skip_dag.py
[2024-08-10 09:13:33,963] {logging_mixin.py:104} INFO - [2024-08-10 09:13:33,962] {dag.py:1824} INFO - Sync 1 DAGs
[2024-08-10 09:13:33,977] {logging_mixin.py:104} INFO - [2024-08-10 09:13:33,977] {dag.py:2280} INFO - Setting next_dagrun for example_skip_dag to 2024-08-08 00:00:00+00:00
[2024-08-10 09:13:33,987] {scheduler_job.py:190} INFO - Processing /home/airflow/.local/lib/python3.6/site-packages/airflow/example_dags/example_skip_dag.py took 0.060 seconds
[2024-08-10 09:14:04,179] {scheduler_job.py:182} INFO - Started process (PID=6491) to work on /home/airflow/.local/lib/python3.6/site-packages/airflow/example_dags/example_skip_dag.py
[2024-08-10 09:14:04,180] {scheduler_job.py:629} INFO - Processing file /home/airflow/.local/lib/python3.6/site-packages/airflow/example_dags/example_skip_dag.py for tasks to queue
[2024-08-10 09:14:04,180] {logging_mixin.py:104} INFO - [2024-08-10 09:14:04,180] {dagbag.py:451} INFO - Filling up the DagBag from /home/airflow/.local/lib/python3.6/site-packages/airflow/example_dags/example_skip_dag.py
[2024-08-10 09:14:04,191] {scheduler_job.py:639} INFO - DAG(s) dict_keys(['example_skip_dag']) retrieved from /home/airflow/.local/lib/python3.6/site-packages/airflow/example_dags/example_skip_dag.py
[2024-08-10 09:14:04,211] {logging_mixin.py:104} INFO - [2024-08-10 09:14:04,211] {dag.py:1824} INFO - Sync 1 DAGs
[2024-08-10 09:14:04,225] {logging_mixin.py:104} INFO - [2024-08-10 09:14:04,224] {dag.py:2280} INFO - Setting next_dagrun for example_skip_dag to 2024-08-08 00:00:00+00:00
[2024-08-10 09:14:04,235] {scheduler_job.py:190} INFO - Processing /home/airflow/.local/lib/python3.6/site-packages/airflow/example_dags/example_skip_dag.py took 0.059 seconds
[2024-08-10 09:14:34,557] {scheduler_job.py:182} INFO - Started process (PID=6624) to work on /home/airflow/.local/lib/python3.6/site-packages/airflow/example_dags/example_skip_dag.py
[2024-08-10 09:14:34,558] {scheduler_job.py:629} INFO - Processing file /home/airflow/.local/lib/python3.6/site-packages/airflow/example_dags/example_skip_dag.py for tasks to queue
[2024-08-10 09:14:34,558] {logging_mixin.py:104} INFO - [2024-08-10 09:14:34,558] {dagbag.py:451} INFO - Filling up the DagBag from /home/airflow/.local/lib/python3.6/site-packages/airflow/example_dags/example_skip_dag.py
[2024-08-10 09:14:34,568] {scheduler_job.py:639} INFO - DAG(s) dict_keys(['example_skip_dag']) retrieved from /home/airflow/.local/lib/python3.6/site-packages/airflow/example_dags/example_skip_dag.py
[2024-08-10 09:14:34,589] {logging_mixin.py:104} INFO - [2024-08-10 09:14:34,589] {dag.py:1824} INFO - Sync 1 DAGs
[2024-08-10 09:14:34,607] {logging_mixin.py:104} INFO - [2024-08-10 09:14:34,607] {dag.py:2280} INFO - Setting next_dagrun for example_skip_dag to 2024-08-08 00:00:00+00:00
[2024-08-10 09:14:34,617] {scheduler_job.py:190} INFO - Processing /home/airflow/.local/lib/python3.6/site-packages/airflow/example_dags/example_skip_dag.py took 0.063 seconds
[2024-08-10 09:15:04,705] {scheduler_job.py:182} INFO - Started process (PID=6759) to work on /home/airflow/.local/lib/python3.6/site-packages/airflow/example_dags/example_skip_dag.py
[2024-08-10 09:15:04,706] {scheduler_job.py:629} INFO - Processing file /home/airflow/.local/lib/python3.6/site-packages/airflow/example_dags/example_skip_dag.py for tasks to queue
[2024-08-10 09:15:04,706] {logging_mixin.py:104} INFO - [2024-08-10 09:15:04,706] {dagbag.py:451} INFO - Filling up the DagBag from /home/airflow/.local/lib/python3.6/site-packages/airflow/example_dags/example_skip_dag.py
[2024-08-10 09:15:04,717] {scheduler_job.py:639} INFO - DAG(s) dict_keys(['example_skip_dag']) retrieved from /home/airflow/.local/lib/python3.6/site-packages/airflow/example_dags/example_skip_dag.py
[2024-08-10 09:15:04,738] {logging_mixin.py:104} INFO - [2024-08-10 09:15:04,738] {dag.py:1824} INFO - Sync 1 DAGs
[2024-08-10 09:15:04,751] {logging_mixin.py:104} INFO - [2024-08-10 09:15:04,751] {dag.py:2280} INFO - Setting next_dagrun for example_skip_dag to 2024-08-08 00:00:00+00:00
[2024-08-10 09:15:04,761] {scheduler_job.py:190} INFO - Processing /home/airflow/.local/lib/python3.6/site-packages/airflow/example_dags/example_skip_dag.py took 0.059 seconds
[2024-08-10 09:15:35,233] {scheduler_job.py:182} INFO - Started process (PID=6896) to work on /home/airflow/.local/lib/python3.6/site-packages/airflow/example_dags/example_skip_dag.py
[2024-08-10 09:15:35,234] {scheduler_job.py:629} INFO - Processing file /home/airflow/.local/lib/python3.6/site-packages/airflow/example_dags/example_skip_dag.py for tasks to queue
[2024-08-10 09:15:35,234] {logging_mixin.py:104} INFO - [2024-08-10 09:15:35,234] {dagbag.py:451} INFO - Filling up the DagBag from /home/airflow/.local/lib/python3.6/site-packages/airflow/example_dags/example_skip_dag.py
[2024-08-10 09:15:35,244] {scheduler_job.py:639} INFO - DAG(s) dict_keys(['example_skip_dag']) retrieved from /home/airflow/.local/lib/python3.6/site-packages/airflow/example_dags/example_skip_dag.py
[2024-08-10 09:15:35,264] {logging_mixin.py:104} INFO - [2024-08-10 09:15:35,264] {dag.py:1824} INFO - Sync 1 DAGs
[2024-08-10 09:15:35,279] {logging_mixin.py:104} INFO - [2024-08-10 09:15:35,279] {dag.py:2280} INFO - Setting next_dagrun for example_skip_dag to 2024-08-08 00:00:00+00:00
[2024-08-10 09:15:35,289] {scheduler_job.py:190} INFO - Processing /home/airflow/.local/lib/python3.6/site-packages/airflow/example_dags/example_skip_dag.py took 0.059 seconds
[2024-08-10 09:16:05,394] {scheduler_job.py:182} INFO - Started process (PID=7031) to work on /home/airflow/.local/lib/python3.6/site-packages/airflow/example_dags/example_skip_dag.py
[2024-08-10 09:16:05,395] {scheduler_job.py:629} INFO - Processing file /home/airflow/.local/lib/python3.6/site-packages/airflow/example_dags/example_skip_dag.py for tasks to queue
[2024-08-10 09:16:05,395] {logging_mixin.py:104} INFO - [2024-08-10 09:16:05,395] {dagbag.py:451} INFO - Filling up the DagBag from /home/airflow/.local/lib/python3.6/site-packages/airflow/example_dags/example_skip_dag.py
[2024-08-10 09:16:05,406] {scheduler_job.py:639} INFO - DAG(s) dict_keys(['example_skip_dag']) retrieved from /home/airflow/.local/lib/python3.6/site-packages/airflow/example_dags/example_skip_dag.py
[2024-08-10 09:16:05,426] {logging_mixin.py:104} INFO - [2024-08-10 09:16:05,426] {dag.py:1824} INFO - Sync 1 DAGs
[2024-08-10 09:16:05,441] {logging_mixin.py:104} INFO - [2024-08-10 09:16:05,440] {dag.py:2280} INFO - Setting next_dagrun for example_skip_dag to 2024-08-08 00:00:00+00:00
[2024-08-10 09:16:05,451] {scheduler_job.py:190} INFO - Processing /home/airflow/.local/lib/python3.6/site-packages/airflow/example_dags/example_skip_dag.py took 0.060 seconds
