[2024-08-10 08:42:12,461] {scheduler_job.py:182} INFO - Started process (PID=30481) to work on /home/airflow/.local/lib/python3.6/site-packages/airflow/example_dags/example_kubernetes_executor.py
[2024-08-10 08:42:12,462] {scheduler_job.py:629} INFO - Processing file /home/airflow/.local/lib/python3.6/site-packages/airflow/example_dags/example_kubernetes_executor.py for tasks to queue
[2024-08-10 08:42:12,463] {logging_mixin.py:104} INFO - [2024-08-10 08:42:12,463] {dagbag.py:451} INFO - Filling up the DagBag from /home/airflow/.local/lib/python3.6/site-packages/airflow/example_dags/example_kubernetes_executor.py
[2024-08-10 08:42:12,474] {scheduler_job.py:639} INFO - DAG(s) dict_keys(['example_kubernetes_executor']) retrieved from /home/airflow/.local/lib/python3.6/site-packages/airflow/example_dags/example_kubernetes_executor.py
[2024-08-10 08:42:12,494] {logging_mixin.py:104} INFO - [2024-08-10 08:42:12,494] {dag.py:1824} INFO - Sync 1 DAGs
[2024-08-10 08:42:12,507] {logging_mixin.py:104} INFO - [2024-08-10 08:42:12,507] {dag.py:2280} INFO - Setting next_dagrun for example_kubernetes_executor to None
[2024-08-10 08:42:12,517] {scheduler_job.py:190} INFO - Processing /home/airflow/.local/lib/python3.6/site-packages/airflow/example_dags/example_kubernetes_executor.py took 0.059 seconds
[2024-08-10 08:42:43,029] {scheduler_job.py:182} INFO - Started process (PID=30625) to work on /home/airflow/.local/lib/python3.6/site-packages/airflow/example_dags/example_kubernetes_executor.py
[2024-08-10 08:42:43,030] {scheduler_job.py:629} INFO - Processing file /home/airflow/.local/lib/python3.6/site-packages/airflow/example_dags/example_kubernetes_executor.py for tasks to queue
[2024-08-10 08:42:43,030] {logging_mixin.py:104} INFO - [2024-08-10 08:42:43,030] {dagbag.py:451} INFO - Filling up the DagBag from /home/airflow/.local/lib/python3.6/site-packages/airflow/example_dags/example_kubernetes_executor.py
[2024-08-10 08:42:43,046] {scheduler_job.py:639} INFO - DAG(s) dict_keys(['example_kubernetes_executor']) retrieved from /home/airflow/.local/lib/python3.6/site-packages/airflow/example_dags/example_kubernetes_executor.py
[2024-08-10 08:42:43,069] {logging_mixin.py:104} INFO - [2024-08-10 08:42:43,069] {dag.py:1824} INFO - Sync 1 DAGs
[2024-08-10 08:42:43,083] {logging_mixin.py:104} INFO - [2024-08-10 08:42:43,082] {dag.py:2280} INFO - Setting next_dagrun for example_kubernetes_executor to None
[2024-08-10 08:42:43,093] {scheduler_job.py:190} INFO - Processing /home/airflow/.local/lib/python3.6/site-packages/airflow/example_dags/example_kubernetes_executor.py took 0.068 seconds
[2024-08-10 08:43:13,468] {scheduler_job.py:182} INFO - Started process (PID=30752) to work on /home/airflow/.local/lib/python3.6/site-packages/airflow/example_dags/example_kubernetes_executor.py
[2024-08-10 08:43:13,469] {scheduler_job.py:629} INFO - Processing file /home/airflow/.local/lib/python3.6/site-packages/airflow/example_dags/example_kubernetes_executor.py for tasks to queue
[2024-08-10 08:43:13,470] {logging_mixin.py:104} INFO - [2024-08-10 08:43:13,470] {dagbag.py:451} INFO - Filling up the DagBag from /home/airflow/.local/lib/python3.6/site-packages/airflow/example_dags/example_kubernetes_executor.py
[2024-08-10 08:43:13,483] {scheduler_job.py:639} INFO - DAG(s) dict_keys(['example_kubernetes_executor']) retrieved from /home/airflow/.local/lib/python3.6/site-packages/airflow/example_dags/example_kubernetes_executor.py
[2024-08-10 08:43:13,506] {logging_mixin.py:104} INFO - [2024-08-10 08:43:13,505] {dag.py:1824} INFO - Sync 1 DAGs
[2024-08-10 08:43:13,521] {logging_mixin.py:104} INFO - [2024-08-10 08:43:13,521] {dag.py:2280} INFO - Setting next_dagrun for example_kubernetes_executor to None
[2024-08-10 08:43:13,532] {scheduler_job.py:190} INFO - Processing /home/airflow/.local/lib/python3.6/site-packages/airflow/example_dags/example_kubernetes_executor.py took 0.066 seconds
[2024-08-10 08:43:43,921] {scheduler_job.py:182} INFO - Started process (PID=30902) to work on /home/airflow/.local/lib/python3.6/site-packages/airflow/example_dags/example_kubernetes_executor.py
[2024-08-10 08:43:43,923] {scheduler_job.py:629} INFO - Processing file /home/airflow/.local/lib/python3.6/site-packages/airflow/example_dags/example_kubernetes_executor.py for tasks to queue
[2024-08-10 08:43:43,925] {logging_mixin.py:104} INFO - [2024-08-10 08:43:43,924] {dagbag.py:451} INFO - Filling up the DagBag from /home/airflow/.local/lib/python3.6/site-packages/airflow/example_dags/example_kubernetes_executor.py
[2024-08-10 08:43:43,949] {scheduler_job.py:639} INFO - DAG(s) dict_keys(['example_kubernetes_executor']) retrieved from /home/airflow/.local/lib/python3.6/site-packages/airflow/example_dags/example_kubernetes_executor.py
[2024-08-10 08:43:43,991] {logging_mixin.py:104} INFO - [2024-08-10 08:43:43,991] {dag.py:1824} INFO - Sync 1 DAGs
[2024-08-10 08:43:44,017] {logging_mixin.py:104} INFO - [2024-08-10 08:43:44,017] {dag.py:2280} INFO - Setting next_dagrun for example_kubernetes_executor to None
[2024-08-10 08:43:44,036] {scheduler_job.py:190} INFO - Processing /home/airflow/.local/lib/python3.6/site-packages/airflow/example_dags/example_kubernetes_executor.py took 0.121 seconds
[2024-08-10 08:44:14,098] {scheduler_job.py:182} INFO - Started process (PID=31050) to work on /home/airflow/.local/lib/python3.6/site-packages/airflow/example_dags/example_kubernetes_executor.py
[2024-08-10 08:44:14,100] {scheduler_job.py:629} INFO - Processing file /home/airflow/.local/lib/python3.6/site-packages/airflow/example_dags/example_kubernetes_executor.py for tasks to queue
[2024-08-10 08:44:14,100] {logging_mixin.py:104} INFO - [2024-08-10 08:44:14,100] {dagbag.py:451} INFO - Filling up the DagBag from /home/airflow/.local/lib/python3.6/site-packages/airflow/example_dags/example_kubernetes_executor.py
[2024-08-10 08:44:14,124] {scheduler_job.py:639} INFO - DAG(s) dict_keys(['example_kubernetes_executor']) retrieved from /home/airflow/.local/lib/python3.6/site-packages/airflow/example_dags/example_kubernetes_executor.py
[2024-08-10 08:44:14,153] {logging_mixin.py:104} INFO - [2024-08-10 08:44:14,152] {dag.py:1824} INFO - Sync 1 DAGs
[2024-08-10 08:44:14,177] {logging_mixin.py:104} INFO - [2024-08-10 08:44:14,177] {dag.py:2280} INFO - Setting next_dagrun for example_kubernetes_executor to None
[2024-08-10 08:44:14,193] {scheduler_job.py:190} INFO - Processing /home/airflow/.local/lib/python3.6/site-packages/airflow/example_dags/example_kubernetes_executor.py took 0.098 seconds
[2024-08-10 08:44:45,120] {scheduler_job.py:182} INFO - Started process (PID=31178) to work on /home/airflow/.local/lib/python3.6/site-packages/airflow/example_dags/example_kubernetes_executor.py
[2024-08-10 08:44:45,122] {scheduler_job.py:629} INFO - Processing file /home/airflow/.local/lib/python3.6/site-packages/airflow/example_dags/example_kubernetes_executor.py for tasks to queue
[2024-08-10 08:44:45,123] {logging_mixin.py:104} INFO - [2024-08-10 08:44:45,123] {dagbag.py:451} INFO - Filling up the DagBag from /home/airflow/.local/lib/python3.6/site-packages/airflow/example_dags/example_kubernetes_executor.py
[2024-08-10 08:44:45,142] {scheduler_job.py:639} INFO - DAG(s) dict_keys(['example_kubernetes_executor']) retrieved from /home/airflow/.local/lib/python3.6/site-packages/airflow/example_dags/example_kubernetes_executor.py
[2024-08-10 08:44:45,163] {logging_mixin.py:104} INFO - [2024-08-10 08:44:45,163] {dag.py:1824} INFO - Sync 1 DAGs
[2024-08-10 08:44:45,178] {logging_mixin.py:104} INFO - [2024-08-10 08:44:45,178] {dag.py:2280} INFO - Setting next_dagrun for example_kubernetes_executor to None
[2024-08-10 08:44:45,188] {scheduler_job.py:190} INFO - Processing /home/airflow/.local/lib/python3.6/site-packages/airflow/example_dags/example_kubernetes_executor.py took 0.075 seconds
[2024-08-10 08:45:15,595] {scheduler_job.py:182} INFO - Started process (PID=31293) to work on /home/airflow/.local/lib/python3.6/site-packages/airflow/example_dags/example_kubernetes_executor.py
[2024-08-10 08:45:15,596] {scheduler_job.py:629} INFO - Processing file /home/airflow/.local/lib/python3.6/site-packages/airflow/example_dags/example_kubernetes_executor.py for tasks to queue
[2024-08-10 08:45:15,597] {logging_mixin.py:104} INFO - [2024-08-10 08:45:15,597] {dagbag.py:451} INFO - Filling up the DagBag from /home/airflow/.local/lib/python3.6/site-packages/airflow/example_dags/example_kubernetes_executor.py
[2024-08-10 08:45:15,617] {scheduler_job.py:639} INFO - DAG(s) dict_keys(['example_kubernetes_executor']) retrieved from /home/airflow/.local/lib/python3.6/site-packages/airflow/example_dags/example_kubernetes_executor.py
[2024-08-10 08:45:15,653] {logging_mixin.py:104} INFO - [2024-08-10 08:45:15,652] {dag.py:1824} INFO - Sync 1 DAGs
[2024-08-10 08:45:15,674] {logging_mixin.py:104} INFO - [2024-08-10 08:45:15,674] {dag.py:2280} INFO - Setting next_dagrun for example_kubernetes_executor to None
[2024-08-10 08:45:15,688] {scheduler_job.py:190} INFO - Processing /home/airflow/.local/lib/python3.6/site-packages/airflow/example_dags/example_kubernetes_executor.py took 0.096 seconds
[2024-08-10 08:45:46,198] {scheduler_job.py:182} INFO - Started process (PID=31423) to work on /home/airflow/.local/lib/python3.6/site-packages/airflow/example_dags/example_kubernetes_executor.py
[2024-08-10 08:45:46,200] {scheduler_job.py:629} INFO - Processing file /home/airflow/.local/lib/python3.6/site-packages/airflow/example_dags/example_kubernetes_executor.py for tasks to queue
[2024-08-10 08:45:46,201] {logging_mixin.py:104} INFO - [2024-08-10 08:45:46,201] {dagbag.py:451} INFO - Filling up the DagBag from /home/airflow/.local/lib/python3.6/site-packages/airflow/example_dags/example_kubernetes_executor.py
[2024-08-10 08:45:46,212] {scheduler_job.py:639} INFO - DAG(s) dict_keys(['example_kubernetes_executor']) retrieved from /home/airflow/.local/lib/python3.6/site-packages/airflow/example_dags/example_kubernetes_executor.py
[2024-08-10 08:45:46,235] {logging_mixin.py:104} INFO - [2024-08-10 08:45:46,235] {dag.py:1824} INFO - Sync 1 DAGs
[2024-08-10 08:45:46,250] {logging_mixin.py:104} INFO - [2024-08-10 08:45:46,250] {dag.py:2280} INFO - Setting next_dagrun for example_kubernetes_executor to None
[2024-08-10 08:45:46,261] {scheduler_job.py:190} INFO - Processing /home/airflow/.local/lib/python3.6/site-packages/airflow/example_dags/example_kubernetes_executor.py took 0.065 seconds
[2024-08-10 08:46:16,537] {scheduler_job.py:182} INFO - Started process (PID=31558) to work on /home/airflow/.local/lib/python3.6/site-packages/airflow/example_dags/example_kubernetes_executor.py
[2024-08-10 08:46:16,538] {scheduler_job.py:629} INFO - Processing file /home/airflow/.local/lib/python3.6/site-packages/airflow/example_dags/example_kubernetes_executor.py for tasks to queue
[2024-08-10 08:46:16,539] {logging_mixin.py:104} INFO - [2024-08-10 08:46:16,539] {dagbag.py:451} INFO - Filling up the DagBag from /home/airflow/.local/lib/python3.6/site-packages/airflow/example_dags/example_kubernetes_executor.py
[2024-08-10 08:46:16,551] {scheduler_job.py:639} INFO - DAG(s) dict_keys(['example_kubernetes_executor']) retrieved from /home/airflow/.local/lib/python3.6/site-packages/airflow/example_dags/example_kubernetes_executor.py
[2024-08-10 08:46:16,572] {logging_mixin.py:104} INFO - [2024-08-10 08:46:16,572] {dag.py:1824} INFO - Sync 1 DAGs
[2024-08-10 08:46:16,588] {logging_mixin.py:104} INFO - [2024-08-10 08:46:16,588] {dag.py:2280} INFO - Setting next_dagrun for example_kubernetes_executor to None
[2024-08-10 08:46:16,597] {scheduler_job.py:190} INFO - Processing /home/airflow/.local/lib/python3.6/site-packages/airflow/example_dags/example_kubernetes_executor.py took 0.064 seconds
[2024-08-10 08:46:47,136] {scheduler_job.py:182} INFO - Started process (PID=31703) to work on /home/airflow/.local/lib/python3.6/site-packages/airflow/example_dags/example_kubernetes_executor.py
[2024-08-10 08:46:47,137] {scheduler_job.py:629} INFO - Processing file /home/airflow/.local/lib/python3.6/site-packages/airflow/example_dags/example_kubernetes_executor.py for tasks to queue
[2024-08-10 08:46:47,138] {logging_mixin.py:104} INFO - [2024-08-10 08:46:47,138] {dagbag.py:451} INFO - Filling up the DagBag from /home/airflow/.local/lib/python3.6/site-packages/airflow/example_dags/example_kubernetes_executor.py
[2024-08-10 08:46:47,155] {scheduler_job.py:639} INFO - DAG(s) dict_keys(['example_kubernetes_executor']) retrieved from /home/airflow/.local/lib/python3.6/site-packages/airflow/example_dags/example_kubernetes_executor.py
[2024-08-10 08:46:47,184] {logging_mixin.py:104} INFO - [2024-08-10 08:46:47,184] {dag.py:1824} INFO - Sync 1 DAGs
[2024-08-10 08:46:47,204] {logging_mixin.py:104} INFO - [2024-08-10 08:46:47,204] {dag.py:2280} INFO - Setting next_dagrun for example_kubernetes_executor to None
[2024-08-10 08:46:47,214] {scheduler_job.py:190} INFO - Processing /home/airflow/.local/lib/python3.6/site-packages/airflow/example_dags/example_kubernetes_executor.py took 0.083 seconds
[2024-08-10 08:47:17,619] {scheduler_job.py:182} INFO - Started process (PID=31843) to work on /home/airflow/.local/lib/python3.6/site-packages/airflow/example_dags/example_kubernetes_executor.py
[2024-08-10 08:47:17,620] {scheduler_job.py:629} INFO - Processing file /home/airflow/.local/lib/python3.6/site-packages/airflow/example_dags/example_kubernetes_executor.py for tasks to queue
[2024-08-10 08:47:17,621] {logging_mixin.py:104} INFO - [2024-08-10 08:47:17,621] {dagbag.py:451} INFO - Filling up the DagBag from /home/airflow/.local/lib/python3.6/site-packages/airflow/example_dags/example_kubernetes_executor.py
[2024-08-10 08:47:17,633] {scheduler_job.py:639} INFO - DAG(s) dict_keys(['example_kubernetes_executor']) retrieved from /home/airflow/.local/lib/python3.6/site-packages/airflow/example_dags/example_kubernetes_executor.py
[2024-08-10 08:47:17,652] {logging_mixin.py:104} INFO - [2024-08-10 08:47:17,652] {dag.py:1824} INFO - Sync 1 DAGs
[2024-08-10 08:47:17,669] {logging_mixin.py:104} INFO - [2024-08-10 08:47:17,669] {dag.py:2280} INFO - Setting next_dagrun for example_kubernetes_executor to None
[2024-08-10 08:47:17,683] {scheduler_job.py:190} INFO - Processing /home/airflow/.local/lib/python3.6/site-packages/airflow/example_dags/example_kubernetes_executor.py took 0.067 seconds
[2024-08-10 08:47:47,885] {scheduler_job.py:182} INFO - Started process (PID=31968) to work on /home/airflow/.local/lib/python3.6/site-packages/airflow/example_dags/example_kubernetes_executor.py
[2024-08-10 08:47:47,886] {scheduler_job.py:629} INFO - Processing file /home/airflow/.local/lib/python3.6/site-packages/airflow/example_dags/example_kubernetes_executor.py for tasks to queue
[2024-08-10 08:47:47,887] {logging_mixin.py:104} INFO - [2024-08-10 08:47:47,887] {dagbag.py:451} INFO - Filling up the DagBag from /home/airflow/.local/lib/python3.6/site-packages/airflow/example_dags/example_kubernetes_executor.py
[2024-08-10 08:47:47,900] {scheduler_job.py:639} INFO - DAG(s) dict_keys(['example_kubernetes_executor']) retrieved from /home/airflow/.local/lib/python3.6/site-packages/airflow/example_dags/example_kubernetes_executor.py
[2024-08-10 08:47:47,920] {logging_mixin.py:104} INFO - [2024-08-10 08:47:47,919] {dag.py:1824} INFO - Sync 1 DAGs
[2024-08-10 08:47:47,934] {logging_mixin.py:104} INFO - [2024-08-10 08:47:47,934] {dag.py:2280} INFO - Setting next_dagrun for example_kubernetes_executor to None
[2024-08-10 08:47:47,943] {scheduler_job.py:190} INFO - Processing /home/airflow/.local/lib/python3.6/site-packages/airflow/example_dags/example_kubernetes_executor.py took 0.061 seconds
[2024-08-10 08:48:18,437] {scheduler_job.py:182} INFO - Started process (PID=32115) to work on /home/airflow/.local/lib/python3.6/site-packages/airflow/example_dags/example_kubernetes_executor.py
[2024-08-10 08:48:18,439] {scheduler_job.py:629} INFO - Processing file /home/airflow/.local/lib/python3.6/site-packages/airflow/example_dags/example_kubernetes_executor.py for tasks to queue
[2024-08-10 08:48:18,439] {logging_mixin.py:104} INFO - [2024-08-10 08:48:18,439] {dagbag.py:451} INFO - Filling up the DagBag from /home/airflow/.local/lib/python3.6/site-packages/airflow/example_dags/example_kubernetes_executor.py
[2024-08-10 08:48:18,453] {scheduler_job.py:639} INFO - DAG(s) dict_keys(['example_kubernetes_executor']) retrieved from /home/airflow/.local/lib/python3.6/site-packages/airflow/example_dags/example_kubernetes_executor.py
[2024-08-10 08:48:18,472] {logging_mixin.py:104} INFO - [2024-08-10 08:48:18,472] {dag.py:1824} INFO - Sync 1 DAGs
[2024-08-10 08:48:18,487] {logging_mixin.py:104} INFO - [2024-08-10 08:48:18,487] {dag.py:2280} INFO - Setting next_dagrun for example_kubernetes_executor to None
[2024-08-10 08:48:18,498] {scheduler_job.py:190} INFO - Processing /home/airflow/.local/lib/python3.6/site-packages/airflow/example_dags/example_kubernetes_executor.py took 0.064 seconds
[2024-08-10 08:48:48,795] {scheduler_job.py:182} INFO - Started process (PID=32260) to work on /home/airflow/.local/lib/python3.6/site-packages/airflow/example_dags/example_kubernetes_executor.py
[2024-08-10 08:48:48,797] {scheduler_job.py:629} INFO - Processing file /home/airflow/.local/lib/python3.6/site-packages/airflow/example_dags/example_kubernetes_executor.py for tasks to queue
[2024-08-10 08:48:48,797] {logging_mixin.py:104} INFO - [2024-08-10 08:48:48,797] {dagbag.py:451} INFO - Filling up the DagBag from /home/airflow/.local/lib/python3.6/site-packages/airflow/example_dags/example_kubernetes_executor.py
[2024-08-10 08:48:48,809] {scheduler_job.py:639} INFO - DAG(s) dict_keys(['example_kubernetes_executor']) retrieved from /home/airflow/.local/lib/python3.6/site-packages/airflow/example_dags/example_kubernetes_executor.py
[2024-08-10 08:48:48,830] {logging_mixin.py:104} INFO - [2024-08-10 08:48:48,830] {dag.py:1824} INFO - Sync 1 DAGs
[2024-08-10 08:48:48,845] {logging_mixin.py:104} INFO - [2024-08-10 08:48:48,845] {dag.py:2280} INFO - Setting next_dagrun for example_kubernetes_executor to None
[2024-08-10 08:48:48,856] {scheduler_job.py:190} INFO - Processing /home/airflow/.local/lib/python3.6/site-packages/airflow/example_dags/example_kubernetes_executor.py took 0.064 seconds
[2024-08-10 08:49:19,137] {scheduler_job.py:182} INFO - Started process (PID=32357) to work on /home/airflow/.local/lib/python3.6/site-packages/airflow/example_dags/example_kubernetes_executor.py
[2024-08-10 08:49:19,138] {scheduler_job.py:629} INFO - Processing file /home/airflow/.local/lib/python3.6/site-packages/airflow/example_dags/example_kubernetes_executor.py for tasks to queue
[2024-08-10 08:49:19,138] {logging_mixin.py:104} INFO - [2024-08-10 08:49:19,138] {dagbag.py:451} INFO - Filling up the DagBag from /home/airflow/.local/lib/python3.6/site-packages/airflow/example_dags/example_kubernetes_executor.py
[2024-08-10 08:49:19,149] {scheduler_job.py:639} INFO - DAG(s) dict_keys(['example_kubernetes_executor']) retrieved from /home/airflow/.local/lib/python3.6/site-packages/airflow/example_dags/example_kubernetes_executor.py
[2024-08-10 08:49:19,169] {logging_mixin.py:104} INFO - [2024-08-10 08:49:19,169] {dag.py:1824} INFO - Sync 1 DAGs
[2024-08-10 08:49:19,183] {logging_mixin.py:104} INFO - [2024-08-10 08:49:19,183] {dag.py:2280} INFO - Setting next_dagrun for example_kubernetes_executor to None
[2024-08-10 08:49:19,193] {scheduler_job.py:190} INFO - Processing /home/airflow/.local/lib/python3.6/site-packages/airflow/example_dags/example_kubernetes_executor.py took 0.059 seconds
[2024-08-10 08:49:49,361] {scheduler_job.py:182} INFO - Started process (PID=32491) to work on /home/airflow/.local/lib/python3.6/site-packages/airflow/example_dags/example_kubernetes_executor.py
[2024-08-10 08:49:49,362] {scheduler_job.py:629} INFO - Processing file /home/airflow/.local/lib/python3.6/site-packages/airflow/example_dags/example_kubernetes_executor.py for tasks to queue
[2024-08-10 08:49:49,363] {logging_mixin.py:104} INFO - [2024-08-10 08:49:49,363] {dagbag.py:451} INFO - Filling up the DagBag from /home/airflow/.local/lib/python3.6/site-packages/airflow/example_dags/example_kubernetes_executor.py
[2024-08-10 08:49:49,375] {scheduler_job.py:639} INFO - DAG(s) dict_keys(['example_kubernetes_executor']) retrieved from /home/airflow/.local/lib/python3.6/site-packages/airflow/example_dags/example_kubernetes_executor.py
[2024-08-10 08:49:49,395] {logging_mixin.py:104} INFO - [2024-08-10 08:49:49,395] {dag.py:1824} INFO - Sync 1 DAGs
[2024-08-10 08:49:49,410] {logging_mixin.py:104} INFO - [2024-08-10 08:49:49,410] {dag.py:2280} INFO - Setting next_dagrun for example_kubernetes_executor to None
[2024-08-10 08:49:49,420] {scheduler_job.py:190} INFO - Processing /home/airflow/.local/lib/python3.6/site-packages/airflow/example_dags/example_kubernetes_executor.py took 0.062 seconds
[2024-08-10 08:50:19,573] {scheduler_job.py:182} INFO - Started process (PID=32626) to work on /home/airflow/.local/lib/python3.6/site-packages/airflow/example_dags/example_kubernetes_executor.py
[2024-08-10 08:50:19,574] {scheduler_job.py:629} INFO - Processing file /home/airflow/.local/lib/python3.6/site-packages/airflow/example_dags/example_kubernetes_executor.py for tasks to queue
[2024-08-10 08:50:19,575] {logging_mixin.py:104} INFO - [2024-08-10 08:50:19,575] {dagbag.py:451} INFO - Filling up the DagBag from /home/airflow/.local/lib/python3.6/site-packages/airflow/example_dags/example_kubernetes_executor.py
[2024-08-10 08:50:19,586] {scheduler_job.py:639} INFO - DAG(s) dict_keys(['example_kubernetes_executor']) retrieved from /home/airflow/.local/lib/python3.6/site-packages/airflow/example_dags/example_kubernetes_executor.py
[2024-08-10 08:50:19,606] {logging_mixin.py:104} INFO - [2024-08-10 08:50:19,606] {dag.py:1824} INFO - Sync 1 DAGs
[2024-08-10 08:50:19,619] {logging_mixin.py:104} INFO - [2024-08-10 08:50:19,619] {dag.py:2280} INFO - Setting next_dagrun for example_kubernetes_executor to None
[2024-08-10 08:50:19,628] {scheduler_job.py:190} INFO - Processing /home/airflow/.local/lib/python3.6/site-packages/airflow/example_dags/example_kubernetes_executor.py took 0.057 seconds
[2024-08-10 08:50:49,838] {scheduler_job.py:182} INFO - Started process (PID=32762) to work on /home/airflow/.local/lib/python3.6/site-packages/airflow/example_dags/example_kubernetes_executor.py
[2024-08-10 08:50:49,839] {scheduler_job.py:629} INFO - Processing file /home/airflow/.local/lib/python3.6/site-packages/airflow/example_dags/example_kubernetes_executor.py for tasks to queue
[2024-08-10 08:50:49,840] {logging_mixin.py:104} INFO - [2024-08-10 08:50:49,840] {dagbag.py:451} INFO - Filling up the DagBag from /home/airflow/.local/lib/python3.6/site-packages/airflow/example_dags/example_kubernetes_executor.py
[2024-08-10 08:50:49,850] {scheduler_job.py:639} INFO - DAG(s) dict_keys(['example_kubernetes_executor']) retrieved from /home/airflow/.local/lib/python3.6/site-packages/airflow/example_dags/example_kubernetes_executor.py
[2024-08-10 08:50:49,870] {logging_mixin.py:104} INFO - [2024-08-10 08:50:49,870] {dag.py:1824} INFO - Sync 1 DAGs
[2024-08-10 08:50:49,885] {logging_mixin.py:104} INFO - [2024-08-10 08:50:49,885] {dag.py:2280} INFO - Setting next_dagrun for example_kubernetes_executor to None
[2024-08-10 08:50:49,896] {scheduler_job.py:190} INFO - Processing /home/airflow/.local/lib/python3.6/site-packages/airflow/example_dags/example_kubernetes_executor.py took 0.061 seconds
[2024-08-10 08:51:19,948] {scheduler_job.py:182} INFO - Started process (PID=424) to work on /home/airflow/.local/lib/python3.6/site-packages/airflow/example_dags/example_kubernetes_executor.py
[2024-08-10 08:51:19,949] {scheduler_job.py:629} INFO - Processing file /home/airflow/.local/lib/python3.6/site-packages/airflow/example_dags/example_kubernetes_executor.py for tasks to queue
[2024-08-10 08:51:19,949] {logging_mixin.py:104} INFO - [2024-08-10 08:51:19,949] {dagbag.py:451} INFO - Filling up the DagBag from /home/airflow/.local/lib/python3.6/site-packages/airflow/example_dags/example_kubernetes_executor.py
[2024-08-10 08:51:19,960] {scheduler_job.py:639} INFO - DAG(s) dict_keys(['example_kubernetes_executor']) retrieved from /home/airflow/.local/lib/python3.6/site-packages/airflow/example_dags/example_kubernetes_executor.py
[2024-08-10 08:51:19,980] {logging_mixin.py:104} INFO - [2024-08-10 08:51:19,980] {dag.py:1824} INFO - Sync 1 DAGs
[2024-08-10 08:51:19,993] {logging_mixin.py:104} INFO - [2024-08-10 08:51:19,993] {dag.py:2280} INFO - Setting next_dagrun for example_kubernetes_executor to None
[2024-08-10 08:51:20,002] {scheduler_job.py:190} INFO - Processing /home/airflow/.local/lib/python3.6/site-packages/airflow/example_dags/example_kubernetes_executor.py took 0.057 seconds
[2024-08-10 08:51:50,233] {scheduler_job.py:182} INFO - Started process (PID=563) to work on /home/airflow/.local/lib/python3.6/site-packages/airflow/example_dags/example_kubernetes_executor.py
[2024-08-10 08:51:50,234] {scheduler_job.py:629} INFO - Processing file /home/airflow/.local/lib/python3.6/site-packages/airflow/example_dags/example_kubernetes_executor.py for tasks to queue
[2024-08-10 08:51:50,234] {logging_mixin.py:104} INFO - [2024-08-10 08:51:50,234] {dagbag.py:451} INFO - Filling up the DagBag from /home/airflow/.local/lib/python3.6/site-packages/airflow/example_dags/example_kubernetes_executor.py
[2024-08-10 08:51:50,246] {scheduler_job.py:639} INFO - DAG(s) dict_keys(['example_kubernetes_executor']) retrieved from /home/airflow/.local/lib/python3.6/site-packages/airflow/example_dags/example_kubernetes_executor.py
[2024-08-10 08:51:50,266] {logging_mixin.py:104} INFO - [2024-08-10 08:51:50,266] {dag.py:1824} INFO - Sync 1 DAGs
[2024-08-10 08:51:50,279] {logging_mixin.py:104} INFO - [2024-08-10 08:51:50,279] {dag.py:2280} INFO - Setting next_dagrun for example_kubernetes_executor to None
[2024-08-10 08:51:50,289] {scheduler_job.py:190} INFO - Processing /home/airflow/.local/lib/python3.6/site-packages/airflow/example_dags/example_kubernetes_executor.py took 0.059 seconds
[2024-08-10 08:52:20,457] {scheduler_job.py:182} INFO - Started process (PID=699) to work on /home/airflow/.local/lib/python3.6/site-packages/airflow/example_dags/example_kubernetes_executor.py
[2024-08-10 08:52:20,458] {scheduler_job.py:629} INFO - Processing file /home/airflow/.local/lib/python3.6/site-packages/airflow/example_dags/example_kubernetes_executor.py for tasks to queue
[2024-08-10 08:52:20,459] {logging_mixin.py:104} INFO - [2024-08-10 08:52:20,458] {dagbag.py:451} INFO - Filling up the DagBag from /home/airflow/.local/lib/python3.6/site-packages/airflow/example_dags/example_kubernetes_executor.py
[2024-08-10 08:52:20,471] {scheduler_job.py:639} INFO - DAG(s) dict_keys(['example_kubernetes_executor']) retrieved from /home/airflow/.local/lib/python3.6/site-packages/airflow/example_dags/example_kubernetes_executor.py
[2024-08-10 08:52:20,490] {logging_mixin.py:104} INFO - [2024-08-10 08:52:20,490] {dag.py:1824} INFO - Sync 1 DAGs
[2024-08-10 08:52:20,503] {logging_mixin.py:104} INFO - [2024-08-10 08:52:20,503] {dag.py:2280} INFO - Setting next_dagrun for example_kubernetes_executor to None
[2024-08-10 08:52:20,514] {scheduler_job.py:190} INFO - Processing /home/airflow/.local/lib/python3.6/site-packages/airflow/example_dags/example_kubernetes_executor.py took 0.059 seconds
[2024-08-10 08:52:50,578] {scheduler_job.py:182} INFO - Started process (PID=829) to work on /home/airflow/.local/lib/python3.6/site-packages/airflow/example_dags/example_kubernetes_executor.py
[2024-08-10 08:52:50,579] {scheduler_job.py:629} INFO - Processing file /home/airflow/.local/lib/python3.6/site-packages/airflow/example_dags/example_kubernetes_executor.py for tasks to queue
[2024-08-10 08:52:50,579] {logging_mixin.py:104} INFO - [2024-08-10 08:52:50,579] {dagbag.py:451} INFO - Filling up the DagBag from /home/airflow/.local/lib/python3.6/site-packages/airflow/example_dags/example_kubernetes_executor.py
[2024-08-10 08:52:50,591] {scheduler_job.py:639} INFO - DAG(s) dict_keys(['example_kubernetes_executor']) retrieved from /home/airflow/.local/lib/python3.6/site-packages/airflow/example_dags/example_kubernetes_executor.py
[2024-08-10 08:52:50,610] {logging_mixin.py:104} INFO - [2024-08-10 08:52:50,610] {dag.py:1824} INFO - Sync 1 DAGs
[2024-08-10 08:52:50,624] {logging_mixin.py:104} INFO - [2024-08-10 08:52:50,623] {dag.py:2280} INFO - Setting next_dagrun for example_kubernetes_executor to None
[2024-08-10 08:52:50,633] {scheduler_job.py:190} INFO - Processing /home/airflow/.local/lib/python3.6/site-packages/airflow/example_dags/example_kubernetes_executor.py took 0.058 seconds
[2024-08-10 08:53:20,680] {scheduler_job.py:182} INFO - Started process (PID=964) to work on /home/airflow/.local/lib/python3.6/site-packages/airflow/example_dags/example_kubernetes_executor.py
[2024-08-10 08:53:20,681] {scheduler_job.py:629} INFO - Processing file /home/airflow/.local/lib/python3.6/site-packages/airflow/example_dags/example_kubernetes_executor.py for tasks to queue
[2024-08-10 08:53:20,682] {logging_mixin.py:104} INFO - [2024-08-10 08:53:20,681] {dagbag.py:451} INFO - Filling up the DagBag from /home/airflow/.local/lib/python3.6/site-packages/airflow/example_dags/example_kubernetes_executor.py
[2024-08-10 08:53:20,693] {scheduler_job.py:639} INFO - DAG(s) dict_keys(['example_kubernetes_executor']) retrieved from /home/airflow/.local/lib/python3.6/site-packages/airflow/example_dags/example_kubernetes_executor.py
[2024-08-10 08:53:20,745] {logging_mixin.py:104} INFO - [2024-08-10 08:53:20,745] {dag.py:1824} INFO - Sync 1 DAGs
[2024-08-10 08:53:20,761] {logging_mixin.py:104} INFO - [2024-08-10 08:53:20,761] {dag.py:2280} INFO - Setting next_dagrun for example_kubernetes_executor to None
[2024-08-10 08:53:20,772] {scheduler_job.py:190} INFO - Processing /home/airflow/.local/lib/python3.6/site-packages/airflow/example_dags/example_kubernetes_executor.py took 0.096 seconds
[2024-08-10 08:53:50,803] {scheduler_job.py:182} INFO - Started process (PID=1099) to work on /home/airflow/.local/lib/python3.6/site-packages/airflow/example_dags/example_kubernetes_executor.py
[2024-08-10 08:53:50,804] {scheduler_job.py:629} INFO - Processing file /home/airflow/.local/lib/python3.6/site-packages/airflow/example_dags/example_kubernetes_executor.py for tasks to queue
[2024-08-10 08:53:50,805] {logging_mixin.py:104} INFO - [2024-08-10 08:53:50,805] {dagbag.py:451} INFO - Filling up the DagBag from /home/airflow/.local/lib/python3.6/site-packages/airflow/example_dags/example_kubernetes_executor.py
[2024-08-10 08:53:50,816] {scheduler_job.py:639} INFO - DAG(s) dict_keys(['example_kubernetes_executor']) retrieved from /home/airflow/.local/lib/python3.6/site-packages/airflow/example_dags/example_kubernetes_executor.py
[2024-08-10 08:53:50,834] {logging_mixin.py:104} INFO - [2024-08-10 08:53:50,834] {dag.py:1824} INFO - Sync 1 DAGs
[2024-08-10 08:53:50,848] {logging_mixin.py:104} INFO - [2024-08-10 08:53:50,848] {dag.py:2280} INFO - Setting next_dagrun for example_kubernetes_executor to None
[2024-08-10 08:53:50,858] {scheduler_job.py:190} INFO - Processing /home/airflow/.local/lib/python3.6/site-packages/airflow/example_dags/example_kubernetes_executor.py took 0.058 seconds
[2024-08-10 08:54:20,982] {scheduler_job.py:182} INFO - Started process (PID=1238) to work on /home/airflow/.local/lib/python3.6/site-packages/airflow/example_dags/example_kubernetes_executor.py
[2024-08-10 08:54:20,984] {scheduler_job.py:629} INFO - Processing file /home/airflow/.local/lib/python3.6/site-packages/airflow/example_dags/example_kubernetes_executor.py for tasks to queue
[2024-08-10 08:54:20,984] {logging_mixin.py:104} INFO - [2024-08-10 08:54:20,984] {dagbag.py:451} INFO - Filling up the DagBag from /home/airflow/.local/lib/python3.6/site-packages/airflow/example_dags/example_kubernetes_executor.py
[2024-08-10 08:54:21,000] {scheduler_job.py:639} INFO - DAG(s) dict_keys(['example_kubernetes_executor']) retrieved from /home/airflow/.local/lib/python3.6/site-packages/airflow/example_dags/example_kubernetes_executor.py
[2024-08-10 08:54:21,019] {logging_mixin.py:104} INFO - [2024-08-10 08:54:21,019] {dag.py:1824} INFO - Sync 1 DAGs
[2024-08-10 08:54:21,032] {logging_mixin.py:104} INFO - [2024-08-10 08:54:21,032] {dag.py:2280} INFO - Setting next_dagrun for example_kubernetes_executor to None
[2024-08-10 08:54:21,043] {scheduler_job.py:190} INFO - Processing /home/airflow/.local/lib/python3.6/site-packages/airflow/example_dags/example_kubernetes_executor.py took 0.064 seconds
[2024-08-10 08:54:51,175] {scheduler_job.py:182} INFO - Started process (PID=1374) to work on /home/airflow/.local/lib/python3.6/site-packages/airflow/example_dags/example_kubernetes_executor.py
[2024-08-10 08:54:51,176] {scheduler_job.py:629} INFO - Processing file /home/airflow/.local/lib/python3.6/site-packages/airflow/example_dags/example_kubernetes_executor.py for tasks to queue
[2024-08-10 08:54:51,176] {logging_mixin.py:104} INFO - [2024-08-10 08:54:51,176] {dagbag.py:451} INFO - Filling up the DagBag from /home/airflow/.local/lib/python3.6/site-packages/airflow/example_dags/example_kubernetes_executor.py
[2024-08-10 08:54:51,187] {scheduler_job.py:639} INFO - DAG(s) dict_keys(['example_kubernetes_executor']) retrieved from /home/airflow/.local/lib/python3.6/site-packages/airflow/example_dags/example_kubernetes_executor.py
[2024-08-10 08:54:51,207] {logging_mixin.py:104} INFO - [2024-08-10 08:54:51,207] {dag.py:1824} INFO - Sync 1 DAGs
[2024-08-10 08:54:51,221] {logging_mixin.py:104} INFO - [2024-08-10 08:54:51,221] {dag.py:2280} INFO - Setting next_dagrun for example_kubernetes_executor to None
[2024-08-10 08:54:51,231] {scheduler_job.py:190} INFO - Processing /home/airflow/.local/lib/python3.6/site-packages/airflow/example_dags/example_kubernetes_executor.py took 0.059 seconds
[2024-08-10 08:55:21,573] {scheduler_job.py:182} INFO - Started process (PID=1509) to work on /home/airflow/.local/lib/python3.6/site-packages/airflow/example_dags/example_kubernetes_executor.py
[2024-08-10 08:55:21,574] {scheduler_job.py:629} INFO - Processing file /home/airflow/.local/lib/python3.6/site-packages/airflow/example_dags/example_kubernetes_executor.py for tasks to queue
[2024-08-10 08:55:21,575] {logging_mixin.py:104} INFO - [2024-08-10 08:55:21,575] {dagbag.py:451} INFO - Filling up the DagBag from /home/airflow/.local/lib/python3.6/site-packages/airflow/example_dags/example_kubernetes_executor.py
[2024-08-10 08:55:21,586] {scheduler_job.py:639} INFO - DAG(s) dict_keys(['example_kubernetes_executor']) retrieved from /home/airflow/.local/lib/python3.6/site-packages/airflow/example_dags/example_kubernetes_executor.py
[2024-08-10 08:55:21,606] {logging_mixin.py:104} INFO - [2024-08-10 08:55:21,606] {dag.py:1824} INFO - Sync 1 DAGs
[2024-08-10 08:55:21,623] {logging_mixin.py:104} INFO - [2024-08-10 08:55:21,622] {dag.py:2280} INFO - Setting next_dagrun for example_kubernetes_executor to None
[2024-08-10 08:55:21,634] {scheduler_job.py:190} INFO - Processing /home/airflow/.local/lib/python3.6/site-packages/airflow/example_dags/example_kubernetes_executor.py took 0.063 seconds
[2024-08-10 08:55:52,143] {scheduler_job.py:182} INFO - Started process (PID=1654) to work on /home/airflow/.local/lib/python3.6/site-packages/airflow/example_dags/example_kubernetes_executor.py
[2024-08-10 08:55:52,145] {scheduler_job.py:629} INFO - Processing file /home/airflow/.local/lib/python3.6/site-packages/airflow/example_dags/example_kubernetes_executor.py for tasks to queue
[2024-08-10 08:55:52,145] {logging_mixin.py:104} INFO - [2024-08-10 08:55:52,145] {dagbag.py:451} INFO - Filling up the DagBag from /home/airflow/.local/lib/python3.6/site-packages/airflow/example_dags/example_kubernetes_executor.py
[2024-08-10 08:55:52,156] {scheduler_job.py:639} INFO - DAG(s) dict_keys(['example_kubernetes_executor']) retrieved from /home/airflow/.local/lib/python3.6/site-packages/airflow/example_dags/example_kubernetes_executor.py
[2024-08-10 08:55:52,175] {logging_mixin.py:104} INFO - [2024-08-10 08:55:52,175] {dag.py:1824} INFO - Sync 1 DAGs
[2024-08-10 08:55:52,189] {logging_mixin.py:104} INFO - [2024-08-10 08:55:52,189] {dag.py:2280} INFO - Setting next_dagrun for example_kubernetes_executor to None
[2024-08-10 08:55:52,198] {scheduler_job.py:190} INFO - Processing /home/airflow/.local/lib/python3.6/site-packages/airflow/example_dags/example_kubernetes_executor.py took 0.058 seconds
[2024-08-10 08:56:22,244] {scheduler_job.py:182} INFO - Started process (PID=1789) to work on /home/airflow/.local/lib/python3.6/site-packages/airflow/example_dags/example_kubernetes_executor.py
[2024-08-10 08:56:22,245] {scheduler_job.py:629} INFO - Processing file /home/airflow/.local/lib/python3.6/site-packages/airflow/example_dags/example_kubernetes_executor.py for tasks to queue
[2024-08-10 08:56:22,246] {logging_mixin.py:104} INFO - [2024-08-10 08:56:22,246] {dagbag.py:451} INFO - Filling up the DagBag from /home/airflow/.local/lib/python3.6/site-packages/airflow/example_dags/example_kubernetes_executor.py
[2024-08-10 08:56:22,257] {scheduler_job.py:639} INFO - DAG(s) dict_keys(['example_kubernetes_executor']) retrieved from /home/airflow/.local/lib/python3.6/site-packages/airflow/example_dags/example_kubernetes_executor.py
[2024-08-10 08:56:22,277] {logging_mixin.py:104} INFO - [2024-08-10 08:56:22,277] {dag.py:1824} INFO - Sync 1 DAGs
[2024-08-10 08:56:22,291] {logging_mixin.py:104} INFO - [2024-08-10 08:56:22,290] {dag.py:2280} INFO - Setting next_dagrun for example_kubernetes_executor to None
[2024-08-10 08:56:22,300] {scheduler_job.py:190} INFO - Processing /home/airflow/.local/lib/python3.6/site-packages/airflow/example_dags/example_kubernetes_executor.py took 0.059 seconds
[2024-08-10 08:56:52,580] {scheduler_job.py:182} INFO - Started process (PID=1933) to work on /home/airflow/.local/lib/python3.6/site-packages/airflow/example_dags/example_kubernetes_executor.py
[2024-08-10 08:56:52,580] {scheduler_job.py:629} INFO - Processing file /home/airflow/.local/lib/python3.6/site-packages/airflow/example_dags/example_kubernetes_executor.py for tasks to queue
[2024-08-10 08:56:52,581] {logging_mixin.py:104} INFO - [2024-08-10 08:56:52,581] {dagbag.py:451} INFO - Filling up the DagBag from /home/airflow/.local/lib/python3.6/site-packages/airflow/example_dags/example_kubernetes_executor.py
[2024-08-10 08:56:52,592] {scheduler_job.py:639} INFO - DAG(s) dict_keys(['example_kubernetes_executor']) retrieved from /home/airflow/.local/lib/python3.6/site-packages/airflow/example_dags/example_kubernetes_executor.py
[2024-08-10 08:56:52,611] {logging_mixin.py:104} INFO - [2024-08-10 08:56:52,611] {dag.py:1824} INFO - Sync 1 DAGs
[2024-08-10 08:56:52,624] {logging_mixin.py:104} INFO - [2024-08-10 08:56:52,624] {dag.py:2280} INFO - Setting next_dagrun for example_kubernetes_executor to None
[2024-08-10 08:56:52,633] {scheduler_job.py:190} INFO - Processing /home/airflow/.local/lib/python3.6/site-packages/airflow/example_dags/example_kubernetes_executor.py took 0.057 seconds
[2024-08-10 08:57:23,205] {scheduler_job.py:182} INFO - Started process (PID=2084) to work on /home/airflow/.local/lib/python3.6/site-packages/airflow/example_dags/example_kubernetes_executor.py
[2024-08-10 08:57:23,206] {scheduler_job.py:629} INFO - Processing file /home/airflow/.local/lib/python3.6/site-packages/airflow/example_dags/example_kubernetes_executor.py for tasks to queue
[2024-08-10 08:57:23,207] {logging_mixin.py:104} INFO - [2024-08-10 08:57:23,207] {dagbag.py:451} INFO - Filling up the DagBag from /home/airflow/.local/lib/python3.6/site-packages/airflow/example_dags/example_kubernetes_executor.py
[2024-08-10 08:57:23,222] {scheduler_job.py:639} INFO - DAG(s) dict_keys(['example_kubernetes_executor']) retrieved from /home/airflow/.local/lib/python3.6/site-packages/airflow/example_dags/example_kubernetes_executor.py
[2024-08-10 08:57:23,247] {logging_mixin.py:104} INFO - [2024-08-10 08:57:23,247] {dag.py:1824} INFO - Sync 1 DAGs
[2024-08-10 08:57:23,264] {logging_mixin.py:104} INFO - [2024-08-10 08:57:23,264] {dag.py:2280} INFO - Setting next_dagrun for example_kubernetes_executor to None
[2024-08-10 08:57:23,275] {scheduler_job.py:190} INFO - Processing /home/airflow/.local/lib/python3.6/site-packages/airflow/example_dags/example_kubernetes_executor.py took 0.074 seconds
[2024-08-10 08:57:53,495] {scheduler_job.py:182} INFO - Started process (PID=2219) to work on /home/airflow/.local/lib/python3.6/site-packages/airflow/example_dags/example_kubernetes_executor.py
[2024-08-10 08:57:53,496] {scheduler_job.py:629} INFO - Processing file /home/airflow/.local/lib/python3.6/site-packages/airflow/example_dags/example_kubernetes_executor.py for tasks to queue
[2024-08-10 08:57:53,496] {logging_mixin.py:104} INFO - [2024-08-10 08:57:53,496] {dagbag.py:451} INFO - Filling up the DagBag from /home/airflow/.local/lib/python3.6/site-packages/airflow/example_dags/example_kubernetes_executor.py
[2024-08-10 08:57:53,508] {scheduler_job.py:639} INFO - DAG(s) dict_keys(['example_kubernetes_executor']) retrieved from /home/airflow/.local/lib/python3.6/site-packages/airflow/example_dags/example_kubernetes_executor.py
[2024-08-10 08:57:53,528] {logging_mixin.py:104} INFO - [2024-08-10 08:57:53,528] {dag.py:1824} INFO - Sync 1 DAGs
[2024-08-10 08:57:53,541] {logging_mixin.py:104} INFO - [2024-08-10 08:57:53,541] {dag.py:2280} INFO - Setting next_dagrun for example_kubernetes_executor to None
[2024-08-10 08:57:53,550] {scheduler_job.py:190} INFO - Processing /home/airflow/.local/lib/python3.6/site-packages/airflow/example_dags/example_kubernetes_executor.py took 0.057 seconds
[2024-08-10 08:58:23,600] {scheduler_job.py:182} INFO - Started process (PID=2354) to work on /home/airflow/.local/lib/python3.6/site-packages/airflow/example_dags/example_kubernetes_executor.py
[2024-08-10 08:58:23,601] {scheduler_job.py:629} INFO - Processing file /home/airflow/.local/lib/python3.6/site-packages/airflow/example_dags/example_kubernetes_executor.py for tasks to queue
[2024-08-10 08:58:23,601] {logging_mixin.py:104} INFO - [2024-08-10 08:58:23,601] {dagbag.py:451} INFO - Filling up the DagBag from /home/airflow/.local/lib/python3.6/site-packages/airflow/example_dags/example_kubernetes_executor.py
[2024-08-10 08:58:23,613] {scheduler_job.py:639} INFO - DAG(s) dict_keys(['example_kubernetes_executor']) retrieved from /home/airflow/.local/lib/python3.6/site-packages/airflow/example_dags/example_kubernetes_executor.py
[2024-08-10 08:58:23,632] {logging_mixin.py:104} INFO - [2024-08-10 08:58:23,632] {dag.py:1824} INFO - Sync 1 DAGs
[2024-08-10 08:58:23,646] {logging_mixin.py:104} INFO - [2024-08-10 08:58:23,646] {dag.py:2280} INFO - Setting next_dagrun for example_kubernetes_executor to None
[2024-08-10 08:58:23,656] {scheduler_job.py:190} INFO - Processing /home/airflow/.local/lib/python3.6/site-packages/airflow/example_dags/example_kubernetes_executor.py took 0.059 seconds
[2024-08-10 08:58:53,936] {scheduler_job.py:182} INFO - Started process (PID=2484) to work on /home/airflow/.local/lib/python3.6/site-packages/airflow/example_dags/example_kubernetes_executor.py
[2024-08-10 08:58:53,937] {scheduler_job.py:629} INFO - Processing file /home/airflow/.local/lib/python3.6/site-packages/airflow/example_dags/example_kubernetes_executor.py for tasks to queue
[2024-08-10 08:58:53,938] {logging_mixin.py:104} INFO - [2024-08-10 08:58:53,938] {dagbag.py:451} INFO - Filling up the DagBag from /home/airflow/.local/lib/python3.6/site-packages/airflow/example_dags/example_kubernetes_executor.py
[2024-08-10 08:58:53,953] {scheduler_job.py:639} INFO - DAG(s) dict_keys(['example_kubernetes_executor']) retrieved from /home/airflow/.local/lib/python3.6/site-packages/airflow/example_dags/example_kubernetes_executor.py
[2024-08-10 08:58:53,973] {logging_mixin.py:104} INFO - [2024-08-10 08:58:53,973] {dag.py:1824} INFO - Sync 1 DAGs
[2024-08-10 08:58:53,989] {logging_mixin.py:104} INFO - [2024-08-10 08:58:53,989] {dag.py:2280} INFO - Setting next_dagrun for example_kubernetes_executor to None
[2024-08-10 08:58:53,999] {scheduler_job.py:190} INFO - Processing /home/airflow/.local/lib/python3.6/site-packages/airflow/example_dags/example_kubernetes_executor.py took 0.067 seconds
[2024-08-10 08:59:24,171] {scheduler_job.py:182} INFO - Started process (PID=2624) to work on /home/airflow/.local/lib/python3.6/site-packages/airflow/example_dags/example_kubernetes_executor.py
[2024-08-10 08:59:24,172] {scheduler_job.py:629} INFO - Processing file /home/airflow/.local/lib/python3.6/site-packages/airflow/example_dags/example_kubernetes_executor.py for tasks to queue
[2024-08-10 08:59:24,172] {logging_mixin.py:104} INFO - [2024-08-10 08:59:24,172] {dagbag.py:451} INFO - Filling up the DagBag from /home/airflow/.local/lib/python3.6/site-packages/airflow/example_dags/example_kubernetes_executor.py
[2024-08-10 08:59:24,184] {scheduler_job.py:639} INFO - DAG(s) dict_keys(['example_kubernetes_executor']) retrieved from /home/airflow/.local/lib/python3.6/site-packages/airflow/example_dags/example_kubernetes_executor.py
[2024-08-10 08:59:24,207] {logging_mixin.py:104} INFO - [2024-08-10 08:59:24,207] {dag.py:1824} INFO - Sync 1 DAGs
[2024-08-10 08:59:24,222] {logging_mixin.py:104} INFO - [2024-08-10 08:59:24,222] {dag.py:2280} INFO - Setting next_dagrun for example_kubernetes_executor to None
[2024-08-10 08:59:24,231] {scheduler_job.py:190} INFO - Processing /home/airflow/.local/lib/python3.6/site-packages/airflow/example_dags/example_kubernetes_executor.py took 0.063 seconds
[2024-08-10 08:59:54,424] {scheduler_job.py:182} INFO - Started process (PID=2759) to work on /home/airflow/.local/lib/python3.6/site-packages/airflow/example_dags/example_kubernetes_executor.py
[2024-08-10 08:59:54,425] {scheduler_job.py:629} INFO - Processing file /home/airflow/.local/lib/python3.6/site-packages/airflow/example_dags/example_kubernetes_executor.py for tasks to queue
[2024-08-10 08:59:54,426] {logging_mixin.py:104} INFO - [2024-08-10 08:59:54,426] {dagbag.py:451} INFO - Filling up the DagBag from /home/airflow/.local/lib/python3.6/site-packages/airflow/example_dags/example_kubernetes_executor.py
[2024-08-10 08:59:54,437] {scheduler_job.py:639} INFO - DAG(s) dict_keys(['example_kubernetes_executor']) retrieved from /home/airflow/.local/lib/python3.6/site-packages/airflow/example_dags/example_kubernetes_executor.py
[2024-08-10 08:59:54,456] {logging_mixin.py:104} INFO - [2024-08-10 08:59:54,456] {dag.py:1824} INFO - Sync 1 DAGs
[2024-08-10 08:59:54,470] {logging_mixin.py:104} INFO - [2024-08-10 08:59:54,470] {dag.py:2280} INFO - Setting next_dagrun for example_kubernetes_executor to None
[2024-08-10 08:59:54,479] {scheduler_job.py:190} INFO - Processing /home/airflow/.local/lib/python3.6/site-packages/airflow/example_dags/example_kubernetes_executor.py took 0.058 seconds
[2024-08-10 09:00:24,714] {scheduler_job.py:182} INFO - Started process (PID=2889) to work on /home/airflow/.local/lib/python3.6/site-packages/airflow/example_dags/example_kubernetes_executor.py
[2024-08-10 09:00:24,715] {scheduler_job.py:629} INFO - Processing file /home/airflow/.local/lib/python3.6/site-packages/airflow/example_dags/example_kubernetes_executor.py for tasks to queue
[2024-08-10 09:00:24,716] {logging_mixin.py:104} INFO - [2024-08-10 09:00:24,716] {dagbag.py:451} INFO - Filling up the DagBag from /home/airflow/.local/lib/python3.6/site-packages/airflow/example_dags/example_kubernetes_executor.py
[2024-08-10 09:00:24,730] {scheduler_job.py:639} INFO - DAG(s) dict_keys(['example_kubernetes_executor']) retrieved from /home/airflow/.local/lib/python3.6/site-packages/airflow/example_dags/example_kubernetes_executor.py
[2024-08-10 09:00:24,754] {logging_mixin.py:104} INFO - [2024-08-10 09:00:24,754] {dag.py:1824} INFO - Sync 1 DAGs
[2024-08-10 09:00:24,771] {logging_mixin.py:104} INFO - [2024-08-10 09:00:24,771] {dag.py:2280} INFO - Setting next_dagrun for example_kubernetes_executor to None
[2024-08-10 09:00:24,782] {scheduler_job.py:190} INFO - Processing /home/airflow/.local/lib/python3.6/site-packages/airflow/example_dags/example_kubernetes_executor.py took 0.072 seconds
[2024-08-10 09:00:55,115] {scheduler_job.py:182} INFO - Started process (PID=3029) to work on /home/airflow/.local/lib/python3.6/site-packages/airflow/example_dags/example_kubernetes_executor.py
[2024-08-10 09:00:55,116] {scheduler_job.py:629} INFO - Processing file /home/airflow/.local/lib/python3.6/site-packages/airflow/example_dags/example_kubernetes_executor.py for tasks to queue
[2024-08-10 09:00:55,116] {logging_mixin.py:104} INFO - [2024-08-10 09:00:55,116] {dagbag.py:451} INFO - Filling up the DagBag from /home/airflow/.local/lib/python3.6/site-packages/airflow/example_dags/example_kubernetes_executor.py
[2024-08-10 09:00:55,127] {scheduler_job.py:639} INFO - DAG(s) dict_keys(['example_kubernetes_executor']) retrieved from /home/airflow/.local/lib/python3.6/site-packages/airflow/example_dags/example_kubernetes_executor.py
[2024-08-10 09:00:55,148] {logging_mixin.py:104} INFO - [2024-08-10 09:00:55,148] {dag.py:1824} INFO - Sync 1 DAGs
[2024-08-10 09:00:55,162] {logging_mixin.py:104} INFO - [2024-08-10 09:00:55,162] {dag.py:2280} INFO - Setting next_dagrun for example_kubernetes_executor to None
[2024-08-10 09:00:55,171] {scheduler_job.py:190} INFO - Processing /home/airflow/.local/lib/python3.6/site-packages/airflow/example_dags/example_kubernetes_executor.py took 0.060 seconds
[2024-08-10 09:01:25,472] {scheduler_job.py:182} INFO - Started process (PID=3174) to work on /home/airflow/.local/lib/python3.6/site-packages/airflow/example_dags/example_kubernetes_executor.py
[2024-08-10 09:01:25,474] {scheduler_job.py:629} INFO - Processing file /home/airflow/.local/lib/python3.6/site-packages/airflow/example_dags/example_kubernetes_executor.py for tasks to queue
[2024-08-10 09:01:25,474] {logging_mixin.py:104} INFO - [2024-08-10 09:01:25,474] {dagbag.py:451} INFO - Filling up the DagBag from /home/airflow/.local/lib/python3.6/site-packages/airflow/example_dags/example_kubernetes_executor.py
[2024-08-10 09:01:25,490] {scheduler_job.py:639} INFO - DAG(s) dict_keys(['example_kubernetes_executor']) retrieved from /home/airflow/.local/lib/python3.6/site-packages/airflow/example_dags/example_kubernetes_executor.py
[2024-08-10 09:01:25,512] {logging_mixin.py:104} INFO - [2024-08-10 09:01:25,511] {dag.py:1824} INFO - Sync 1 DAGs
[2024-08-10 09:01:25,527] {logging_mixin.py:104} INFO - [2024-08-10 09:01:25,527] {dag.py:2280} INFO - Setting next_dagrun for example_kubernetes_executor to None
[2024-08-10 09:01:25,538] {scheduler_job.py:190} INFO - Processing /home/airflow/.local/lib/python3.6/site-packages/airflow/example_dags/example_kubernetes_executor.py took 0.070 seconds
[2024-08-10 09:01:55,778] {scheduler_job.py:182} INFO - Started process (PID=3314) to work on /home/airflow/.local/lib/python3.6/site-packages/airflow/example_dags/example_kubernetes_executor.py
[2024-08-10 09:01:55,779] {scheduler_job.py:629} INFO - Processing file /home/airflow/.local/lib/python3.6/site-packages/airflow/example_dags/example_kubernetes_executor.py for tasks to queue
[2024-08-10 09:01:55,780] {logging_mixin.py:104} INFO - [2024-08-10 09:01:55,780] {dagbag.py:451} INFO - Filling up the DagBag from /home/airflow/.local/lib/python3.6/site-packages/airflow/example_dags/example_kubernetes_executor.py
[2024-08-10 09:01:55,793] {scheduler_job.py:639} INFO - DAG(s) dict_keys(['example_kubernetes_executor']) retrieved from /home/airflow/.local/lib/python3.6/site-packages/airflow/example_dags/example_kubernetes_executor.py
[2024-08-10 09:01:55,814] {logging_mixin.py:104} INFO - [2024-08-10 09:01:55,814] {dag.py:1824} INFO - Sync 1 DAGs
[2024-08-10 09:01:55,830] {logging_mixin.py:104} INFO - [2024-08-10 09:01:55,830] {dag.py:2280} INFO - Setting next_dagrun for example_kubernetes_executor to None
[2024-08-10 09:01:55,841] {scheduler_job.py:190} INFO - Processing /home/airflow/.local/lib/python3.6/site-packages/airflow/example_dags/example_kubernetes_executor.py took 0.067 seconds
[2024-08-10 09:02:26,045] {scheduler_job.py:182} INFO - Started process (PID=3449) to work on /home/airflow/.local/lib/python3.6/site-packages/airflow/example_dags/example_kubernetes_executor.py
[2024-08-10 09:02:26,046] {scheduler_job.py:629} INFO - Processing file /home/airflow/.local/lib/python3.6/site-packages/airflow/example_dags/example_kubernetes_executor.py for tasks to queue
[2024-08-10 09:02:26,046] {logging_mixin.py:104} INFO - [2024-08-10 09:02:26,046] {dagbag.py:451} INFO - Filling up the DagBag from /home/airflow/.local/lib/python3.6/site-packages/airflow/example_dags/example_kubernetes_executor.py
[2024-08-10 09:02:26,060] {scheduler_job.py:639} INFO - DAG(s) dict_keys(['example_kubernetes_executor']) retrieved from /home/airflow/.local/lib/python3.6/site-packages/airflow/example_dags/example_kubernetes_executor.py
[2024-08-10 09:02:26,080] {logging_mixin.py:104} INFO - [2024-08-10 09:02:26,080] {dag.py:1824} INFO - Sync 1 DAGs
[2024-08-10 09:02:26,094] {logging_mixin.py:104} INFO - [2024-08-10 09:02:26,094] {dag.py:2280} INFO - Setting next_dagrun for example_kubernetes_executor to None
[2024-08-10 09:02:26,108] {scheduler_job.py:190} INFO - Processing /home/airflow/.local/lib/python3.6/site-packages/airflow/example_dags/example_kubernetes_executor.py took 0.066 seconds
[2024-08-10 09:02:56,295] {scheduler_job.py:182} INFO - Started process (PID=3584) to work on /home/airflow/.local/lib/python3.6/site-packages/airflow/example_dags/example_kubernetes_executor.py
[2024-08-10 09:02:56,296] {scheduler_job.py:629} INFO - Processing file /home/airflow/.local/lib/python3.6/site-packages/airflow/example_dags/example_kubernetes_executor.py for tasks to queue
[2024-08-10 09:02:56,297] {logging_mixin.py:104} INFO - [2024-08-10 09:02:56,297] {dagbag.py:451} INFO - Filling up the DagBag from /home/airflow/.local/lib/python3.6/site-packages/airflow/example_dags/example_kubernetes_executor.py
[2024-08-10 09:02:56,308] {scheduler_job.py:639} INFO - DAG(s) dict_keys(['example_kubernetes_executor']) retrieved from /home/airflow/.local/lib/python3.6/site-packages/airflow/example_dags/example_kubernetes_executor.py
[2024-08-10 09:02:56,328] {logging_mixin.py:104} INFO - [2024-08-10 09:02:56,328] {dag.py:1824} INFO - Sync 1 DAGs
[2024-08-10 09:02:56,345] {logging_mixin.py:104} INFO - [2024-08-10 09:02:56,345] {dag.py:2280} INFO - Setting next_dagrun for example_kubernetes_executor to None
[2024-08-10 09:02:56,364] {scheduler_job.py:190} INFO - Processing /home/airflow/.local/lib/python3.6/site-packages/airflow/example_dags/example_kubernetes_executor.py took 0.071 seconds
[2024-08-10 09:03:26,547] {scheduler_job.py:182} INFO - Started process (PID=3699) to work on /home/airflow/.local/lib/python3.6/site-packages/airflow/example_dags/example_kubernetes_executor.py
[2024-08-10 09:03:26,548] {scheduler_job.py:629} INFO - Processing file /home/airflow/.local/lib/python3.6/site-packages/airflow/example_dags/example_kubernetes_executor.py for tasks to queue
[2024-08-10 09:03:26,548] {logging_mixin.py:104} INFO - [2024-08-10 09:03:26,548] {dagbag.py:451} INFO - Filling up the DagBag from /home/airflow/.local/lib/python3.6/site-packages/airflow/example_dags/example_kubernetes_executor.py
[2024-08-10 09:03:26,560] {scheduler_job.py:639} INFO - DAG(s) dict_keys(['example_kubernetes_executor']) retrieved from /home/airflow/.local/lib/python3.6/site-packages/airflow/example_dags/example_kubernetes_executor.py
[2024-08-10 09:03:26,578] {logging_mixin.py:104} INFO - [2024-08-10 09:03:26,578] {dag.py:1824} INFO - Sync 1 DAGs
[2024-08-10 09:03:26,592] {logging_mixin.py:104} INFO - [2024-08-10 09:03:26,592] {dag.py:2280} INFO - Setting next_dagrun for example_kubernetes_executor to None
[2024-08-10 09:03:26,601] {scheduler_job.py:190} INFO - Processing /home/airflow/.local/lib/python3.6/site-packages/airflow/example_dags/example_kubernetes_executor.py took 0.057 seconds
[2024-08-10 09:03:56,797] {scheduler_job.py:182} INFO - Started process (PID=3834) to work on /home/airflow/.local/lib/python3.6/site-packages/airflow/example_dags/example_kubernetes_executor.py
[2024-08-10 09:03:56,798] {scheduler_job.py:629} INFO - Processing file /home/airflow/.local/lib/python3.6/site-packages/airflow/example_dags/example_kubernetes_executor.py for tasks to queue
[2024-08-10 09:03:56,799] {logging_mixin.py:104} INFO - [2024-08-10 09:03:56,799] {dagbag.py:451} INFO - Filling up the DagBag from /home/airflow/.local/lib/python3.6/site-packages/airflow/example_dags/example_kubernetes_executor.py
[2024-08-10 09:03:56,810] {scheduler_job.py:639} INFO - DAG(s) dict_keys(['example_kubernetes_executor']) retrieved from /home/airflow/.local/lib/python3.6/site-packages/airflow/example_dags/example_kubernetes_executor.py
[2024-08-10 09:03:56,830] {logging_mixin.py:104} INFO - [2024-08-10 09:03:56,830] {dag.py:1824} INFO - Sync 1 DAGs
[2024-08-10 09:03:56,843] {logging_mixin.py:104} INFO - [2024-08-10 09:03:56,843] {dag.py:2280} INFO - Setting next_dagrun for example_kubernetes_executor to None
[2024-08-10 09:03:56,854] {scheduler_job.py:190} INFO - Processing /home/airflow/.local/lib/python3.6/site-packages/airflow/example_dags/example_kubernetes_executor.py took 0.060 seconds
[2024-08-10 09:04:27,019] {scheduler_job.py:182} INFO - Started process (PID=3969) to work on /home/airflow/.local/lib/python3.6/site-packages/airflow/example_dags/example_kubernetes_executor.py
[2024-08-10 09:04:27,020] {scheduler_job.py:629} INFO - Processing file /home/airflow/.local/lib/python3.6/site-packages/airflow/example_dags/example_kubernetes_executor.py for tasks to queue
[2024-08-10 09:04:27,020] {logging_mixin.py:104} INFO - [2024-08-10 09:04:27,020] {dagbag.py:451} INFO - Filling up the DagBag from /home/airflow/.local/lib/python3.6/site-packages/airflow/example_dags/example_kubernetes_executor.py
[2024-08-10 09:04:27,031] {scheduler_job.py:639} INFO - DAG(s) dict_keys(['example_kubernetes_executor']) retrieved from /home/airflow/.local/lib/python3.6/site-packages/airflow/example_dags/example_kubernetes_executor.py
[2024-08-10 09:04:27,053] {logging_mixin.py:104} INFO - [2024-08-10 09:04:27,053] {dag.py:1824} INFO - Sync 1 DAGs
[2024-08-10 09:04:27,068] {logging_mixin.py:104} INFO - [2024-08-10 09:04:27,068] {dag.py:2280} INFO - Setting next_dagrun for example_kubernetes_executor to None
[2024-08-10 09:04:27,079] {scheduler_job.py:190} INFO - Processing /home/airflow/.local/lib/python3.6/site-packages/airflow/example_dags/example_kubernetes_executor.py took 0.063 seconds
[2024-08-10 09:04:57,497] {scheduler_job.py:182} INFO - Started process (PID=4109) to work on /home/airflow/.local/lib/python3.6/site-packages/airflow/example_dags/example_kubernetes_executor.py
[2024-08-10 09:04:57,498] {scheduler_job.py:629} INFO - Processing file /home/airflow/.local/lib/python3.6/site-packages/airflow/example_dags/example_kubernetes_executor.py for tasks to queue
[2024-08-10 09:04:57,498] {logging_mixin.py:104} INFO - [2024-08-10 09:04:57,498] {dagbag.py:451} INFO - Filling up the DagBag from /home/airflow/.local/lib/python3.6/site-packages/airflow/example_dags/example_kubernetes_executor.py
[2024-08-10 09:04:57,511] {scheduler_job.py:639} INFO - DAG(s) dict_keys(['example_kubernetes_executor']) retrieved from /home/airflow/.local/lib/python3.6/site-packages/airflow/example_dags/example_kubernetes_executor.py
[2024-08-10 09:04:57,532] {logging_mixin.py:104} INFO - [2024-08-10 09:04:57,532] {dag.py:1824} INFO - Sync 1 DAGs
[2024-08-10 09:04:57,548] {logging_mixin.py:104} INFO - [2024-08-10 09:04:57,548] {dag.py:2280} INFO - Setting next_dagrun for example_kubernetes_executor to None
[2024-08-10 09:04:57,559] {scheduler_job.py:190} INFO - Processing /home/airflow/.local/lib/python3.6/site-packages/airflow/example_dags/example_kubernetes_executor.py took 0.066 seconds
[2024-08-10 09:05:27,682] {scheduler_job.py:182} INFO - Started process (PID=4244) to work on /home/airflow/.local/lib/python3.6/site-packages/airflow/example_dags/example_kubernetes_executor.py
[2024-08-10 09:05:27,683] {scheduler_job.py:629} INFO - Processing file /home/airflow/.local/lib/python3.6/site-packages/airflow/example_dags/example_kubernetes_executor.py for tasks to queue
[2024-08-10 09:05:27,683] {logging_mixin.py:104} INFO - [2024-08-10 09:05:27,683] {dagbag.py:451} INFO - Filling up the DagBag from /home/airflow/.local/lib/python3.6/site-packages/airflow/example_dags/example_kubernetes_executor.py
[2024-08-10 09:05:27,695] {scheduler_job.py:639} INFO - DAG(s) dict_keys(['example_kubernetes_executor']) retrieved from /home/airflow/.local/lib/python3.6/site-packages/airflow/example_dags/example_kubernetes_executor.py
[2024-08-10 09:05:27,716] {logging_mixin.py:104} INFO - [2024-08-10 09:05:27,716] {dag.py:1824} INFO - Sync 1 DAGs
[2024-08-10 09:05:27,733] {logging_mixin.py:104} INFO - [2024-08-10 09:05:27,733] {dag.py:2280} INFO - Setting next_dagrun for example_kubernetes_executor to None
[2024-08-10 09:05:27,744] {scheduler_job.py:190} INFO - Processing /home/airflow/.local/lib/python3.6/site-packages/airflow/example_dags/example_kubernetes_executor.py took 0.065 seconds
[2024-08-10 09:05:57,859] {scheduler_job.py:182} INFO - Started process (PID=4374) to work on /home/airflow/.local/lib/python3.6/site-packages/airflow/example_dags/example_kubernetes_executor.py
[2024-08-10 09:05:57,860] {scheduler_job.py:629} INFO - Processing file /home/airflow/.local/lib/python3.6/site-packages/airflow/example_dags/example_kubernetes_executor.py for tasks to queue
[2024-08-10 09:05:57,860] {logging_mixin.py:104} INFO - [2024-08-10 09:05:57,860] {dagbag.py:451} INFO - Filling up the DagBag from /home/airflow/.local/lib/python3.6/site-packages/airflow/example_dags/example_kubernetes_executor.py
[2024-08-10 09:05:57,875] {scheduler_job.py:639} INFO - DAG(s) dict_keys(['example_kubernetes_executor']) retrieved from /home/airflow/.local/lib/python3.6/site-packages/airflow/example_dags/example_kubernetes_executor.py
[2024-08-10 09:05:57,906] {logging_mixin.py:104} INFO - [2024-08-10 09:05:57,906] {dag.py:1824} INFO - Sync 1 DAGs
[2024-08-10 09:05:57,926] {logging_mixin.py:104} INFO - [2024-08-10 09:05:57,925] {dag.py:2280} INFO - Setting next_dagrun for example_kubernetes_executor to None
[2024-08-10 09:05:57,936] {scheduler_job.py:190} INFO - Processing /home/airflow/.local/lib/python3.6/site-packages/airflow/example_dags/example_kubernetes_executor.py took 0.080 seconds
[2024-08-10 09:06:28,180] {scheduler_job.py:182} INFO - Started process (PID=4509) to work on /home/airflow/.local/lib/python3.6/site-packages/airflow/example_dags/example_kubernetes_executor.py
[2024-08-10 09:06:28,182] {scheduler_job.py:629} INFO - Processing file /home/airflow/.local/lib/python3.6/site-packages/airflow/example_dags/example_kubernetes_executor.py for tasks to queue
[2024-08-10 09:06:28,183] {logging_mixin.py:104} INFO - [2024-08-10 09:06:28,183] {dagbag.py:451} INFO - Filling up the DagBag from /home/airflow/.local/lib/python3.6/site-packages/airflow/example_dags/example_kubernetes_executor.py
[2024-08-10 09:06:28,195] {scheduler_job.py:639} INFO - DAG(s) dict_keys(['example_kubernetes_executor']) retrieved from /home/airflow/.local/lib/python3.6/site-packages/airflow/example_dags/example_kubernetes_executor.py
[2024-08-10 09:06:28,217] {logging_mixin.py:104} INFO - [2024-08-10 09:06:28,217] {dag.py:1824} INFO - Sync 1 DAGs
[2024-08-10 09:06:28,232] {logging_mixin.py:104} INFO - [2024-08-10 09:06:28,232] {dag.py:2280} INFO - Setting next_dagrun for example_kubernetes_executor to None
[2024-08-10 09:06:28,242] {scheduler_job.py:190} INFO - Processing /home/airflow/.local/lib/python3.6/site-packages/airflow/example_dags/example_kubernetes_executor.py took 0.065 seconds
[2024-08-10 09:06:58,400] {scheduler_job.py:182} INFO - Started process (PID=4629) to work on /home/airflow/.local/lib/python3.6/site-packages/airflow/example_dags/example_kubernetes_executor.py
[2024-08-10 09:06:58,401] {scheduler_job.py:629} INFO - Processing file /home/airflow/.local/lib/python3.6/site-packages/airflow/example_dags/example_kubernetes_executor.py for tasks to queue
[2024-08-10 09:06:58,401] {logging_mixin.py:104} INFO - [2024-08-10 09:06:58,401] {dagbag.py:451} INFO - Filling up the DagBag from /home/airflow/.local/lib/python3.6/site-packages/airflow/example_dags/example_kubernetes_executor.py
[2024-08-10 09:06:58,416] {scheduler_job.py:639} INFO - DAG(s) dict_keys(['example_kubernetes_executor']) retrieved from /home/airflow/.local/lib/python3.6/site-packages/airflow/example_dags/example_kubernetes_executor.py
[2024-08-10 09:06:58,438] {logging_mixin.py:104} INFO - [2024-08-10 09:06:58,438] {dag.py:1824} INFO - Sync 1 DAGs
[2024-08-10 09:06:58,453] {logging_mixin.py:104} INFO - [2024-08-10 09:06:58,453] {dag.py:2280} INFO - Setting next_dagrun for example_kubernetes_executor to None
[2024-08-10 09:06:58,465] {scheduler_job.py:190} INFO - Processing /home/airflow/.local/lib/python3.6/site-packages/airflow/example_dags/example_kubernetes_executor.py took 0.069 seconds
[2024-08-10 09:07:28,597] {scheduler_job.py:182} INFO - Started process (PID=4764) to work on /home/airflow/.local/lib/python3.6/site-packages/airflow/example_dags/example_kubernetes_executor.py
[2024-08-10 09:07:28,598] {scheduler_job.py:629} INFO - Processing file /home/airflow/.local/lib/python3.6/site-packages/airflow/example_dags/example_kubernetes_executor.py for tasks to queue
[2024-08-10 09:07:28,598] {logging_mixin.py:104} INFO - [2024-08-10 09:07:28,598] {dagbag.py:451} INFO - Filling up the DagBag from /home/airflow/.local/lib/python3.6/site-packages/airflow/example_dags/example_kubernetes_executor.py
[2024-08-10 09:07:28,612] {scheduler_job.py:639} INFO - DAG(s) dict_keys(['example_kubernetes_executor']) retrieved from /home/airflow/.local/lib/python3.6/site-packages/airflow/example_dags/example_kubernetes_executor.py
[2024-08-10 09:07:28,632] {logging_mixin.py:104} INFO - [2024-08-10 09:07:28,632] {dag.py:1824} INFO - Sync 1 DAGs
[2024-08-10 09:07:28,646] {logging_mixin.py:104} INFO - [2024-08-10 09:07:28,646] {dag.py:2280} INFO - Setting next_dagrun for example_kubernetes_executor to None
[2024-08-10 09:07:28,656] {scheduler_job.py:190} INFO - Processing /home/airflow/.local/lib/python3.6/site-packages/airflow/example_dags/example_kubernetes_executor.py took 0.063 seconds
[2024-08-10 09:07:59,068] {scheduler_job.py:182} INFO - Started process (PID=4899) to work on /home/airflow/.local/lib/python3.6/site-packages/airflow/example_dags/example_kubernetes_executor.py
[2024-08-10 09:07:59,069] {scheduler_job.py:629} INFO - Processing file /home/airflow/.local/lib/python3.6/site-packages/airflow/example_dags/example_kubernetes_executor.py for tasks to queue
[2024-08-10 09:07:59,070] {logging_mixin.py:104} INFO - [2024-08-10 09:07:59,070] {dagbag.py:451} INFO - Filling up the DagBag from /home/airflow/.local/lib/python3.6/site-packages/airflow/example_dags/example_kubernetes_executor.py
[2024-08-10 09:07:59,086] {scheduler_job.py:639} INFO - DAG(s) dict_keys(['example_kubernetes_executor']) retrieved from /home/airflow/.local/lib/python3.6/site-packages/airflow/example_dags/example_kubernetes_executor.py
[2024-08-10 09:07:59,107] {logging_mixin.py:104} INFO - [2024-08-10 09:07:59,107] {dag.py:1824} INFO - Sync 1 DAGs
[2024-08-10 09:07:59,123] {logging_mixin.py:104} INFO - [2024-08-10 09:07:59,123] {dag.py:2280} INFO - Setting next_dagrun for example_kubernetes_executor to None
[2024-08-10 09:07:59,134] {scheduler_job.py:190} INFO - Processing /home/airflow/.local/lib/python3.6/site-packages/airflow/example_dags/example_kubernetes_executor.py took 0.068 seconds
[2024-08-10 09:08:29,476] {scheduler_job.py:182} INFO - Started process (PID=5039) to work on /home/airflow/.local/lib/python3.6/site-packages/airflow/example_dags/example_kubernetes_executor.py
[2024-08-10 09:08:29,477] {scheduler_job.py:629} INFO - Processing file /home/airflow/.local/lib/python3.6/site-packages/airflow/example_dags/example_kubernetes_executor.py for tasks to queue
[2024-08-10 09:08:29,477] {logging_mixin.py:104} INFO - [2024-08-10 09:08:29,477] {dagbag.py:451} INFO - Filling up the DagBag from /home/airflow/.local/lib/python3.6/site-packages/airflow/example_dags/example_kubernetes_executor.py
[2024-08-10 09:08:29,490] {scheduler_job.py:639} INFO - DAG(s) dict_keys(['example_kubernetes_executor']) retrieved from /home/airflow/.local/lib/python3.6/site-packages/airflow/example_dags/example_kubernetes_executor.py
[2024-08-10 09:08:29,513] {logging_mixin.py:104} INFO - [2024-08-10 09:08:29,513] {dag.py:1824} INFO - Sync 1 DAGs
[2024-08-10 09:08:29,531] {logging_mixin.py:104} INFO - [2024-08-10 09:08:29,531] {dag.py:2280} INFO - Setting next_dagrun for example_kubernetes_executor to None
[2024-08-10 09:08:29,544] {scheduler_job.py:190} INFO - Processing /home/airflow/.local/lib/python3.6/site-packages/airflow/example_dags/example_kubernetes_executor.py took 0.071 seconds
[2024-08-10 09:08:59,853] {scheduler_job.py:182} INFO - Started process (PID=5159) to work on /home/airflow/.local/lib/python3.6/site-packages/airflow/example_dags/example_kubernetes_executor.py
[2024-08-10 09:08:59,854] {scheduler_job.py:629} INFO - Processing file /home/airflow/.local/lib/python3.6/site-packages/airflow/example_dags/example_kubernetes_executor.py for tasks to queue
[2024-08-10 09:08:59,855] {logging_mixin.py:104} INFO - [2024-08-10 09:08:59,855] {dagbag.py:451} INFO - Filling up the DagBag from /home/airflow/.local/lib/python3.6/site-packages/airflow/example_dags/example_kubernetes_executor.py
[2024-08-10 09:08:59,867] {scheduler_job.py:639} INFO - DAG(s) dict_keys(['example_kubernetes_executor']) retrieved from /home/airflow/.local/lib/python3.6/site-packages/airflow/example_dags/example_kubernetes_executor.py
[2024-08-10 09:08:59,889] {logging_mixin.py:104} INFO - [2024-08-10 09:08:59,889] {dag.py:1824} INFO - Sync 1 DAGs
[2024-08-10 09:08:59,904] {logging_mixin.py:104} INFO - [2024-08-10 09:08:59,904] {dag.py:2280} INFO - Setting next_dagrun for example_kubernetes_executor to None
[2024-08-10 09:08:59,914] {scheduler_job.py:190} INFO - Processing /home/airflow/.local/lib/python3.6/site-packages/airflow/example_dags/example_kubernetes_executor.py took 0.064 seconds
[2024-08-10 09:09:30,255] {scheduler_job.py:182} INFO - Started process (PID=5294) to work on /home/airflow/.local/lib/python3.6/site-packages/airflow/example_dags/example_kubernetes_executor.py
[2024-08-10 09:09:30,256] {scheduler_job.py:629} INFO - Processing file /home/airflow/.local/lib/python3.6/site-packages/airflow/example_dags/example_kubernetes_executor.py for tasks to queue
[2024-08-10 09:09:30,256] {logging_mixin.py:104} INFO - [2024-08-10 09:09:30,256] {dagbag.py:451} INFO - Filling up the DagBag from /home/airflow/.local/lib/python3.6/site-packages/airflow/example_dags/example_kubernetes_executor.py
[2024-08-10 09:09:30,268] {scheduler_job.py:639} INFO - DAG(s) dict_keys(['example_kubernetes_executor']) retrieved from /home/airflow/.local/lib/python3.6/site-packages/airflow/example_dags/example_kubernetes_executor.py
[2024-08-10 09:09:30,288] {logging_mixin.py:104} INFO - [2024-08-10 09:09:30,288] {dag.py:1824} INFO - Sync 1 DAGs
[2024-08-10 09:09:30,303] {logging_mixin.py:104} INFO - [2024-08-10 09:09:30,302] {dag.py:2280} INFO - Setting next_dagrun for example_kubernetes_executor to None
[2024-08-10 09:09:30,312] {scheduler_job.py:190} INFO - Processing /home/airflow/.local/lib/python3.6/site-packages/airflow/example_dags/example_kubernetes_executor.py took 0.060 seconds
[2024-08-10 09:10:00,594] {scheduler_job.py:182} INFO - Started process (PID=5429) to work on /home/airflow/.local/lib/python3.6/site-packages/airflow/example_dags/example_kubernetes_executor.py
[2024-08-10 09:10:00,595] {scheduler_job.py:629} INFO - Processing file /home/airflow/.local/lib/python3.6/site-packages/airflow/example_dags/example_kubernetes_executor.py for tasks to queue
[2024-08-10 09:10:00,596] {logging_mixin.py:104} INFO - [2024-08-10 09:10:00,596] {dagbag.py:451} INFO - Filling up the DagBag from /home/airflow/.local/lib/python3.6/site-packages/airflow/example_dags/example_kubernetes_executor.py
[2024-08-10 09:10:00,607] {scheduler_job.py:639} INFO - DAG(s) dict_keys(['example_kubernetes_executor']) retrieved from /home/airflow/.local/lib/python3.6/site-packages/airflow/example_dags/example_kubernetes_executor.py
[2024-08-10 09:10:00,630] {logging_mixin.py:104} INFO - [2024-08-10 09:10:00,629] {dag.py:1824} INFO - Sync 1 DAGs
[2024-08-10 09:10:00,646] {logging_mixin.py:104} INFO - [2024-08-10 09:10:00,646] {dag.py:2280} INFO - Setting next_dagrun for example_kubernetes_executor to None
[2024-08-10 09:10:00,657] {scheduler_job.py:190} INFO - Processing /home/airflow/.local/lib/python3.6/site-packages/airflow/example_dags/example_kubernetes_executor.py took 0.066 seconds
[2024-08-10 09:10:31,102] {scheduler_job.py:182} INFO - Started process (PID=5564) to work on /home/airflow/.local/lib/python3.6/site-packages/airflow/example_dags/example_kubernetes_executor.py
[2024-08-10 09:10:31,103] {scheduler_job.py:629} INFO - Processing file /home/airflow/.local/lib/python3.6/site-packages/airflow/example_dags/example_kubernetes_executor.py for tasks to queue
[2024-08-10 09:10:31,103] {logging_mixin.py:104} INFO - [2024-08-10 09:10:31,103] {dagbag.py:451} INFO - Filling up the DagBag from /home/airflow/.local/lib/python3.6/site-packages/airflow/example_dags/example_kubernetes_executor.py
[2024-08-10 09:10:31,115] {scheduler_job.py:639} INFO - DAG(s) dict_keys(['example_kubernetes_executor']) retrieved from /home/airflow/.local/lib/python3.6/site-packages/airflow/example_dags/example_kubernetes_executor.py
[2024-08-10 09:10:31,136] {logging_mixin.py:104} INFO - [2024-08-10 09:10:31,135] {dag.py:1824} INFO - Sync 1 DAGs
[2024-08-10 09:10:31,150] {logging_mixin.py:104} INFO - [2024-08-10 09:10:31,150] {dag.py:2280} INFO - Setting next_dagrun for example_kubernetes_executor to None
[2024-08-10 09:10:31,161] {scheduler_job.py:190} INFO - Processing /home/airflow/.local/lib/python3.6/site-packages/airflow/example_dags/example_kubernetes_executor.py took 0.062 seconds
[2024-08-10 09:11:01,401] {scheduler_job.py:182} INFO - Started process (PID=5709) to work on /home/airflow/.local/lib/python3.6/site-packages/airflow/example_dags/example_kubernetes_executor.py
[2024-08-10 09:11:01,402] {scheduler_job.py:629} INFO - Processing file /home/airflow/.local/lib/python3.6/site-packages/airflow/example_dags/example_kubernetes_executor.py for tasks to queue
[2024-08-10 09:11:01,402] {logging_mixin.py:104} INFO - [2024-08-10 09:11:01,402] {dagbag.py:451} INFO - Filling up the DagBag from /home/airflow/.local/lib/python3.6/site-packages/airflow/example_dags/example_kubernetes_executor.py
[2024-08-10 09:11:01,414] {scheduler_job.py:639} INFO - DAG(s) dict_keys(['example_kubernetes_executor']) retrieved from /home/airflow/.local/lib/python3.6/site-packages/airflow/example_dags/example_kubernetes_executor.py
[2024-08-10 09:11:01,434] {logging_mixin.py:104} INFO - [2024-08-10 09:11:01,434] {dag.py:1824} INFO - Sync 1 DAGs
[2024-08-10 09:11:01,448] {logging_mixin.py:104} INFO - [2024-08-10 09:11:01,448] {dag.py:2280} INFO - Setting next_dagrun for example_kubernetes_executor to None
[2024-08-10 09:11:01,458] {scheduler_job.py:190} INFO - Processing /home/airflow/.local/lib/python3.6/site-packages/airflow/example_dags/example_kubernetes_executor.py took 0.060 seconds
[2024-08-10 09:11:31,769] {scheduler_job.py:182} INFO - Started process (PID=5854) to work on /home/airflow/.local/lib/python3.6/site-packages/airflow/example_dags/example_kubernetes_executor.py
[2024-08-10 09:11:31,771] {scheduler_job.py:629} INFO - Processing file /home/airflow/.local/lib/python3.6/site-packages/airflow/example_dags/example_kubernetes_executor.py for tasks to queue
[2024-08-10 09:11:31,771] {logging_mixin.py:104} INFO - [2024-08-10 09:11:31,771] {dagbag.py:451} INFO - Filling up the DagBag from /home/airflow/.local/lib/python3.6/site-packages/airflow/example_dags/example_kubernetes_executor.py
[2024-08-10 09:11:31,782] {scheduler_job.py:639} INFO - DAG(s) dict_keys(['example_kubernetes_executor']) retrieved from /home/airflow/.local/lib/python3.6/site-packages/airflow/example_dags/example_kubernetes_executor.py
[2024-08-10 09:11:31,804] {logging_mixin.py:104} INFO - [2024-08-10 09:11:31,804] {dag.py:1824} INFO - Sync 1 DAGs
[2024-08-10 09:11:31,819] {logging_mixin.py:104} INFO - [2024-08-10 09:11:31,819] {dag.py:2280} INFO - Setting next_dagrun for example_kubernetes_executor to None
[2024-08-10 09:11:31,830] {scheduler_job.py:190} INFO - Processing /home/airflow/.local/lib/python3.6/site-packages/airflow/example_dags/example_kubernetes_executor.py took 0.064 seconds
[2024-08-10 09:12:02,349] {scheduler_job.py:182} INFO - Started process (PID=5984) to work on /home/airflow/.local/lib/python3.6/site-packages/airflow/example_dags/example_kubernetes_executor.py
[2024-08-10 09:12:02,352] {scheduler_job.py:629} INFO - Processing file /home/airflow/.local/lib/python3.6/site-packages/airflow/example_dags/example_kubernetes_executor.py for tasks to queue
[2024-08-10 09:12:02,354] {logging_mixin.py:104} INFO - [2024-08-10 09:12:02,354] {dagbag.py:451} INFO - Filling up the DagBag from /home/airflow/.local/lib/python3.6/site-packages/airflow/example_dags/example_kubernetes_executor.py
[2024-08-10 09:12:02,377] {scheduler_job.py:639} INFO - DAG(s) dict_keys(['example_kubernetes_executor']) retrieved from /home/airflow/.local/lib/python3.6/site-packages/airflow/example_dags/example_kubernetes_executor.py
[2024-08-10 09:12:02,410] {logging_mixin.py:104} INFO - [2024-08-10 09:12:02,410] {dag.py:1824} INFO - Sync 1 DAGs
[2024-08-10 09:12:02,432] {logging_mixin.py:104} INFO - [2024-08-10 09:12:02,432] {dag.py:2280} INFO - Setting next_dagrun for example_kubernetes_executor to None
[2024-08-10 09:12:02,446] {scheduler_job.py:190} INFO - Processing /home/airflow/.local/lib/python3.6/site-packages/airflow/example_dags/example_kubernetes_executor.py took 0.102 seconds
[2024-08-10 09:12:33,095] {scheduler_job.py:182} INFO - Started process (PID=6104) to work on /home/airflow/.local/lib/python3.6/site-packages/airflow/example_dags/example_kubernetes_executor.py
[2024-08-10 09:12:33,098] {scheduler_job.py:629} INFO - Processing file /home/airflow/.local/lib/python3.6/site-packages/airflow/example_dags/example_kubernetes_executor.py for tasks to queue
[2024-08-10 09:12:33,099] {logging_mixin.py:104} INFO - [2024-08-10 09:12:33,099] {dagbag.py:451} INFO - Filling up the DagBag from /home/airflow/.local/lib/python3.6/site-packages/airflow/example_dags/example_kubernetes_executor.py
[2024-08-10 09:12:33,118] {scheduler_job.py:639} INFO - DAG(s) dict_keys(['example_kubernetes_executor']) retrieved from /home/airflow/.local/lib/python3.6/site-packages/airflow/example_dags/example_kubernetes_executor.py
[2024-08-10 09:12:33,141] {logging_mixin.py:104} INFO - [2024-08-10 09:12:33,141] {dag.py:1824} INFO - Sync 1 DAGs
[2024-08-10 09:12:33,156] {logging_mixin.py:104} INFO - [2024-08-10 09:12:33,156] {dag.py:2280} INFO - Setting next_dagrun for example_kubernetes_executor to None
[2024-08-10 09:12:33,167] {scheduler_job.py:190} INFO - Processing /home/airflow/.local/lib/python3.6/site-packages/airflow/example_dags/example_kubernetes_executor.py took 0.079 seconds
[2024-08-10 09:13:03,563] {scheduler_job.py:182} INFO - Started process (PID=6239) to work on /home/airflow/.local/lib/python3.6/site-packages/airflow/example_dags/example_kubernetes_executor.py
[2024-08-10 09:13:03,564] {scheduler_job.py:629} INFO - Processing file /home/airflow/.local/lib/python3.6/site-packages/airflow/example_dags/example_kubernetes_executor.py for tasks to queue
[2024-08-10 09:13:03,564] {logging_mixin.py:104} INFO - [2024-08-10 09:13:03,564] {dagbag.py:451} INFO - Filling up the DagBag from /home/airflow/.local/lib/python3.6/site-packages/airflow/example_dags/example_kubernetes_executor.py
[2024-08-10 09:13:03,577] {scheduler_job.py:639} INFO - DAG(s) dict_keys(['example_kubernetes_executor']) retrieved from /home/airflow/.local/lib/python3.6/site-packages/airflow/example_dags/example_kubernetes_executor.py
[2024-08-10 09:13:03,600] {logging_mixin.py:104} INFO - [2024-08-10 09:13:03,599] {dag.py:1824} INFO - Sync 1 DAGs
[2024-08-10 09:13:03,615] {logging_mixin.py:104} INFO - [2024-08-10 09:13:03,615] {dag.py:2280} INFO - Setting next_dagrun for example_kubernetes_executor to None
[2024-08-10 09:13:03,626] {scheduler_job.py:190} INFO - Processing /home/airflow/.local/lib/python3.6/site-packages/airflow/example_dags/example_kubernetes_executor.py took 0.066 seconds
[2024-08-10 09:13:34,089] {scheduler_job.py:182} INFO - Started process (PID=6374) to work on /home/airflow/.local/lib/python3.6/site-packages/airflow/example_dags/example_kubernetes_executor.py
[2024-08-10 09:13:34,091] {scheduler_job.py:629} INFO - Processing file /home/airflow/.local/lib/python3.6/site-packages/airflow/example_dags/example_kubernetes_executor.py for tasks to queue
[2024-08-10 09:13:34,092] {logging_mixin.py:104} INFO - [2024-08-10 09:13:34,092] {dagbag.py:451} INFO - Filling up the DagBag from /home/airflow/.local/lib/python3.6/site-packages/airflow/example_dags/example_kubernetes_executor.py
[2024-08-10 09:13:34,106] {scheduler_job.py:639} INFO - DAG(s) dict_keys(['example_kubernetes_executor']) retrieved from /home/airflow/.local/lib/python3.6/site-packages/airflow/example_dags/example_kubernetes_executor.py
[2024-08-10 09:13:34,128] {logging_mixin.py:104} INFO - [2024-08-10 09:13:34,128] {dag.py:1824} INFO - Sync 1 DAGs
[2024-08-10 09:13:34,144] {logging_mixin.py:104} INFO - [2024-08-10 09:13:34,144] {dag.py:2280} INFO - Setting next_dagrun for example_kubernetes_executor to None
[2024-08-10 09:13:34,155] {scheduler_job.py:190} INFO - Processing /home/airflow/.local/lib/python3.6/site-packages/airflow/example_dags/example_kubernetes_executor.py took 0.070 seconds
[2024-08-10 09:14:04,371] {scheduler_job.py:182} INFO - Started process (PID=6514) to work on /home/airflow/.local/lib/python3.6/site-packages/airflow/example_dags/example_kubernetes_executor.py
[2024-08-10 09:14:04,371] {scheduler_job.py:629} INFO - Processing file /home/airflow/.local/lib/python3.6/site-packages/airflow/example_dags/example_kubernetes_executor.py for tasks to queue
[2024-08-10 09:14:04,372] {logging_mixin.py:104} INFO - [2024-08-10 09:14:04,372] {dagbag.py:451} INFO - Filling up the DagBag from /home/airflow/.local/lib/python3.6/site-packages/airflow/example_dags/example_kubernetes_executor.py
[2024-08-10 09:14:04,385] {scheduler_job.py:639} INFO - DAG(s) dict_keys(['example_kubernetes_executor']) retrieved from /home/airflow/.local/lib/python3.6/site-packages/airflow/example_dags/example_kubernetes_executor.py
[2024-08-10 09:14:04,404] {logging_mixin.py:104} INFO - [2024-08-10 09:14:04,403] {dag.py:1824} INFO - Sync 1 DAGs
[2024-08-10 09:14:04,418] {logging_mixin.py:104} INFO - [2024-08-10 09:14:04,418] {dag.py:2280} INFO - Setting next_dagrun for example_kubernetes_executor to None
[2024-08-10 09:14:04,427] {scheduler_job.py:190} INFO - Processing /home/airflow/.local/lib/python3.6/site-packages/airflow/example_dags/example_kubernetes_executor.py took 0.060 seconds
[2024-08-10 09:14:34,668] {scheduler_job.py:182} INFO - Started process (PID=6644) to work on /home/airflow/.local/lib/python3.6/site-packages/airflow/example_dags/example_kubernetes_executor.py
[2024-08-10 09:14:34,669] {scheduler_job.py:629} INFO - Processing file /home/airflow/.local/lib/python3.6/site-packages/airflow/example_dags/example_kubernetes_executor.py for tasks to queue
[2024-08-10 09:14:34,670] {logging_mixin.py:104} INFO - [2024-08-10 09:14:34,670] {dagbag.py:451} INFO - Filling up the DagBag from /home/airflow/.local/lib/python3.6/site-packages/airflow/example_dags/example_kubernetes_executor.py
[2024-08-10 09:14:34,684] {scheduler_job.py:639} INFO - DAG(s) dict_keys(['example_kubernetes_executor']) retrieved from /home/airflow/.local/lib/python3.6/site-packages/airflow/example_dags/example_kubernetes_executor.py
[2024-08-10 09:14:34,709] {logging_mixin.py:104} INFO - [2024-08-10 09:14:34,709] {dag.py:1824} INFO - Sync 1 DAGs
[2024-08-10 09:14:34,727] {logging_mixin.py:104} INFO - [2024-08-10 09:14:34,727] {dag.py:2280} INFO - Setting next_dagrun for example_kubernetes_executor to None
[2024-08-10 09:14:34,743] {scheduler_job.py:190} INFO - Processing /home/airflow/.local/lib/python3.6/site-packages/airflow/example_dags/example_kubernetes_executor.py took 0.077 seconds
[2024-08-10 09:15:04,818] {scheduler_job.py:182} INFO - Started process (PID=6776) to work on /home/airflow/.local/lib/python3.6/site-packages/airflow/example_dags/example_kubernetes_executor.py
[2024-08-10 09:15:04,819] {scheduler_job.py:629} INFO - Processing file /home/airflow/.local/lib/python3.6/site-packages/airflow/example_dags/example_kubernetes_executor.py for tasks to queue
[2024-08-10 09:15:04,820] {logging_mixin.py:104} INFO - [2024-08-10 09:15:04,820] {dagbag.py:451} INFO - Filling up the DagBag from /home/airflow/.local/lib/python3.6/site-packages/airflow/example_dags/example_kubernetes_executor.py
[2024-08-10 09:15:04,837] {scheduler_job.py:639} INFO - DAG(s) dict_keys(['example_kubernetes_executor']) retrieved from /home/airflow/.local/lib/python3.6/site-packages/airflow/example_dags/example_kubernetes_executor.py
[2024-08-10 09:15:04,857] {logging_mixin.py:104} INFO - [2024-08-10 09:15:04,857] {dag.py:1824} INFO - Sync 1 DAGs
[2024-08-10 09:15:04,872] {logging_mixin.py:104} INFO - [2024-08-10 09:15:04,872] {dag.py:2280} INFO - Setting next_dagrun for example_kubernetes_executor to None
[2024-08-10 09:15:04,883] {scheduler_job.py:190} INFO - Processing /home/airflow/.local/lib/python3.6/site-packages/airflow/example_dags/example_kubernetes_executor.py took 0.069 seconds
[2024-08-10 09:15:35,387] {scheduler_job.py:182} INFO - Started process (PID=6914) to work on /home/airflow/.local/lib/python3.6/site-packages/airflow/example_dags/example_kubernetes_executor.py
[2024-08-10 09:15:35,389] {scheduler_job.py:629} INFO - Processing file /home/airflow/.local/lib/python3.6/site-packages/airflow/example_dags/example_kubernetes_executor.py for tasks to queue
[2024-08-10 09:15:35,389] {logging_mixin.py:104} INFO - [2024-08-10 09:15:35,389] {dagbag.py:451} INFO - Filling up the DagBag from /home/airflow/.local/lib/python3.6/site-packages/airflow/example_dags/example_kubernetes_executor.py
[2024-08-10 09:15:35,404] {scheduler_job.py:639} INFO - DAG(s) dict_keys(['example_kubernetes_executor']) retrieved from /home/airflow/.local/lib/python3.6/site-packages/airflow/example_dags/example_kubernetes_executor.py
[2024-08-10 09:15:35,426] {logging_mixin.py:104} INFO - [2024-08-10 09:15:35,426] {dag.py:1824} INFO - Sync 1 DAGs
[2024-08-10 09:15:35,442] {logging_mixin.py:104} INFO - [2024-08-10 09:15:35,442] {dag.py:2280} INFO - Setting next_dagrun for example_kubernetes_executor to None
[2024-08-10 09:15:35,453] {scheduler_job.py:190} INFO - Processing /home/airflow/.local/lib/python3.6/site-packages/airflow/example_dags/example_kubernetes_executor.py took 0.068 seconds
[2024-08-10 09:16:05,547] {scheduler_job.py:182} INFO - Started process (PID=7049) to work on /home/airflow/.local/lib/python3.6/site-packages/airflow/example_dags/example_kubernetes_executor.py
[2024-08-10 09:16:05,548] {scheduler_job.py:629} INFO - Processing file /home/airflow/.local/lib/python3.6/site-packages/airflow/example_dags/example_kubernetes_executor.py for tasks to queue
[2024-08-10 09:16:05,549] {logging_mixin.py:104} INFO - [2024-08-10 09:16:05,549] {dagbag.py:451} INFO - Filling up the DagBag from /home/airflow/.local/lib/python3.6/site-packages/airflow/example_dags/example_kubernetes_executor.py
[2024-08-10 09:16:05,560] {scheduler_job.py:639} INFO - DAG(s) dict_keys(['example_kubernetes_executor']) retrieved from /home/airflow/.local/lib/python3.6/site-packages/airflow/example_dags/example_kubernetes_executor.py
[2024-08-10 09:16:05,580] {logging_mixin.py:104} INFO - [2024-08-10 09:16:05,580] {dag.py:1824} INFO - Sync 1 DAGs
[2024-08-10 09:16:05,594] {logging_mixin.py:104} INFO - [2024-08-10 09:16:05,593] {dag.py:2280} INFO - Setting next_dagrun for example_kubernetes_executor to None
[2024-08-10 09:16:05,603] {scheduler_job.py:190} INFO - Processing /home/airflow/.local/lib/python3.6/site-packages/airflow/example_dags/example_kubernetes_executor.py took 0.060 seconds
