[2024-08-10 08:42:12,430] {scheduler_job.py:182} INFO - Started process (PID=30476) to work on /home/airflow/.local/lib/python3.6/site-packages/airflow/example_dags/example_latest_only.py
[2024-08-10 08:42:12,431] {scheduler_job.py:629} INFO - Processing file /home/airflow/.local/lib/python3.6/site-packages/airflow/example_dags/example_latest_only.py for tasks to queue
[2024-08-10 08:42:12,431] {logging_mixin.py:104} INFO - [2024-08-10 08:42:12,431] {dagbag.py:451} INFO - Filling up the DagBag from /home/airflow/.local/lib/python3.6/site-packages/airflow/example_dags/example_latest_only.py
[2024-08-10 08:42:12,441] {scheduler_job.py:639} INFO - DAG(s) dict_keys(['latest_only']) retrieved from /home/airflow/.local/lib/python3.6/site-packages/airflow/example_dags/example_latest_only.py
[2024-08-10 08:42:12,460] {logging_mixin.py:104} INFO - [2024-08-10 08:42:12,460] {dag.py:1824} INFO - Sync 1 DAGs
[2024-08-10 08:42:12,474] {logging_mixin.py:104} INFO - [2024-08-10 08:42:12,474] {dag.py:2280} INFO - Setting next_dagrun for latest_only to 2024-08-08 00:00:00+00:00
[2024-08-10 08:42:12,484] {scheduler_job.py:190} INFO - Processing /home/airflow/.local/lib/python3.6/site-packages/airflow/example_dags/example_latest_only.py took 0.057 seconds
[2024-08-10 08:42:42,913] {scheduler_job.py:182} INFO - Started process (PID=30606) to work on /home/airflow/.local/lib/python3.6/site-packages/airflow/example_dags/example_latest_only.py
[2024-08-10 08:42:42,914] {scheduler_job.py:629} INFO - Processing file /home/airflow/.local/lib/python3.6/site-packages/airflow/example_dags/example_latest_only.py for tasks to queue
[2024-08-10 08:42:42,915] {logging_mixin.py:104} INFO - [2024-08-10 08:42:42,915] {dagbag.py:451} INFO - Filling up the DagBag from /home/airflow/.local/lib/python3.6/site-packages/airflow/example_dags/example_latest_only.py
[2024-08-10 08:42:42,926] {scheduler_job.py:639} INFO - DAG(s) dict_keys(['latest_only']) retrieved from /home/airflow/.local/lib/python3.6/site-packages/airflow/example_dags/example_latest_only.py
[2024-08-10 08:42:42,949] {logging_mixin.py:104} INFO - [2024-08-10 08:42:42,949] {dag.py:1824} INFO - Sync 1 DAGs
[2024-08-10 08:42:42,965] {logging_mixin.py:104} INFO - [2024-08-10 08:42:42,965] {dag.py:2280} INFO - Setting next_dagrun for latest_only to 2024-08-08 00:00:00+00:00
[2024-08-10 08:42:42,984] {scheduler_job.py:190} INFO - Processing /home/airflow/.local/lib/python3.6/site-packages/airflow/example_dags/example_latest_only.py took 0.074 seconds
[2024-08-10 08:43:13,630] {scheduler_job.py:182} INFO - Started process (PID=30772) to work on /home/airflow/.local/lib/python3.6/site-packages/airflow/example_dags/example_latest_only.py
[2024-08-10 08:43:13,631] {scheduler_job.py:629} INFO - Processing file /home/airflow/.local/lib/python3.6/site-packages/airflow/example_dags/example_latest_only.py for tasks to queue
[2024-08-10 08:43:13,631] {logging_mixin.py:104} INFO - [2024-08-10 08:43:13,631] {dagbag.py:451} INFO - Filling up the DagBag from /home/airflow/.local/lib/python3.6/site-packages/airflow/example_dags/example_latest_only.py
[2024-08-10 08:43:13,641] {scheduler_job.py:639} INFO - DAG(s) dict_keys(['latest_only']) retrieved from /home/airflow/.local/lib/python3.6/site-packages/airflow/example_dags/example_latest_only.py
[2024-08-10 08:43:13,660] {logging_mixin.py:104} INFO - [2024-08-10 08:43:13,660] {dag.py:1824} INFO - Sync 1 DAGs
[2024-08-10 08:43:13,674] {logging_mixin.py:104} INFO - [2024-08-10 08:43:13,674] {dag.py:2280} INFO - Setting next_dagrun for latest_only to 2024-08-08 00:00:00+00:00
[2024-08-10 08:43:13,684] {scheduler_job.py:190} INFO - Processing /home/airflow/.local/lib/python3.6/site-packages/airflow/example_dags/example_latest_only.py took 0.058 seconds
[2024-08-10 08:43:44,136] {scheduler_job.py:182} INFO - Started process (PID=30917) to work on /home/airflow/.local/lib/python3.6/site-packages/airflow/example_dags/example_latest_only.py
[2024-08-10 08:43:44,138] {scheduler_job.py:629} INFO - Processing file /home/airflow/.local/lib/python3.6/site-packages/airflow/example_dags/example_latest_only.py for tasks to queue
[2024-08-10 08:43:44,139] {logging_mixin.py:104} INFO - [2024-08-10 08:43:44,139] {dagbag.py:451} INFO - Filling up the DagBag from /home/airflow/.local/lib/python3.6/site-packages/airflow/example_dags/example_latest_only.py
[2024-08-10 08:43:44,161] {scheduler_job.py:639} INFO - DAG(s) dict_keys(['latest_only']) retrieved from /home/airflow/.local/lib/python3.6/site-packages/airflow/example_dags/example_latest_only.py
[2024-08-10 08:43:44,201] {logging_mixin.py:104} INFO - [2024-08-10 08:43:44,201] {dag.py:1824} INFO - Sync 1 DAGs
[2024-08-10 08:43:44,237] {logging_mixin.py:104} INFO - [2024-08-10 08:43:44,237] {dag.py:2280} INFO - Setting next_dagrun for latest_only to 2024-08-08 00:00:00+00:00
[2024-08-10 08:43:44,258] {scheduler_job.py:190} INFO - Processing /home/airflow/.local/lib/python3.6/site-packages/airflow/example_dags/example_latest_only.py took 0.128 seconds
[2024-08-10 08:44:14,308] {scheduler_job.py:182} INFO - Started process (PID=31062) to work on /home/airflow/.local/lib/python3.6/site-packages/airflow/example_dags/example_latest_only.py
[2024-08-10 08:44:14,309] {scheduler_job.py:629} INFO - Processing file /home/airflow/.local/lib/python3.6/site-packages/airflow/example_dags/example_latest_only.py for tasks to queue
[2024-08-10 08:44:14,309] {logging_mixin.py:104} INFO - [2024-08-10 08:44:14,309] {dagbag.py:451} INFO - Filling up the DagBag from /home/airflow/.local/lib/python3.6/site-packages/airflow/example_dags/example_latest_only.py
[2024-08-10 08:44:14,319] {scheduler_job.py:639} INFO - DAG(s) dict_keys(['latest_only']) retrieved from /home/airflow/.local/lib/python3.6/site-packages/airflow/example_dags/example_latest_only.py
[2024-08-10 08:44:14,339] {logging_mixin.py:104} INFO - [2024-08-10 08:44:14,339] {dag.py:1824} INFO - Sync 1 DAGs
[2024-08-10 08:44:14,358] {logging_mixin.py:104} INFO - [2024-08-10 08:44:14,358] {dag.py:2280} INFO - Setting next_dagrun for latest_only to 2024-08-08 00:00:00+00:00
[2024-08-10 08:44:14,371] {scheduler_job.py:190} INFO - Processing /home/airflow/.local/lib/python3.6/site-packages/airflow/example_dags/example_latest_only.py took 0.066 seconds
[2024-08-10 08:44:45,214] {scheduler_job.py:182} INFO - Started process (PID=31193) to work on /home/airflow/.local/lib/python3.6/site-packages/airflow/example_dags/example_latest_only.py
[2024-08-10 08:44:45,215] {scheduler_job.py:629} INFO - Processing file /home/airflow/.local/lib/python3.6/site-packages/airflow/example_dags/example_latest_only.py for tasks to queue
[2024-08-10 08:44:45,216] {logging_mixin.py:104} INFO - [2024-08-10 08:44:45,216] {dagbag.py:451} INFO - Filling up the DagBag from /home/airflow/.local/lib/python3.6/site-packages/airflow/example_dags/example_latest_only.py
[2024-08-10 08:44:45,225] {scheduler_job.py:639} INFO - DAG(s) dict_keys(['latest_only']) retrieved from /home/airflow/.local/lib/python3.6/site-packages/airflow/example_dags/example_latest_only.py
[2024-08-10 08:44:45,243] {logging_mixin.py:104} INFO - [2024-08-10 08:44:45,243] {dag.py:1824} INFO - Sync 1 DAGs
[2024-08-10 08:44:45,256] {logging_mixin.py:104} INFO - [2024-08-10 08:44:45,256] {dag.py:2280} INFO - Setting next_dagrun for latest_only to 2024-08-08 00:00:00+00:00
[2024-08-10 08:44:45,265] {scheduler_job.py:190} INFO - Processing /home/airflow/.local/lib/python3.6/site-packages/airflow/example_dags/example_latest_only.py took 0.054 seconds
[2024-08-10 08:45:15,933] {scheduler_job.py:182} INFO - Started process (PID=31323) to work on /home/airflow/.local/lib/python3.6/site-packages/airflow/example_dags/example_latest_only.py
[2024-08-10 08:45:15,936] {scheduler_job.py:629} INFO - Processing file /home/airflow/.local/lib/python3.6/site-packages/airflow/example_dags/example_latest_only.py for tasks to queue
[2024-08-10 08:45:15,936] {logging_mixin.py:104} INFO - [2024-08-10 08:45:15,936] {dagbag.py:451} INFO - Filling up the DagBag from /home/airflow/.local/lib/python3.6/site-packages/airflow/example_dags/example_latest_only.py
[2024-08-10 08:45:15,954] {scheduler_job.py:639} INFO - DAG(s) dict_keys(['latest_only']) retrieved from /home/airflow/.local/lib/python3.6/site-packages/airflow/example_dags/example_latest_only.py
[2024-08-10 08:45:15,979] {logging_mixin.py:104} INFO - [2024-08-10 08:45:15,979] {dag.py:1824} INFO - Sync 1 DAGs
[2024-08-10 08:45:15,998] {logging_mixin.py:104} INFO - [2024-08-10 08:45:15,998] {dag.py:2280} INFO - Setting next_dagrun for latest_only to 2024-08-08 00:00:00+00:00
[2024-08-10 08:45:16,012] {scheduler_job.py:190} INFO - Processing /home/airflow/.local/lib/python3.6/site-packages/airflow/example_dags/example_latest_only.py took 0.083 seconds
[2024-08-10 08:45:46,467] {scheduler_job.py:182} INFO - Started process (PID=31448) to work on /home/airflow/.local/lib/python3.6/site-packages/airflow/example_dags/example_latest_only.py
[2024-08-10 08:45:46,469] {scheduler_job.py:629} INFO - Processing file /home/airflow/.local/lib/python3.6/site-packages/airflow/example_dags/example_latest_only.py for tasks to queue
[2024-08-10 08:45:46,470] {logging_mixin.py:104} INFO - [2024-08-10 08:45:46,470] {dagbag.py:451} INFO - Filling up the DagBag from /home/airflow/.local/lib/python3.6/site-packages/airflow/example_dags/example_latest_only.py
[2024-08-10 08:45:46,482] {scheduler_job.py:639} INFO - DAG(s) dict_keys(['latest_only']) retrieved from /home/airflow/.local/lib/python3.6/site-packages/airflow/example_dags/example_latest_only.py
[2024-08-10 08:45:46,505] {logging_mixin.py:104} INFO - [2024-08-10 08:45:46,505] {dag.py:1824} INFO - Sync 1 DAGs
[2024-08-10 08:45:46,524] {logging_mixin.py:104} INFO - [2024-08-10 08:45:46,524] {dag.py:2280} INFO - Setting next_dagrun for latest_only to 2024-08-08 00:00:00+00:00
[2024-08-10 08:45:46,535] {scheduler_job.py:190} INFO - Processing /home/airflow/.local/lib/python3.6/site-packages/airflow/example_dags/example_latest_only.py took 0.072 seconds
[2024-08-10 08:46:16,809] {scheduler_job.py:182} INFO - Started process (PID=31578) to work on /home/airflow/.local/lib/python3.6/site-packages/airflow/example_dags/example_latest_only.py
[2024-08-10 08:46:16,810] {scheduler_job.py:629} INFO - Processing file /home/airflow/.local/lib/python3.6/site-packages/airflow/example_dags/example_latest_only.py for tasks to queue
[2024-08-10 08:46:16,811] {logging_mixin.py:104} INFO - [2024-08-10 08:46:16,810] {dagbag.py:451} INFO - Filling up the DagBag from /home/airflow/.local/lib/python3.6/site-packages/airflow/example_dags/example_latest_only.py
[2024-08-10 08:46:16,820] {scheduler_job.py:639} INFO - DAG(s) dict_keys(['latest_only']) retrieved from /home/airflow/.local/lib/python3.6/site-packages/airflow/example_dags/example_latest_only.py
[2024-08-10 08:46:16,839] {logging_mixin.py:104} INFO - [2024-08-10 08:46:16,839] {dag.py:1824} INFO - Sync 1 DAGs
[2024-08-10 08:46:16,854] {logging_mixin.py:104} INFO - [2024-08-10 08:46:16,854] {dag.py:2280} INFO - Setting next_dagrun for latest_only to 2024-08-08 00:00:00+00:00
[2024-08-10 08:46:16,863] {scheduler_job.py:190} INFO - Processing /home/airflow/.local/lib/python3.6/site-packages/airflow/example_dags/example_latest_only.py took 0.057 seconds
[2024-08-10 08:46:47,471] {scheduler_job.py:182} INFO - Started process (PID=31728) to work on /home/airflow/.local/lib/python3.6/site-packages/airflow/example_dags/example_latest_only.py
[2024-08-10 08:46:47,472] {scheduler_job.py:629} INFO - Processing file /home/airflow/.local/lib/python3.6/site-packages/airflow/example_dags/example_latest_only.py for tasks to queue
[2024-08-10 08:46:47,473] {logging_mixin.py:104} INFO - [2024-08-10 08:46:47,473] {dagbag.py:451} INFO - Filling up the DagBag from /home/airflow/.local/lib/python3.6/site-packages/airflow/example_dags/example_latest_only.py
[2024-08-10 08:46:47,486] {scheduler_job.py:639} INFO - DAG(s) dict_keys(['latest_only']) retrieved from /home/airflow/.local/lib/python3.6/site-packages/airflow/example_dags/example_latest_only.py
[2024-08-10 08:46:47,510] {logging_mixin.py:104} INFO - [2024-08-10 08:46:47,510] {dag.py:1824} INFO - Sync 1 DAGs
[2024-08-10 08:46:47,529] {logging_mixin.py:104} INFO - [2024-08-10 08:46:47,529] {dag.py:2280} INFO - Setting next_dagrun for latest_only to 2024-08-08 00:00:00+00:00
[2024-08-10 08:46:47,542] {scheduler_job.py:190} INFO - Processing /home/airflow/.local/lib/python3.6/site-packages/airflow/example_dags/example_latest_only.py took 0.075 seconds
[2024-08-10 08:47:17,820] {scheduler_job.py:182} INFO - Started process (PID=31858) to work on /home/airflow/.local/lib/python3.6/site-packages/airflow/example_dags/example_latest_only.py
[2024-08-10 08:47:17,820] {scheduler_job.py:629} INFO - Processing file /home/airflow/.local/lib/python3.6/site-packages/airflow/example_dags/example_latest_only.py for tasks to queue
[2024-08-10 08:47:17,821] {logging_mixin.py:104} INFO - [2024-08-10 08:47:17,821] {dagbag.py:451} INFO - Filling up the DagBag from /home/airflow/.local/lib/python3.6/site-packages/airflow/example_dags/example_latest_only.py
[2024-08-10 08:47:17,830] {scheduler_job.py:639} INFO - DAG(s) dict_keys(['latest_only']) retrieved from /home/airflow/.local/lib/python3.6/site-packages/airflow/example_dags/example_latest_only.py
[2024-08-10 08:47:17,850] {logging_mixin.py:104} INFO - [2024-08-10 08:47:17,850] {dag.py:1824} INFO - Sync 1 DAGs
[2024-08-10 08:47:17,864] {logging_mixin.py:104} INFO - [2024-08-10 08:47:17,864] {dag.py:2280} INFO - Setting next_dagrun for latest_only to 2024-08-08 00:00:00+00:00
[2024-08-10 08:47:17,874] {scheduler_job.py:190} INFO - Processing /home/airflow/.local/lib/python3.6/site-packages/airflow/example_dags/example_latest_only.py took 0.057 seconds
[2024-08-10 08:47:48,191] {scheduler_job.py:182} INFO - Started process (PID=31998) to work on /home/airflow/.local/lib/python3.6/site-packages/airflow/example_dags/example_latest_only.py
[2024-08-10 08:47:48,192] {scheduler_job.py:629} INFO - Processing file /home/airflow/.local/lib/python3.6/site-packages/airflow/example_dags/example_latest_only.py for tasks to queue
[2024-08-10 08:47:48,192] {logging_mixin.py:104} INFO - [2024-08-10 08:47:48,192] {dagbag.py:451} INFO - Filling up the DagBag from /home/airflow/.local/lib/python3.6/site-packages/airflow/example_dags/example_latest_only.py
[2024-08-10 08:47:48,201] {scheduler_job.py:639} INFO - DAG(s) dict_keys(['latest_only']) retrieved from /home/airflow/.local/lib/python3.6/site-packages/airflow/example_dags/example_latest_only.py
[2024-08-10 08:47:48,221] {logging_mixin.py:104} INFO - [2024-08-10 08:47:48,221] {dag.py:1824} INFO - Sync 1 DAGs
[2024-08-10 08:47:48,236] {logging_mixin.py:104} INFO - [2024-08-10 08:47:48,236] {dag.py:2280} INFO - Setting next_dagrun for latest_only to 2024-08-08 00:00:00+00:00
[2024-08-10 08:47:48,245] {scheduler_job.py:190} INFO - Processing /home/airflow/.local/lib/python3.6/site-packages/airflow/example_dags/example_latest_only.py took 0.058 seconds
[2024-08-10 08:48:18,773] {scheduler_job.py:182} INFO - Started process (PID=32143) to work on /home/airflow/.local/lib/python3.6/site-packages/airflow/example_dags/example_latest_only.py
[2024-08-10 08:48:18,774] {scheduler_job.py:629} INFO - Processing file /home/airflow/.local/lib/python3.6/site-packages/airflow/example_dags/example_latest_only.py for tasks to queue
[2024-08-10 08:48:18,775] {logging_mixin.py:104} INFO - [2024-08-10 08:48:18,774] {dagbag.py:451} INFO - Filling up the DagBag from /home/airflow/.local/lib/python3.6/site-packages/airflow/example_dags/example_latest_only.py
[2024-08-10 08:48:18,787] {scheduler_job.py:639} INFO - DAG(s) dict_keys(['latest_only']) retrieved from /home/airflow/.local/lib/python3.6/site-packages/airflow/example_dags/example_latest_only.py
[2024-08-10 08:48:18,816] {logging_mixin.py:104} INFO - [2024-08-10 08:48:18,816] {dag.py:1824} INFO - Sync 1 DAGs
[2024-08-10 08:48:18,835] {logging_mixin.py:104} INFO - [2024-08-10 08:48:18,835] {dag.py:2280} INFO - Setting next_dagrun for latest_only to 2024-08-08 00:00:00+00:00
[2024-08-10 08:48:18,845] {scheduler_job.py:190} INFO - Processing /home/airflow/.local/lib/python3.6/site-packages/airflow/example_dags/example_latest_only.py took 0.076 seconds
[2024-08-10 08:48:48,980] {scheduler_job.py:182} INFO - Started process (PID=32282) to work on /home/airflow/.local/lib/python3.6/site-packages/airflow/example_dags/example_latest_only.py
[2024-08-10 08:48:48,982] {scheduler_job.py:629} INFO - Processing file /home/airflow/.local/lib/python3.6/site-packages/airflow/example_dags/example_latest_only.py for tasks to queue
[2024-08-10 08:48:48,983] {logging_mixin.py:104} INFO - [2024-08-10 08:48:48,983] {dagbag.py:451} INFO - Filling up the DagBag from /home/airflow/.local/lib/python3.6/site-packages/airflow/example_dags/example_latest_only.py
[2024-08-10 08:48:48,997] {scheduler_job.py:639} INFO - DAG(s) dict_keys(['latest_only']) retrieved from /home/airflow/.local/lib/python3.6/site-packages/airflow/example_dags/example_latest_only.py
[2024-08-10 08:48:49,025] {logging_mixin.py:104} INFO - [2024-08-10 08:48:49,025] {dag.py:1824} INFO - Sync 1 DAGs
[2024-08-10 08:48:49,043] {logging_mixin.py:104} INFO - [2024-08-10 08:48:49,043] {dag.py:2280} INFO - Setting next_dagrun for latest_only to 2024-08-08 00:00:00+00:00
[2024-08-10 08:48:49,055] {scheduler_job.py:190} INFO - Processing /home/airflow/.local/lib/python3.6/site-packages/airflow/example_dags/example_latest_only.py took 0.079 seconds
[2024-08-10 08:49:19,600] {scheduler_job.py:182} INFO - Started process (PID=32417) to work on /home/airflow/.local/lib/python3.6/site-packages/airflow/example_dags/example_latest_only.py
[2024-08-10 08:49:19,601] {scheduler_job.py:629} INFO - Processing file /home/airflow/.local/lib/python3.6/site-packages/airflow/example_dags/example_latest_only.py for tasks to queue
[2024-08-10 08:49:19,602] {logging_mixin.py:104} INFO - [2024-08-10 08:49:19,602] {dagbag.py:451} INFO - Filling up the DagBag from /home/airflow/.local/lib/python3.6/site-packages/airflow/example_dags/example_latest_only.py
[2024-08-10 08:49:19,611] {scheduler_job.py:639} INFO - DAG(s) dict_keys(['latest_only']) retrieved from /home/airflow/.local/lib/python3.6/site-packages/airflow/example_dags/example_latest_only.py
[2024-08-10 08:49:19,630] {logging_mixin.py:104} INFO - [2024-08-10 08:49:19,630] {dag.py:1824} INFO - Sync 1 DAGs
[2024-08-10 08:49:19,644] {logging_mixin.py:104} INFO - [2024-08-10 08:49:19,644] {dag.py:2280} INFO - Setting next_dagrun for latest_only to 2024-08-08 00:00:00+00:00
[2024-08-10 08:49:19,654] {scheduler_job.py:190} INFO - Processing /home/airflow/.local/lib/python3.6/site-packages/airflow/example_dags/example_latest_only.py took 0.057 seconds
[2024-08-10 08:49:49,919] {scheduler_job.py:182} INFO - Started process (PID=32557) to work on /home/airflow/.local/lib/python3.6/site-packages/airflow/example_dags/example_latest_only.py
[2024-08-10 08:49:49,919] {scheduler_job.py:629} INFO - Processing file /home/airflow/.local/lib/python3.6/site-packages/airflow/example_dags/example_latest_only.py for tasks to queue
[2024-08-10 08:49:49,920] {logging_mixin.py:104} INFO - [2024-08-10 08:49:49,920] {dagbag.py:451} INFO - Filling up the DagBag from /home/airflow/.local/lib/python3.6/site-packages/airflow/example_dags/example_latest_only.py
[2024-08-10 08:49:49,929] {scheduler_job.py:639} INFO - DAG(s) dict_keys(['latest_only']) retrieved from /home/airflow/.local/lib/python3.6/site-packages/airflow/example_dags/example_latest_only.py
[2024-08-10 08:49:49,948] {logging_mixin.py:104} INFO - [2024-08-10 08:49:49,948] {dag.py:1824} INFO - Sync 1 DAGs
[2024-08-10 08:49:49,962] {logging_mixin.py:104} INFO - [2024-08-10 08:49:49,962] {dag.py:2280} INFO - Setting next_dagrun for latest_only to 2024-08-08 00:00:00+00:00
[2024-08-10 08:49:49,972] {scheduler_job.py:190} INFO - Processing /home/airflow/.local/lib/python3.6/site-packages/airflow/example_dags/example_latest_only.py took 0.056 seconds
[2024-08-10 08:50:20,175] {scheduler_job.py:182} INFO - Started process (PID=32682) to work on /home/airflow/.local/lib/python3.6/site-packages/airflow/example_dags/example_latest_only.py
[2024-08-10 08:50:20,177] {scheduler_job.py:629} INFO - Processing file /home/airflow/.local/lib/python3.6/site-packages/airflow/example_dags/example_latest_only.py for tasks to queue
[2024-08-10 08:50:20,177] {logging_mixin.py:104} INFO - [2024-08-10 08:50:20,177] {dagbag.py:451} INFO - Filling up the DagBag from /home/airflow/.local/lib/python3.6/site-packages/airflow/example_dags/example_latest_only.py
[2024-08-10 08:50:20,188] {scheduler_job.py:639} INFO - DAG(s) dict_keys(['latest_only']) retrieved from /home/airflow/.local/lib/python3.6/site-packages/airflow/example_dags/example_latest_only.py
[2024-08-10 08:50:20,207] {logging_mixin.py:104} INFO - [2024-08-10 08:50:20,207] {dag.py:1824} INFO - Sync 1 DAGs
[2024-08-10 08:50:20,222] {logging_mixin.py:104} INFO - [2024-08-10 08:50:20,222] {dag.py:2280} INFO - Setting next_dagrun for latest_only to 2024-08-08 00:00:00+00:00
[2024-08-10 08:50:20,232] {scheduler_job.py:190} INFO - Processing /home/airflow/.local/lib/python3.6/site-packages/airflow/example_dags/example_latest_only.py took 0.060 seconds
[2024-08-10 08:50:50,298] {scheduler_job.py:182} INFO - Started process (PID=346) to work on /home/airflow/.local/lib/python3.6/site-packages/airflow/example_dags/example_latest_only.py
[2024-08-10 08:50:50,301] {scheduler_job.py:629} INFO - Processing file /home/airflow/.local/lib/python3.6/site-packages/airflow/example_dags/example_latest_only.py for tasks to queue
[2024-08-10 08:50:50,302] {logging_mixin.py:104} INFO - [2024-08-10 08:50:50,301] {dagbag.py:451} INFO - Filling up the DagBag from /home/airflow/.local/lib/python3.6/site-packages/airflow/example_dags/example_latest_only.py
[2024-08-10 08:50:50,316] {scheduler_job.py:639} INFO - DAG(s) dict_keys(['latest_only']) retrieved from /home/airflow/.local/lib/python3.6/site-packages/airflow/example_dags/example_latest_only.py
[2024-08-10 08:50:50,339] {logging_mixin.py:104} INFO - [2024-08-10 08:50:50,339] {dag.py:1824} INFO - Sync 1 DAGs
[2024-08-10 08:50:50,354] {logging_mixin.py:104} INFO - [2024-08-10 08:50:50,353] {dag.py:2280} INFO - Setting next_dagrun for latest_only to 2024-08-08 00:00:00+00:00
[2024-08-10 08:50:50,363] {scheduler_job.py:190} INFO - Processing /home/airflow/.local/lib/python3.6/site-packages/airflow/example_dags/example_latest_only.py took 0.068 seconds
[2024-08-10 08:51:20,444] {scheduler_job.py:182} INFO - Started process (PID=478) to work on /home/airflow/.local/lib/python3.6/site-packages/airflow/example_dags/example_latest_only.py
[2024-08-10 08:51:20,445] {scheduler_job.py:629} INFO - Processing file /home/airflow/.local/lib/python3.6/site-packages/airflow/example_dags/example_latest_only.py for tasks to queue
[2024-08-10 08:51:20,446] {logging_mixin.py:104} INFO - [2024-08-10 08:51:20,446] {dagbag.py:451} INFO - Filling up the DagBag from /home/airflow/.local/lib/python3.6/site-packages/airflow/example_dags/example_latest_only.py
[2024-08-10 08:51:20,455] {scheduler_job.py:639} INFO - DAG(s) dict_keys(['latest_only']) retrieved from /home/airflow/.local/lib/python3.6/site-packages/airflow/example_dags/example_latest_only.py
[2024-08-10 08:51:20,477] {logging_mixin.py:104} INFO - [2024-08-10 08:51:20,477] {dag.py:1824} INFO - Sync 1 DAGs
[2024-08-10 08:51:20,493] {logging_mixin.py:104} INFO - [2024-08-10 08:51:20,493] {dag.py:2280} INFO - Setting next_dagrun for latest_only to 2024-08-08 00:00:00+00:00
[2024-08-10 08:51:20,505] {scheduler_job.py:190} INFO - Processing /home/airflow/.local/lib/python3.6/site-packages/airflow/example_dags/example_latest_only.py took 0.064 seconds
[2024-08-10 08:51:50,710] {scheduler_job.py:182} INFO - Started process (PID=614) to work on /home/airflow/.local/lib/python3.6/site-packages/airflow/example_dags/example_latest_only.py
[2024-08-10 08:51:50,711] {scheduler_job.py:629} INFO - Processing file /home/airflow/.local/lib/python3.6/site-packages/airflow/example_dags/example_latest_only.py for tasks to queue
[2024-08-10 08:51:50,712] {logging_mixin.py:104} INFO - [2024-08-10 08:51:50,711] {dagbag.py:451} INFO - Filling up the DagBag from /home/airflow/.local/lib/python3.6/site-packages/airflow/example_dags/example_latest_only.py
[2024-08-10 08:51:50,721] {scheduler_job.py:639} INFO - DAG(s) dict_keys(['latest_only']) retrieved from /home/airflow/.local/lib/python3.6/site-packages/airflow/example_dags/example_latest_only.py
[2024-08-10 08:51:50,740] {logging_mixin.py:104} INFO - [2024-08-10 08:51:50,740] {dag.py:1824} INFO - Sync 1 DAGs
[2024-08-10 08:51:50,754] {logging_mixin.py:104} INFO - [2024-08-10 08:51:50,754] {dag.py:2280} INFO - Setting next_dagrun for latest_only to 2024-08-08 00:00:00+00:00
[2024-08-10 08:51:50,765] {scheduler_job.py:190} INFO - Processing /home/airflow/.local/lib/python3.6/site-packages/airflow/example_dags/example_latest_only.py took 0.058 seconds
[2024-08-10 08:52:20,889] {scheduler_job.py:182} INFO - Started process (PID=751) to work on /home/airflow/.local/lib/python3.6/site-packages/airflow/example_dags/example_latest_only.py
[2024-08-10 08:52:20,890] {scheduler_job.py:629} INFO - Processing file /home/airflow/.local/lib/python3.6/site-packages/airflow/example_dags/example_latest_only.py for tasks to queue
[2024-08-10 08:52:20,891] {logging_mixin.py:104} INFO - [2024-08-10 08:52:20,891] {dagbag.py:451} INFO - Filling up the DagBag from /home/airflow/.local/lib/python3.6/site-packages/airflow/example_dags/example_latest_only.py
[2024-08-10 08:52:20,900] {scheduler_job.py:639} INFO - DAG(s) dict_keys(['latest_only']) retrieved from /home/airflow/.local/lib/python3.6/site-packages/airflow/example_dags/example_latest_only.py
[2024-08-10 08:52:20,918] {logging_mixin.py:104} INFO - [2024-08-10 08:52:20,918] {dag.py:1824} INFO - Sync 1 DAGs
[2024-08-10 08:52:20,931] {logging_mixin.py:104} INFO - [2024-08-10 08:52:20,931] {dag.py:2280} INFO - Setting next_dagrun for latest_only to 2024-08-08 00:00:00+00:00
[2024-08-10 08:52:20,941] {scheduler_job.py:190} INFO - Processing /home/airflow/.local/lib/python3.6/site-packages/airflow/example_dags/example_latest_only.py took 0.055 seconds
[2024-08-10 08:52:51,060] {scheduler_job.py:182} INFO - Started process (PID=888) to work on /home/airflow/.local/lib/python3.6/site-packages/airflow/example_dags/example_latest_only.py
[2024-08-10 08:52:51,061] {scheduler_job.py:629} INFO - Processing file /home/airflow/.local/lib/python3.6/site-packages/airflow/example_dags/example_latest_only.py for tasks to queue
[2024-08-10 08:52:51,061] {logging_mixin.py:104} INFO - [2024-08-10 08:52:51,061] {dagbag.py:451} INFO - Filling up the DagBag from /home/airflow/.local/lib/python3.6/site-packages/airflow/example_dags/example_latest_only.py
[2024-08-10 08:52:51,070] {scheduler_job.py:639} INFO - DAG(s) dict_keys(['latest_only']) retrieved from /home/airflow/.local/lib/python3.6/site-packages/airflow/example_dags/example_latest_only.py
[2024-08-10 08:52:51,089] {logging_mixin.py:104} INFO - [2024-08-10 08:52:51,089] {dag.py:1824} INFO - Sync 1 DAGs
[2024-08-10 08:52:51,104] {logging_mixin.py:104} INFO - [2024-08-10 08:52:51,104] {dag.py:2280} INFO - Setting next_dagrun for latest_only to 2024-08-08 00:00:00+00:00
[2024-08-10 08:52:51,115] {scheduler_job.py:190} INFO - Processing /home/airflow/.local/lib/python3.6/site-packages/airflow/example_dags/example_latest_only.py took 0.058 seconds
[2024-08-10 08:53:21,183] {scheduler_job.py:182} INFO - Started process (PID=1024) to work on /home/airflow/.local/lib/python3.6/site-packages/airflow/example_dags/example_latest_only.py
[2024-08-10 08:53:21,184] {scheduler_job.py:629} INFO - Processing file /home/airflow/.local/lib/python3.6/site-packages/airflow/example_dags/example_latest_only.py for tasks to queue
[2024-08-10 08:53:21,184] {logging_mixin.py:104} INFO - [2024-08-10 08:53:21,184] {dagbag.py:451} INFO - Filling up the DagBag from /home/airflow/.local/lib/python3.6/site-packages/airflow/example_dags/example_latest_only.py
[2024-08-10 08:53:21,193] {scheduler_job.py:639} INFO - DAG(s) dict_keys(['latest_only']) retrieved from /home/airflow/.local/lib/python3.6/site-packages/airflow/example_dags/example_latest_only.py
[2024-08-10 08:53:21,212] {logging_mixin.py:104} INFO - [2024-08-10 08:53:21,212] {dag.py:1824} INFO - Sync 1 DAGs
[2024-08-10 08:53:21,226] {logging_mixin.py:104} INFO - [2024-08-10 08:53:21,226] {dag.py:2280} INFO - Setting next_dagrun for latest_only to 2024-08-08 00:00:00+00:00
[2024-08-10 08:53:21,236] {scheduler_job.py:190} INFO - Processing /home/airflow/.local/lib/python3.6/site-packages/airflow/example_dags/example_latest_only.py took 0.056 seconds
[2024-08-10 08:53:51,333] {scheduler_job.py:182} INFO - Started process (PID=1154) to work on /home/airflow/.local/lib/python3.6/site-packages/airflow/example_dags/example_latest_only.py
[2024-08-10 08:53:51,335] {scheduler_job.py:629} INFO - Processing file /home/airflow/.local/lib/python3.6/site-packages/airflow/example_dags/example_latest_only.py for tasks to queue
[2024-08-10 08:53:51,335] {logging_mixin.py:104} INFO - [2024-08-10 08:53:51,335] {dagbag.py:451} INFO - Filling up the DagBag from /home/airflow/.local/lib/python3.6/site-packages/airflow/example_dags/example_latest_only.py
[2024-08-10 08:53:51,346] {scheduler_job.py:639} INFO - DAG(s) dict_keys(['latest_only']) retrieved from /home/airflow/.local/lib/python3.6/site-packages/airflow/example_dags/example_latest_only.py
[2024-08-10 08:53:51,363] {logging_mixin.py:104} INFO - [2024-08-10 08:53:51,363] {dag.py:1824} INFO - Sync 1 DAGs
[2024-08-10 08:53:51,377] {logging_mixin.py:104} INFO - [2024-08-10 08:53:51,376] {dag.py:2280} INFO - Setting next_dagrun for latest_only to 2024-08-08 00:00:00+00:00
[2024-08-10 08:53:51,385] {scheduler_job.py:190} INFO - Processing /home/airflow/.local/lib/python3.6/site-packages/airflow/example_dags/example_latest_only.py took 0.055 seconds
[2024-08-10 08:54:21,416] {scheduler_job.py:182} INFO - Started process (PID=1289) to work on /home/airflow/.local/lib/python3.6/site-packages/airflow/example_dags/example_latest_only.py
[2024-08-10 08:54:21,417] {scheduler_job.py:629} INFO - Processing file /home/airflow/.local/lib/python3.6/site-packages/airflow/example_dags/example_latest_only.py for tasks to queue
[2024-08-10 08:54:21,418] {logging_mixin.py:104} INFO - [2024-08-10 08:54:21,418] {dagbag.py:451} INFO - Filling up the DagBag from /home/airflow/.local/lib/python3.6/site-packages/airflow/example_dags/example_latest_only.py
[2024-08-10 08:54:21,427] {scheduler_job.py:639} INFO - DAG(s) dict_keys(['latest_only']) retrieved from /home/airflow/.local/lib/python3.6/site-packages/airflow/example_dags/example_latest_only.py
[2024-08-10 08:54:21,447] {logging_mixin.py:104} INFO - [2024-08-10 08:54:21,447] {dag.py:1824} INFO - Sync 1 DAGs
[2024-08-10 08:54:21,460] {logging_mixin.py:104} INFO - [2024-08-10 08:54:21,460] {dag.py:2280} INFO - Setting next_dagrun for latest_only to 2024-08-08 00:00:00+00:00
[2024-08-10 08:54:21,470] {scheduler_job.py:190} INFO - Processing /home/airflow/.local/lib/python3.6/site-packages/airflow/example_dags/example_latest_only.py took 0.056 seconds
[2024-08-10 08:54:51,524] {scheduler_job.py:182} INFO - Started process (PID=1419) to work on /home/airflow/.local/lib/python3.6/site-packages/airflow/example_dags/example_latest_only.py
[2024-08-10 08:54:51,525] {scheduler_job.py:629} INFO - Processing file /home/airflow/.local/lib/python3.6/site-packages/airflow/example_dags/example_latest_only.py for tasks to queue
[2024-08-10 08:54:51,526] {logging_mixin.py:104} INFO - [2024-08-10 08:54:51,526] {dagbag.py:451} INFO - Filling up the DagBag from /home/airflow/.local/lib/python3.6/site-packages/airflow/example_dags/example_latest_only.py
[2024-08-10 08:54:51,535] {scheduler_job.py:639} INFO - DAG(s) dict_keys(['latest_only']) retrieved from /home/airflow/.local/lib/python3.6/site-packages/airflow/example_dags/example_latest_only.py
[2024-08-10 08:54:51,554] {logging_mixin.py:104} INFO - [2024-08-10 08:54:51,554] {dag.py:1824} INFO - Sync 1 DAGs
[2024-08-10 08:54:51,568] {logging_mixin.py:104} INFO - [2024-08-10 08:54:51,568] {dag.py:2280} INFO - Setting next_dagrun for latest_only to 2024-08-08 00:00:00+00:00
[2024-08-10 08:54:51,578] {scheduler_job.py:190} INFO - Processing /home/airflow/.local/lib/python3.6/site-packages/airflow/example_dags/example_latest_only.py took 0.057 seconds
[2024-08-10 08:55:21,954] {scheduler_job.py:182} INFO - Started process (PID=1559) to work on /home/airflow/.local/lib/python3.6/site-packages/airflow/example_dags/example_latest_only.py
[2024-08-10 08:55:21,955] {scheduler_job.py:629} INFO - Processing file /home/airflow/.local/lib/python3.6/site-packages/airflow/example_dags/example_latest_only.py for tasks to queue
[2024-08-10 08:55:21,956] {logging_mixin.py:104} INFO - [2024-08-10 08:55:21,956] {dagbag.py:451} INFO - Filling up the DagBag from /home/airflow/.local/lib/python3.6/site-packages/airflow/example_dags/example_latest_only.py
[2024-08-10 08:55:21,965] {scheduler_job.py:639} INFO - DAG(s) dict_keys(['latest_only']) retrieved from /home/airflow/.local/lib/python3.6/site-packages/airflow/example_dags/example_latest_only.py
[2024-08-10 08:55:21,984] {logging_mixin.py:104} INFO - [2024-08-10 08:55:21,984] {dag.py:1824} INFO - Sync 1 DAGs
[2024-08-10 08:55:21,997] {logging_mixin.py:104} INFO - [2024-08-10 08:55:21,997] {dag.py:2280} INFO - Setting next_dagrun for latest_only to 2024-08-08 00:00:00+00:00
[2024-08-10 08:55:22,007] {scheduler_job.py:190} INFO - Processing /home/airflow/.local/lib/python3.6/site-packages/airflow/example_dags/example_latest_only.py took 0.056 seconds
[2024-08-10 08:55:52,539] {scheduler_job.py:182} INFO - Started process (PID=1704) to work on /home/airflow/.local/lib/python3.6/site-packages/airflow/example_dags/example_latest_only.py
[2024-08-10 08:55:52,540] {scheduler_job.py:629} INFO - Processing file /home/airflow/.local/lib/python3.6/site-packages/airflow/example_dags/example_latest_only.py for tasks to queue
[2024-08-10 08:55:52,541] {logging_mixin.py:104} INFO - [2024-08-10 08:55:52,541] {dagbag.py:451} INFO - Filling up the DagBag from /home/airflow/.local/lib/python3.6/site-packages/airflow/example_dags/example_latest_only.py
[2024-08-10 08:55:52,551] {scheduler_job.py:639} INFO - DAG(s) dict_keys(['latest_only']) retrieved from /home/airflow/.local/lib/python3.6/site-packages/airflow/example_dags/example_latest_only.py
[2024-08-10 08:55:52,572] {logging_mixin.py:104} INFO - [2024-08-10 08:55:52,572] {dag.py:1824} INFO - Sync 1 DAGs
[2024-08-10 08:55:52,588] {logging_mixin.py:104} INFO - [2024-08-10 08:55:52,587] {dag.py:2280} INFO - Setting next_dagrun for latest_only to 2024-08-08 00:00:00+00:00
[2024-08-10 08:55:52,599] {scheduler_job.py:190} INFO - Processing /home/airflow/.local/lib/python3.6/site-packages/airflow/example_dags/example_latest_only.py took 0.064 seconds
[2024-08-10 08:56:22,628] {scheduler_job.py:182} INFO - Started process (PID=1839) to work on /home/airflow/.local/lib/python3.6/site-packages/airflow/example_dags/example_latest_only.py
[2024-08-10 08:56:22,629] {scheduler_job.py:629} INFO - Processing file /home/airflow/.local/lib/python3.6/site-packages/airflow/example_dags/example_latest_only.py for tasks to queue
[2024-08-10 08:56:22,630] {logging_mixin.py:104} INFO - [2024-08-10 08:56:22,630] {dagbag.py:451} INFO - Filling up the DagBag from /home/airflow/.local/lib/python3.6/site-packages/airflow/example_dags/example_latest_only.py
[2024-08-10 08:56:22,639] {scheduler_job.py:639} INFO - DAG(s) dict_keys(['latest_only']) retrieved from /home/airflow/.local/lib/python3.6/site-packages/airflow/example_dags/example_latest_only.py
[2024-08-10 08:56:22,657] {logging_mixin.py:104} INFO - [2024-08-10 08:56:22,657] {dag.py:1824} INFO - Sync 1 DAGs
[2024-08-10 08:56:22,671] {logging_mixin.py:104} INFO - [2024-08-10 08:56:22,671] {dag.py:2280} INFO - Setting next_dagrun for latest_only to 2024-08-08 00:00:00+00:00
[2024-08-10 08:56:22,680] {scheduler_job.py:190} INFO - Processing /home/airflow/.local/lib/python3.6/site-packages/airflow/example_dags/example_latest_only.py took 0.056 seconds
[2024-08-10 08:56:53,025] {scheduler_job.py:182} INFO - Started process (PID=1970) to work on /home/airflow/.local/lib/python3.6/site-packages/airflow/example_dags/example_latest_only.py
[2024-08-10 08:56:53,026] {scheduler_job.py:629} INFO - Processing file /home/airflow/.local/lib/python3.6/site-packages/airflow/example_dags/example_latest_only.py for tasks to queue
[2024-08-10 08:56:53,027] {logging_mixin.py:104} INFO - [2024-08-10 08:56:53,027] {dagbag.py:451} INFO - Filling up the DagBag from /home/airflow/.local/lib/python3.6/site-packages/airflow/example_dags/example_latest_only.py
[2024-08-10 08:56:53,044] {scheduler_job.py:639} INFO - DAG(s) dict_keys(['latest_only']) retrieved from /home/airflow/.local/lib/python3.6/site-packages/airflow/example_dags/example_latest_only.py
[2024-08-10 08:56:53,077] {logging_mixin.py:104} INFO - [2024-08-10 08:56:53,077] {dag.py:1824} INFO - Sync 1 DAGs
[2024-08-10 08:56:53,102] {logging_mixin.py:104} INFO - [2024-08-10 08:56:53,102] {dag.py:2280} INFO - Setting next_dagrun for latest_only to 2024-08-08 00:00:00+00:00
[2024-08-10 08:56:53,119] {scheduler_job.py:190} INFO - Processing /home/airflow/.local/lib/python3.6/site-packages/airflow/example_dags/example_latest_only.py took 0.099 seconds
[2024-08-10 08:57:23,392] {scheduler_job.py:182} INFO - Started process (PID=2104) to work on /home/airflow/.local/lib/python3.6/site-packages/airflow/example_dags/example_latest_only.py
[2024-08-10 08:57:23,393] {scheduler_job.py:629} INFO - Processing file /home/airflow/.local/lib/python3.6/site-packages/airflow/example_dags/example_latest_only.py for tasks to queue
[2024-08-10 08:57:23,394] {logging_mixin.py:104} INFO - [2024-08-10 08:57:23,394] {dagbag.py:451} INFO - Filling up the DagBag from /home/airflow/.local/lib/python3.6/site-packages/airflow/example_dags/example_latest_only.py
[2024-08-10 08:57:23,404] {scheduler_job.py:639} INFO - DAG(s) dict_keys(['latest_only']) retrieved from /home/airflow/.local/lib/python3.6/site-packages/airflow/example_dags/example_latest_only.py
[2024-08-10 08:57:23,424] {logging_mixin.py:104} INFO - [2024-08-10 08:57:23,424] {dag.py:1824} INFO - Sync 1 DAGs
[2024-08-10 08:57:23,440] {logging_mixin.py:104} INFO - [2024-08-10 08:57:23,440] {dag.py:2280} INFO - Setting next_dagrun for latest_only to 2024-08-08 00:00:00+00:00
[2024-08-10 08:57:23,449] {scheduler_job.py:190} INFO - Processing /home/airflow/.local/lib/python3.6/site-packages/airflow/example_dags/example_latest_only.py took 0.060 seconds
[2024-08-10 08:57:53,644] {scheduler_job.py:182} INFO - Started process (PID=2239) to work on /home/airflow/.local/lib/python3.6/site-packages/airflow/example_dags/example_latest_only.py
[2024-08-10 08:57:53,645] {scheduler_job.py:629} INFO - Processing file /home/airflow/.local/lib/python3.6/site-packages/airflow/example_dags/example_latest_only.py for tasks to queue
[2024-08-10 08:57:53,645] {logging_mixin.py:104} INFO - [2024-08-10 08:57:53,645] {dagbag.py:451} INFO - Filling up the DagBag from /home/airflow/.local/lib/python3.6/site-packages/airflow/example_dags/example_latest_only.py
[2024-08-10 08:57:53,655] {scheduler_job.py:639} INFO - DAG(s) dict_keys(['latest_only']) retrieved from /home/airflow/.local/lib/python3.6/site-packages/airflow/example_dags/example_latest_only.py
[2024-08-10 08:57:53,675] {logging_mixin.py:104} INFO - [2024-08-10 08:57:53,675] {dag.py:1824} INFO - Sync 1 DAGs
[2024-08-10 08:57:53,690] {logging_mixin.py:104} INFO - [2024-08-10 08:57:53,690] {dag.py:2280} INFO - Setting next_dagrun for latest_only to 2024-08-08 00:00:00+00:00
[2024-08-10 08:57:53,700] {scheduler_job.py:190} INFO - Processing /home/airflow/.local/lib/python3.6/site-packages/airflow/example_dags/example_latest_only.py took 0.060 seconds
[2024-08-10 08:58:23,740] {scheduler_job.py:182} INFO - Started process (PID=2374) to work on /home/airflow/.local/lib/python3.6/site-packages/airflow/example_dags/example_latest_only.py
[2024-08-10 08:58:23,741] {scheduler_job.py:629} INFO - Processing file /home/airflow/.local/lib/python3.6/site-packages/airflow/example_dags/example_latest_only.py for tasks to queue
[2024-08-10 08:58:23,741] {logging_mixin.py:104} INFO - [2024-08-10 08:58:23,741] {dagbag.py:451} INFO - Filling up the DagBag from /home/airflow/.local/lib/python3.6/site-packages/airflow/example_dags/example_latest_only.py
[2024-08-10 08:58:23,751] {scheduler_job.py:639} INFO - DAG(s) dict_keys(['latest_only']) retrieved from /home/airflow/.local/lib/python3.6/site-packages/airflow/example_dags/example_latest_only.py
[2024-08-10 08:58:23,769] {logging_mixin.py:104} INFO - [2024-08-10 08:58:23,769] {dag.py:1824} INFO - Sync 1 DAGs
[2024-08-10 08:58:23,782] {logging_mixin.py:104} INFO - [2024-08-10 08:58:23,782] {dag.py:2280} INFO - Setting next_dagrun for latest_only to 2024-08-08 00:00:00+00:00
[2024-08-10 08:58:23,792] {scheduler_job.py:190} INFO - Processing /home/airflow/.local/lib/python3.6/site-packages/airflow/example_dags/example_latest_only.py took 0.055 seconds
[2024-08-10 08:58:54,056] {scheduler_job.py:182} INFO - Started process (PID=2499) to work on /home/airflow/.local/lib/python3.6/site-packages/airflow/example_dags/example_latest_only.py
[2024-08-10 08:58:54,058] {scheduler_job.py:629} INFO - Processing file /home/airflow/.local/lib/python3.6/site-packages/airflow/example_dags/example_latest_only.py for tasks to queue
[2024-08-10 08:58:54,059] {logging_mixin.py:104} INFO - [2024-08-10 08:58:54,059] {dagbag.py:451} INFO - Filling up the DagBag from /home/airflow/.local/lib/python3.6/site-packages/airflow/example_dags/example_latest_only.py
[2024-08-10 08:58:54,070] {scheduler_job.py:639} INFO - DAG(s) dict_keys(['latest_only']) retrieved from /home/airflow/.local/lib/python3.6/site-packages/airflow/example_dags/example_latest_only.py
[2024-08-10 08:58:54,089] {logging_mixin.py:104} INFO - [2024-08-10 08:58:54,089] {dag.py:1824} INFO - Sync 1 DAGs
[2024-08-10 08:58:54,102] {logging_mixin.py:104} INFO - [2024-08-10 08:58:54,102] {dag.py:2280} INFO - Setting next_dagrun for latest_only to 2024-08-08 00:00:00+00:00
[2024-08-10 08:58:54,112] {scheduler_job.py:190} INFO - Processing /home/airflow/.local/lib/python3.6/site-packages/airflow/example_dags/example_latest_only.py took 0.058 seconds
[2024-08-10 08:59:24,330] {scheduler_job.py:182} INFO - Started process (PID=2644) to work on /home/airflow/.local/lib/python3.6/site-packages/airflow/example_dags/example_latest_only.py
[2024-08-10 08:59:24,331] {scheduler_job.py:629} INFO - Processing file /home/airflow/.local/lib/python3.6/site-packages/airflow/example_dags/example_latest_only.py for tasks to queue
[2024-08-10 08:59:24,331] {logging_mixin.py:104} INFO - [2024-08-10 08:59:24,331] {dagbag.py:451} INFO - Filling up the DagBag from /home/airflow/.local/lib/python3.6/site-packages/airflow/example_dags/example_latest_only.py
[2024-08-10 08:59:24,340] {scheduler_job.py:639} INFO - DAG(s) dict_keys(['latest_only']) retrieved from /home/airflow/.local/lib/python3.6/site-packages/airflow/example_dags/example_latest_only.py
[2024-08-10 08:59:24,361] {logging_mixin.py:104} INFO - [2024-08-10 08:59:24,361] {dag.py:1824} INFO - Sync 1 DAGs
[2024-08-10 08:59:24,378] {logging_mixin.py:104} INFO - [2024-08-10 08:59:24,377] {dag.py:2280} INFO - Setting next_dagrun for latest_only to 2024-08-08 00:00:00+00:00
[2024-08-10 08:59:24,388] {scheduler_job.py:190} INFO - Processing /home/airflow/.local/lib/python3.6/site-packages/airflow/example_dags/example_latest_only.py took 0.060 seconds
[2024-08-10 08:59:54,576] {scheduler_job.py:182} INFO - Started process (PID=2779) to work on /home/airflow/.local/lib/python3.6/site-packages/airflow/example_dags/example_latest_only.py
[2024-08-10 08:59:54,577] {scheduler_job.py:629} INFO - Processing file /home/airflow/.local/lib/python3.6/site-packages/airflow/example_dags/example_latest_only.py for tasks to queue
[2024-08-10 08:59:54,577] {logging_mixin.py:104} INFO - [2024-08-10 08:59:54,577] {dagbag.py:451} INFO - Filling up the DagBag from /home/airflow/.local/lib/python3.6/site-packages/airflow/example_dags/example_latest_only.py
[2024-08-10 08:59:54,586] {scheduler_job.py:639} INFO - DAG(s) dict_keys(['latest_only']) retrieved from /home/airflow/.local/lib/python3.6/site-packages/airflow/example_dags/example_latest_only.py
[2024-08-10 08:59:54,605] {logging_mixin.py:104} INFO - [2024-08-10 08:59:54,605] {dag.py:1824} INFO - Sync 1 DAGs
[2024-08-10 08:59:54,618] {logging_mixin.py:104} INFO - [2024-08-10 08:59:54,618] {dag.py:2280} INFO - Setting next_dagrun for latest_only to 2024-08-08 00:00:00+00:00
[2024-08-10 08:59:54,627] {scheduler_job.py:190} INFO - Processing /home/airflow/.local/lib/python3.6/site-packages/airflow/example_dags/example_latest_only.py took 0.054 seconds
[2024-08-10 09:00:25,000] {scheduler_job.py:182} INFO - Started process (PID=2914) to work on /home/airflow/.local/lib/python3.6/site-packages/airflow/example_dags/example_latest_only.py
[2024-08-10 09:00:25,004] {scheduler_job.py:629} INFO - Processing file /home/airflow/.local/lib/python3.6/site-packages/airflow/example_dags/example_latest_only.py for tasks to queue
[2024-08-10 09:00:25,007] {logging_mixin.py:104} INFO - [2024-08-10 09:00:25,006] {dagbag.py:451} INFO - Filling up the DagBag from /home/airflow/.local/lib/python3.6/site-packages/airflow/example_dags/example_latest_only.py
[2024-08-10 09:00:25,028] {scheduler_job.py:639} INFO - DAG(s) dict_keys(['latest_only']) retrieved from /home/airflow/.local/lib/python3.6/site-packages/airflow/example_dags/example_latest_only.py
[2024-08-10 09:00:25,060] {logging_mixin.py:104} INFO - [2024-08-10 09:00:25,060] {dag.py:1824} INFO - Sync 1 DAGs
[2024-08-10 09:00:25,089] {logging_mixin.py:104} INFO - [2024-08-10 09:00:25,089] {dag.py:2280} INFO - Setting next_dagrun for latest_only to 2024-08-08 00:00:00+00:00
[2024-08-10 09:00:25,104] {scheduler_job.py:190} INFO - Processing /home/airflow/.local/lib/python3.6/site-packages/airflow/example_dags/example_latest_only.py took 0.109 seconds
[2024-08-10 09:00:55,271] {scheduler_job.py:182} INFO - Started process (PID=3049) to work on /home/airflow/.local/lib/python3.6/site-packages/airflow/example_dags/example_latest_only.py
[2024-08-10 09:00:55,273] {scheduler_job.py:629} INFO - Processing file /home/airflow/.local/lib/python3.6/site-packages/airflow/example_dags/example_latest_only.py for tasks to queue
[2024-08-10 09:00:55,273] {logging_mixin.py:104} INFO - [2024-08-10 09:00:55,273] {dagbag.py:451} INFO - Filling up the DagBag from /home/airflow/.local/lib/python3.6/site-packages/airflow/example_dags/example_latest_only.py
[2024-08-10 09:00:55,284] {scheduler_job.py:639} INFO - DAG(s) dict_keys(['latest_only']) retrieved from /home/airflow/.local/lib/python3.6/site-packages/airflow/example_dags/example_latest_only.py
[2024-08-10 09:00:55,303] {logging_mixin.py:104} INFO - [2024-08-10 09:00:55,302] {dag.py:1824} INFO - Sync 1 DAGs
[2024-08-10 09:00:55,317] {logging_mixin.py:104} INFO - [2024-08-10 09:00:55,317] {dag.py:2280} INFO - Setting next_dagrun for latest_only to 2024-08-08 00:00:00+00:00
[2024-08-10 09:00:55,327] {scheduler_job.py:190} INFO - Processing /home/airflow/.local/lib/python3.6/site-packages/airflow/example_dags/example_latest_only.py took 0.060 seconds
[2024-08-10 09:01:25,559] {scheduler_job.py:182} INFO - Started process (PID=3184) to work on /home/airflow/.local/lib/python3.6/site-packages/airflow/example_dags/example_latest_only.py
[2024-08-10 09:01:25,560] {scheduler_job.py:629} INFO - Processing file /home/airflow/.local/lib/python3.6/site-packages/airflow/example_dags/example_latest_only.py for tasks to queue
[2024-08-10 09:01:25,561] {logging_mixin.py:104} INFO - [2024-08-10 09:01:25,561] {dagbag.py:451} INFO - Filling up the DagBag from /home/airflow/.local/lib/python3.6/site-packages/airflow/example_dags/example_latest_only.py
[2024-08-10 09:01:25,571] {scheduler_job.py:639} INFO - DAG(s) dict_keys(['latest_only']) retrieved from /home/airflow/.local/lib/python3.6/site-packages/airflow/example_dags/example_latest_only.py
[2024-08-10 09:01:25,594] {logging_mixin.py:104} INFO - [2024-08-10 09:01:25,594] {dag.py:1824} INFO - Sync 1 DAGs
[2024-08-10 09:01:25,609] {logging_mixin.py:104} INFO - [2024-08-10 09:01:25,609] {dag.py:2280} INFO - Setting next_dagrun for latest_only to 2024-08-08 00:00:00+00:00
[2024-08-10 09:01:25,619] {scheduler_job.py:190} INFO - Processing /home/airflow/.local/lib/python3.6/site-packages/airflow/example_dags/example_latest_only.py took 0.064 seconds
[2024-08-10 09:01:55,795] {scheduler_job.py:182} INFO - Started process (PID=3319) to work on /home/airflow/.local/lib/python3.6/site-packages/airflow/example_dags/example_latest_only.py
[2024-08-10 09:01:55,796] {scheduler_job.py:629} INFO - Processing file /home/airflow/.local/lib/python3.6/site-packages/airflow/example_dags/example_latest_only.py for tasks to queue
[2024-08-10 09:01:55,797] {logging_mixin.py:104} INFO - [2024-08-10 09:01:55,797] {dagbag.py:451} INFO - Filling up the DagBag from /home/airflow/.local/lib/python3.6/site-packages/airflow/example_dags/example_latest_only.py
[2024-08-10 09:01:55,807] {scheduler_job.py:639} INFO - DAG(s) dict_keys(['latest_only']) retrieved from /home/airflow/.local/lib/python3.6/site-packages/airflow/example_dags/example_latest_only.py
[2024-08-10 09:01:55,828] {logging_mixin.py:104} INFO - [2024-08-10 09:01:55,828] {dag.py:1824} INFO - Sync 1 DAGs
[2024-08-10 09:01:55,846] {logging_mixin.py:104} INFO - [2024-08-10 09:01:55,846] {dag.py:2280} INFO - Setting next_dagrun for latest_only to 2024-08-08 00:00:00+00:00
[2024-08-10 09:01:55,855] {scheduler_job.py:190} INFO - Processing /home/airflow/.local/lib/python3.6/site-packages/airflow/example_dags/example_latest_only.py took 0.063 seconds
[2024-08-10 09:02:26,082] {scheduler_job.py:182} INFO - Started process (PID=3454) to work on /home/airflow/.local/lib/python3.6/site-packages/airflow/example_dags/example_latest_only.py
[2024-08-10 09:02:26,083] {scheduler_job.py:629} INFO - Processing file /home/airflow/.local/lib/python3.6/site-packages/airflow/example_dags/example_latest_only.py for tasks to queue
[2024-08-10 09:02:26,083] {logging_mixin.py:104} INFO - [2024-08-10 09:02:26,083] {dagbag.py:451} INFO - Filling up the DagBag from /home/airflow/.local/lib/python3.6/site-packages/airflow/example_dags/example_latest_only.py
[2024-08-10 09:02:26,096] {scheduler_job.py:639} INFO - DAG(s) dict_keys(['latest_only']) retrieved from /home/airflow/.local/lib/python3.6/site-packages/airflow/example_dags/example_latest_only.py
[2024-08-10 09:02:26,116] {logging_mixin.py:104} INFO - [2024-08-10 09:02:26,116] {dag.py:1824} INFO - Sync 1 DAGs
[2024-08-10 09:02:26,131] {logging_mixin.py:104} INFO - [2024-08-10 09:02:26,130] {dag.py:2280} INFO - Setting next_dagrun for latest_only to 2024-08-08 00:00:00+00:00
[2024-08-10 09:02:26,140] {scheduler_job.py:190} INFO - Processing /home/airflow/.local/lib/python3.6/site-packages/airflow/example_dags/example_latest_only.py took 0.061 seconds
[2024-08-10 09:02:56,365] {scheduler_job.py:182} INFO - Started process (PID=3589) to work on /home/airflow/.local/lib/python3.6/site-packages/airflow/example_dags/example_latest_only.py
[2024-08-10 09:02:56,367] {scheduler_job.py:629} INFO - Processing file /home/airflow/.local/lib/python3.6/site-packages/airflow/example_dags/example_latest_only.py for tasks to queue
[2024-08-10 09:02:56,367] {logging_mixin.py:104} INFO - [2024-08-10 09:02:56,367] {dagbag.py:451} INFO - Filling up the DagBag from /home/airflow/.local/lib/python3.6/site-packages/airflow/example_dags/example_latest_only.py
[2024-08-10 09:02:56,386] {scheduler_job.py:639} INFO - DAG(s) dict_keys(['latest_only']) retrieved from /home/airflow/.local/lib/python3.6/site-packages/airflow/example_dags/example_latest_only.py
[2024-08-10 09:02:56,419] {logging_mixin.py:104} INFO - [2024-08-10 09:02:56,418] {dag.py:1824} INFO - Sync 1 DAGs
[2024-08-10 09:02:56,444] {logging_mixin.py:104} INFO - [2024-08-10 09:02:56,444] {dag.py:2280} INFO - Setting next_dagrun for latest_only to 2024-08-08 00:00:00+00:00
[2024-08-10 09:02:56,458] {scheduler_job.py:190} INFO - Processing /home/airflow/.local/lib/python3.6/site-packages/airflow/example_dags/example_latest_only.py took 0.096 seconds
[2024-08-10 09:03:26,734] {scheduler_job.py:182} INFO - Started process (PID=3724) to work on /home/airflow/.local/lib/python3.6/site-packages/airflow/example_dags/example_latest_only.py
[2024-08-10 09:03:26,735] {scheduler_job.py:629} INFO - Processing file /home/airflow/.local/lib/python3.6/site-packages/airflow/example_dags/example_latest_only.py for tasks to queue
[2024-08-10 09:03:26,736] {logging_mixin.py:104} INFO - [2024-08-10 09:03:26,736] {dagbag.py:451} INFO - Filling up the DagBag from /home/airflow/.local/lib/python3.6/site-packages/airflow/example_dags/example_latest_only.py
[2024-08-10 09:03:26,746] {scheduler_job.py:639} INFO - DAG(s) dict_keys(['latest_only']) retrieved from /home/airflow/.local/lib/python3.6/site-packages/airflow/example_dags/example_latest_only.py
[2024-08-10 09:03:26,764] {logging_mixin.py:104} INFO - [2024-08-10 09:03:26,764] {dag.py:1824} INFO - Sync 1 DAGs
[2024-08-10 09:03:26,780] {logging_mixin.py:104} INFO - [2024-08-10 09:03:26,780] {dag.py:2280} INFO - Setting next_dagrun for latest_only to 2024-08-08 00:00:00+00:00
[2024-08-10 09:03:26,791] {scheduler_job.py:190} INFO - Processing /home/airflow/.local/lib/python3.6/site-packages/airflow/example_dags/example_latest_only.py took 0.060 seconds
[2024-08-10 09:03:56,899] {scheduler_job.py:182} INFO - Started process (PID=3849) to work on /home/airflow/.local/lib/python3.6/site-packages/airflow/example_dags/example_latest_only.py
[2024-08-10 09:03:56,900] {scheduler_job.py:629} INFO - Processing file /home/airflow/.local/lib/python3.6/site-packages/airflow/example_dags/example_latest_only.py for tasks to queue
[2024-08-10 09:03:56,900] {logging_mixin.py:104} INFO - [2024-08-10 09:03:56,900] {dagbag.py:451} INFO - Filling up the DagBag from /home/airflow/.local/lib/python3.6/site-packages/airflow/example_dags/example_latest_only.py
[2024-08-10 09:03:56,909] {scheduler_job.py:639} INFO - DAG(s) dict_keys(['latest_only']) retrieved from /home/airflow/.local/lib/python3.6/site-packages/airflow/example_dags/example_latest_only.py
[2024-08-10 09:03:56,928] {logging_mixin.py:104} INFO - [2024-08-10 09:03:56,928] {dag.py:1824} INFO - Sync 1 DAGs
[2024-08-10 09:03:56,943] {logging_mixin.py:104} INFO - [2024-08-10 09:03:56,943] {dag.py:2280} INFO - Setting next_dagrun for latest_only to 2024-08-08 00:00:00+00:00
[2024-08-10 09:03:56,957] {scheduler_job.py:190} INFO - Processing /home/airflow/.local/lib/python3.6/site-packages/airflow/example_dags/example_latest_only.py took 0.061 seconds
[2024-08-10 09:04:27,433] {scheduler_job.py:182} INFO - Started process (PID=3991) to work on /home/airflow/.local/lib/python3.6/site-packages/airflow/example_dags/example_latest_only.py
[2024-08-10 09:04:27,435] {scheduler_job.py:629} INFO - Processing file /home/airflow/.local/lib/python3.6/site-packages/airflow/example_dags/example_latest_only.py for tasks to queue
[2024-08-10 09:04:27,436] {logging_mixin.py:104} INFO - [2024-08-10 09:04:27,435] {dagbag.py:451} INFO - Filling up the DagBag from /home/airflow/.local/lib/python3.6/site-packages/airflow/example_dags/example_latest_only.py
[2024-08-10 09:04:27,454] {scheduler_job.py:639} INFO - DAG(s) dict_keys(['latest_only']) retrieved from /home/airflow/.local/lib/python3.6/site-packages/airflow/example_dags/example_latest_only.py
[2024-08-10 09:04:27,496] {logging_mixin.py:104} INFO - [2024-08-10 09:04:27,495] {dag.py:1824} INFO - Sync 1 DAGs
[2024-08-10 09:04:27,526] {logging_mixin.py:104} INFO - [2024-08-10 09:04:27,526] {dag.py:2280} INFO - Setting next_dagrun for latest_only to 2024-08-08 00:00:00+00:00
[2024-08-10 09:04:27,545] {scheduler_job.py:190} INFO - Processing /home/airflow/.local/lib/python3.6/site-packages/airflow/example_dags/example_latest_only.py took 0.118 seconds
[2024-08-10 09:04:57,639] {scheduler_job.py:182} INFO - Started process (PID=4124) to work on /home/airflow/.local/lib/python3.6/site-packages/airflow/example_dags/example_latest_only.py
[2024-08-10 09:04:57,640] {scheduler_job.py:629} INFO - Processing file /home/airflow/.local/lib/python3.6/site-packages/airflow/example_dags/example_latest_only.py for tasks to queue
[2024-08-10 09:04:57,640] {logging_mixin.py:104} INFO - [2024-08-10 09:04:57,640] {dagbag.py:451} INFO - Filling up the DagBag from /home/airflow/.local/lib/python3.6/site-packages/airflow/example_dags/example_latest_only.py
[2024-08-10 09:04:57,652] {scheduler_job.py:639} INFO - DAG(s) dict_keys(['latest_only']) retrieved from /home/airflow/.local/lib/python3.6/site-packages/airflow/example_dags/example_latest_only.py
[2024-08-10 09:04:57,672] {logging_mixin.py:104} INFO - [2024-08-10 09:04:57,672] {dag.py:1824} INFO - Sync 1 DAGs
[2024-08-10 09:04:57,687] {logging_mixin.py:104} INFO - [2024-08-10 09:04:57,687] {dag.py:2280} INFO - Setting next_dagrun for latest_only to 2024-08-08 00:00:00+00:00
[2024-08-10 09:04:57,698] {scheduler_job.py:190} INFO - Processing /home/airflow/.local/lib/python3.6/site-packages/airflow/example_dags/example_latest_only.py took 0.063 seconds
[2024-08-10 09:05:27,866] {scheduler_job.py:182} INFO - Started process (PID=4264) to work on /home/airflow/.local/lib/python3.6/site-packages/airflow/example_dags/example_latest_only.py
[2024-08-10 09:05:27,867] {scheduler_job.py:629} INFO - Processing file /home/airflow/.local/lib/python3.6/site-packages/airflow/example_dags/example_latest_only.py for tasks to queue
[2024-08-10 09:05:27,868] {logging_mixin.py:104} INFO - [2024-08-10 09:05:27,868] {dagbag.py:451} INFO - Filling up the DagBag from /home/airflow/.local/lib/python3.6/site-packages/airflow/example_dags/example_latest_only.py
[2024-08-10 09:05:27,879] {scheduler_job.py:639} INFO - DAG(s) dict_keys(['latest_only']) retrieved from /home/airflow/.local/lib/python3.6/site-packages/airflow/example_dags/example_latest_only.py
[2024-08-10 09:05:27,900] {logging_mixin.py:104} INFO - [2024-08-10 09:05:27,900] {dag.py:1824} INFO - Sync 1 DAGs
[2024-08-10 09:05:27,914] {logging_mixin.py:104} INFO - [2024-08-10 09:05:27,914] {dag.py:2280} INFO - Setting next_dagrun for latest_only to 2024-08-08 00:00:00+00:00
[2024-08-10 09:05:27,923] {scheduler_job.py:190} INFO - Processing /home/airflow/.local/lib/python3.6/site-packages/airflow/example_dags/example_latest_only.py took 0.061 seconds
[2024-08-10 09:05:58,081] {scheduler_job.py:182} INFO - Started process (PID=4399) to work on /home/airflow/.local/lib/python3.6/site-packages/airflow/example_dags/example_latest_only.py
[2024-08-10 09:05:58,082] {scheduler_job.py:629} INFO - Processing file /home/airflow/.local/lib/python3.6/site-packages/airflow/example_dags/example_latest_only.py for tasks to queue
[2024-08-10 09:05:58,083] {logging_mixin.py:104} INFO - [2024-08-10 09:05:58,083] {dagbag.py:451} INFO - Filling up the DagBag from /home/airflow/.local/lib/python3.6/site-packages/airflow/example_dags/example_latest_only.py
[2024-08-10 09:05:58,095] {scheduler_job.py:639} INFO - DAG(s) dict_keys(['latest_only']) retrieved from /home/airflow/.local/lib/python3.6/site-packages/airflow/example_dags/example_latest_only.py
[2024-08-10 09:05:58,115] {logging_mixin.py:104} INFO - [2024-08-10 09:05:58,115] {dag.py:1824} INFO - Sync 1 DAGs
[2024-08-10 09:05:58,131] {logging_mixin.py:104} INFO - [2024-08-10 09:05:58,131] {dag.py:2280} INFO - Setting next_dagrun for latest_only to 2024-08-08 00:00:00+00:00
[2024-08-10 09:05:58,141] {scheduler_job.py:190} INFO - Processing /home/airflow/.local/lib/python3.6/site-packages/airflow/example_dags/example_latest_only.py took 0.065 seconds
[2024-08-10 09:06:28,307] {scheduler_job.py:182} INFO - Started process (PID=4524) to work on /home/airflow/.local/lib/python3.6/site-packages/airflow/example_dags/example_latest_only.py
[2024-08-10 09:06:28,309] {scheduler_job.py:629} INFO - Processing file /home/airflow/.local/lib/python3.6/site-packages/airflow/example_dags/example_latest_only.py for tasks to queue
[2024-08-10 09:06:28,310] {logging_mixin.py:104} INFO - [2024-08-10 09:06:28,310] {dagbag.py:451} INFO - Filling up the DagBag from /home/airflow/.local/lib/python3.6/site-packages/airflow/example_dags/example_latest_only.py
[2024-08-10 09:06:28,320] {scheduler_job.py:639} INFO - DAG(s) dict_keys(['latest_only']) retrieved from /home/airflow/.local/lib/python3.6/site-packages/airflow/example_dags/example_latest_only.py
[2024-08-10 09:06:28,341] {logging_mixin.py:104} INFO - [2024-08-10 09:06:28,340] {dag.py:1824} INFO - Sync 1 DAGs
[2024-08-10 09:06:28,355] {logging_mixin.py:104} INFO - [2024-08-10 09:06:28,355] {dag.py:2280} INFO - Setting next_dagrun for latest_only to 2024-08-08 00:00:00+00:00
[2024-08-10 09:06:28,366] {scheduler_job.py:190} INFO - Processing /home/airflow/.local/lib/python3.6/site-packages/airflow/example_dags/example_latest_only.py took 0.061 seconds
[2024-08-10 09:06:58,674] {scheduler_job.py:182} INFO - Started process (PID=4659) to work on /home/airflow/.local/lib/python3.6/site-packages/airflow/example_dags/example_latest_only.py
[2024-08-10 09:06:58,675] {scheduler_job.py:629} INFO - Processing file /home/airflow/.local/lib/python3.6/site-packages/airflow/example_dags/example_latest_only.py for tasks to queue
[2024-08-10 09:06:58,676] {logging_mixin.py:104} INFO - [2024-08-10 09:06:58,676] {dagbag.py:451} INFO - Filling up the DagBag from /home/airflow/.local/lib/python3.6/site-packages/airflow/example_dags/example_latest_only.py
[2024-08-10 09:06:58,686] {scheduler_job.py:639} INFO - DAG(s) dict_keys(['latest_only']) retrieved from /home/airflow/.local/lib/python3.6/site-packages/airflow/example_dags/example_latest_only.py
[2024-08-10 09:06:58,705] {logging_mixin.py:104} INFO - [2024-08-10 09:06:58,704] {dag.py:1824} INFO - Sync 1 DAGs
[2024-08-10 09:06:58,720] {logging_mixin.py:104} INFO - [2024-08-10 09:06:58,720] {dag.py:2280} INFO - Setting next_dagrun for latest_only to 2024-08-08 00:00:00+00:00
[2024-08-10 09:06:58,731] {scheduler_job.py:190} INFO - Processing /home/airflow/.local/lib/python3.6/site-packages/airflow/example_dags/example_latest_only.py took 0.060 seconds
[2024-08-10 09:07:28,802] {scheduler_job.py:182} INFO - Started process (PID=4789) to work on /home/airflow/.local/lib/python3.6/site-packages/airflow/example_dags/example_latest_only.py
[2024-08-10 09:07:28,803] {scheduler_job.py:629} INFO - Processing file /home/airflow/.local/lib/python3.6/site-packages/airflow/example_dags/example_latest_only.py for tasks to queue
[2024-08-10 09:07:28,803] {logging_mixin.py:104} INFO - [2024-08-10 09:07:28,803] {dagbag.py:451} INFO - Filling up the DagBag from /home/airflow/.local/lib/python3.6/site-packages/airflow/example_dags/example_latest_only.py
[2024-08-10 09:07:28,816] {scheduler_job.py:639} INFO - DAG(s) dict_keys(['latest_only']) retrieved from /home/airflow/.local/lib/python3.6/site-packages/airflow/example_dags/example_latest_only.py
[2024-08-10 09:07:28,839] {logging_mixin.py:104} INFO - [2024-08-10 09:07:28,839] {dag.py:1824} INFO - Sync 1 DAGs
[2024-08-10 09:07:28,858] {logging_mixin.py:104} INFO - [2024-08-10 09:07:28,858] {dag.py:2280} INFO - Setting next_dagrun for latest_only to 2024-08-08 00:00:00+00:00
[2024-08-10 09:07:28,871] {scheduler_job.py:190} INFO - Processing /home/airflow/.local/lib/python3.6/site-packages/airflow/example_dags/example_latest_only.py took 0.073 seconds
[2024-08-10 09:07:59,420] {scheduler_job.py:182} INFO - Started process (PID=4931) to work on /home/airflow/.local/lib/python3.6/site-packages/airflow/example_dags/example_latest_only.py
[2024-08-10 09:07:59,421] {scheduler_job.py:629} INFO - Processing file /home/airflow/.local/lib/python3.6/site-packages/airflow/example_dags/example_latest_only.py for tasks to queue
[2024-08-10 09:07:59,422] {logging_mixin.py:104} INFO - [2024-08-10 09:07:59,422] {dagbag.py:451} INFO - Filling up the DagBag from /home/airflow/.local/lib/python3.6/site-packages/airflow/example_dags/example_latest_only.py
[2024-08-10 09:07:59,433] {scheduler_job.py:639} INFO - DAG(s) dict_keys(['latest_only']) retrieved from /home/airflow/.local/lib/python3.6/site-packages/airflow/example_dags/example_latest_only.py
[2024-08-10 09:07:59,452] {logging_mixin.py:104} INFO - [2024-08-10 09:07:59,452] {dag.py:1824} INFO - Sync 1 DAGs
[2024-08-10 09:07:59,467] {logging_mixin.py:104} INFO - [2024-08-10 09:07:59,467] {dag.py:2280} INFO - Setting next_dagrun for latest_only to 2024-08-08 00:00:00+00:00
[2024-08-10 09:07:59,480] {scheduler_job.py:190} INFO - Processing /home/airflow/.local/lib/python3.6/site-packages/airflow/example_dags/example_latest_only.py took 0.063 seconds
[2024-08-10 09:08:29,900] {scheduler_job.py:182} INFO - Started process (PID=5059) to work on /home/airflow/.local/lib/python3.6/site-packages/airflow/example_dags/example_latest_only.py
[2024-08-10 09:08:29,902] {scheduler_job.py:629} INFO - Processing file /home/airflow/.local/lib/python3.6/site-packages/airflow/example_dags/example_latest_only.py for tasks to queue
[2024-08-10 09:08:29,903] {logging_mixin.py:104} INFO - [2024-08-10 09:08:29,903] {dagbag.py:451} INFO - Filling up the DagBag from /home/airflow/.local/lib/python3.6/site-packages/airflow/example_dags/example_latest_only.py
[2024-08-10 09:08:29,915] {scheduler_job.py:639} INFO - DAG(s) dict_keys(['latest_only']) retrieved from /home/airflow/.local/lib/python3.6/site-packages/airflow/example_dags/example_latest_only.py
[2024-08-10 09:08:29,935] {logging_mixin.py:104} INFO - [2024-08-10 09:08:29,935] {dag.py:1824} INFO - Sync 1 DAGs
[2024-08-10 09:08:29,952] {logging_mixin.py:104} INFO - [2024-08-10 09:08:29,952] {dag.py:2280} INFO - Setting next_dagrun for latest_only to 2024-08-08 00:00:00+00:00
[2024-08-10 09:08:29,963] {scheduler_job.py:190} INFO - Processing /home/airflow/.local/lib/python3.6/site-packages/airflow/example_dags/example_latest_only.py took 0.068 seconds
[2024-08-10 09:09:00,316] {scheduler_job.py:182} INFO - Started process (PID=5199) to work on /home/airflow/.local/lib/python3.6/site-packages/airflow/example_dags/example_latest_only.py
[2024-08-10 09:09:00,316] {scheduler_job.py:629} INFO - Processing file /home/airflow/.local/lib/python3.6/site-packages/airflow/example_dags/example_latest_only.py for tasks to queue
[2024-08-10 09:09:00,317] {logging_mixin.py:104} INFO - [2024-08-10 09:09:00,317] {dagbag.py:451} INFO - Filling up the DagBag from /home/airflow/.local/lib/python3.6/site-packages/airflow/example_dags/example_latest_only.py
[2024-08-10 09:09:00,326] {scheduler_job.py:639} INFO - DAG(s) dict_keys(['latest_only']) retrieved from /home/airflow/.local/lib/python3.6/site-packages/airflow/example_dags/example_latest_only.py
[2024-08-10 09:09:00,345] {logging_mixin.py:104} INFO - [2024-08-10 09:09:00,345] {dag.py:1824} INFO - Sync 1 DAGs
[2024-08-10 09:09:00,359] {logging_mixin.py:104} INFO - [2024-08-10 09:09:00,359] {dag.py:2280} INFO - Setting next_dagrun for latest_only to 2024-08-08 00:00:00+00:00
[2024-08-10 09:09:00,370] {scheduler_job.py:190} INFO - Processing /home/airflow/.local/lib/python3.6/site-packages/airflow/example_dags/example_latest_only.py took 0.057 seconds
[2024-08-10 09:09:30,570] {scheduler_job.py:182} INFO - Started process (PID=5334) to work on /home/airflow/.local/lib/python3.6/site-packages/airflow/example_dags/example_latest_only.py
[2024-08-10 09:09:30,571] {scheduler_job.py:629} INFO - Processing file /home/airflow/.local/lib/python3.6/site-packages/airflow/example_dags/example_latest_only.py for tasks to queue
[2024-08-10 09:09:30,572] {logging_mixin.py:104} INFO - [2024-08-10 09:09:30,572] {dagbag.py:451} INFO - Filling up the DagBag from /home/airflow/.local/lib/python3.6/site-packages/airflow/example_dags/example_latest_only.py
[2024-08-10 09:09:30,582] {scheduler_job.py:639} INFO - DAG(s) dict_keys(['latest_only']) retrieved from /home/airflow/.local/lib/python3.6/site-packages/airflow/example_dags/example_latest_only.py
[2024-08-10 09:09:30,600] {logging_mixin.py:104} INFO - [2024-08-10 09:09:30,600] {dag.py:1824} INFO - Sync 1 DAGs
[2024-08-10 09:09:30,614] {logging_mixin.py:104} INFO - [2024-08-10 09:09:30,614] {dag.py:2280} INFO - Setting next_dagrun for latest_only to 2024-08-08 00:00:00+00:00
[2024-08-10 09:09:30,624] {scheduler_job.py:190} INFO - Processing /home/airflow/.local/lib/python3.6/site-packages/airflow/example_dags/example_latest_only.py took 0.056 seconds
[2024-08-10 09:10:00,962] {scheduler_job.py:182} INFO - Started process (PID=5469) to work on /home/airflow/.local/lib/python3.6/site-packages/airflow/example_dags/example_latest_only.py
[2024-08-10 09:10:00,963] {scheduler_job.py:629} INFO - Processing file /home/airflow/.local/lib/python3.6/site-packages/airflow/example_dags/example_latest_only.py for tasks to queue
[2024-08-10 09:10:00,964] {logging_mixin.py:104} INFO - [2024-08-10 09:10:00,964] {dagbag.py:451} INFO - Filling up the DagBag from /home/airflow/.local/lib/python3.6/site-packages/airflow/example_dags/example_latest_only.py
[2024-08-10 09:10:00,974] {scheduler_job.py:639} INFO - DAG(s) dict_keys(['latest_only']) retrieved from /home/airflow/.local/lib/python3.6/site-packages/airflow/example_dags/example_latest_only.py
[2024-08-10 09:10:00,993] {logging_mixin.py:104} INFO - [2024-08-10 09:10:00,993] {dag.py:1824} INFO - Sync 1 DAGs
[2024-08-10 09:10:01,008] {logging_mixin.py:104} INFO - [2024-08-10 09:10:01,008] {dag.py:2280} INFO - Setting next_dagrun for latest_only to 2024-08-08 00:00:00+00:00
[2024-08-10 09:10:01,018] {scheduler_job.py:190} INFO - Processing /home/airflow/.local/lib/python3.6/site-packages/airflow/example_dags/example_latest_only.py took 0.059 seconds
[2024-08-10 09:10:31,348] {scheduler_job.py:182} INFO - Started process (PID=5594) to work on /home/airflow/.local/lib/python3.6/site-packages/airflow/example_dags/example_latest_only.py
[2024-08-10 09:10:31,349] {scheduler_job.py:629} INFO - Processing file /home/airflow/.local/lib/python3.6/site-packages/airflow/example_dags/example_latest_only.py for tasks to queue
[2024-08-10 09:10:31,349] {logging_mixin.py:104} INFO - [2024-08-10 09:10:31,349] {dagbag.py:451} INFO - Filling up the DagBag from /home/airflow/.local/lib/python3.6/site-packages/airflow/example_dags/example_latest_only.py
[2024-08-10 09:10:31,359] {scheduler_job.py:639} INFO - DAG(s) dict_keys(['latest_only']) retrieved from /home/airflow/.local/lib/python3.6/site-packages/airflow/example_dags/example_latest_only.py
[2024-08-10 09:10:31,379] {logging_mixin.py:104} INFO - [2024-08-10 09:10:31,379] {dag.py:1824} INFO - Sync 1 DAGs
[2024-08-10 09:10:31,394] {logging_mixin.py:104} INFO - [2024-08-10 09:10:31,394] {dag.py:2280} INFO - Setting next_dagrun for latest_only to 2024-08-08 00:00:00+00:00
[2024-08-10 09:10:31,405] {scheduler_job.py:190} INFO - Processing /home/airflow/.local/lib/python3.6/site-packages/airflow/example_dags/example_latest_only.py took 0.060 seconds
[2024-08-10 09:11:01,521] {scheduler_job.py:182} INFO - Started process (PID=5724) to work on /home/airflow/.local/lib/python3.6/site-packages/airflow/example_dags/example_latest_only.py
[2024-08-10 09:11:01,522] {scheduler_job.py:629} INFO - Processing file /home/airflow/.local/lib/python3.6/site-packages/airflow/example_dags/example_latest_only.py for tasks to queue
[2024-08-10 09:11:01,522] {logging_mixin.py:104} INFO - [2024-08-10 09:11:01,522] {dagbag.py:451} INFO - Filling up the DagBag from /home/airflow/.local/lib/python3.6/site-packages/airflow/example_dags/example_latest_only.py
[2024-08-10 09:11:01,531] {scheduler_job.py:639} INFO - DAG(s) dict_keys(['latest_only']) retrieved from /home/airflow/.local/lib/python3.6/site-packages/airflow/example_dags/example_latest_only.py
[2024-08-10 09:11:01,554] {logging_mixin.py:104} INFO - [2024-08-10 09:11:01,553] {dag.py:1824} INFO - Sync 1 DAGs
[2024-08-10 09:11:01,568] {logging_mixin.py:104} INFO - [2024-08-10 09:11:01,568] {dag.py:2280} INFO - Setting next_dagrun for latest_only to 2024-08-08 00:00:00+00:00
[2024-08-10 09:11:01,579] {scheduler_job.py:190} INFO - Processing /home/airflow/.local/lib/python3.6/site-packages/airflow/example_dags/example_latest_only.py took 0.061 seconds
[2024-08-10 09:11:31,889] {scheduler_job.py:182} INFO - Started process (PID=5869) to work on /home/airflow/.local/lib/python3.6/site-packages/airflow/example_dags/example_latest_only.py
[2024-08-10 09:11:31,891] {scheduler_job.py:629} INFO - Processing file /home/airflow/.local/lib/python3.6/site-packages/airflow/example_dags/example_latest_only.py for tasks to queue
[2024-08-10 09:11:31,892] {logging_mixin.py:104} INFO - [2024-08-10 09:11:31,892] {dagbag.py:451} INFO - Filling up the DagBag from /home/airflow/.local/lib/python3.6/site-packages/airflow/example_dags/example_latest_only.py
[2024-08-10 09:11:31,909] {scheduler_job.py:639} INFO - DAG(s) dict_keys(['latest_only']) retrieved from /home/airflow/.local/lib/python3.6/site-packages/airflow/example_dags/example_latest_only.py
[2024-08-10 09:11:31,938] {logging_mixin.py:104} INFO - [2024-08-10 09:11:31,938] {dag.py:1824} INFO - Sync 1 DAGs
[2024-08-10 09:11:31,961] {logging_mixin.py:104} INFO - [2024-08-10 09:11:31,961] {dag.py:2280} INFO - Setting next_dagrun for latest_only to 2024-08-08 00:00:00+00:00
[2024-08-10 09:11:31,974] {scheduler_job.py:190} INFO - Processing /home/airflow/.local/lib/python3.6/site-packages/airflow/example_dags/example_latest_only.py took 0.091 seconds
[2024-08-10 09:12:02,640] {scheduler_job.py:182} INFO - Started process (PID=6009) to work on /home/airflow/.local/lib/python3.6/site-packages/airflow/example_dags/example_latest_only.py
[2024-08-10 09:12:02,641] {scheduler_job.py:629} INFO - Processing file /home/airflow/.local/lib/python3.6/site-packages/airflow/example_dags/example_latest_only.py for tasks to queue
[2024-08-10 09:12:02,642] {logging_mixin.py:104} INFO - [2024-08-10 09:12:02,642] {dagbag.py:451} INFO - Filling up the DagBag from /home/airflow/.local/lib/python3.6/site-packages/airflow/example_dags/example_latest_only.py
[2024-08-10 09:12:02,655] {scheduler_job.py:639} INFO - DAG(s) dict_keys(['latest_only']) retrieved from /home/airflow/.local/lib/python3.6/site-packages/airflow/example_dags/example_latest_only.py
[2024-08-10 09:12:02,686] {logging_mixin.py:104} INFO - [2024-08-10 09:12:02,685] {dag.py:1824} INFO - Sync 1 DAGs
[2024-08-10 09:12:02,712] {logging_mixin.py:104} INFO - [2024-08-10 09:12:02,712] {dag.py:2280} INFO - Setting next_dagrun for latest_only to 2024-08-08 00:00:00+00:00
[2024-08-10 09:12:02,729] {scheduler_job.py:190} INFO - Processing /home/airflow/.local/lib/python3.6/site-packages/airflow/example_dags/example_latest_only.py took 0.093 seconds
[2024-08-10 09:12:33,487] {scheduler_job.py:182} INFO - Started process (PID=6149) to work on /home/airflow/.local/lib/python3.6/site-packages/airflow/example_dags/example_latest_only.py
[2024-08-10 09:12:33,489] {scheduler_job.py:629} INFO - Processing file /home/airflow/.local/lib/python3.6/site-packages/airflow/example_dags/example_latest_only.py for tasks to queue
[2024-08-10 09:12:33,489] {logging_mixin.py:104} INFO - [2024-08-10 09:12:33,489] {dagbag.py:451} INFO - Filling up the DagBag from /home/airflow/.local/lib/python3.6/site-packages/airflow/example_dags/example_latest_only.py
[2024-08-10 09:12:33,500] {scheduler_job.py:639} INFO - DAG(s) dict_keys(['latest_only']) retrieved from /home/airflow/.local/lib/python3.6/site-packages/airflow/example_dags/example_latest_only.py
[2024-08-10 09:12:33,520] {logging_mixin.py:104} INFO - [2024-08-10 09:12:33,520] {dag.py:1824} INFO - Sync 1 DAGs
[2024-08-10 09:12:33,536] {logging_mixin.py:104} INFO - [2024-08-10 09:12:33,536] {dag.py:2280} INFO - Setting next_dagrun for latest_only to 2024-08-08 00:00:00+00:00
[2024-08-10 09:12:33,546] {scheduler_job.py:190} INFO - Processing /home/airflow/.local/lib/python3.6/site-packages/airflow/example_dags/example_latest_only.py took 0.063 seconds
[2024-08-10 09:13:04,054] {scheduler_job.py:182} INFO - Started process (PID=6281) to work on /home/airflow/.local/lib/python3.6/site-packages/airflow/example_dags/example_latest_only.py
[2024-08-10 09:13:04,055] {scheduler_job.py:629} INFO - Processing file /home/airflow/.local/lib/python3.6/site-packages/airflow/example_dags/example_latest_only.py for tasks to queue
[2024-08-10 09:13:04,055] {logging_mixin.py:104} INFO - [2024-08-10 09:13:04,055] {dagbag.py:451} INFO - Filling up the DagBag from /home/airflow/.local/lib/python3.6/site-packages/airflow/example_dags/example_latest_only.py
[2024-08-10 09:13:04,066] {scheduler_job.py:639} INFO - DAG(s) dict_keys(['latest_only']) retrieved from /home/airflow/.local/lib/python3.6/site-packages/airflow/example_dags/example_latest_only.py
[2024-08-10 09:13:04,087] {logging_mixin.py:104} INFO - [2024-08-10 09:13:04,087] {dag.py:1824} INFO - Sync 1 DAGs
[2024-08-10 09:13:04,102] {logging_mixin.py:104} INFO - [2024-08-10 09:13:04,102] {dag.py:2280} INFO - Setting next_dagrun for latest_only to 2024-08-08 00:00:00+00:00
[2024-08-10 09:13:04,113] {scheduler_job.py:190} INFO - Processing /home/airflow/.local/lib/python3.6/site-packages/airflow/example_dags/example_latest_only.py took 0.063 seconds
[2024-08-10 09:13:34,425] {scheduler_job.py:182} INFO - Started process (PID=6414) to work on /home/airflow/.local/lib/python3.6/site-packages/airflow/example_dags/example_latest_only.py
[2024-08-10 09:13:34,426] {scheduler_job.py:629} INFO - Processing file /home/airflow/.local/lib/python3.6/site-packages/airflow/example_dags/example_latest_only.py for tasks to queue
[2024-08-10 09:13:34,427] {logging_mixin.py:104} INFO - [2024-08-10 09:13:34,427] {dagbag.py:451} INFO - Filling up the DagBag from /home/airflow/.local/lib/python3.6/site-packages/airflow/example_dags/example_latest_only.py
[2024-08-10 09:13:34,438] {scheduler_job.py:639} INFO - DAG(s) dict_keys(['latest_only']) retrieved from /home/airflow/.local/lib/python3.6/site-packages/airflow/example_dags/example_latest_only.py
[2024-08-10 09:13:34,462] {logging_mixin.py:104} INFO - [2024-08-10 09:13:34,462] {dag.py:1824} INFO - Sync 1 DAGs
[2024-08-10 09:13:34,479] {logging_mixin.py:104} INFO - [2024-08-10 09:13:34,479] {dag.py:2280} INFO - Setting next_dagrun for latest_only to 2024-08-08 00:00:00+00:00
[2024-08-10 09:13:34,490] {scheduler_job.py:190} INFO - Processing /home/airflow/.local/lib/python3.6/site-packages/airflow/example_dags/example_latest_only.py took 0.068 seconds
[2024-08-10 09:14:04,759] {scheduler_job.py:182} INFO - Started process (PID=6556) to work on /home/airflow/.local/lib/python3.6/site-packages/airflow/example_dags/example_latest_only.py
[2024-08-10 09:14:04,761] {scheduler_job.py:629} INFO - Processing file /home/airflow/.local/lib/python3.6/site-packages/airflow/example_dags/example_latest_only.py for tasks to queue
[2024-08-10 09:14:04,761] {logging_mixin.py:104} INFO - [2024-08-10 09:14:04,761] {dagbag.py:451} INFO - Filling up the DagBag from /home/airflow/.local/lib/python3.6/site-packages/airflow/example_dags/example_latest_only.py
[2024-08-10 09:14:04,773] {scheduler_job.py:639} INFO - DAG(s) dict_keys(['latest_only']) retrieved from /home/airflow/.local/lib/python3.6/site-packages/airflow/example_dags/example_latest_only.py
[2024-08-10 09:14:04,797] {logging_mixin.py:104} INFO - [2024-08-10 09:14:04,797] {dag.py:1824} INFO - Sync 1 DAGs
[2024-08-10 09:14:04,823] {logging_mixin.py:104} INFO - [2024-08-10 09:14:04,823] {dag.py:2280} INFO - Setting next_dagrun for latest_only to 2024-08-08 00:00:00+00:00
[2024-08-10 09:14:04,839] {scheduler_job.py:190} INFO - Processing /home/airflow/.local/lib/python3.6/site-packages/airflow/example_dags/example_latest_only.py took 0.082 seconds
[2024-08-10 09:14:35,044] {scheduler_job.py:182} INFO - Started process (PID=6689) to work on /home/airflow/.local/lib/python3.6/site-packages/airflow/example_dags/example_latest_only.py
[2024-08-10 09:14:35,045] {scheduler_job.py:629} INFO - Processing file /home/airflow/.local/lib/python3.6/site-packages/airflow/example_dags/example_latest_only.py for tasks to queue
[2024-08-10 09:14:35,046] {logging_mixin.py:104} INFO - [2024-08-10 09:14:35,046] {dagbag.py:451} INFO - Filling up the DagBag from /home/airflow/.local/lib/python3.6/site-packages/airflow/example_dags/example_latest_only.py
[2024-08-10 09:14:35,056] {scheduler_job.py:639} INFO - DAG(s) dict_keys(['latest_only']) retrieved from /home/airflow/.local/lib/python3.6/site-packages/airflow/example_dags/example_latest_only.py
[2024-08-10 09:14:35,076] {logging_mixin.py:104} INFO - [2024-08-10 09:14:35,076] {dag.py:1824} INFO - Sync 1 DAGs
[2024-08-10 09:14:35,091] {logging_mixin.py:104} INFO - [2024-08-10 09:14:35,090] {dag.py:2280} INFO - Setting next_dagrun for latest_only to 2024-08-08 00:00:00+00:00
[2024-08-10 09:14:35,100] {scheduler_job.py:190} INFO - Processing /home/airflow/.local/lib/python3.6/site-packages/airflow/example_dags/example_latest_only.py took 0.060 seconds
[2024-08-10 09:15:05,395] {scheduler_job.py:182} INFO - Started process (PID=6818) to work on /home/airflow/.local/lib/python3.6/site-packages/airflow/example_dags/example_latest_only.py
[2024-08-10 09:15:05,395] {scheduler_job.py:629} INFO - Processing file /home/airflow/.local/lib/python3.6/site-packages/airflow/example_dags/example_latest_only.py for tasks to queue
[2024-08-10 09:15:05,396] {logging_mixin.py:104} INFO - [2024-08-10 09:15:05,396] {dagbag.py:451} INFO - Filling up the DagBag from /home/airflow/.local/lib/python3.6/site-packages/airflow/example_dags/example_latest_only.py
[2024-08-10 09:15:05,405] {scheduler_job.py:639} INFO - DAG(s) dict_keys(['latest_only']) retrieved from /home/airflow/.local/lib/python3.6/site-packages/airflow/example_dags/example_latest_only.py
[2024-08-10 09:15:05,425] {logging_mixin.py:104} INFO - [2024-08-10 09:15:05,425] {dag.py:1824} INFO - Sync 1 DAGs
[2024-08-10 09:15:05,438] {logging_mixin.py:104} INFO - [2024-08-10 09:15:05,438] {dag.py:2280} INFO - Setting next_dagrun for latest_only to 2024-08-08 00:00:00+00:00
[2024-08-10 09:15:05,448] {scheduler_job.py:190} INFO - Processing /home/airflow/.local/lib/python3.6/site-packages/airflow/example_dags/example_latest_only.py took 0.056 seconds
[2024-08-10 09:15:35,690] {scheduler_job.py:182} INFO - Started process (PID=6949) to work on /home/airflow/.local/lib/python3.6/site-packages/airflow/example_dags/example_latest_only.py
[2024-08-10 09:15:35,691] {scheduler_job.py:629} INFO - Processing file /home/airflow/.local/lib/python3.6/site-packages/airflow/example_dags/example_latest_only.py for tasks to queue
[2024-08-10 09:15:35,692] {logging_mixin.py:104} INFO - [2024-08-10 09:15:35,692] {dagbag.py:451} INFO - Filling up the DagBag from /home/airflow/.local/lib/python3.6/site-packages/airflow/example_dags/example_latest_only.py
[2024-08-10 09:15:35,702] {scheduler_job.py:639} INFO - DAG(s) dict_keys(['latest_only']) retrieved from /home/airflow/.local/lib/python3.6/site-packages/airflow/example_dags/example_latest_only.py
[2024-08-10 09:15:35,721] {logging_mixin.py:104} INFO - [2024-08-10 09:15:35,721] {dag.py:1824} INFO - Sync 1 DAGs
[2024-08-10 09:15:35,736] {logging_mixin.py:104} INFO - [2024-08-10 09:15:35,736] {dag.py:2280} INFO - Setting next_dagrun for latest_only to 2024-08-08 00:00:00+00:00
[2024-08-10 09:15:35,746] {scheduler_job.py:190} INFO - Processing /home/airflow/.local/lib/python3.6/site-packages/airflow/example_dags/example_latest_only.py took 0.058 seconds
[2024-08-10 09:16:05,836] {scheduler_job.py:182} INFO - Started process (PID=7084) to work on /home/airflow/.local/lib/python3.6/site-packages/airflow/example_dags/example_latest_only.py
[2024-08-10 09:16:05,837] {scheduler_job.py:629} INFO - Processing file /home/airflow/.local/lib/python3.6/site-packages/airflow/example_dags/example_latest_only.py for tasks to queue
[2024-08-10 09:16:05,838] {logging_mixin.py:104} INFO - [2024-08-10 09:16:05,838] {dagbag.py:451} INFO - Filling up the DagBag from /home/airflow/.local/lib/python3.6/site-packages/airflow/example_dags/example_latest_only.py
[2024-08-10 09:16:05,847] {scheduler_job.py:639} INFO - DAG(s) dict_keys(['latest_only']) retrieved from /home/airflow/.local/lib/python3.6/site-packages/airflow/example_dags/example_latest_only.py
[2024-08-10 09:16:05,867] {logging_mixin.py:104} INFO - [2024-08-10 09:16:05,867] {dag.py:1824} INFO - Sync 1 DAGs
[2024-08-10 09:16:05,881] {logging_mixin.py:104} INFO - [2024-08-10 09:16:05,881] {dag.py:2280} INFO - Setting next_dagrun for latest_only to 2024-08-08 00:00:00+00:00
[2024-08-10 09:16:05,891] {scheduler_job.py:190} INFO - Processing /home/airflow/.local/lib/python3.6/site-packages/airflow/example_dags/example_latest_only.py took 0.057 seconds
