[2024-08-10 08:42:12,380] {scheduler_job.py:182} INFO - Started process (PID=30471) to work on /home/airflow/.local/lib/python3.6/site-packages/airflow/example_dags/example_bash_operator.py
[2024-08-10 08:42:12,381] {scheduler_job.py:629} INFO - Processing file /home/airflow/.local/lib/python3.6/site-packages/airflow/example_dags/example_bash_operator.py for tasks to queue
[2024-08-10 08:42:12,382] {logging_mixin.py:104} INFO - [2024-08-10 08:42:12,382] {dagbag.py:451} INFO - Filling up the DagBag from /home/airflow/.local/lib/python3.6/site-packages/airflow/example_dags/example_bash_operator.py
[2024-08-10 08:42:12,394] {scheduler_job.py:639} INFO - DAG(s) dict_keys(['example_bash_operator']) retrieved from /home/airflow/.local/lib/python3.6/site-packages/airflow/example_dags/example_bash_operator.py
[2024-08-10 08:42:12,414] {logging_mixin.py:104} INFO - [2024-08-10 08:42:12,414] {dag.py:1824} INFO - Sync 1 DAGs
[2024-08-10 08:42:12,433] {logging_mixin.py:104} INFO - [2024-08-10 08:42:12,433] {dag.py:2280} INFO - Setting next_dagrun for example_bash_operator to 2024-08-08 00:00:00+00:00
[2024-08-10 08:42:12,444] {scheduler_job.py:190} INFO - Processing /home/airflow/.local/lib/python3.6/site-packages/airflow/example_dags/example_bash_operator.py took 0.066 seconds
[2024-08-10 08:42:42,653] {scheduler_job.py:182} INFO - Started process (PID=30588) to work on /home/airflow/.local/lib/python3.6/site-packages/airflow/example_dags/example_bash_operator.py
[2024-08-10 08:42:42,657] {scheduler_job.py:629} INFO - Processing file /home/airflow/.local/lib/python3.6/site-packages/airflow/example_dags/example_bash_operator.py for tasks to queue
[2024-08-10 08:42:42,658] {logging_mixin.py:104} INFO - [2024-08-10 08:42:42,658] {dagbag.py:451} INFO - Filling up the DagBag from /home/airflow/.local/lib/python3.6/site-packages/airflow/example_dags/example_bash_operator.py
[2024-08-10 08:42:42,682] {scheduler_job.py:639} INFO - DAG(s) dict_keys(['example_bash_operator']) retrieved from /home/airflow/.local/lib/python3.6/site-packages/airflow/example_dags/example_bash_operator.py
[2024-08-10 08:42:42,717] {logging_mixin.py:104} INFO - [2024-08-10 08:42:42,717] {dag.py:1824} INFO - Sync 1 DAGs
[2024-08-10 08:42:42,752] {logging_mixin.py:104} INFO - [2024-08-10 08:42:42,752] {dag.py:2280} INFO - Setting next_dagrun for example_bash_operator to 2024-08-08 00:00:00+00:00
[2024-08-10 08:42:42,775] {scheduler_job.py:190} INFO - Processing /home/airflow/.local/lib/python3.6/site-packages/airflow/example_dags/example_bash_operator.py took 0.126 seconds
[2024-08-10 08:43:13,158] {scheduler_job.py:182} INFO - Started process (PID=30721) to work on /home/airflow/.local/lib/python3.6/site-packages/airflow/example_dags/example_bash_operator.py
[2024-08-10 08:43:13,159] {scheduler_job.py:629} INFO - Processing file /home/airflow/.local/lib/python3.6/site-packages/airflow/example_dags/example_bash_operator.py for tasks to queue
[2024-08-10 08:43:13,160] {logging_mixin.py:104} INFO - [2024-08-10 08:43:13,159] {dagbag.py:451} INFO - Filling up the DagBag from /home/airflow/.local/lib/python3.6/site-packages/airflow/example_dags/example_bash_operator.py
[2024-08-10 08:43:13,172] {scheduler_job.py:639} INFO - DAG(s) dict_keys(['example_bash_operator']) retrieved from /home/airflow/.local/lib/python3.6/site-packages/airflow/example_dags/example_bash_operator.py
[2024-08-10 08:43:13,194] {logging_mixin.py:104} INFO - [2024-08-10 08:43:13,194] {dag.py:1824} INFO - Sync 1 DAGs
[2024-08-10 08:43:13,217] {logging_mixin.py:104} INFO - [2024-08-10 08:43:13,217] {dag.py:2280} INFO - Setting next_dagrun for example_bash_operator to 2024-08-08 00:00:00+00:00
[2024-08-10 08:43:13,230] {scheduler_job.py:190} INFO - Processing /home/airflow/.local/lib/python3.6/site-packages/airflow/example_dags/example_bash_operator.py took 0.075 seconds
[2024-08-10 08:43:43,322] {scheduler_job.py:182} INFO - Started process (PID=30854) to work on /home/airflow/.local/lib/python3.6/site-packages/airflow/example_dags/example_bash_operator.py
[2024-08-10 08:43:43,323] {scheduler_job.py:629} INFO - Processing file /home/airflow/.local/lib/python3.6/site-packages/airflow/example_dags/example_bash_operator.py for tasks to queue
[2024-08-10 08:43:43,324] {logging_mixin.py:104} INFO - [2024-08-10 08:43:43,324] {dagbag.py:451} INFO - Filling up the DagBag from /home/airflow/.local/lib/python3.6/site-packages/airflow/example_dags/example_bash_operator.py
[2024-08-10 08:43:43,341] {scheduler_job.py:639} INFO - DAG(s) dict_keys(['example_bash_operator']) retrieved from /home/airflow/.local/lib/python3.6/site-packages/airflow/example_dags/example_bash_operator.py
[2024-08-10 08:43:43,366] {logging_mixin.py:104} INFO - [2024-08-10 08:43:43,366] {dag.py:1824} INFO - Sync 1 DAGs
[2024-08-10 08:43:43,392] {logging_mixin.py:104} INFO - [2024-08-10 08:43:43,392] {dag.py:2280} INFO - Setting next_dagrun for example_bash_operator to 2024-08-08 00:00:00+00:00
[2024-08-10 08:43:43,407] {scheduler_job.py:190} INFO - Processing /home/airflow/.local/lib/python3.6/site-packages/airflow/example_dags/example_bash_operator.py took 0.089 seconds
[2024-08-10 08:44:13,558] {scheduler_job.py:182} INFO - Started process (PID=31000) to work on /home/airflow/.local/lib/python3.6/site-packages/airflow/example_dags/example_bash_operator.py
[2024-08-10 08:44:13,559] {scheduler_job.py:629} INFO - Processing file /home/airflow/.local/lib/python3.6/site-packages/airflow/example_dags/example_bash_operator.py for tasks to queue
[2024-08-10 08:44:13,560] {logging_mixin.py:104} INFO - [2024-08-10 08:44:13,560] {dagbag.py:451} INFO - Filling up the DagBag from /home/airflow/.local/lib/python3.6/site-packages/airflow/example_dags/example_bash_operator.py
[2024-08-10 08:44:13,577] {scheduler_job.py:639} INFO - DAG(s) dict_keys(['example_bash_operator']) retrieved from /home/airflow/.local/lib/python3.6/site-packages/airflow/example_dags/example_bash_operator.py
[2024-08-10 08:44:13,600] {logging_mixin.py:104} INFO - [2024-08-10 08:44:13,600] {dag.py:1824} INFO - Sync 1 DAGs
[2024-08-10 08:44:13,620] {logging_mixin.py:104} INFO - [2024-08-10 08:44:13,620] {dag.py:2280} INFO - Setting next_dagrun for example_bash_operator to 2024-08-08 00:00:00+00:00
[2024-08-10 08:44:13,632] {scheduler_job.py:190} INFO - Processing /home/airflow/.local/lib/python3.6/site-packages/airflow/example_dags/example_bash_operator.py took 0.078 seconds
[2024-08-10 08:44:44,356] {scheduler_job.py:182} INFO - Started process (PID=31128) to work on /home/airflow/.local/lib/python3.6/site-packages/airflow/example_dags/example_bash_operator.py
[2024-08-10 08:44:44,357] {scheduler_job.py:629} INFO - Processing file /home/airflow/.local/lib/python3.6/site-packages/airflow/example_dags/example_bash_operator.py for tasks to queue
[2024-08-10 08:44:44,358] {logging_mixin.py:104} INFO - [2024-08-10 08:44:44,358] {dagbag.py:451} INFO - Filling up the DagBag from /home/airflow/.local/lib/python3.6/site-packages/airflow/example_dags/example_bash_operator.py
[2024-08-10 08:44:44,376] {scheduler_job.py:639} INFO - DAG(s) dict_keys(['example_bash_operator']) retrieved from /home/airflow/.local/lib/python3.6/site-packages/airflow/example_dags/example_bash_operator.py
[2024-08-10 08:44:44,402] {logging_mixin.py:104} INFO - [2024-08-10 08:44:44,402] {dag.py:1824} INFO - Sync 1 DAGs
[2024-08-10 08:44:44,422] {logging_mixin.py:104} INFO - [2024-08-10 08:44:44,422] {dag.py:2280} INFO - Setting next_dagrun for example_bash_operator to 2024-08-08 00:00:00+00:00
[2024-08-10 08:44:44,432] {scheduler_job.py:190} INFO - Processing /home/airflow/.local/lib/python3.6/site-packages/airflow/example_dags/example_bash_operator.py took 0.079 seconds
[2024-08-10 08:45:15,086] {scheduler_job.py:182} INFO - Started process (PID=31263) to work on /home/airflow/.local/lib/python3.6/site-packages/airflow/example_dags/example_bash_operator.py
[2024-08-10 08:45:15,087] {scheduler_job.py:629} INFO - Processing file /home/airflow/.local/lib/python3.6/site-packages/airflow/example_dags/example_bash_operator.py for tasks to queue
[2024-08-10 08:45:15,088] {logging_mixin.py:104} INFO - [2024-08-10 08:45:15,088] {dagbag.py:451} INFO - Filling up the DagBag from /home/airflow/.local/lib/python3.6/site-packages/airflow/example_dags/example_bash_operator.py
[2024-08-10 08:45:15,106] {scheduler_job.py:639} INFO - DAG(s) dict_keys(['example_bash_operator']) retrieved from /home/airflow/.local/lib/python3.6/site-packages/airflow/example_dags/example_bash_operator.py
[2024-08-10 08:45:15,135] {logging_mixin.py:104} INFO - [2024-08-10 08:45:15,135] {dag.py:1824} INFO - Sync 1 DAGs
[2024-08-10 08:45:15,164] {logging_mixin.py:104} INFO - [2024-08-10 08:45:15,164] {dag.py:2280} INFO - Setting next_dagrun for example_bash_operator to 2024-08-08 00:00:00+00:00
[2024-08-10 08:45:15,178] {scheduler_job.py:190} INFO - Processing /home/airflow/.local/lib/python3.6/site-packages/airflow/example_dags/example_bash_operator.py took 0.097 seconds
[2024-08-10 08:45:45,958] {scheduler_job.py:182} INFO - Started process (PID=31398) to work on /home/airflow/.local/lib/python3.6/site-packages/airflow/example_dags/example_bash_operator.py
[2024-08-10 08:45:45,960] {scheduler_job.py:629} INFO - Processing file /home/airflow/.local/lib/python3.6/site-packages/airflow/example_dags/example_bash_operator.py for tasks to queue
[2024-08-10 08:45:45,961] {logging_mixin.py:104} INFO - [2024-08-10 08:45:45,961] {dagbag.py:451} INFO - Filling up the DagBag from /home/airflow/.local/lib/python3.6/site-packages/airflow/example_dags/example_bash_operator.py
[2024-08-10 08:45:45,974] {scheduler_job.py:639} INFO - DAG(s) dict_keys(['example_bash_operator']) retrieved from /home/airflow/.local/lib/python3.6/site-packages/airflow/example_dags/example_bash_operator.py
[2024-08-10 08:45:45,994] {logging_mixin.py:104} INFO - [2024-08-10 08:45:45,994] {dag.py:1824} INFO - Sync 1 DAGs
[2024-08-10 08:45:46,019] {logging_mixin.py:104} INFO - [2024-08-10 08:45:46,019] {dag.py:2280} INFO - Setting next_dagrun for example_bash_operator to 2024-08-08 00:00:00+00:00
[2024-08-10 08:45:46,030] {scheduler_job.py:190} INFO - Processing /home/airflow/.local/lib/python3.6/site-packages/airflow/example_dags/example_bash_operator.py took 0.075 seconds
[2024-08-10 08:46:16,272] {scheduler_job.py:182} INFO - Started process (PID=31530) to work on /home/airflow/.local/lib/python3.6/site-packages/airflow/example_dags/example_bash_operator.py
[2024-08-10 08:46:16,272] {scheduler_job.py:629} INFO - Processing file /home/airflow/.local/lib/python3.6/site-packages/airflow/example_dags/example_bash_operator.py for tasks to queue
[2024-08-10 08:46:16,273] {logging_mixin.py:104} INFO - [2024-08-10 08:46:16,273] {dagbag.py:451} INFO - Filling up the DagBag from /home/airflow/.local/lib/python3.6/site-packages/airflow/example_dags/example_bash_operator.py
[2024-08-10 08:46:16,285] {scheduler_job.py:639} INFO - DAG(s) dict_keys(['example_bash_operator']) retrieved from /home/airflow/.local/lib/python3.6/site-packages/airflow/example_dags/example_bash_operator.py
[2024-08-10 08:46:16,305] {logging_mixin.py:104} INFO - [2024-08-10 08:46:16,305] {dag.py:1824} INFO - Sync 1 DAGs
[2024-08-10 08:46:16,325] {logging_mixin.py:104} INFO - [2024-08-10 08:46:16,325] {dag.py:2280} INFO - Setting next_dagrun for example_bash_operator to 2024-08-08 00:00:00+00:00
[2024-08-10 08:46:16,334] {scheduler_job.py:190} INFO - Processing /home/airflow/.local/lib/python3.6/site-packages/airflow/example_dags/example_bash_operator.py took 0.066 seconds
[2024-08-10 08:46:46,715] {scheduler_job.py:182} INFO - Started process (PID=31675) to work on /home/airflow/.local/lib/python3.6/site-packages/airflow/example_dags/example_bash_operator.py
[2024-08-10 08:46:46,715] {scheduler_job.py:629} INFO - Processing file /home/airflow/.local/lib/python3.6/site-packages/airflow/example_dags/example_bash_operator.py for tasks to queue
[2024-08-10 08:46:46,716] {logging_mixin.py:104} INFO - [2024-08-10 08:46:46,716] {dagbag.py:451} INFO - Filling up the DagBag from /home/airflow/.local/lib/python3.6/site-packages/airflow/example_dags/example_bash_operator.py
[2024-08-10 08:46:46,728] {scheduler_job.py:639} INFO - DAG(s) dict_keys(['example_bash_operator']) retrieved from /home/airflow/.local/lib/python3.6/site-packages/airflow/example_dags/example_bash_operator.py
[2024-08-10 08:46:46,749] {logging_mixin.py:104} INFO - [2024-08-10 08:46:46,748] {dag.py:1824} INFO - Sync 1 DAGs
[2024-08-10 08:46:46,766] {logging_mixin.py:104} INFO - [2024-08-10 08:46:46,766] {dag.py:2280} INFO - Setting next_dagrun for example_bash_operator to 2024-08-08 00:00:00+00:00
[2024-08-10 08:46:46,777] {scheduler_job.py:190} INFO - Processing /home/airflow/.local/lib/python3.6/site-packages/airflow/example_dags/example_bash_operator.py took 0.065 seconds
[2024-08-10 08:47:17,265] {scheduler_job.py:182} INFO - Started process (PID=31805) to work on /home/airflow/.local/lib/python3.6/site-packages/airflow/example_dags/example_bash_operator.py
[2024-08-10 08:47:17,266] {scheduler_job.py:629} INFO - Processing file /home/airflow/.local/lib/python3.6/site-packages/airflow/example_dags/example_bash_operator.py for tasks to queue
[2024-08-10 08:47:17,266] {logging_mixin.py:104} INFO - [2024-08-10 08:47:17,266] {dagbag.py:451} INFO - Filling up the DagBag from /home/airflow/.local/lib/python3.6/site-packages/airflow/example_dags/example_bash_operator.py
[2024-08-10 08:47:17,278] {scheduler_job.py:639} INFO - DAG(s) dict_keys(['example_bash_operator']) retrieved from /home/airflow/.local/lib/python3.6/site-packages/airflow/example_dags/example_bash_operator.py
[2024-08-10 08:47:17,298] {logging_mixin.py:104} INFO - [2024-08-10 08:47:17,298] {dag.py:1824} INFO - Sync 1 DAGs
[2024-08-10 08:47:17,319] {logging_mixin.py:104} INFO - [2024-08-10 08:47:17,319] {dag.py:2280} INFO - Setting next_dagrun for example_bash_operator to 2024-08-08 00:00:00+00:00
[2024-08-10 08:47:17,330] {scheduler_job.py:190} INFO - Processing /home/airflow/.local/lib/python3.6/site-packages/airflow/example_dags/example_bash_operator.py took 0.068 seconds
[2024-08-10 08:47:47,647] {scheduler_job.py:182} INFO - Started process (PID=31939) to work on /home/airflow/.local/lib/python3.6/site-packages/airflow/example_dags/example_bash_operator.py
[2024-08-10 08:47:47,648] {scheduler_job.py:629} INFO - Processing file /home/airflow/.local/lib/python3.6/site-packages/airflow/example_dags/example_bash_operator.py for tasks to queue
[2024-08-10 08:47:47,649] {logging_mixin.py:104} INFO - [2024-08-10 08:47:47,649] {dagbag.py:451} INFO - Filling up the DagBag from /home/airflow/.local/lib/python3.6/site-packages/airflow/example_dags/example_bash_operator.py
[2024-08-10 08:47:47,661] {scheduler_job.py:639} INFO - DAG(s) dict_keys(['example_bash_operator']) retrieved from /home/airflow/.local/lib/python3.6/site-packages/airflow/example_dags/example_bash_operator.py
[2024-08-10 08:47:47,683] {logging_mixin.py:104} INFO - [2024-08-10 08:47:47,683] {dag.py:1824} INFO - Sync 1 DAGs
[2024-08-10 08:47:47,703] {logging_mixin.py:104} INFO - [2024-08-10 08:47:47,703] {dag.py:2280} INFO - Setting next_dagrun for example_bash_operator to 2024-08-08 00:00:00+00:00
[2024-08-10 08:47:47,714] {scheduler_job.py:190} INFO - Processing /home/airflow/.local/lib/python3.6/site-packages/airflow/example_dags/example_bash_operator.py took 0.070 seconds
[2024-08-10 08:48:18,052] {scheduler_job.py:182} INFO - Started process (PID=32072) to work on /home/airflow/.local/lib/python3.6/site-packages/airflow/example_dags/example_bash_operator.py
[2024-08-10 08:48:18,053] {scheduler_job.py:629} INFO - Processing file /home/airflow/.local/lib/python3.6/site-packages/airflow/example_dags/example_bash_operator.py for tasks to queue
[2024-08-10 08:48:18,054] {logging_mixin.py:104} INFO - [2024-08-10 08:48:18,053] {dagbag.py:451} INFO - Filling up the DagBag from /home/airflow/.local/lib/python3.6/site-packages/airflow/example_dags/example_bash_operator.py
[2024-08-10 08:48:18,066] {scheduler_job.py:639} INFO - DAG(s) dict_keys(['example_bash_operator']) retrieved from /home/airflow/.local/lib/python3.6/site-packages/airflow/example_dags/example_bash_operator.py
[2024-08-10 08:48:18,086] {logging_mixin.py:104} INFO - [2024-08-10 08:48:18,086] {dag.py:1824} INFO - Sync 1 DAGs
[2024-08-10 08:48:18,107] {logging_mixin.py:104} INFO - [2024-08-10 08:48:18,107] {dag.py:2280} INFO - Setting next_dagrun for example_bash_operator to 2024-08-08 00:00:00+00:00
[2024-08-10 08:48:18,118] {scheduler_job.py:190} INFO - Processing /home/airflow/.local/lib/python3.6/site-packages/airflow/example_dags/example_bash_operator.py took 0.068 seconds
[2024-08-10 08:48:48,477] {scheduler_job.py:182} INFO - Started process (PID=32219) to work on /home/airflow/.local/lib/python3.6/site-packages/airflow/example_dags/example_bash_operator.py
[2024-08-10 08:48:48,478] {scheduler_job.py:629} INFO - Processing file /home/airflow/.local/lib/python3.6/site-packages/airflow/example_dags/example_bash_operator.py for tasks to queue
[2024-08-10 08:48:48,479] {logging_mixin.py:104} INFO - [2024-08-10 08:48:48,479] {dagbag.py:451} INFO - Filling up the DagBag from /home/airflow/.local/lib/python3.6/site-packages/airflow/example_dags/example_bash_operator.py
[2024-08-10 08:48:48,490] {scheduler_job.py:639} INFO - DAG(s) dict_keys(['example_bash_operator']) retrieved from /home/airflow/.local/lib/python3.6/site-packages/airflow/example_dags/example_bash_operator.py
[2024-08-10 08:48:48,510] {logging_mixin.py:104} INFO - [2024-08-10 08:48:48,510] {dag.py:1824} INFO - Sync 1 DAGs
[2024-08-10 08:48:48,531] {logging_mixin.py:104} INFO - [2024-08-10 08:48:48,531] {dag.py:2280} INFO - Setting next_dagrun for example_bash_operator to 2024-08-08 00:00:00+00:00
[2024-08-10 08:48:48,541] {scheduler_job.py:190} INFO - Processing /home/airflow/.local/lib/python3.6/site-packages/airflow/example_dags/example_bash_operator.py took 0.067 seconds
[2024-08-10 08:49:19,004] {scheduler_job.py:182} INFO - Started process (PID=32341) to work on /home/airflow/.local/lib/python3.6/site-packages/airflow/example_dags/example_bash_operator.py
[2024-08-10 08:49:19,006] {scheduler_job.py:629} INFO - Processing file /home/airflow/.local/lib/python3.6/site-packages/airflow/example_dags/example_bash_operator.py for tasks to queue
[2024-08-10 08:49:19,007] {logging_mixin.py:104} INFO - [2024-08-10 08:49:19,007] {dagbag.py:451} INFO - Filling up the DagBag from /home/airflow/.local/lib/python3.6/site-packages/airflow/example_dags/example_bash_operator.py
[2024-08-10 08:49:19,025] {scheduler_job.py:639} INFO - DAG(s) dict_keys(['example_bash_operator']) retrieved from /home/airflow/.local/lib/python3.6/site-packages/airflow/example_dags/example_bash_operator.py
[2024-08-10 08:49:19,046] {logging_mixin.py:104} INFO - [2024-08-10 08:49:19,046] {dag.py:1824} INFO - Sync 1 DAGs
[2024-08-10 08:49:19,066] {logging_mixin.py:104} INFO - [2024-08-10 08:49:19,066] {dag.py:2280} INFO - Setting next_dagrun for example_bash_operator to 2024-08-08 00:00:00+00:00
[2024-08-10 08:49:19,087] {scheduler_job.py:190} INFO - Processing /home/airflow/.local/lib/python3.6/site-packages/airflow/example_dags/example_bash_operator.py took 0.088 seconds
[2024-08-10 08:49:49,224] {scheduler_job.py:182} INFO - Started process (PID=32476) to work on /home/airflow/.local/lib/python3.6/site-packages/airflow/example_dags/example_bash_operator.py
[2024-08-10 08:49:49,225] {scheduler_job.py:629} INFO - Processing file /home/airflow/.local/lib/python3.6/site-packages/airflow/example_dags/example_bash_operator.py for tasks to queue
[2024-08-10 08:49:49,226] {logging_mixin.py:104} INFO - [2024-08-10 08:49:49,226] {dagbag.py:451} INFO - Filling up the DagBag from /home/airflow/.local/lib/python3.6/site-packages/airflow/example_dags/example_bash_operator.py
[2024-08-10 08:49:49,246] {scheduler_job.py:639} INFO - DAG(s) dict_keys(['example_bash_operator']) retrieved from /home/airflow/.local/lib/python3.6/site-packages/airflow/example_dags/example_bash_operator.py
[2024-08-10 08:49:49,267] {logging_mixin.py:104} INFO - [2024-08-10 08:49:49,267] {dag.py:1824} INFO - Sync 1 DAGs
[2024-08-10 08:49:49,287] {logging_mixin.py:104} INFO - [2024-08-10 08:49:49,287] {dag.py:2280} INFO - Setting next_dagrun for example_bash_operator to 2024-08-08 00:00:00+00:00
[2024-08-10 08:49:49,309] {scheduler_job.py:190} INFO - Processing /home/airflow/.local/lib/python3.6/site-packages/airflow/example_dags/example_bash_operator.py took 0.091 seconds
[2024-08-10 08:50:19,444] {scheduler_job.py:182} INFO - Started process (PID=32611) to work on /home/airflow/.local/lib/python3.6/site-packages/airflow/example_dags/example_bash_operator.py
[2024-08-10 08:50:19,445] {scheduler_job.py:629} INFO - Processing file /home/airflow/.local/lib/python3.6/site-packages/airflow/example_dags/example_bash_operator.py for tasks to queue
[2024-08-10 08:50:19,446] {logging_mixin.py:104} INFO - [2024-08-10 08:50:19,446] {dagbag.py:451} INFO - Filling up the DagBag from /home/airflow/.local/lib/python3.6/site-packages/airflow/example_dags/example_bash_operator.py
[2024-08-10 08:50:19,460] {scheduler_job.py:639} INFO - DAG(s) dict_keys(['example_bash_operator']) retrieved from /home/airflow/.local/lib/python3.6/site-packages/airflow/example_dags/example_bash_operator.py
[2024-08-10 08:50:19,480] {logging_mixin.py:104} INFO - [2024-08-10 08:50:19,480] {dag.py:1824} INFO - Sync 1 DAGs
[2024-08-10 08:50:19,498] {logging_mixin.py:104} INFO - [2024-08-10 08:50:19,498] {dag.py:2280} INFO - Setting next_dagrun for example_bash_operator to 2024-08-08 00:00:00+00:00
[2024-08-10 08:50:19,519] {scheduler_job.py:190} INFO - Processing /home/airflow/.local/lib/python3.6/site-packages/airflow/example_dags/example_bash_operator.py took 0.079 seconds
[2024-08-10 08:50:49,719] {scheduler_job.py:182} INFO - Started process (PID=32746) to work on /home/airflow/.local/lib/python3.6/site-packages/airflow/example_dags/example_bash_operator.py
[2024-08-10 08:50:49,722] {scheduler_job.py:629} INFO - Processing file /home/airflow/.local/lib/python3.6/site-packages/airflow/example_dags/example_bash_operator.py for tasks to queue
[2024-08-10 08:50:49,723] {logging_mixin.py:104} INFO - [2024-08-10 08:50:49,723] {dagbag.py:451} INFO - Filling up the DagBag from /home/airflow/.local/lib/python3.6/site-packages/airflow/example_dags/example_bash_operator.py
[2024-08-10 08:50:49,739] {scheduler_job.py:639} INFO - DAG(s) dict_keys(['example_bash_operator']) retrieved from /home/airflow/.local/lib/python3.6/site-packages/airflow/example_dags/example_bash_operator.py
[2024-08-10 08:50:49,758] {logging_mixin.py:104} INFO - [2024-08-10 08:50:49,758] {dag.py:1824} INFO - Sync 1 DAGs
[2024-08-10 08:50:49,777] {logging_mixin.py:104} INFO - [2024-08-10 08:50:49,777] {dag.py:2280} INFO - Setting next_dagrun for example_bash_operator to 2024-08-08 00:00:00+00:00
[2024-08-10 08:50:49,787] {scheduler_job.py:190} INFO - Processing /home/airflow/.local/lib/python3.6/site-packages/airflow/example_dags/example_bash_operator.py took 0.074 seconds
[2024-08-10 08:51:19,858] {scheduler_job.py:182} INFO - Started process (PID=413) to work on /home/airflow/.local/lib/python3.6/site-packages/airflow/example_dags/example_bash_operator.py
[2024-08-10 08:51:19,859] {scheduler_job.py:629} INFO - Processing file /home/airflow/.local/lib/python3.6/site-packages/airflow/example_dags/example_bash_operator.py for tasks to queue
[2024-08-10 08:51:19,861] {logging_mixin.py:104} INFO - [2024-08-10 08:51:19,860] {dagbag.py:451} INFO - Filling up the DagBag from /home/airflow/.local/lib/python3.6/site-packages/airflow/example_dags/example_bash_operator.py
[2024-08-10 08:51:19,875] {scheduler_job.py:639} INFO - DAG(s) dict_keys(['example_bash_operator']) retrieved from /home/airflow/.local/lib/python3.6/site-packages/airflow/example_dags/example_bash_operator.py
[2024-08-10 08:51:19,894] {logging_mixin.py:104} INFO - [2024-08-10 08:51:19,894] {dag.py:1824} INFO - Sync 1 DAGs
[2024-08-10 08:51:19,912] {logging_mixin.py:104} INFO - [2024-08-10 08:51:19,912] {dag.py:2280} INFO - Setting next_dagrun for example_bash_operator to 2024-08-08 00:00:00+00:00
[2024-08-10 08:51:19,922] {scheduler_job.py:190} INFO - Processing /home/airflow/.local/lib/python3.6/site-packages/airflow/example_dags/example_bash_operator.py took 0.069 seconds
[2024-08-10 08:51:50,101] {scheduler_job.py:182} INFO - Started process (PID=548) to work on /home/airflow/.local/lib/python3.6/site-packages/airflow/example_dags/example_bash_operator.py
[2024-08-10 08:51:50,102] {scheduler_job.py:629} INFO - Processing file /home/airflow/.local/lib/python3.6/site-packages/airflow/example_dags/example_bash_operator.py for tasks to queue
[2024-08-10 08:51:50,103] {logging_mixin.py:104} INFO - [2024-08-10 08:51:50,103] {dagbag.py:451} INFO - Filling up the DagBag from /home/airflow/.local/lib/python3.6/site-packages/airflow/example_dags/example_bash_operator.py
[2024-08-10 08:51:50,120] {scheduler_job.py:639} INFO - DAG(s) dict_keys(['example_bash_operator']) retrieved from /home/airflow/.local/lib/python3.6/site-packages/airflow/example_dags/example_bash_operator.py
[2024-08-10 08:51:50,140] {logging_mixin.py:104} INFO - [2024-08-10 08:51:50,140] {dag.py:1824} INFO - Sync 1 DAGs
[2024-08-10 08:51:50,159] {logging_mixin.py:104} INFO - [2024-08-10 08:51:50,159] {dag.py:2280} INFO - Setting next_dagrun for example_bash_operator to 2024-08-08 00:00:00+00:00
[2024-08-10 08:51:50,181] {scheduler_job.py:190} INFO - Processing /home/airflow/.local/lib/python3.6/site-packages/airflow/example_dags/example_bash_operator.py took 0.086 seconds
[2024-08-10 08:52:20,333] {scheduler_job.py:182} INFO - Started process (PID=683) to work on /home/airflow/.local/lib/python3.6/site-packages/airflow/example_dags/example_bash_operator.py
[2024-08-10 08:52:20,334] {scheduler_job.py:629} INFO - Processing file /home/airflow/.local/lib/python3.6/site-packages/airflow/example_dags/example_bash_operator.py for tasks to queue
[2024-08-10 08:52:20,335] {logging_mixin.py:104} INFO - [2024-08-10 08:52:20,335] {dagbag.py:451} INFO - Filling up the DagBag from /home/airflow/.local/lib/python3.6/site-packages/airflow/example_dags/example_bash_operator.py
[2024-08-10 08:52:20,349] {scheduler_job.py:639} INFO - DAG(s) dict_keys(['example_bash_operator']) retrieved from /home/airflow/.local/lib/python3.6/site-packages/airflow/example_dags/example_bash_operator.py
[2024-08-10 08:52:20,368] {logging_mixin.py:104} INFO - [2024-08-10 08:52:20,368] {dag.py:1824} INFO - Sync 1 DAGs
[2024-08-10 08:52:20,386] {logging_mixin.py:104} INFO - [2024-08-10 08:52:20,386] {dag.py:2280} INFO - Setting next_dagrun for example_bash_operator to 2024-08-08 00:00:00+00:00
[2024-08-10 08:52:20,409] {scheduler_job.py:190} INFO - Processing /home/airflow/.local/lib/python3.6/site-packages/airflow/example_dags/example_bash_operator.py took 0.081 seconds
[2024-08-10 08:52:50,482] {scheduler_job.py:182} INFO - Started process (PID=818) to work on /home/airflow/.local/lib/python3.6/site-packages/airflow/example_dags/example_bash_operator.py
[2024-08-10 08:52:50,484] {scheduler_job.py:629} INFO - Processing file /home/airflow/.local/lib/python3.6/site-packages/airflow/example_dags/example_bash_operator.py for tasks to queue
[2024-08-10 08:52:50,485] {logging_mixin.py:104} INFO - [2024-08-10 08:52:50,485] {dagbag.py:451} INFO - Filling up the DagBag from /home/airflow/.local/lib/python3.6/site-packages/airflow/example_dags/example_bash_operator.py
[2024-08-10 08:52:50,503] {scheduler_job.py:639} INFO - DAG(s) dict_keys(['example_bash_operator']) retrieved from /home/airflow/.local/lib/python3.6/site-packages/airflow/example_dags/example_bash_operator.py
[2024-08-10 08:52:50,525] {logging_mixin.py:104} INFO - [2024-08-10 08:52:50,525] {dag.py:1824} INFO - Sync 1 DAGs
[2024-08-10 08:52:50,543] {logging_mixin.py:104} INFO - [2024-08-10 08:52:50,543] {dag.py:2280} INFO - Setting next_dagrun for example_bash_operator to 2024-08-08 00:00:00+00:00
[2024-08-10 08:52:50,553] {scheduler_job.py:190} INFO - Processing /home/airflow/.local/lib/python3.6/site-packages/airflow/example_dags/example_bash_operator.py took 0.076 seconds
[2024-08-10 08:53:20,587] {scheduler_job.py:182} INFO - Started process (PID=953) to work on /home/airflow/.local/lib/python3.6/site-packages/airflow/example_dags/example_bash_operator.py
[2024-08-10 08:53:20,588] {scheduler_job.py:629} INFO - Processing file /home/airflow/.local/lib/python3.6/site-packages/airflow/example_dags/example_bash_operator.py for tasks to queue
[2024-08-10 08:53:20,589] {logging_mixin.py:104} INFO - [2024-08-10 08:53:20,588] {dagbag.py:451} INFO - Filling up the DagBag from /home/airflow/.local/lib/python3.6/site-packages/airflow/example_dags/example_bash_operator.py
[2024-08-10 08:53:20,600] {scheduler_job.py:639} INFO - DAG(s) dict_keys(['example_bash_operator']) retrieved from /home/airflow/.local/lib/python3.6/site-packages/airflow/example_dags/example_bash_operator.py
[2024-08-10 08:53:20,623] {logging_mixin.py:104} INFO - [2024-08-10 08:53:20,623] {dag.py:1824} INFO - Sync 1 DAGs
[2024-08-10 08:53:20,641] {logging_mixin.py:104} INFO - [2024-08-10 08:53:20,641] {dag.py:2280} INFO - Setting next_dagrun for example_bash_operator to 2024-08-08 00:00:00+00:00
[2024-08-10 08:53:20,651] {scheduler_job.py:190} INFO - Processing /home/airflow/.local/lib/python3.6/site-packages/airflow/example_dags/example_bash_operator.py took 0.067 seconds
[2024-08-10 08:53:50,717] {scheduler_job.py:182} INFO - Started process (PID=1089) to work on /home/airflow/.local/lib/python3.6/site-packages/airflow/example_dags/example_bash_operator.py
[2024-08-10 08:53:50,718] {scheduler_job.py:629} INFO - Processing file /home/airflow/.local/lib/python3.6/site-packages/airflow/example_dags/example_bash_operator.py for tasks to queue
[2024-08-10 08:53:50,719] {logging_mixin.py:104} INFO - [2024-08-10 08:53:50,719] {dagbag.py:451} INFO - Filling up the DagBag from /home/airflow/.local/lib/python3.6/site-packages/airflow/example_dags/example_bash_operator.py
[2024-08-10 08:53:50,733] {scheduler_job.py:639} INFO - DAG(s) dict_keys(['example_bash_operator']) retrieved from /home/airflow/.local/lib/python3.6/site-packages/airflow/example_dags/example_bash_operator.py
[2024-08-10 08:53:50,751] {logging_mixin.py:104} INFO - [2024-08-10 08:53:50,751] {dag.py:1824} INFO - Sync 1 DAGs
[2024-08-10 08:53:50,769] {logging_mixin.py:104} INFO - [2024-08-10 08:53:50,769] {dag.py:2280} INFO - Setting next_dagrun for example_bash_operator to 2024-08-08 00:00:00+00:00
[2024-08-10 08:53:50,779] {scheduler_job.py:190} INFO - Processing /home/airflow/.local/lib/python3.6/site-packages/airflow/example_dags/example_bash_operator.py took 0.065 seconds
[2024-08-10 08:54:20,850] {scheduler_job.py:182} INFO - Started process (PID=1223) to work on /home/airflow/.local/lib/python3.6/site-packages/airflow/example_dags/example_bash_operator.py
[2024-08-10 08:54:20,852] {scheduler_job.py:629} INFO - Processing file /home/airflow/.local/lib/python3.6/site-packages/airflow/example_dags/example_bash_operator.py for tasks to queue
[2024-08-10 08:54:20,853] {logging_mixin.py:104} INFO - [2024-08-10 08:54:20,853] {dagbag.py:451} INFO - Filling up the DagBag from /home/airflow/.local/lib/python3.6/site-packages/airflow/example_dags/example_bash_operator.py
[2024-08-10 08:54:20,869] {scheduler_job.py:639} INFO - DAG(s) dict_keys(['example_bash_operator']) retrieved from /home/airflow/.local/lib/python3.6/site-packages/airflow/example_dags/example_bash_operator.py
[2024-08-10 08:54:20,889] {logging_mixin.py:104} INFO - [2024-08-10 08:54:20,889] {dag.py:1824} INFO - Sync 1 DAGs
[2024-08-10 08:54:20,908] {logging_mixin.py:104} INFO - [2024-08-10 08:54:20,908] {dag.py:2280} INFO - Setting next_dagrun for example_bash_operator to 2024-08-08 00:00:00+00:00
[2024-08-10 08:54:20,929] {scheduler_job.py:190} INFO - Processing /home/airflow/.local/lib/python3.6/site-packages/airflow/example_dags/example_bash_operator.py took 0.085 seconds
[2024-08-10 08:54:51,056] {scheduler_job.py:182} INFO - Started process (PID=1358) to work on /home/airflow/.local/lib/python3.6/site-packages/airflow/example_dags/example_bash_operator.py
[2024-08-10 08:54:51,058] {scheduler_job.py:629} INFO - Processing file /home/airflow/.local/lib/python3.6/site-packages/airflow/example_dags/example_bash_operator.py for tasks to queue
[2024-08-10 08:54:51,059] {logging_mixin.py:104} INFO - [2024-08-10 08:54:51,059] {dagbag.py:451} INFO - Filling up the DagBag from /home/airflow/.local/lib/python3.6/site-packages/airflow/example_dags/example_bash_operator.py
[2024-08-10 08:54:51,078] {scheduler_job.py:639} INFO - DAG(s) dict_keys(['example_bash_operator']) retrieved from /home/airflow/.local/lib/python3.6/site-packages/airflow/example_dags/example_bash_operator.py
[2024-08-10 08:54:51,098] {logging_mixin.py:104} INFO - [2024-08-10 08:54:51,098] {dag.py:1824} INFO - Sync 1 DAGs
[2024-08-10 08:54:51,115] {logging_mixin.py:104} INFO - [2024-08-10 08:54:51,115] {dag.py:2280} INFO - Setting next_dagrun for example_bash_operator to 2024-08-08 00:00:00+00:00
[2024-08-10 08:54:51,125] {scheduler_job.py:190} INFO - Processing /home/airflow/.local/lib/python3.6/site-packages/airflow/example_dags/example_bash_operator.py took 0.074 seconds
[2024-08-10 08:55:21,452] {scheduler_job.py:182} INFO - Started process (PID=1493) to work on /home/airflow/.local/lib/python3.6/site-packages/airflow/example_dags/example_bash_operator.py
[2024-08-10 08:55:21,454] {scheduler_job.py:629} INFO - Processing file /home/airflow/.local/lib/python3.6/site-packages/airflow/example_dags/example_bash_operator.py for tasks to queue
[2024-08-10 08:55:21,456] {logging_mixin.py:104} INFO - [2024-08-10 08:55:21,455] {dagbag.py:451} INFO - Filling up the DagBag from /home/airflow/.local/lib/python3.6/site-packages/airflow/example_dags/example_bash_operator.py
[2024-08-10 08:55:21,476] {scheduler_job.py:639} INFO - DAG(s) dict_keys(['example_bash_operator']) retrieved from /home/airflow/.local/lib/python3.6/site-packages/airflow/example_dags/example_bash_operator.py
[2024-08-10 08:55:21,496] {logging_mixin.py:104} INFO - [2024-08-10 08:55:21,496] {dag.py:1824} INFO - Sync 1 DAGs
[2024-08-10 08:55:21,514] {logging_mixin.py:104} INFO - [2024-08-10 08:55:21,514] {dag.py:2280} INFO - Setting next_dagrun for example_bash_operator to 2024-08-08 00:00:00+00:00
[2024-08-10 08:55:21,524] {scheduler_job.py:190} INFO - Processing /home/airflow/.local/lib/python3.6/site-packages/airflow/example_dags/example_bash_operator.py took 0.079 seconds
[2024-08-10 08:55:52,063] {scheduler_job.py:182} INFO - Started process (PID=1641) to work on /home/airflow/.local/lib/python3.6/site-packages/airflow/example_dags/example_bash_operator.py
[2024-08-10 08:55:52,064] {scheduler_job.py:629} INFO - Processing file /home/airflow/.local/lib/python3.6/site-packages/airflow/example_dags/example_bash_operator.py for tasks to queue
[2024-08-10 08:55:52,064] {logging_mixin.py:104} INFO - [2024-08-10 08:55:52,064] {dagbag.py:451} INFO - Filling up the DagBag from /home/airflow/.local/lib/python3.6/site-packages/airflow/example_dags/example_bash_operator.py
[2024-08-10 08:55:52,077] {scheduler_job.py:639} INFO - DAG(s) dict_keys(['example_bash_operator']) retrieved from /home/airflow/.local/lib/python3.6/site-packages/airflow/example_dags/example_bash_operator.py
[2024-08-10 08:55:52,097] {logging_mixin.py:104} INFO - [2024-08-10 08:55:52,097] {dag.py:1824} INFO - Sync 1 DAGs
[2024-08-10 08:55:52,117] {logging_mixin.py:104} INFO - [2024-08-10 08:55:52,117] {dag.py:2280} INFO - Setting next_dagrun for example_bash_operator to 2024-08-08 00:00:00+00:00
[2024-08-10 08:55:52,127] {scheduler_job.py:190} INFO - Processing /home/airflow/.local/lib/python3.6/site-packages/airflow/example_dags/example_bash_operator.py took 0.066 seconds
[2024-08-10 08:56:22,167] {scheduler_job.py:182} INFO - Started process (PID=1779) to work on /home/airflow/.local/lib/python3.6/site-packages/airflow/example_dags/example_bash_operator.py
[2024-08-10 08:56:22,168] {scheduler_job.py:629} INFO - Processing file /home/airflow/.local/lib/python3.6/site-packages/airflow/example_dags/example_bash_operator.py for tasks to queue
[2024-08-10 08:56:22,168] {logging_mixin.py:104} INFO - [2024-08-10 08:56:22,168] {dagbag.py:451} INFO - Filling up the DagBag from /home/airflow/.local/lib/python3.6/site-packages/airflow/example_dags/example_bash_operator.py
[2024-08-10 08:56:22,180] {scheduler_job.py:639} INFO - DAG(s) dict_keys(['example_bash_operator']) retrieved from /home/airflow/.local/lib/python3.6/site-packages/airflow/example_dags/example_bash_operator.py
[2024-08-10 08:56:22,200] {logging_mixin.py:104} INFO - [2024-08-10 08:56:22,200] {dag.py:1824} INFO - Sync 1 DAGs
[2024-08-10 08:56:22,219] {logging_mixin.py:104} INFO - [2024-08-10 08:56:22,218] {dag.py:2280} INFO - Setting next_dagrun for example_bash_operator to 2024-08-08 00:00:00+00:00
[2024-08-10 08:56:22,228] {scheduler_job.py:190} INFO - Processing /home/airflow/.local/lib/python3.6/site-packages/airflow/example_dags/example_bash_operator.py took 0.064 seconds
[2024-08-10 08:56:52,499] {scheduler_job.py:182} INFO - Started process (PID=1926) to work on /home/airflow/.local/lib/python3.6/site-packages/airflow/example_dags/example_bash_operator.py
[2024-08-10 08:56:52,500] {scheduler_job.py:629} INFO - Processing file /home/airflow/.local/lib/python3.6/site-packages/airflow/example_dags/example_bash_operator.py for tasks to queue
[2024-08-10 08:56:52,501] {logging_mixin.py:104} INFO - [2024-08-10 08:56:52,501] {dagbag.py:451} INFO - Filling up the DagBag from /home/airflow/.local/lib/python3.6/site-packages/airflow/example_dags/example_bash_operator.py
[2024-08-10 08:56:52,514] {scheduler_job.py:639} INFO - DAG(s) dict_keys(['example_bash_operator']) retrieved from /home/airflow/.local/lib/python3.6/site-packages/airflow/example_dags/example_bash_operator.py
[2024-08-10 08:56:52,534] {logging_mixin.py:104} INFO - [2024-08-10 08:56:52,533] {dag.py:1824} INFO - Sync 1 DAGs
[2024-08-10 08:56:52,551] {logging_mixin.py:104} INFO - [2024-08-10 08:56:52,551] {dag.py:2280} INFO - Setting next_dagrun for example_bash_operator to 2024-08-08 00:00:00+00:00
[2024-08-10 08:56:52,561] {scheduler_job.py:190} INFO - Processing /home/airflow/.local/lib/python3.6/site-packages/airflow/example_dags/example_bash_operator.py took 0.065 seconds
[2024-08-10 08:57:22,942] {scheduler_job.py:182} INFO - Started process (PID=2055) to work on /home/airflow/.local/lib/python3.6/site-packages/airflow/example_dags/example_bash_operator.py
[2024-08-10 08:57:22,943] {scheduler_job.py:629} INFO - Processing file /home/airflow/.local/lib/python3.6/site-packages/airflow/example_dags/example_bash_operator.py for tasks to queue
[2024-08-10 08:57:22,943] {logging_mixin.py:104} INFO - [2024-08-10 08:57:22,943] {dagbag.py:451} INFO - Filling up the DagBag from /home/airflow/.local/lib/python3.6/site-packages/airflow/example_dags/example_bash_operator.py
[2024-08-10 08:57:22,959] {scheduler_job.py:639} INFO - DAG(s) dict_keys(['example_bash_operator']) retrieved from /home/airflow/.local/lib/python3.6/site-packages/airflow/example_dags/example_bash_operator.py
[2024-08-10 08:57:22,983] {logging_mixin.py:104} INFO - [2024-08-10 08:57:22,983] {dag.py:1824} INFO - Sync 1 DAGs
[2024-08-10 08:57:23,007] {logging_mixin.py:104} INFO - [2024-08-10 08:57:23,007] {dag.py:2280} INFO - Setting next_dagrun for example_bash_operator to 2024-08-08 00:00:00+00:00
[2024-08-10 08:57:23,020] {scheduler_job.py:190} INFO - Processing /home/airflow/.local/lib/python3.6/site-packages/airflow/example_dags/example_bash_operator.py took 0.082 seconds
[2024-08-10 08:57:53,303] {scheduler_job.py:182} INFO - Started process (PID=2191) to work on /home/airflow/.local/lib/python3.6/site-packages/airflow/example_dags/example_bash_operator.py
[2024-08-10 08:57:53,303] {scheduler_job.py:629} INFO - Processing file /home/airflow/.local/lib/python3.6/site-packages/airflow/example_dags/example_bash_operator.py for tasks to queue
[2024-08-10 08:57:53,304] {logging_mixin.py:104} INFO - [2024-08-10 08:57:53,304] {dagbag.py:451} INFO - Filling up the DagBag from /home/airflow/.local/lib/python3.6/site-packages/airflow/example_dags/example_bash_operator.py
[2024-08-10 08:57:53,315] {scheduler_job.py:639} INFO - DAG(s) dict_keys(['example_bash_operator']) retrieved from /home/airflow/.local/lib/python3.6/site-packages/airflow/example_dags/example_bash_operator.py
[2024-08-10 08:57:53,335] {logging_mixin.py:104} INFO - [2024-08-10 08:57:53,334] {dag.py:1824} INFO - Sync 1 DAGs
[2024-08-10 08:57:53,353] {logging_mixin.py:104} INFO - [2024-08-10 08:57:53,353] {dag.py:2280} INFO - Setting next_dagrun for example_bash_operator to 2024-08-08 00:00:00+00:00
[2024-08-10 08:57:53,363] {scheduler_job.py:190} INFO - Processing /home/airflow/.local/lib/python3.6/site-packages/airflow/example_dags/example_bash_operator.py took 0.063 seconds
[2024-08-10 08:58:23,441] {scheduler_job.py:182} INFO - Started process (PID=2333) to work on /home/airflow/.local/lib/python3.6/site-packages/airflow/example_dags/example_bash_operator.py
[2024-08-10 08:58:23,442] {scheduler_job.py:629} INFO - Processing file /home/airflow/.local/lib/python3.6/site-packages/airflow/example_dags/example_bash_operator.py for tasks to queue
[2024-08-10 08:58:23,443] {logging_mixin.py:104} INFO - [2024-08-10 08:58:23,443] {dagbag.py:451} INFO - Filling up the DagBag from /home/airflow/.local/lib/python3.6/site-packages/airflow/example_dags/example_bash_operator.py
[2024-08-10 08:58:23,454] {scheduler_job.py:639} INFO - DAG(s) dict_keys(['example_bash_operator']) retrieved from /home/airflow/.local/lib/python3.6/site-packages/airflow/example_dags/example_bash_operator.py
[2024-08-10 08:58:23,472] {logging_mixin.py:104} INFO - [2024-08-10 08:58:23,472] {dag.py:1824} INFO - Sync 1 DAGs
[2024-08-10 08:58:23,490] {logging_mixin.py:104} INFO - [2024-08-10 08:58:23,490] {dag.py:2280} INFO - Setting next_dagrun for example_bash_operator to 2024-08-08 00:00:00+00:00
[2024-08-10 08:58:23,500] {scheduler_job.py:190} INFO - Processing /home/airflow/.local/lib/python3.6/site-packages/airflow/example_dags/example_bash_operator.py took 0.062 seconds
[2024-08-10 08:58:53,699] {scheduler_job.py:182} INFO - Started process (PID=2451) to work on /home/airflow/.local/lib/python3.6/site-packages/airflow/example_dags/example_bash_operator.py
[2024-08-10 08:58:53,700] {scheduler_job.py:629} INFO - Processing file /home/airflow/.local/lib/python3.6/site-packages/airflow/example_dags/example_bash_operator.py for tasks to queue
[2024-08-10 08:58:53,702] {logging_mixin.py:104} INFO - [2024-08-10 08:58:53,701] {dagbag.py:451} INFO - Filling up the DagBag from /home/airflow/.local/lib/python3.6/site-packages/airflow/example_dags/example_bash_operator.py
[2024-08-10 08:58:53,714] {scheduler_job.py:639} INFO - DAG(s) dict_keys(['example_bash_operator']) retrieved from /home/airflow/.local/lib/python3.6/site-packages/airflow/example_dags/example_bash_operator.py
[2024-08-10 08:58:53,734] {logging_mixin.py:104} INFO - [2024-08-10 08:58:53,733] {dag.py:1824} INFO - Sync 1 DAGs
[2024-08-10 08:58:53,751] {logging_mixin.py:104} INFO - [2024-08-10 08:58:53,751] {dag.py:2280} INFO - Setting next_dagrun for example_bash_operator to 2024-08-08 00:00:00+00:00
[2024-08-10 08:58:53,761] {scheduler_job.py:190} INFO - Processing /home/airflow/.local/lib/python3.6/site-packages/airflow/example_dags/example_bash_operator.py took 0.065 seconds
[2024-08-10 08:59:23,974] {scheduler_job.py:182} INFO - Started process (PID=2596) to work on /home/airflow/.local/lib/python3.6/site-packages/airflow/example_dags/example_bash_operator.py
[2024-08-10 08:59:23,974] {scheduler_job.py:629} INFO - Processing file /home/airflow/.local/lib/python3.6/site-packages/airflow/example_dags/example_bash_operator.py for tasks to queue
[2024-08-10 08:59:23,975] {logging_mixin.py:104} INFO - [2024-08-10 08:59:23,975] {dagbag.py:451} INFO - Filling up the DagBag from /home/airflow/.local/lib/python3.6/site-packages/airflow/example_dags/example_bash_operator.py
[2024-08-10 08:59:23,986] {scheduler_job.py:639} INFO - DAG(s) dict_keys(['example_bash_operator']) retrieved from /home/airflow/.local/lib/python3.6/site-packages/airflow/example_dags/example_bash_operator.py
[2024-08-10 08:59:24,007] {logging_mixin.py:104} INFO - [2024-08-10 08:59:24,007] {dag.py:1824} INFO - Sync 1 DAGs
[2024-08-10 08:59:24,025] {logging_mixin.py:104} INFO - [2024-08-10 08:59:24,025] {dag.py:2280} INFO - Setting next_dagrun for example_bash_operator to 2024-08-08 00:00:00+00:00
[2024-08-10 08:59:24,035] {scheduler_job.py:190} INFO - Processing /home/airflow/.local/lib/python3.6/site-packages/airflow/example_dags/example_bash_operator.py took 0.064 seconds
[2024-08-10 08:59:54,275] {scheduler_job.py:182} INFO - Started process (PID=2736) to work on /home/airflow/.local/lib/python3.6/site-packages/airflow/example_dags/example_bash_operator.py
[2024-08-10 08:59:54,276] {scheduler_job.py:629} INFO - Processing file /home/airflow/.local/lib/python3.6/site-packages/airflow/example_dags/example_bash_operator.py for tasks to queue
[2024-08-10 08:59:54,277] {logging_mixin.py:104} INFO - [2024-08-10 08:59:54,277] {dagbag.py:451} INFO - Filling up the DagBag from /home/airflow/.local/lib/python3.6/site-packages/airflow/example_dags/example_bash_operator.py
[2024-08-10 08:59:54,288] {scheduler_job.py:639} INFO - DAG(s) dict_keys(['example_bash_operator']) retrieved from /home/airflow/.local/lib/python3.6/site-packages/airflow/example_dags/example_bash_operator.py
[2024-08-10 08:59:54,307] {logging_mixin.py:104} INFO - [2024-08-10 08:59:54,307] {dag.py:1824} INFO - Sync 1 DAGs
[2024-08-10 08:59:54,326] {logging_mixin.py:104} INFO - [2024-08-10 08:59:54,326] {dag.py:2280} INFO - Setting next_dagrun for example_bash_operator to 2024-08-08 00:00:00+00:00
[2024-08-10 08:59:54,336] {scheduler_job.py:190} INFO - Processing /home/airflow/.local/lib/python3.6/site-packages/airflow/example_dags/example_bash_operator.py took 0.063 seconds
[2024-08-10 09:00:24,630] {scheduler_job.py:182} INFO - Started process (PID=2878) to work on /home/airflow/.local/lib/python3.6/site-packages/airflow/example_dags/example_bash_operator.py
[2024-08-10 09:00:24,631] {scheduler_job.py:629} INFO - Processing file /home/airflow/.local/lib/python3.6/site-packages/airflow/example_dags/example_bash_operator.py for tasks to queue
[2024-08-10 09:00:24,632] {logging_mixin.py:104} INFO - [2024-08-10 09:00:24,632] {dagbag.py:451} INFO - Filling up the DagBag from /home/airflow/.local/lib/python3.6/site-packages/airflow/example_dags/example_bash_operator.py
[2024-08-10 09:00:24,644] {scheduler_job.py:639} INFO - DAG(s) dict_keys(['example_bash_operator']) retrieved from /home/airflow/.local/lib/python3.6/site-packages/airflow/example_dags/example_bash_operator.py
[2024-08-10 09:00:24,664] {logging_mixin.py:104} INFO - [2024-08-10 09:00:24,664] {dag.py:1824} INFO - Sync 1 DAGs
[2024-08-10 09:00:24,682] {logging_mixin.py:104} INFO - [2024-08-10 09:00:24,682] {dag.py:2280} INFO - Setting next_dagrun for example_bash_operator to 2024-08-08 00:00:00+00:00
[2024-08-10 09:00:24,694] {scheduler_job.py:190} INFO - Processing /home/airflow/.local/lib/python3.6/site-packages/airflow/example_dags/example_bash_operator.py took 0.066 seconds
[2024-08-10 09:00:55,038] {scheduler_job.py:182} INFO - Started process (PID=3021) to work on /home/airflow/.local/lib/python3.6/site-packages/airflow/example_dags/example_bash_operator.py
[2024-08-10 09:00:55,039] {scheduler_job.py:629} INFO - Processing file /home/airflow/.local/lib/python3.6/site-packages/airflow/example_dags/example_bash_operator.py for tasks to queue
[2024-08-10 09:00:55,040] {logging_mixin.py:104} INFO - [2024-08-10 09:00:55,040] {dagbag.py:451} INFO - Filling up the DagBag from /home/airflow/.local/lib/python3.6/site-packages/airflow/example_dags/example_bash_operator.py
[2024-08-10 09:00:55,051] {scheduler_job.py:639} INFO - DAG(s) dict_keys(['example_bash_operator']) retrieved from /home/airflow/.local/lib/python3.6/site-packages/airflow/example_dags/example_bash_operator.py
[2024-08-10 09:00:55,070] {logging_mixin.py:104} INFO - [2024-08-10 09:00:55,069] {dag.py:1824} INFO - Sync 1 DAGs
[2024-08-10 09:00:55,087] {logging_mixin.py:104} INFO - [2024-08-10 09:00:55,087] {dag.py:2280} INFO - Setting next_dagrun for example_bash_operator to 2024-08-08 00:00:00+00:00
[2024-08-10 09:00:55,096] {scheduler_job.py:190} INFO - Processing /home/airflow/.local/lib/python3.6/site-packages/airflow/example_dags/example_bash_operator.py took 0.060 seconds
[2024-08-10 09:01:25,289] {scheduler_job.py:182} INFO - Started process (PID=3151) to work on /home/airflow/.local/lib/python3.6/site-packages/airflow/example_dags/example_bash_operator.py
[2024-08-10 09:01:25,291] {scheduler_job.py:629} INFO - Processing file /home/airflow/.local/lib/python3.6/site-packages/airflow/example_dags/example_bash_operator.py for tasks to queue
[2024-08-10 09:01:25,292] {logging_mixin.py:104} INFO - [2024-08-10 09:01:25,291] {dagbag.py:451} INFO - Filling up the DagBag from /home/airflow/.local/lib/python3.6/site-packages/airflow/example_dags/example_bash_operator.py
[2024-08-10 09:01:25,304] {scheduler_job.py:639} INFO - DAG(s) dict_keys(['example_bash_operator']) retrieved from /home/airflow/.local/lib/python3.6/site-packages/airflow/example_dags/example_bash_operator.py
[2024-08-10 09:01:25,325] {logging_mixin.py:104} INFO - [2024-08-10 09:01:25,325] {dag.py:1824} INFO - Sync 1 DAGs
[2024-08-10 09:01:25,349] {logging_mixin.py:104} INFO - [2024-08-10 09:01:25,349] {dag.py:2280} INFO - Setting next_dagrun for example_bash_operator to 2024-08-08 00:00:00+00:00
[2024-08-10 09:01:25,360] {scheduler_job.py:190} INFO - Processing /home/airflow/.local/lib/python3.6/site-packages/airflow/example_dags/example_bash_operator.py took 0.074 seconds
[2024-08-10 09:01:55,521] {scheduler_job.py:182} INFO - Started process (PID=3284) to work on /home/airflow/.local/lib/python3.6/site-packages/airflow/example_dags/example_bash_operator.py
[2024-08-10 09:01:55,522] {scheduler_job.py:629} INFO - Processing file /home/airflow/.local/lib/python3.6/site-packages/airflow/example_dags/example_bash_operator.py for tasks to queue
[2024-08-10 09:01:55,523] {logging_mixin.py:104} INFO - [2024-08-10 09:01:55,523] {dagbag.py:451} INFO - Filling up the DagBag from /home/airflow/.local/lib/python3.6/site-packages/airflow/example_dags/example_bash_operator.py
[2024-08-10 09:01:55,536] {scheduler_job.py:639} INFO - DAG(s) dict_keys(['example_bash_operator']) retrieved from /home/airflow/.local/lib/python3.6/site-packages/airflow/example_dags/example_bash_operator.py
[2024-08-10 09:01:55,556] {logging_mixin.py:104} INFO - [2024-08-10 09:01:55,556] {dag.py:1824} INFO - Sync 1 DAGs
[2024-08-10 09:01:55,580] {logging_mixin.py:104} INFO - [2024-08-10 09:01:55,580] {dag.py:2280} INFO - Setting next_dagrun for example_bash_operator to 2024-08-08 00:00:00+00:00
[2024-08-10 09:01:55,592] {scheduler_job.py:190} INFO - Processing /home/airflow/.local/lib/python3.6/site-packages/airflow/example_dags/example_bash_operator.py took 0.073 seconds
[2024-08-10 09:02:25,890] {scheduler_job.py:182} INFO - Started process (PID=3426) to work on /home/airflow/.local/lib/python3.6/site-packages/airflow/example_dags/example_bash_operator.py
[2024-08-10 09:02:25,891] {scheduler_job.py:629} INFO - Processing file /home/airflow/.local/lib/python3.6/site-packages/airflow/example_dags/example_bash_operator.py for tasks to queue
[2024-08-10 09:02:25,891] {logging_mixin.py:104} INFO - [2024-08-10 09:02:25,891] {dagbag.py:451} INFO - Filling up the DagBag from /home/airflow/.local/lib/python3.6/site-packages/airflow/example_dags/example_bash_operator.py
[2024-08-10 09:02:25,903] {scheduler_job.py:639} INFO - DAG(s) dict_keys(['example_bash_operator']) retrieved from /home/airflow/.local/lib/python3.6/site-packages/airflow/example_dags/example_bash_operator.py
[2024-08-10 09:02:25,924] {logging_mixin.py:104} INFO - [2024-08-10 09:02:25,923] {dag.py:1824} INFO - Sync 1 DAGs
[2024-08-10 09:02:25,943] {logging_mixin.py:104} INFO - [2024-08-10 09:02:25,942] {dag.py:2280} INFO - Setting next_dagrun for example_bash_operator to 2024-08-08 00:00:00+00:00
[2024-08-10 09:02:25,955] {scheduler_job.py:190} INFO - Processing /home/airflow/.local/lib/python3.6/site-packages/airflow/example_dags/example_bash_operator.py took 0.068 seconds
[2024-08-10 09:02:56,123] {scheduler_job.py:182} INFO - Started process (PID=3559) to work on /home/airflow/.local/lib/python3.6/site-packages/airflow/example_dags/example_bash_operator.py
[2024-08-10 09:02:56,124] {scheduler_job.py:629} INFO - Processing file /home/airflow/.local/lib/python3.6/site-packages/airflow/example_dags/example_bash_operator.py for tasks to queue
[2024-08-10 09:02:56,125] {logging_mixin.py:104} INFO - [2024-08-10 09:02:56,124] {dagbag.py:451} INFO - Filling up the DagBag from /home/airflow/.local/lib/python3.6/site-packages/airflow/example_dags/example_bash_operator.py
[2024-08-10 09:02:56,136] {scheduler_job.py:639} INFO - DAG(s) dict_keys(['example_bash_operator']) retrieved from /home/airflow/.local/lib/python3.6/site-packages/airflow/example_dags/example_bash_operator.py
[2024-08-10 09:02:56,156] {logging_mixin.py:104} INFO - [2024-08-10 09:02:56,156] {dag.py:1824} INFO - Sync 1 DAGs
[2024-08-10 09:02:56,175] {logging_mixin.py:104} INFO - [2024-08-10 09:02:56,175] {dag.py:2280} INFO - Setting next_dagrun for example_bash_operator to 2024-08-08 00:00:00+00:00
[2024-08-10 09:02:56,185] {scheduler_job.py:190} INFO - Processing /home/airflow/.local/lib/python3.6/site-packages/airflow/example_dags/example_bash_operator.py took 0.065 seconds
[2024-08-10 09:03:26,431] {scheduler_job.py:182} INFO - Started process (PID=3683) to work on /home/airflow/.local/lib/python3.6/site-packages/airflow/example_dags/example_bash_operator.py
[2024-08-10 09:03:26,431] {scheduler_job.py:629} INFO - Processing file /home/airflow/.local/lib/python3.6/site-packages/airflow/example_dags/example_bash_operator.py for tasks to queue
[2024-08-10 09:03:26,432] {logging_mixin.py:104} INFO - [2024-08-10 09:03:26,432] {dagbag.py:451} INFO - Filling up the DagBag from /home/airflow/.local/lib/python3.6/site-packages/airflow/example_dags/example_bash_operator.py
[2024-08-10 09:03:26,444] {scheduler_job.py:639} INFO - DAG(s) dict_keys(['example_bash_operator']) retrieved from /home/airflow/.local/lib/python3.6/site-packages/airflow/example_dags/example_bash_operator.py
[2024-08-10 09:03:26,465] {logging_mixin.py:104} INFO - [2024-08-10 09:03:26,465] {dag.py:1824} INFO - Sync 1 DAGs
[2024-08-10 09:03:26,487] {logging_mixin.py:104} INFO - [2024-08-10 09:03:26,487] {dag.py:2280} INFO - Setting next_dagrun for example_bash_operator to 2024-08-08 00:00:00+00:00
[2024-08-10 09:03:26,497] {scheduler_job.py:190} INFO - Processing /home/airflow/.local/lib/python3.6/site-packages/airflow/example_dags/example_bash_operator.py took 0.070 seconds
[2024-08-10 09:03:56,712] {scheduler_job.py:182} INFO - Started process (PID=3819) to work on /home/airflow/.local/lib/python3.6/site-packages/airflow/example_dags/example_bash_operator.py
[2024-08-10 09:03:56,713] {scheduler_job.py:629} INFO - Processing file /home/airflow/.local/lib/python3.6/site-packages/airflow/example_dags/example_bash_operator.py for tasks to queue
[2024-08-10 09:03:56,713] {logging_mixin.py:104} INFO - [2024-08-10 09:03:56,713] {dagbag.py:451} INFO - Filling up the DagBag from /home/airflow/.local/lib/python3.6/site-packages/airflow/example_dags/example_bash_operator.py
[2024-08-10 09:03:56,725] {scheduler_job.py:639} INFO - DAG(s) dict_keys(['example_bash_operator']) retrieved from /home/airflow/.local/lib/python3.6/site-packages/airflow/example_dags/example_bash_operator.py
[2024-08-10 09:03:56,745] {logging_mixin.py:104} INFO - [2024-08-10 09:03:56,745] {dag.py:1824} INFO - Sync 1 DAGs
[2024-08-10 09:03:56,763] {logging_mixin.py:104} INFO - [2024-08-10 09:03:56,763] {dag.py:2280} INFO - Setting next_dagrun for example_bash_operator to 2024-08-08 00:00:00+00:00
[2024-08-10 09:03:56,774] {scheduler_job.py:190} INFO - Processing /home/airflow/.local/lib/python3.6/site-packages/airflow/example_dags/example_bash_operator.py took 0.065 seconds
[2024-08-10 09:04:26,927] {scheduler_job.py:182} INFO - Started process (PID=3954) to work on /home/airflow/.local/lib/python3.6/site-packages/airflow/example_dags/example_bash_operator.py
[2024-08-10 09:04:26,929] {scheduler_job.py:629} INFO - Processing file /home/airflow/.local/lib/python3.6/site-packages/airflow/example_dags/example_bash_operator.py for tasks to queue
[2024-08-10 09:04:26,929] {logging_mixin.py:104} INFO - [2024-08-10 09:04:26,929] {dagbag.py:451} INFO - Filling up the DagBag from /home/airflow/.local/lib/python3.6/site-packages/airflow/example_dags/example_bash_operator.py
[2024-08-10 09:04:26,941] {scheduler_job.py:639} INFO - DAG(s) dict_keys(['example_bash_operator']) retrieved from /home/airflow/.local/lib/python3.6/site-packages/airflow/example_dags/example_bash_operator.py
[2024-08-10 09:04:26,963] {logging_mixin.py:104} INFO - [2024-08-10 09:04:26,963] {dag.py:1824} INFO - Sync 1 DAGs
[2024-08-10 09:04:26,983] {logging_mixin.py:104} INFO - [2024-08-10 09:04:26,983] {dag.py:2280} INFO - Setting next_dagrun for example_bash_operator to 2024-08-08 00:00:00+00:00
[2024-08-10 09:04:26,993] {scheduler_job.py:190} INFO - Processing /home/airflow/.local/lib/python3.6/site-packages/airflow/example_dags/example_bash_operator.py took 0.069 seconds
[2024-08-10 09:04:57,207] {scheduler_job.py:182} INFO - Started process (PID=4073) to work on /home/airflow/.local/lib/python3.6/site-packages/airflow/example_dags/example_bash_operator.py
[2024-08-10 09:04:57,207] {scheduler_job.py:629} INFO - Processing file /home/airflow/.local/lib/python3.6/site-packages/airflow/example_dags/example_bash_operator.py for tasks to queue
[2024-08-10 09:04:57,208] {logging_mixin.py:104} INFO - [2024-08-10 09:04:57,208] {dagbag.py:451} INFO - Filling up the DagBag from /home/airflow/.local/lib/python3.6/site-packages/airflow/example_dags/example_bash_operator.py
[2024-08-10 09:04:57,221] {scheduler_job.py:639} INFO - DAG(s) dict_keys(['example_bash_operator']) retrieved from /home/airflow/.local/lib/python3.6/site-packages/airflow/example_dags/example_bash_operator.py
[2024-08-10 09:04:57,240] {logging_mixin.py:104} INFO - [2024-08-10 09:04:57,240] {dag.py:1824} INFO - Sync 1 DAGs
[2024-08-10 09:04:57,264] {logging_mixin.py:104} INFO - [2024-08-10 09:04:57,263] {dag.py:2280} INFO - Setting next_dagrun for example_bash_operator to 2024-08-08 00:00:00+00:00
[2024-08-10 09:04:57,276] {scheduler_job.py:190} INFO - Processing /home/airflow/.local/lib/python3.6/site-packages/airflow/example_dags/example_bash_operator.py took 0.072 seconds
[2024-08-10 09:05:27,494] {scheduler_job.py:182} INFO - Started process (PID=4219) to work on /home/airflow/.local/lib/python3.6/site-packages/airflow/example_dags/example_bash_operator.py
[2024-08-10 09:05:27,495] {scheduler_job.py:629} INFO - Processing file /home/airflow/.local/lib/python3.6/site-packages/airflow/example_dags/example_bash_operator.py for tasks to queue
[2024-08-10 09:05:27,495] {logging_mixin.py:104} INFO - [2024-08-10 09:05:27,495] {dagbag.py:451} INFO - Filling up the DagBag from /home/airflow/.local/lib/python3.6/site-packages/airflow/example_dags/example_bash_operator.py
[2024-08-10 09:05:27,507] {scheduler_job.py:639} INFO - DAG(s) dict_keys(['example_bash_operator']) retrieved from /home/airflow/.local/lib/python3.6/site-packages/airflow/example_dags/example_bash_operator.py
[2024-08-10 09:05:27,527] {logging_mixin.py:104} INFO - [2024-08-10 09:05:27,527] {dag.py:1824} INFO - Sync 1 DAGs
[2024-08-10 09:05:27,546] {logging_mixin.py:104} INFO - [2024-08-10 09:05:27,546] {dag.py:2280} INFO - Setting next_dagrun for example_bash_operator to 2024-08-08 00:00:00+00:00
[2024-08-10 09:05:27,556] {scheduler_job.py:190} INFO - Processing /home/airflow/.local/lib/python3.6/site-packages/airflow/example_dags/example_bash_operator.py took 0.065 seconds
[2024-08-10 09:05:57,817] {scheduler_job.py:182} INFO - Started process (PID=4364) to work on /home/airflow/.local/lib/python3.6/site-packages/airflow/example_dags/example_bash_operator.py
[2024-08-10 09:05:57,818] {scheduler_job.py:629} INFO - Processing file /home/airflow/.local/lib/python3.6/site-packages/airflow/example_dags/example_bash_operator.py for tasks to queue
[2024-08-10 09:05:57,818] {logging_mixin.py:104} INFO - [2024-08-10 09:05:57,818] {dagbag.py:451} INFO - Filling up the DagBag from /home/airflow/.local/lib/python3.6/site-packages/airflow/example_dags/example_bash_operator.py
[2024-08-10 09:05:57,832] {scheduler_job.py:639} INFO - DAG(s) dict_keys(['example_bash_operator']) retrieved from /home/airflow/.local/lib/python3.6/site-packages/airflow/example_dags/example_bash_operator.py
[2024-08-10 09:05:57,853] {logging_mixin.py:104} INFO - [2024-08-10 09:05:57,852] {dag.py:1824} INFO - Sync 1 DAGs
[2024-08-10 09:05:57,875] {logging_mixin.py:104} INFO - [2024-08-10 09:05:57,875] {dag.py:2280} INFO - Setting next_dagrun for example_bash_operator to 2024-08-08 00:00:00+00:00
[2024-08-10 09:05:57,890] {scheduler_job.py:190} INFO - Processing /home/airflow/.local/lib/python3.6/site-packages/airflow/example_dags/example_bash_operator.py took 0.076 seconds
[2024-08-10 09:06:28,135] {scheduler_job.py:182} INFO - Started process (PID=4499) to work on /home/airflow/.local/lib/python3.6/site-packages/airflow/example_dags/example_bash_operator.py
[2024-08-10 09:06:28,137] {scheduler_job.py:629} INFO - Processing file /home/airflow/.local/lib/python3.6/site-packages/airflow/example_dags/example_bash_operator.py for tasks to queue
[2024-08-10 09:06:28,137] {logging_mixin.py:104} INFO - [2024-08-10 09:06:28,137] {dagbag.py:451} INFO - Filling up the DagBag from /home/airflow/.local/lib/python3.6/site-packages/airflow/example_dags/example_bash_operator.py
[2024-08-10 09:06:28,149] {scheduler_job.py:639} INFO - DAG(s) dict_keys(['example_bash_operator']) retrieved from /home/airflow/.local/lib/python3.6/site-packages/airflow/example_dags/example_bash_operator.py
[2024-08-10 09:06:28,168] {logging_mixin.py:104} INFO - [2024-08-10 09:06:28,168] {dag.py:1824} INFO - Sync 1 DAGs
[2024-08-10 09:06:28,191] {logging_mixin.py:104} INFO - [2024-08-10 09:06:28,191] {dag.py:2280} INFO - Setting next_dagrun for example_bash_operator to 2024-08-08 00:00:00+00:00
[2024-08-10 09:06:28,202] {scheduler_job.py:190} INFO - Processing /home/airflow/.local/lib/python3.6/site-packages/airflow/example_dags/example_bash_operator.py took 0.070 seconds
[2024-08-10 09:06:58,311] {scheduler_job.py:182} INFO - Started process (PID=4618) to work on /home/airflow/.local/lib/python3.6/site-packages/airflow/example_dags/example_bash_operator.py
[2024-08-10 09:06:58,312] {scheduler_job.py:629} INFO - Processing file /home/airflow/.local/lib/python3.6/site-packages/airflow/example_dags/example_bash_operator.py for tasks to queue
[2024-08-10 09:06:58,313] {logging_mixin.py:104} INFO - [2024-08-10 09:06:58,313] {dagbag.py:451} INFO - Filling up the DagBag from /home/airflow/.local/lib/python3.6/site-packages/airflow/example_dags/example_bash_operator.py
[2024-08-10 09:06:58,327] {scheduler_job.py:639} INFO - DAG(s) dict_keys(['example_bash_operator']) retrieved from /home/airflow/.local/lib/python3.6/site-packages/airflow/example_dags/example_bash_operator.py
[2024-08-10 09:06:58,348] {logging_mixin.py:104} INFO - [2024-08-10 09:06:58,348] {dag.py:1824} INFO - Sync 1 DAGs
[2024-08-10 09:06:58,370] {logging_mixin.py:104} INFO - [2024-08-10 09:06:58,370] {dag.py:2280} INFO - Setting next_dagrun for example_bash_operator to 2024-08-08 00:00:00+00:00
[2024-08-10 09:06:58,381] {scheduler_job.py:190} INFO - Processing /home/airflow/.local/lib/python3.6/site-packages/airflow/example_dags/example_bash_operator.py took 0.073 seconds
[2024-08-10 09:07:28,514] {scheduler_job.py:182} INFO - Started process (PID=4754) to work on /home/airflow/.local/lib/python3.6/site-packages/airflow/example_dags/example_bash_operator.py
[2024-08-10 09:07:28,515] {scheduler_job.py:629} INFO - Processing file /home/airflow/.local/lib/python3.6/site-packages/airflow/example_dags/example_bash_operator.py for tasks to queue
[2024-08-10 09:07:28,516] {logging_mixin.py:104} INFO - [2024-08-10 09:07:28,516] {dagbag.py:451} INFO - Filling up the DagBag from /home/airflow/.local/lib/python3.6/site-packages/airflow/example_dags/example_bash_operator.py
[2024-08-10 09:07:28,529] {scheduler_job.py:639} INFO - DAG(s) dict_keys(['example_bash_operator']) retrieved from /home/airflow/.local/lib/python3.6/site-packages/airflow/example_dags/example_bash_operator.py
[2024-08-10 09:07:28,549] {logging_mixin.py:104} INFO - [2024-08-10 09:07:28,549] {dag.py:1824} INFO - Sync 1 DAGs
[2024-08-10 09:07:28,568] {logging_mixin.py:104} INFO - [2024-08-10 09:07:28,568] {dag.py:2280} INFO - Setting next_dagrun for example_bash_operator to 2024-08-08 00:00:00+00:00
[2024-08-10 09:07:28,578] {scheduler_job.py:190} INFO - Processing /home/airflow/.local/lib/python3.6/site-packages/airflow/example_dags/example_bash_operator.py took 0.068 seconds
[2024-08-10 09:07:58,956] {scheduler_job.py:182} INFO - Started process (PID=4889) to work on /home/airflow/.local/lib/python3.6/site-packages/airflow/example_dags/example_bash_operator.py
[2024-08-10 09:07:58,957] {scheduler_job.py:629} INFO - Processing file /home/airflow/.local/lib/python3.6/site-packages/airflow/example_dags/example_bash_operator.py for tasks to queue
[2024-08-10 09:07:58,958] {logging_mixin.py:104} INFO - [2024-08-10 09:07:58,957] {dagbag.py:451} INFO - Filling up the DagBag from /home/airflow/.local/lib/python3.6/site-packages/airflow/example_dags/example_bash_operator.py
[2024-08-10 09:07:58,969] {scheduler_job.py:639} INFO - DAG(s) dict_keys(['example_bash_operator']) retrieved from /home/airflow/.local/lib/python3.6/site-packages/airflow/example_dags/example_bash_operator.py
[2024-08-10 09:07:58,992] {logging_mixin.py:104} INFO - [2024-08-10 09:07:58,992] {dag.py:1824} INFO - Sync 1 DAGs
[2024-08-10 09:07:59,012] {logging_mixin.py:104} INFO - [2024-08-10 09:07:59,012] {dag.py:2280} INFO - Setting next_dagrun for example_bash_operator to 2024-08-08 00:00:00+00:00
[2024-08-10 09:07:59,022] {scheduler_job.py:190} INFO - Processing /home/airflow/.local/lib/python3.6/site-packages/airflow/example_dags/example_bash_operator.py took 0.069 seconds
[2024-08-10 09:08:29,353] {scheduler_job.py:182} INFO - Started process (PID=5028) to work on /home/airflow/.local/lib/python3.6/site-packages/airflow/example_dags/example_bash_operator.py
[2024-08-10 09:08:29,354] {scheduler_job.py:629} INFO - Processing file /home/airflow/.local/lib/python3.6/site-packages/airflow/example_dags/example_bash_operator.py for tasks to queue
[2024-08-10 09:08:29,355] {logging_mixin.py:104} INFO - [2024-08-10 09:08:29,355] {dagbag.py:451} INFO - Filling up the DagBag from /home/airflow/.local/lib/python3.6/site-packages/airflow/example_dags/example_bash_operator.py
[2024-08-10 09:08:29,367] {scheduler_job.py:639} INFO - DAG(s) dict_keys(['example_bash_operator']) retrieved from /home/airflow/.local/lib/python3.6/site-packages/airflow/example_dags/example_bash_operator.py
[2024-08-10 09:08:29,389] {logging_mixin.py:104} INFO - [2024-08-10 09:08:29,389] {dag.py:1824} INFO - Sync 1 DAGs
[2024-08-10 09:08:29,408] {logging_mixin.py:104} INFO - [2024-08-10 09:08:29,408] {dag.py:2280} INFO - Setting next_dagrun for example_bash_operator to 2024-08-08 00:00:00+00:00
[2024-08-10 09:08:29,421] {scheduler_job.py:190} INFO - Processing /home/airflow/.local/lib/python3.6/site-packages/airflow/example_dags/example_bash_operator.py took 0.072 seconds
[2024-08-10 09:08:59,766] {scheduler_job.py:182} INFO - Started process (PID=5148) to work on /home/airflow/.local/lib/python3.6/site-packages/airflow/example_dags/example_bash_operator.py
[2024-08-10 09:08:59,767] {scheduler_job.py:629} INFO - Processing file /home/airflow/.local/lib/python3.6/site-packages/airflow/example_dags/example_bash_operator.py for tasks to queue
[2024-08-10 09:08:59,768] {logging_mixin.py:104} INFO - [2024-08-10 09:08:59,767] {dagbag.py:451} INFO - Filling up the DagBag from /home/airflow/.local/lib/python3.6/site-packages/airflow/example_dags/example_bash_operator.py
[2024-08-10 09:08:59,783] {scheduler_job.py:639} INFO - DAG(s) dict_keys(['example_bash_operator']) retrieved from /home/airflow/.local/lib/python3.6/site-packages/airflow/example_dags/example_bash_operator.py
[2024-08-10 09:08:59,803] {logging_mixin.py:104} INFO - [2024-08-10 09:08:59,803] {dag.py:1824} INFO - Sync 1 DAGs
[2024-08-10 09:08:59,823] {logging_mixin.py:104} INFO - [2024-08-10 09:08:59,822] {dag.py:2280} INFO - Setting next_dagrun for example_bash_operator to 2024-08-08 00:00:00+00:00
[2024-08-10 09:08:59,834] {scheduler_job.py:190} INFO - Processing /home/airflow/.local/lib/python3.6/site-packages/airflow/example_dags/example_bash_operator.py took 0.071 seconds
[2024-08-10 09:09:30,173] {scheduler_job.py:182} INFO - Started process (PID=5283) to work on /home/airflow/.local/lib/python3.6/site-packages/airflow/example_dags/example_bash_operator.py
[2024-08-10 09:09:30,174] {scheduler_job.py:629} INFO - Processing file /home/airflow/.local/lib/python3.6/site-packages/airflow/example_dags/example_bash_operator.py for tasks to queue
[2024-08-10 09:09:30,175] {logging_mixin.py:104} INFO - [2024-08-10 09:09:30,175] {dagbag.py:451} INFO - Filling up the DagBag from /home/airflow/.local/lib/python3.6/site-packages/airflow/example_dags/example_bash_operator.py
[2024-08-10 09:09:30,187] {scheduler_job.py:639} INFO - DAG(s) dict_keys(['example_bash_operator']) retrieved from /home/airflow/.local/lib/python3.6/site-packages/airflow/example_dags/example_bash_operator.py
[2024-08-10 09:09:30,207] {logging_mixin.py:104} INFO - [2024-08-10 09:09:30,207] {dag.py:1824} INFO - Sync 1 DAGs
[2024-08-10 09:09:30,227] {logging_mixin.py:104} INFO - [2024-08-10 09:09:30,227] {dag.py:2280} INFO - Setting next_dagrun for example_bash_operator to 2024-08-08 00:00:00+00:00
[2024-08-10 09:09:30,237] {scheduler_job.py:190} INFO - Processing /home/airflow/.local/lib/python3.6/site-packages/airflow/example_dags/example_bash_operator.py took 0.067 seconds
[2024-08-10 09:10:00,532] {scheduler_job.py:182} INFO - Started process (PID=5419) to work on /home/airflow/.local/lib/python3.6/site-packages/airflow/example_dags/example_bash_operator.py
[2024-08-10 09:10:00,533] {scheduler_job.py:629} INFO - Processing file /home/airflow/.local/lib/python3.6/site-packages/airflow/example_dags/example_bash_operator.py for tasks to queue
[2024-08-10 09:10:00,534] {logging_mixin.py:104} INFO - [2024-08-10 09:10:00,534] {dagbag.py:451} INFO - Filling up the DagBag from /home/airflow/.local/lib/python3.6/site-packages/airflow/example_dags/example_bash_operator.py
[2024-08-10 09:10:00,548] {scheduler_job.py:639} INFO - DAG(s) dict_keys(['example_bash_operator']) retrieved from /home/airflow/.local/lib/python3.6/site-packages/airflow/example_dags/example_bash_operator.py
[2024-08-10 09:10:00,579] {logging_mixin.py:104} INFO - [2024-08-10 09:10:00,579] {dag.py:1824} INFO - Sync 1 DAGs
[2024-08-10 09:10:00,599] {logging_mixin.py:104} INFO - [2024-08-10 09:10:00,599] {dag.py:2280} INFO - Setting next_dagrun for example_bash_operator to 2024-08-08 00:00:00+00:00
[2024-08-10 09:10:00,609] {scheduler_job.py:190} INFO - Processing /home/airflow/.local/lib/python3.6/site-packages/airflow/example_dags/example_bash_operator.py took 0.080 seconds
[2024-08-10 09:10:31,019] {scheduler_job.py:182} INFO - Started process (PID=5553) to work on /home/airflow/.local/lib/python3.6/site-packages/airflow/example_dags/example_bash_operator.py
[2024-08-10 09:10:31,020] {scheduler_job.py:629} INFO - Processing file /home/airflow/.local/lib/python3.6/site-packages/airflow/example_dags/example_bash_operator.py for tasks to queue
[2024-08-10 09:10:31,020] {logging_mixin.py:104} INFO - [2024-08-10 09:10:31,020] {dagbag.py:451} INFO - Filling up the DagBag from /home/airflow/.local/lib/python3.6/site-packages/airflow/example_dags/example_bash_operator.py
[2024-08-10 09:10:31,032] {scheduler_job.py:639} INFO - DAG(s) dict_keys(['example_bash_operator']) retrieved from /home/airflow/.local/lib/python3.6/site-packages/airflow/example_dags/example_bash_operator.py
[2024-08-10 09:10:31,052] {logging_mixin.py:104} INFO - [2024-08-10 09:10:31,052] {dag.py:1824} INFO - Sync 1 DAGs
[2024-08-10 09:10:31,071] {logging_mixin.py:104} INFO - [2024-08-10 09:10:31,071] {dag.py:2280} INFO - Setting next_dagrun for example_bash_operator to 2024-08-08 00:00:00+00:00
[2024-08-10 09:10:31,083] {scheduler_job.py:190} INFO - Processing /home/airflow/.local/lib/python3.6/site-packages/airflow/example_dags/example_bash_operator.py took 0.068 seconds
[2024-08-10 09:11:01,234] {scheduler_job.py:182} INFO - Started process (PID=5686) to work on /home/airflow/.local/lib/python3.6/site-packages/airflow/example_dags/example_bash_operator.py
[2024-08-10 09:11:01,235] {scheduler_job.py:629} INFO - Processing file /home/airflow/.local/lib/python3.6/site-packages/airflow/example_dags/example_bash_operator.py for tasks to queue
[2024-08-10 09:11:01,236] {logging_mixin.py:104} INFO - [2024-08-10 09:11:01,235] {dagbag.py:451} INFO - Filling up the DagBag from /home/airflow/.local/lib/python3.6/site-packages/airflow/example_dags/example_bash_operator.py
[2024-08-10 09:11:01,247] {scheduler_job.py:639} INFO - DAG(s) dict_keys(['example_bash_operator']) retrieved from /home/airflow/.local/lib/python3.6/site-packages/airflow/example_dags/example_bash_operator.py
[2024-08-10 09:11:01,267] {logging_mixin.py:104} INFO - [2024-08-10 09:11:01,267] {dag.py:1824} INFO - Sync 1 DAGs
[2024-08-10 09:11:01,286] {logging_mixin.py:104} INFO - [2024-08-10 09:11:01,286] {dag.py:2280} INFO - Setting next_dagrun for example_bash_operator to 2024-08-08 00:00:00+00:00
[2024-08-10 09:11:01,296] {scheduler_job.py:190} INFO - Processing /home/airflow/.local/lib/python3.6/site-packages/airflow/example_dags/example_bash_operator.py took 0.064 seconds
[2024-08-10 09:11:31,516] {scheduler_job.py:182} INFO - Started process (PID=5823) to work on /home/airflow/.local/lib/python3.6/site-packages/airflow/example_dags/example_bash_operator.py
[2024-08-10 09:11:31,517] {scheduler_job.py:629} INFO - Processing file /home/airflow/.local/lib/python3.6/site-packages/airflow/example_dags/example_bash_operator.py for tasks to queue
[2024-08-10 09:11:31,518] {logging_mixin.py:104} INFO - [2024-08-10 09:11:31,518] {dagbag.py:451} INFO - Filling up the DagBag from /home/airflow/.local/lib/python3.6/site-packages/airflow/example_dags/example_bash_operator.py
[2024-08-10 09:11:31,529] {scheduler_job.py:639} INFO - DAG(s) dict_keys(['example_bash_operator']) retrieved from /home/airflow/.local/lib/python3.6/site-packages/airflow/example_dags/example_bash_operator.py
[2024-08-10 09:11:31,549] {logging_mixin.py:104} INFO - [2024-08-10 09:11:31,549] {dag.py:1824} INFO - Sync 1 DAGs
[2024-08-10 09:11:31,568] {logging_mixin.py:104} INFO - [2024-08-10 09:11:31,568] {dag.py:2280} INFO - Setting next_dagrun for example_bash_operator to 2024-08-08 00:00:00+00:00
[2024-08-10 09:11:31,586] {scheduler_job.py:190} INFO - Processing /home/airflow/.local/lib/python3.6/site-packages/airflow/example_dags/example_bash_operator.py took 0.073 seconds
[2024-08-10 09:12:02,129] {scheduler_job.py:182} INFO - Started process (PID=5969) to work on /home/airflow/.local/lib/python3.6/site-packages/airflow/example_dags/example_bash_operator.py
[2024-08-10 09:12:02,130] {scheduler_job.py:629} INFO - Processing file /home/airflow/.local/lib/python3.6/site-packages/airflow/example_dags/example_bash_operator.py for tasks to queue
[2024-08-10 09:12:02,131] {logging_mixin.py:104} INFO - [2024-08-10 09:12:02,131] {dagbag.py:451} INFO - Filling up the DagBag from /home/airflow/.local/lib/python3.6/site-packages/airflow/example_dags/example_bash_operator.py
[2024-08-10 09:12:02,178] {scheduler_job.py:639} INFO - DAG(s) dict_keys(['example_bash_operator']) retrieved from /home/airflow/.local/lib/python3.6/site-packages/airflow/example_dags/example_bash_operator.py
[2024-08-10 09:12:02,242] {logging_mixin.py:104} INFO - [2024-08-10 09:12:02,242] {dag.py:1824} INFO - Sync 1 DAGs
[2024-08-10 09:12:02,296] {logging_mixin.py:104} INFO - [2024-08-10 09:12:02,296] {dag.py:2280} INFO - Setting next_dagrun for example_bash_operator to 2024-08-08 00:00:00+00:00
[2024-08-10 09:12:02,314] {scheduler_job.py:190} INFO - Processing /home/airflow/.local/lib/python3.6/site-packages/airflow/example_dags/example_bash_operator.py took 0.189 seconds
[2024-08-10 09:12:32,893] {scheduler_job.py:182} INFO - Started process (PID=6091) to work on /home/airflow/.local/lib/python3.6/site-packages/airflow/example_dags/example_bash_operator.py
[2024-08-10 09:12:32,894] {scheduler_job.py:629} INFO - Processing file /home/airflow/.local/lib/python3.6/site-packages/airflow/example_dags/example_bash_operator.py for tasks to queue
[2024-08-10 09:12:32,894] {logging_mixin.py:104} INFO - [2024-08-10 09:12:32,894] {dagbag.py:451} INFO - Filling up the DagBag from /home/airflow/.local/lib/python3.6/site-packages/airflow/example_dags/example_bash_operator.py
[2024-08-10 09:12:32,908] {scheduler_job.py:639} INFO - DAG(s) dict_keys(['example_bash_operator']) retrieved from /home/airflow/.local/lib/python3.6/site-packages/airflow/example_dags/example_bash_operator.py
[2024-08-10 09:12:32,999] {logging_mixin.py:104} INFO - [2024-08-10 09:12:32,999] {dag.py:1824} INFO - Sync 1 DAGs
[2024-08-10 09:12:33,036] {logging_mixin.py:104} INFO - [2024-08-10 09:12:33,036] {dag.py:2280} INFO - Setting next_dagrun for example_bash_operator to 2024-08-08 00:00:00+00:00
[2024-08-10 09:12:33,057] {scheduler_job.py:190} INFO - Processing /home/airflow/.local/lib/python3.6/site-packages/airflow/example_dags/example_bash_operator.py took 0.168 seconds
[2024-08-10 09:13:03,455] {scheduler_job.py:182} INFO - Started process (PID=6224) to work on /home/airflow/.local/lib/python3.6/site-packages/airflow/example_dags/example_bash_operator.py
[2024-08-10 09:13:03,456] {scheduler_job.py:629} INFO - Processing file /home/airflow/.local/lib/python3.6/site-packages/airflow/example_dags/example_bash_operator.py for tasks to queue
[2024-08-10 09:13:03,457] {logging_mixin.py:104} INFO - [2024-08-10 09:13:03,456] {dagbag.py:451} INFO - Filling up the DagBag from /home/airflow/.local/lib/python3.6/site-packages/airflow/example_dags/example_bash_operator.py
[2024-08-10 09:13:03,470] {scheduler_job.py:639} INFO - DAG(s) dict_keys(['example_bash_operator']) retrieved from /home/airflow/.local/lib/python3.6/site-packages/airflow/example_dags/example_bash_operator.py
[2024-08-10 09:13:03,491] {logging_mixin.py:104} INFO - [2024-08-10 09:13:03,491] {dag.py:1824} INFO - Sync 1 DAGs
[2024-08-10 09:13:03,511] {logging_mixin.py:104} INFO - [2024-08-10 09:13:03,511] {dag.py:2280} INFO - Setting next_dagrun for example_bash_operator to 2024-08-08 00:00:00+00:00
[2024-08-10 09:13:03,522] {scheduler_job.py:190} INFO - Processing /home/airflow/.local/lib/python3.6/site-packages/airflow/example_dags/example_bash_operator.py took 0.071 seconds
[2024-08-10 09:13:34,004] {scheduler_job.py:182} INFO - Started process (PID=6361) to work on /home/airflow/.local/lib/python3.6/site-packages/airflow/example_dags/example_bash_operator.py
[2024-08-10 09:13:34,005] {scheduler_job.py:629} INFO - Processing file /home/airflow/.local/lib/python3.6/site-packages/airflow/example_dags/example_bash_operator.py for tasks to queue
[2024-08-10 09:13:34,006] {logging_mixin.py:104} INFO - [2024-08-10 09:13:34,006] {dagbag.py:451} INFO - Filling up the DagBag from /home/airflow/.local/lib/python3.6/site-packages/airflow/example_dags/example_bash_operator.py
[2024-08-10 09:13:34,019] {scheduler_job.py:639} INFO - DAG(s) dict_keys(['example_bash_operator']) retrieved from /home/airflow/.local/lib/python3.6/site-packages/airflow/example_dags/example_bash_operator.py
[2024-08-10 09:13:34,041] {logging_mixin.py:104} INFO - [2024-08-10 09:13:34,040] {dag.py:1824} INFO - Sync 1 DAGs
[2024-08-10 09:13:34,060] {logging_mixin.py:104} INFO - [2024-08-10 09:13:34,060] {dag.py:2280} INFO - Setting next_dagrun for example_bash_operator to 2024-08-08 00:00:00+00:00
[2024-08-10 09:13:34,070] {scheduler_job.py:190} INFO - Processing /home/airflow/.local/lib/python3.6/site-packages/airflow/example_dags/example_bash_operator.py took 0.069 seconds
[2024-08-10 09:14:04,289] {scheduler_job.py:182} INFO - Started process (PID=6503) to work on /home/airflow/.local/lib/python3.6/site-packages/airflow/example_dags/example_bash_operator.py
[2024-08-10 09:14:04,289] {scheduler_job.py:629} INFO - Processing file /home/airflow/.local/lib/python3.6/site-packages/airflow/example_dags/example_bash_operator.py for tasks to queue
[2024-08-10 09:14:04,290] {logging_mixin.py:104} INFO - [2024-08-10 09:14:04,290] {dagbag.py:451} INFO - Filling up the DagBag from /home/airflow/.local/lib/python3.6/site-packages/airflow/example_dags/example_bash_operator.py
[2024-08-10 09:14:04,302] {scheduler_job.py:639} INFO - DAG(s) dict_keys(['example_bash_operator']) retrieved from /home/airflow/.local/lib/python3.6/site-packages/airflow/example_dags/example_bash_operator.py
[2024-08-10 09:14:04,323] {logging_mixin.py:104} INFO - [2024-08-10 09:14:04,323] {dag.py:1824} INFO - Sync 1 DAGs
[2024-08-10 09:14:04,343] {logging_mixin.py:104} INFO - [2024-08-10 09:14:04,343] {dag.py:2280} INFO - Setting next_dagrun for example_bash_operator to 2024-08-08 00:00:00+00:00
[2024-08-10 09:14:04,353] {scheduler_job.py:190} INFO - Processing /home/airflow/.local/lib/python3.6/site-packages/airflow/example_dags/example_bash_operator.py took 0.068 seconds
[2024-08-10 09:14:34,566] {scheduler_job.py:182} INFO - Started process (PID=6629) to work on /home/airflow/.local/lib/python3.6/site-packages/airflow/example_dags/example_bash_operator.py
[2024-08-10 09:14:34,567] {scheduler_job.py:629} INFO - Processing file /home/airflow/.local/lib/python3.6/site-packages/airflow/example_dags/example_bash_operator.py for tasks to queue
[2024-08-10 09:14:34,567] {logging_mixin.py:104} INFO - [2024-08-10 09:14:34,567] {dagbag.py:451} INFO - Filling up the DagBag from /home/airflow/.local/lib/python3.6/site-packages/airflow/example_dags/example_bash_operator.py
[2024-08-10 09:14:34,583] {scheduler_job.py:639} INFO - DAG(s) dict_keys(['example_bash_operator']) retrieved from /home/airflow/.local/lib/python3.6/site-packages/airflow/example_dags/example_bash_operator.py
[2024-08-10 09:14:34,603] {logging_mixin.py:104} INFO - [2024-08-10 09:14:34,603] {dag.py:1824} INFO - Sync 1 DAGs
[2024-08-10 09:14:34,624] {logging_mixin.py:104} INFO - [2024-08-10 09:14:34,624] {dag.py:2280} INFO - Setting next_dagrun for example_bash_operator to 2024-08-08 00:00:00+00:00
[2024-08-10 09:14:34,635] {scheduler_job.py:190} INFO - Processing /home/airflow/.local/lib/python3.6/site-packages/airflow/example_dags/example_bash_operator.py took 0.072 seconds
[2024-08-10 09:15:04,729] {scheduler_job.py:182} INFO - Started process (PID=6764) to work on /home/airflow/.local/lib/python3.6/site-packages/airflow/example_dags/example_bash_operator.py
[2024-08-10 09:15:04,730] {scheduler_job.py:629} INFO - Processing file /home/airflow/.local/lib/python3.6/site-packages/airflow/example_dags/example_bash_operator.py for tasks to queue
[2024-08-10 09:15:04,731] {logging_mixin.py:104} INFO - [2024-08-10 09:15:04,731] {dagbag.py:451} INFO - Filling up the DagBag from /home/airflow/.local/lib/python3.6/site-packages/airflow/example_dags/example_bash_operator.py
[2024-08-10 09:15:04,743] {scheduler_job.py:639} INFO - DAG(s) dict_keys(['example_bash_operator']) retrieved from /home/airflow/.local/lib/python3.6/site-packages/airflow/example_dags/example_bash_operator.py
[2024-08-10 09:15:04,762] {logging_mixin.py:104} INFO - [2024-08-10 09:15:04,762] {dag.py:1824} INFO - Sync 1 DAGs
[2024-08-10 09:15:04,783] {logging_mixin.py:104} INFO - [2024-08-10 09:15:04,783] {dag.py:2280} INFO - Setting next_dagrun for example_bash_operator to 2024-08-08 00:00:00+00:00
[2024-08-10 09:15:04,795] {scheduler_job.py:190} INFO - Processing /home/airflow/.local/lib/python3.6/site-packages/airflow/example_dags/example_bash_operator.py took 0.068 seconds
[2024-08-10 09:15:35,306] {scheduler_job.py:182} INFO - Started process (PID=6901) to work on /home/airflow/.local/lib/python3.6/site-packages/airflow/example_dags/example_bash_operator.py
[2024-08-10 09:15:35,307] {scheduler_job.py:629} INFO - Processing file /home/airflow/.local/lib/python3.6/site-packages/airflow/example_dags/example_bash_operator.py for tasks to queue
[2024-08-10 09:15:35,307] {logging_mixin.py:104} INFO - [2024-08-10 09:15:35,307] {dagbag.py:451} INFO - Filling up the DagBag from /home/airflow/.local/lib/python3.6/site-packages/airflow/example_dags/example_bash_operator.py
[2024-08-10 09:15:35,319] {scheduler_job.py:639} INFO - DAG(s) dict_keys(['example_bash_operator']) retrieved from /home/airflow/.local/lib/python3.6/site-packages/airflow/example_dags/example_bash_operator.py
[2024-08-10 09:15:35,339] {logging_mixin.py:104} INFO - [2024-08-10 09:15:35,339] {dag.py:1824} INFO - Sync 1 DAGs
[2024-08-10 09:15:35,360] {logging_mixin.py:104} INFO - [2024-08-10 09:15:35,360] {dag.py:2280} INFO - Setting next_dagrun for example_bash_operator to 2024-08-08 00:00:00+00:00
[2024-08-10 09:15:35,371] {scheduler_job.py:190} INFO - Processing /home/airflow/.local/lib/python3.6/site-packages/airflow/example_dags/example_bash_operator.py took 0.068 seconds
[2024-08-10 09:16:05,467] {scheduler_job.py:182} INFO - Started process (PID=7036) to work on /home/airflow/.local/lib/python3.6/site-packages/airflow/example_dags/example_bash_operator.py
[2024-08-10 09:16:05,468] {scheduler_job.py:629} INFO - Processing file /home/airflow/.local/lib/python3.6/site-packages/airflow/example_dags/example_bash_operator.py for tasks to queue
[2024-08-10 09:16:05,468] {logging_mixin.py:104} INFO - [2024-08-10 09:16:05,468] {dagbag.py:451} INFO - Filling up the DagBag from /home/airflow/.local/lib/python3.6/site-packages/airflow/example_dags/example_bash_operator.py
[2024-08-10 09:16:05,480] {scheduler_job.py:639} INFO - DAG(s) dict_keys(['example_bash_operator']) retrieved from /home/airflow/.local/lib/python3.6/site-packages/airflow/example_dags/example_bash_operator.py
[2024-08-10 09:16:05,501] {logging_mixin.py:104} INFO - [2024-08-10 09:16:05,501] {dag.py:1824} INFO - Sync 1 DAGs
[2024-08-10 09:16:05,520] {logging_mixin.py:104} INFO - [2024-08-10 09:16:05,520] {dag.py:2280} INFO - Setting next_dagrun for example_bash_operator to 2024-08-08 00:00:00+00:00
[2024-08-10 09:16:05,530] {scheduler_job.py:190} INFO - Processing /home/airflow/.local/lib/python3.6/site-packages/airflow/example_dags/example_bash_operator.py took 0.066 seconds
