[2024-08-10 08:42:12,880] {scheduler_job.py:182} INFO - Started process (PID=30536) to work on /home/airflow/.local/lib/python3.6/site-packages/airflow/example_dags/example_python_operator.py
[2024-08-10 08:42:12,881] {scheduler_job.py:629} INFO - Processing file /home/airflow/.local/lib/python3.6/site-packages/airflow/example_dags/example_python_operator.py for tasks to queue
[2024-08-10 08:42:12,882] {logging_mixin.py:104} INFO - [2024-08-10 08:42:12,882] {dagbag.py:451} INFO - Filling up the DagBag from /home/airflow/.local/lib/python3.6/site-packages/airflow/example_dags/example_python_operator.py
[2024-08-10 08:42:12,894] {scheduler_job.py:639} INFO - DAG(s) dict_keys(['example_python_operator']) retrieved from /home/airflow/.local/lib/python3.6/site-packages/airflow/example_dags/example_python_operator.py
[2024-08-10 08:42:12,914] {logging_mixin.py:104} INFO - [2024-08-10 08:42:12,913] {dag.py:1824} INFO - Sync 1 DAGs
[2024-08-10 08:42:12,927] {logging_mixin.py:104} INFO - [2024-08-10 08:42:12,927] {dag.py:2280} INFO - Setting next_dagrun for example_python_operator to None
[2024-08-10 08:42:12,937] {scheduler_job.py:190} INFO - Processing /home/airflow/.local/lib/python3.6/site-packages/airflow/example_dags/example_python_operator.py took 0.059 seconds
[2024-08-10 08:42:43,105] {scheduler_job.py:182} INFO - Started process (PID=30633) to work on /home/airflow/.local/lib/python3.6/site-packages/airflow/example_dags/example_python_operator.py
[2024-08-10 08:42:43,106] {scheduler_job.py:629} INFO - Processing file /home/airflow/.local/lib/python3.6/site-packages/airflow/example_dags/example_python_operator.py for tasks to queue
[2024-08-10 08:42:43,106] {logging_mixin.py:104} INFO - [2024-08-10 08:42:43,106] {dagbag.py:451} INFO - Filling up the DagBag from /home/airflow/.local/lib/python3.6/site-packages/airflow/example_dags/example_python_operator.py
[2024-08-10 08:42:43,118] {scheduler_job.py:639} INFO - DAG(s) dict_keys(['example_python_operator']) retrieved from /home/airflow/.local/lib/python3.6/site-packages/airflow/example_dags/example_python_operator.py
[2024-08-10 08:42:43,139] {logging_mixin.py:104} INFO - [2024-08-10 08:42:43,139] {dag.py:1824} INFO - Sync 1 DAGs
[2024-08-10 08:42:43,153] {logging_mixin.py:104} INFO - [2024-08-10 08:42:43,152] {dag.py:2280} INFO - Setting next_dagrun for example_python_operator to None
[2024-08-10 08:42:43,166] {scheduler_job.py:190} INFO - Processing /home/airflow/.local/lib/python3.6/site-packages/airflow/example_dags/example_python_operator.py took 0.064 seconds
[2024-08-10 08:43:13,494] {scheduler_job.py:182} INFO - Started process (PID=30757) to work on /home/airflow/.local/lib/python3.6/site-packages/airflow/example_dags/example_python_operator.py
[2024-08-10 08:43:13,495] {scheduler_job.py:629} INFO - Processing file /home/airflow/.local/lib/python3.6/site-packages/airflow/example_dags/example_python_operator.py for tasks to queue
[2024-08-10 08:43:13,496] {logging_mixin.py:104} INFO - [2024-08-10 08:43:13,496] {dagbag.py:451} INFO - Filling up the DagBag from /home/airflow/.local/lib/python3.6/site-packages/airflow/example_dags/example_python_operator.py
[2024-08-10 08:43:13,509] {scheduler_job.py:639} INFO - DAG(s) dict_keys(['example_python_operator']) retrieved from /home/airflow/.local/lib/python3.6/site-packages/airflow/example_dags/example_python_operator.py
[2024-08-10 08:43:13,529] {logging_mixin.py:104} INFO - [2024-08-10 08:43:13,528] {dag.py:1824} INFO - Sync 1 DAGs
[2024-08-10 08:43:13,544] {logging_mixin.py:104} INFO - [2024-08-10 08:43:13,544] {dag.py:2280} INFO - Setting next_dagrun for example_python_operator to None
[2024-08-10 08:43:13,555] {scheduler_job.py:190} INFO - Processing /home/airflow/.local/lib/python3.6/site-packages/airflow/example_dags/example_python_operator.py took 0.064 seconds
[2024-08-10 08:43:43,854] {scheduler_job.py:182} INFO - Started process (PID=30897) to work on /home/airflow/.local/lib/python3.6/site-packages/airflow/example_dags/example_python_operator.py
[2024-08-10 08:43:43,855] {scheduler_job.py:629} INFO - Processing file /home/airflow/.local/lib/python3.6/site-packages/airflow/example_dags/example_python_operator.py for tasks to queue
[2024-08-10 08:43:43,856] {logging_mixin.py:104} INFO - [2024-08-10 08:43:43,856] {dagbag.py:451} INFO - Filling up the DagBag from /home/airflow/.local/lib/python3.6/site-packages/airflow/example_dags/example_python_operator.py
[2024-08-10 08:43:43,880] {scheduler_job.py:639} INFO - DAG(s) dict_keys(['example_python_operator']) retrieved from /home/airflow/.local/lib/python3.6/site-packages/airflow/example_dags/example_python_operator.py
[2024-08-10 08:43:43,914] {logging_mixin.py:104} INFO - [2024-08-10 08:43:43,914] {dag.py:1824} INFO - Sync 1 DAGs
[2024-08-10 08:43:43,940] {logging_mixin.py:104} INFO - [2024-08-10 08:43:43,940] {dag.py:2280} INFO - Setting next_dagrun for example_python_operator to None
[2024-08-10 08:43:43,957] {scheduler_job.py:190} INFO - Processing /home/airflow/.local/lib/python3.6/site-packages/airflow/example_dags/example_python_operator.py took 0.108 seconds
[2024-08-10 08:44:13,996] {scheduler_job.py:182} INFO - Started process (PID=31045) to work on /home/airflow/.local/lib/python3.6/site-packages/airflow/example_dags/example_python_operator.py
[2024-08-10 08:44:13,997] {scheduler_job.py:629} INFO - Processing file /home/airflow/.local/lib/python3.6/site-packages/airflow/example_dags/example_python_operator.py for tasks to queue
[2024-08-10 08:44:13,998] {logging_mixin.py:104} INFO - [2024-08-10 08:44:13,998] {dagbag.py:451} INFO - Filling up the DagBag from /home/airflow/.local/lib/python3.6/site-packages/airflow/example_dags/example_python_operator.py
[2024-08-10 08:44:14,010] {scheduler_job.py:639} INFO - DAG(s) dict_keys(['example_python_operator']) retrieved from /home/airflow/.local/lib/python3.6/site-packages/airflow/example_dags/example_python_operator.py
[2024-08-10 08:44:14,031] {logging_mixin.py:104} INFO - [2024-08-10 08:44:14,031] {dag.py:1824} INFO - Sync 1 DAGs
[2024-08-10 08:44:14,052] {logging_mixin.py:104} INFO - [2024-08-10 08:44:14,051] {dag.py:2280} INFO - Setting next_dagrun for example_python_operator to None
[2024-08-10 08:44:14,067] {scheduler_job.py:190} INFO - Processing /home/airflow/.local/lib/python3.6/site-packages/airflow/example_dags/example_python_operator.py took 0.073 seconds
[2024-08-10 08:44:45,137] {scheduler_job.py:182} INFO - Started process (PID=31183) to work on /home/airflow/.local/lib/python3.6/site-packages/airflow/example_dags/example_python_operator.py
[2024-08-10 08:44:45,139] {scheduler_job.py:629} INFO - Processing file /home/airflow/.local/lib/python3.6/site-packages/airflow/example_dags/example_python_operator.py for tasks to queue
[2024-08-10 08:44:45,139] {logging_mixin.py:104} INFO - [2024-08-10 08:44:45,139] {dagbag.py:451} INFO - Filling up the DagBag from /home/airflow/.local/lib/python3.6/site-packages/airflow/example_dags/example_python_operator.py
[2024-08-10 08:44:45,155] {scheduler_job.py:639} INFO - DAG(s) dict_keys(['example_python_operator']) retrieved from /home/airflow/.local/lib/python3.6/site-packages/airflow/example_dags/example_python_operator.py
[2024-08-10 08:44:45,174] {logging_mixin.py:104} INFO - [2024-08-10 08:44:45,174] {dag.py:1824} INFO - Sync 1 DAGs
[2024-08-10 08:44:45,188] {logging_mixin.py:104} INFO - [2024-08-10 08:44:45,188] {dag.py:2280} INFO - Setting next_dagrun for example_python_operator to None
[2024-08-10 08:44:45,197] {scheduler_job.py:190} INFO - Processing /home/airflow/.local/lib/python3.6/site-packages/airflow/example_dags/example_python_operator.py took 0.066 seconds
[2024-08-10 08:45:15,661] {scheduler_job.py:182} INFO - Started process (PID=31298) to work on /home/airflow/.local/lib/python3.6/site-packages/airflow/example_dags/example_python_operator.py
[2024-08-10 08:45:15,662] {scheduler_job.py:629} INFO - Processing file /home/airflow/.local/lib/python3.6/site-packages/airflow/example_dags/example_python_operator.py for tasks to queue
[2024-08-10 08:45:15,663] {logging_mixin.py:104} INFO - [2024-08-10 08:45:15,663] {dagbag.py:451} INFO - Filling up the DagBag from /home/airflow/.local/lib/python3.6/site-packages/airflow/example_dags/example_python_operator.py
[2024-08-10 08:45:15,680] {scheduler_job.py:639} INFO - DAG(s) dict_keys(['example_python_operator']) retrieved from /home/airflow/.local/lib/python3.6/site-packages/airflow/example_dags/example_python_operator.py
[2024-08-10 08:45:15,708] {logging_mixin.py:104} INFO - [2024-08-10 08:45:15,707] {dag.py:1824} INFO - Sync 1 DAGs
[2024-08-10 08:45:15,726] {logging_mixin.py:104} INFO - [2024-08-10 08:45:15,726] {dag.py:2280} INFO - Setting next_dagrun for example_python_operator to None
[2024-08-10 08:45:15,740] {scheduler_job.py:190} INFO - Processing /home/airflow/.local/lib/python3.6/site-packages/airflow/example_dags/example_python_operator.py took 0.082 seconds
[2024-08-10 08:45:46,250] {scheduler_job.py:182} INFO - Started process (PID=31428) to work on /home/airflow/.local/lib/python3.6/site-packages/airflow/example_dags/example_python_operator.py
[2024-08-10 08:45:46,252] {scheduler_job.py:629} INFO - Processing file /home/airflow/.local/lib/python3.6/site-packages/airflow/example_dags/example_python_operator.py for tasks to queue
[2024-08-10 08:45:46,253] {logging_mixin.py:104} INFO - [2024-08-10 08:45:46,253] {dagbag.py:451} INFO - Filling up the DagBag from /home/airflow/.local/lib/python3.6/site-packages/airflow/example_dags/example_python_operator.py
[2024-08-10 08:45:46,264] {scheduler_job.py:639} INFO - DAG(s) dict_keys(['example_python_operator']) retrieved from /home/airflow/.local/lib/python3.6/site-packages/airflow/example_dags/example_python_operator.py
[2024-08-10 08:45:46,287] {logging_mixin.py:104} INFO - [2024-08-10 08:45:46,286] {dag.py:1824} INFO - Sync 1 DAGs
[2024-08-10 08:45:46,301] {logging_mixin.py:104} INFO - [2024-08-10 08:45:46,301] {dag.py:2280} INFO - Setting next_dagrun for example_python_operator to None
[2024-08-10 08:45:46,311] {scheduler_job.py:190} INFO - Processing /home/airflow/.local/lib/python3.6/site-packages/airflow/example_dags/example_python_operator.py took 0.064 seconds
[2024-08-10 08:46:16,881] {scheduler_job.py:182} INFO - Started process (PID=31588) to work on /home/airflow/.local/lib/python3.6/site-packages/airflow/example_dags/example_python_operator.py
[2024-08-10 08:46:16,882] {scheduler_job.py:629} INFO - Processing file /home/airflow/.local/lib/python3.6/site-packages/airflow/example_dags/example_python_operator.py for tasks to queue
[2024-08-10 08:46:16,882] {logging_mixin.py:104} INFO - [2024-08-10 08:46:16,882] {dagbag.py:451} INFO - Filling up the DagBag from /home/airflow/.local/lib/python3.6/site-packages/airflow/example_dags/example_python_operator.py
[2024-08-10 08:46:16,894] {scheduler_job.py:639} INFO - DAG(s) dict_keys(['example_python_operator']) retrieved from /home/airflow/.local/lib/python3.6/site-packages/airflow/example_dags/example_python_operator.py
[2024-08-10 08:46:16,914] {logging_mixin.py:104} INFO - [2024-08-10 08:46:16,914] {dag.py:1824} INFO - Sync 1 DAGs
[2024-08-10 08:46:16,929] {logging_mixin.py:104} INFO - [2024-08-10 08:46:16,929] {dag.py:2280} INFO - Setting next_dagrun for example_python_operator to None
[2024-08-10 08:46:16,939] {scheduler_job.py:190} INFO - Processing /home/airflow/.local/lib/python3.6/site-packages/airflow/example_dags/example_python_operator.py took 0.061 seconds
[2024-08-10 08:46:47,330] {scheduler_job.py:182} INFO - Started process (PID=31713) to work on /home/airflow/.local/lib/python3.6/site-packages/airflow/example_dags/example_python_operator.py
[2024-08-10 08:46:47,333] {scheduler_job.py:629} INFO - Processing file /home/airflow/.local/lib/python3.6/site-packages/airflow/example_dags/example_python_operator.py for tasks to queue
[2024-08-10 08:46:47,335] {logging_mixin.py:104} INFO - [2024-08-10 08:46:47,334] {dagbag.py:451} INFO - Filling up the DagBag from /home/airflow/.local/lib/python3.6/site-packages/airflow/example_dags/example_python_operator.py
[2024-08-10 08:46:47,351] {scheduler_job.py:639} INFO - DAG(s) dict_keys(['example_python_operator']) retrieved from /home/airflow/.local/lib/python3.6/site-packages/airflow/example_dags/example_python_operator.py
[2024-08-10 08:46:47,384] {logging_mixin.py:104} INFO - [2024-08-10 08:46:47,383] {dag.py:1824} INFO - Sync 1 DAGs
[2024-08-10 08:46:47,403] {logging_mixin.py:104} INFO - [2024-08-10 08:46:47,403] {dag.py:2280} INFO - Setting next_dagrun for example_python_operator to None
[2024-08-10 08:46:47,416] {scheduler_job.py:190} INFO - Processing /home/airflow/.local/lib/python3.6/site-packages/airflow/example_dags/example_python_operator.py took 0.090 seconds
[2024-08-10 08:47:17,917] {scheduler_job.py:182} INFO - Started process (PID=31873) to work on /home/airflow/.local/lib/python3.6/site-packages/airflow/example_dags/example_python_operator.py
[2024-08-10 08:47:17,918] {scheduler_job.py:629} INFO - Processing file /home/airflow/.local/lib/python3.6/site-packages/airflow/example_dags/example_python_operator.py for tasks to queue
[2024-08-10 08:47:17,918] {logging_mixin.py:104} INFO - [2024-08-10 08:47:17,918] {dagbag.py:451} INFO - Filling up the DagBag from /home/airflow/.local/lib/python3.6/site-packages/airflow/example_dags/example_python_operator.py
[2024-08-10 08:47:17,929] {scheduler_job.py:639} INFO - DAG(s) dict_keys(['example_python_operator']) retrieved from /home/airflow/.local/lib/python3.6/site-packages/airflow/example_dags/example_python_operator.py
[2024-08-10 08:47:17,949] {logging_mixin.py:104} INFO - [2024-08-10 08:47:17,948] {dag.py:1824} INFO - Sync 1 DAGs
[2024-08-10 08:47:17,962] {logging_mixin.py:104} INFO - [2024-08-10 08:47:17,962] {dag.py:2280} INFO - Setting next_dagrun for example_python_operator to None
[2024-08-10 08:47:17,971] {scheduler_job.py:190} INFO - Processing /home/airflow/.local/lib/python3.6/site-packages/airflow/example_dags/example_python_operator.py took 0.057 seconds
[2024-08-10 08:47:48,508] {scheduler_job.py:182} INFO - Started process (PID=32028) to work on /home/airflow/.local/lib/python3.6/site-packages/airflow/example_dags/example_python_operator.py
[2024-08-10 08:47:48,509] {scheduler_job.py:629} INFO - Processing file /home/airflow/.local/lib/python3.6/site-packages/airflow/example_dags/example_python_operator.py for tasks to queue
[2024-08-10 08:47:48,510] {logging_mixin.py:104} INFO - [2024-08-10 08:47:48,510] {dagbag.py:451} INFO - Filling up the DagBag from /home/airflow/.local/lib/python3.6/site-packages/airflow/example_dags/example_python_operator.py
[2024-08-10 08:47:48,522] {scheduler_job.py:639} INFO - DAG(s) dict_keys(['example_python_operator']) retrieved from /home/airflow/.local/lib/python3.6/site-packages/airflow/example_dags/example_python_operator.py
[2024-08-10 08:47:48,541] {logging_mixin.py:104} INFO - [2024-08-10 08:47:48,541] {dag.py:1824} INFO - Sync 1 DAGs
[2024-08-10 08:47:48,555] {logging_mixin.py:104} INFO - [2024-08-10 08:47:48,555] {dag.py:2280} INFO - Setting next_dagrun for example_python_operator to None
[2024-08-10 08:47:48,564] {scheduler_job.py:190} INFO - Processing /home/airflow/.local/lib/python3.6/site-packages/airflow/example_dags/example_python_operator.py took 0.059 seconds
[2024-08-10 08:48:18,595] {scheduler_job.py:182} INFO - Started process (PID=32133) to work on /home/airflow/.local/lib/python3.6/site-packages/airflow/example_dags/example_python_operator.py
[2024-08-10 08:48:18,596] {scheduler_job.py:629} INFO - Processing file /home/airflow/.local/lib/python3.6/site-packages/airflow/example_dags/example_python_operator.py for tasks to queue
[2024-08-10 08:48:18,597] {logging_mixin.py:104} INFO - [2024-08-10 08:48:18,597] {dagbag.py:451} INFO - Filling up the DagBag from /home/airflow/.local/lib/python3.6/site-packages/airflow/example_dags/example_python_operator.py
[2024-08-10 08:48:18,608] {scheduler_job.py:639} INFO - DAG(s) dict_keys(['example_python_operator']) retrieved from /home/airflow/.local/lib/python3.6/site-packages/airflow/example_dags/example_python_operator.py
[2024-08-10 08:48:18,630] {logging_mixin.py:104} INFO - [2024-08-10 08:48:18,630] {dag.py:1824} INFO - Sync 1 DAGs
[2024-08-10 08:48:18,647] {logging_mixin.py:104} INFO - [2024-08-10 08:48:18,646] {dag.py:2280} INFO - Setting next_dagrun for example_python_operator to None
[2024-08-10 08:48:18,657] {scheduler_job.py:190} INFO - Processing /home/airflow/.local/lib/python3.6/site-packages/airflow/example_dags/example_python_operator.py took 0.065 seconds
[2024-08-10 08:48:48,889] {scheduler_job.py:182} INFO - Started process (PID=32275) to work on /home/airflow/.local/lib/python3.6/site-packages/airflow/example_dags/example_python_operator.py
[2024-08-10 08:48:48,891] {scheduler_job.py:629} INFO - Processing file /home/airflow/.local/lib/python3.6/site-packages/airflow/example_dags/example_python_operator.py for tasks to queue
[2024-08-10 08:48:48,892] {logging_mixin.py:104} INFO - [2024-08-10 08:48:48,892] {dagbag.py:451} INFO - Filling up the DagBag from /home/airflow/.local/lib/python3.6/site-packages/airflow/example_dags/example_python_operator.py
[2024-08-10 08:48:48,912] {scheduler_job.py:639} INFO - DAG(s) dict_keys(['example_python_operator']) retrieved from /home/airflow/.local/lib/python3.6/site-packages/airflow/example_dags/example_python_operator.py
[2024-08-10 08:48:48,936] {logging_mixin.py:104} INFO - [2024-08-10 08:48:48,936] {dag.py:1824} INFO - Sync 1 DAGs
[2024-08-10 08:48:48,953] {logging_mixin.py:104} INFO - [2024-08-10 08:48:48,952] {dag.py:2280} INFO - Setting next_dagrun for example_python_operator to None
[2024-08-10 08:48:48,964] {scheduler_job.py:190} INFO - Processing /home/airflow/.local/lib/python3.6/site-packages/airflow/example_dags/example_python_operator.py took 0.079 seconds
[2024-08-10 08:49:19,210] {scheduler_job.py:182} INFO - Started process (PID=32367) to work on /home/airflow/.local/lib/python3.6/site-packages/airflow/example_dags/example_python_operator.py
[2024-08-10 08:49:19,211] {scheduler_job.py:629} INFO - Processing file /home/airflow/.local/lib/python3.6/site-packages/airflow/example_dags/example_python_operator.py for tasks to queue
[2024-08-10 08:49:19,212] {logging_mixin.py:104} INFO - [2024-08-10 08:49:19,212] {dagbag.py:451} INFO - Filling up the DagBag from /home/airflow/.local/lib/python3.6/site-packages/airflow/example_dags/example_python_operator.py
[2024-08-10 08:49:19,224] {scheduler_job.py:639} INFO - DAG(s) dict_keys(['example_python_operator']) retrieved from /home/airflow/.local/lib/python3.6/site-packages/airflow/example_dags/example_python_operator.py
[2024-08-10 08:49:19,246] {logging_mixin.py:104} INFO - [2024-08-10 08:49:19,245] {dag.py:1824} INFO - Sync 1 DAGs
[2024-08-10 08:49:19,260] {logging_mixin.py:104} INFO - [2024-08-10 08:49:19,260] {dag.py:2280} INFO - Setting next_dagrun for example_python_operator to None
[2024-08-10 08:49:19,269] {scheduler_job.py:190} INFO - Processing /home/airflow/.local/lib/python3.6/site-packages/airflow/example_dags/example_python_operator.py took 0.062 seconds
[2024-08-10 08:49:49,588] {scheduler_job.py:182} INFO - Started process (PID=32516) to work on /home/airflow/.local/lib/python3.6/site-packages/airflow/example_dags/example_python_operator.py
[2024-08-10 08:49:49,589] {scheduler_job.py:629} INFO - Processing file /home/airflow/.local/lib/python3.6/site-packages/airflow/example_dags/example_python_operator.py for tasks to queue
[2024-08-10 08:49:49,590] {logging_mixin.py:104} INFO - [2024-08-10 08:49:49,590] {dagbag.py:451} INFO - Filling up the DagBag from /home/airflow/.local/lib/python3.6/site-packages/airflow/example_dags/example_python_operator.py
[2024-08-10 08:49:49,603] {scheduler_job.py:639} INFO - DAG(s) dict_keys(['example_python_operator']) retrieved from /home/airflow/.local/lib/python3.6/site-packages/airflow/example_dags/example_python_operator.py
[2024-08-10 08:49:49,626] {logging_mixin.py:104} INFO - [2024-08-10 08:49:49,625] {dag.py:1824} INFO - Sync 1 DAGs
[2024-08-10 08:49:49,642] {logging_mixin.py:104} INFO - [2024-08-10 08:49:49,642] {dag.py:2280} INFO - Setting next_dagrun for example_python_operator to None
[2024-08-10 08:49:49,654] {scheduler_job.py:190} INFO - Processing /home/airflow/.local/lib/python3.6/site-packages/airflow/example_dags/example_python_operator.py took 0.069 seconds
[2024-08-10 08:50:20,005] {scheduler_job.py:182} INFO - Started process (PID=32664) to work on /home/airflow/.local/lib/python3.6/site-packages/airflow/example_dags/example_python_operator.py
[2024-08-10 08:50:20,007] {scheduler_job.py:629} INFO - Processing file /home/airflow/.local/lib/python3.6/site-packages/airflow/example_dags/example_python_operator.py for tasks to queue
[2024-08-10 08:50:20,007] {logging_mixin.py:104} INFO - [2024-08-10 08:50:20,007] {dagbag.py:451} INFO - Filling up the DagBag from /home/airflow/.local/lib/python3.6/site-packages/airflow/example_dags/example_python_operator.py
[2024-08-10 08:50:20,024] {scheduler_job.py:639} INFO - DAG(s) dict_keys(['example_python_operator']) retrieved from /home/airflow/.local/lib/python3.6/site-packages/airflow/example_dags/example_python_operator.py
[2024-08-10 08:50:20,043] {logging_mixin.py:104} INFO - [2024-08-10 08:50:20,043] {dag.py:1824} INFO - Sync 1 DAGs
[2024-08-10 08:50:20,062] {logging_mixin.py:104} INFO - [2024-08-10 08:50:20,062] {dag.py:2280} INFO - Setting next_dagrun for example_python_operator to None
[2024-08-10 08:50:20,070] {scheduler_job.py:190} INFO - Processing /home/airflow/.local/lib/python3.6/site-packages/airflow/example_dags/example_python_operator.py took 0.068 seconds
[2024-08-10 08:50:50,134] {scheduler_job.py:182} INFO - Started process (PID=329) to work on /home/airflow/.local/lib/python3.6/site-packages/airflow/example_dags/example_python_operator.py
[2024-08-10 08:50:50,135] {scheduler_job.py:629} INFO - Processing file /home/airflow/.local/lib/python3.6/site-packages/airflow/example_dags/example_python_operator.py for tasks to queue
[2024-08-10 08:50:50,136] {logging_mixin.py:104} INFO - [2024-08-10 08:50:50,136] {dagbag.py:451} INFO - Filling up the DagBag from /home/airflow/.local/lib/python3.6/site-packages/airflow/example_dags/example_python_operator.py
[2024-08-10 08:50:50,147] {scheduler_job.py:639} INFO - DAG(s) dict_keys(['example_python_operator']) retrieved from /home/airflow/.local/lib/python3.6/site-packages/airflow/example_dags/example_python_operator.py
[2024-08-10 08:50:50,167] {logging_mixin.py:104} INFO - [2024-08-10 08:50:50,167] {dag.py:1824} INFO - Sync 1 DAGs
[2024-08-10 08:50:50,181] {logging_mixin.py:104} INFO - [2024-08-10 08:50:50,181] {dag.py:2280} INFO - Setting next_dagrun for example_python_operator to None
[2024-08-10 08:50:50,191] {scheduler_job.py:190} INFO - Processing /home/airflow/.local/lib/python3.6/site-packages/airflow/example_dags/example_python_operator.py took 0.061 seconds
[2024-08-10 08:51:20,363] {scheduler_job.py:182} INFO - Started process (PID=471) to work on /home/airflow/.local/lib/python3.6/site-packages/airflow/example_dags/example_python_operator.py
[2024-08-10 08:51:20,364] {scheduler_job.py:629} INFO - Processing file /home/airflow/.local/lib/python3.6/site-packages/airflow/example_dags/example_python_operator.py for tasks to queue
[2024-08-10 08:51:20,365] {logging_mixin.py:104} INFO - [2024-08-10 08:51:20,365] {dagbag.py:451} INFO - Filling up the DagBag from /home/airflow/.local/lib/python3.6/site-packages/airflow/example_dags/example_python_operator.py
[2024-08-10 08:51:20,377] {scheduler_job.py:639} INFO - DAG(s) dict_keys(['example_python_operator']) retrieved from /home/airflow/.local/lib/python3.6/site-packages/airflow/example_dags/example_python_operator.py
[2024-08-10 08:51:20,397] {logging_mixin.py:104} INFO - [2024-08-10 08:51:20,397] {dag.py:1824} INFO - Sync 1 DAGs
[2024-08-10 08:51:20,415] {logging_mixin.py:104} INFO - [2024-08-10 08:51:20,415] {dag.py:2280} INFO - Setting next_dagrun for example_python_operator to None
[2024-08-10 08:51:20,424] {scheduler_job.py:190} INFO - Processing /home/airflow/.local/lib/python3.6/site-packages/airflow/example_dags/example_python_operator.py took 0.064 seconds
[2024-08-10 08:51:50,784] {scheduler_job.py:182} INFO - Started process (PID=624) to work on /home/airflow/.local/lib/python3.6/site-packages/airflow/example_dags/example_python_operator.py
[2024-08-10 08:51:50,785] {scheduler_job.py:629} INFO - Processing file /home/airflow/.local/lib/python3.6/site-packages/airflow/example_dags/example_python_operator.py for tasks to queue
[2024-08-10 08:51:50,785] {logging_mixin.py:104} INFO - [2024-08-10 08:51:50,785] {dagbag.py:451} INFO - Filling up the DagBag from /home/airflow/.local/lib/python3.6/site-packages/airflow/example_dags/example_python_operator.py
[2024-08-10 08:51:50,797] {scheduler_job.py:639} INFO - DAG(s) dict_keys(['example_python_operator']) retrieved from /home/airflow/.local/lib/python3.6/site-packages/airflow/example_dags/example_python_operator.py
[2024-08-10 08:51:50,818] {logging_mixin.py:104} INFO - [2024-08-10 08:51:50,818] {dag.py:1824} INFO - Sync 1 DAGs
[2024-08-10 08:51:50,832] {logging_mixin.py:104} INFO - [2024-08-10 08:51:50,832] {dag.py:2280} INFO - Setting next_dagrun for example_python_operator to None
[2024-08-10 08:51:50,842] {scheduler_job.py:190} INFO - Processing /home/airflow/.local/lib/python3.6/site-packages/airflow/example_dags/example_python_operator.py took 0.061 seconds
[2024-08-10 08:52:21,038] {scheduler_job.py:182} INFO - Started process (PID=769) to work on /home/airflow/.local/lib/python3.6/site-packages/airflow/example_dags/example_python_operator.py
[2024-08-10 08:52:21,039] {scheduler_job.py:629} INFO - Processing file /home/airflow/.local/lib/python3.6/site-packages/airflow/example_dags/example_python_operator.py for tasks to queue
[2024-08-10 08:52:21,040] {logging_mixin.py:104} INFO - [2024-08-10 08:52:21,039] {dagbag.py:451} INFO - Filling up the DagBag from /home/airflow/.local/lib/python3.6/site-packages/airflow/example_dags/example_python_operator.py
[2024-08-10 08:52:21,050] {scheduler_job.py:639} INFO - DAG(s) dict_keys(['example_python_operator']) retrieved from /home/airflow/.local/lib/python3.6/site-packages/airflow/example_dags/example_python_operator.py
[2024-08-10 08:52:21,071] {logging_mixin.py:104} INFO - [2024-08-10 08:52:21,071] {dag.py:1824} INFO - Sync 1 DAGs
[2024-08-10 08:52:21,085] {logging_mixin.py:104} INFO - [2024-08-10 08:52:21,085] {dag.py:2280} INFO - Setting next_dagrun for example_python_operator to None
[2024-08-10 08:52:21,094] {scheduler_job.py:190} INFO - Processing /home/airflow/.local/lib/python3.6/site-packages/airflow/example_dags/example_python_operator.py took 0.059 seconds
[2024-08-10 08:52:51,282] {scheduler_job.py:182} INFO - Started process (PID=914) to work on /home/airflow/.local/lib/python3.6/site-packages/airflow/example_dags/example_python_operator.py
[2024-08-10 08:52:51,283] {scheduler_job.py:629} INFO - Processing file /home/airflow/.local/lib/python3.6/site-packages/airflow/example_dags/example_python_operator.py for tasks to queue
[2024-08-10 08:52:51,284] {logging_mixin.py:104} INFO - [2024-08-10 08:52:51,283] {dagbag.py:451} INFO - Filling up the DagBag from /home/airflow/.local/lib/python3.6/site-packages/airflow/example_dags/example_python_operator.py
[2024-08-10 08:52:51,296] {scheduler_job.py:639} INFO - DAG(s) dict_keys(['example_python_operator']) retrieved from /home/airflow/.local/lib/python3.6/site-packages/airflow/example_dags/example_python_operator.py
[2024-08-10 08:52:51,315] {logging_mixin.py:104} INFO - [2024-08-10 08:52:51,315] {dag.py:1824} INFO - Sync 1 DAGs
[2024-08-10 08:52:51,329] {logging_mixin.py:104} INFO - [2024-08-10 08:52:51,329] {dag.py:2280} INFO - Setting next_dagrun for example_python_operator to None
[2024-08-10 08:52:51,337] {scheduler_job.py:190} INFO - Processing /home/airflow/.local/lib/python3.6/site-packages/airflow/example_dags/example_python_operator.py took 0.058 seconds
[2024-08-10 08:53:21,389] {scheduler_job.py:182} INFO - Started process (PID=1049) to work on /home/airflow/.local/lib/python3.6/site-packages/airflow/example_dags/example_python_operator.py
[2024-08-10 08:53:21,390] {scheduler_job.py:629} INFO - Processing file /home/airflow/.local/lib/python3.6/site-packages/airflow/example_dags/example_python_operator.py for tasks to queue
[2024-08-10 08:53:21,390] {logging_mixin.py:104} INFO - [2024-08-10 08:53:21,390] {dagbag.py:451} INFO - Filling up the DagBag from /home/airflow/.local/lib/python3.6/site-packages/airflow/example_dags/example_python_operator.py
[2024-08-10 08:53:21,401] {scheduler_job.py:639} INFO - DAG(s) dict_keys(['example_python_operator']) retrieved from /home/airflow/.local/lib/python3.6/site-packages/airflow/example_dags/example_python_operator.py
[2024-08-10 08:53:21,422] {logging_mixin.py:104} INFO - [2024-08-10 08:53:21,422] {dag.py:1824} INFO - Sync 1 DAGs
[2024-08-10 08:53:21,435] {logging_mixin.py:104} INFO - [2024-08-10 08:53:21,435] {dag.py:2280} INFO - Setting next_dagrun for example_python_operator to None
[2024-08-10 08:53:21,444] {scheduler_job.py:190} INFO - Processing /home/airflow/.local/lib/python3.6/site-packages/airflow/example_dags/example_python_operator.py took 0.059 seconds
[2024-08-10 08:53:51,545] {scheduler_job.py:182} INFO - Started process (PID=1184) to work on /home/airflow/.local/lib/python3.6/site-packages/airflow/example_dags/example_python_operator.py
[2024-08-10 08:53:51,546] {scheduler_job.py:629} INFO - Processing file /home/airflow/.local/lib/python3.6/site-packages/airflow/example_dags/example_python_operator.py for tasks to queue
[2024-08-10 08:53:51,547] {logging_mixin.py:104} INFO - [2024-08-10 08:53:51,547] {dagbag.py:451} INFO - Filling up the DagBag from /home/airflow/.local/lib/python3.6/site-packages/airflow/example_dags/example_python_operator.py
[2024-08-10 08:53:51,558] {scheduler_job.py:639} INFO - DAG(s) dict_keys(['example_python_operator']) retrieved from /home/airflow/.local/lib/python3.6/site-packages/airflow/example_dags/example_python_operator.py
[2024-08-10 08:53:51,576] {logging_mixin.py:104} INFO - [2024-08-10 08:53:51,576] {dag.py:1824} INFO - Sync 1 DAGs
[2024-08-10 08:53:51,591] {logging_mixin.py:104} INFO - [2024-08-10 08:53:51,591] {dag.py:2280} INFO - Setting next_dagrun for example_python_operator to None
[2024-08-10 08:53:51,600] {scheduler_job.py:190} INFO - Processing /home/airflow/.local/lib/python3.6/site-packages/airflow/example_dags/example_python_operator.py took 0.058 seconds
[2024-08-10 08:54:21,636] {scheduler_job.py:182} INFO - Started process (PID=1319) to work on /home/airflow/.local/lib/python3.6/site-packages/airflow/example_dags/example_python_operator.py
[2024-08-10 08:54:21,637] {scheduler_job.py:629} INFO - Processing file /home/airflow/.local/lib/python3.6/site-packages/airflow/example_dags/example_python_operator.py for tasks to queue
[2024-08-10 08:54:21,638] {logging_mixin.py:104} INFO - [2024-08-10 08:54:21,638] {dagbag.py:451} INFO - Filling up the DagBag from /home/airflow/.local/lib/python3.6/site-packages/airflow/example_dags/example_python_operator.py
[2024-08-10 08:54:21,649] {scheduler_job.py:639} INFO - DAG(s) dict_keys(['example_python_operator']) retrieved from /home/airflow/.local/lib/python3.6/site-packages/airflow/example_dags/example_python_operator.py
[2024-08-10 08:54:21,669] {logging_mixin.py:104} INFO - [2024-08-10 08:54:21,669] {dag.py:1824} INFO - Sync 1 DAGs
[2024-08-10 08:54:21,682] {logging_mixin.py:104} INFO - [2024-08-10 08:54:21,682] {dag.py:2280} INFO - Setting next_dagrun for example_python_operator to None
[2024-08-10 08:54:21,691] {scheduler_job.py:190} INFO - Processing /home/airflow/.local/lib/python3.6/site-packages/airflow/example_dags/example_python_operator.py took 0.058 seconds
[2024-08-10 08:54:51,789] {scheduler_job.py:182} INFO - Started process (PID=1454) to work on /home/airflow/.local/lib/python3.6/site-packages/airflow/example_dags/example_python_operator.py
[2024-08-10 08:54:51,790] {scheduler_job.py:629} INFO - Processing file /home/airflow/.local/lib/python3.6/site-packages/airflow/example_dags/example_python_operator.py for tasks to queue
[2024-08-10 08:54:51,790] {logging_mixin.py:104} INFO - [2024-08-10 08:54:51,790] {dagbag.py:451} INFO - Filling up the DagBag from /home/airflow/.local/lib/python3.6/site-packages/airflow/example_dags/example_python_operator.py
[2024-08-10 08:54:51,802] {scheduler_job.py:639} INFO - DAG(s) dict_keys(['example_python_operator']) retrieved from /home/airflow/.local/lib/python3.6/site-packages/airflow/example_dags/example_python_operator.py
[2024-08-10 08:54:51,823] {logging_mixin.py:104} INFO - [2024-08-10 08:54:51,823] {dag.py:1824} INFO - Sync 1 DAGs
[2024-08-10 08:54:51,836] {logging_mixin.py:104} INFO - [2024-08-10 08:54:51,836] {dag.py:2280} INFO - Setting next_dagrun for example_python_operator to None
[2024-08-10 08:54:51,845] {scheduler_job.py:190} INFO - Processing /home/airflow/.local/lib/python3.6/site-packages/airflow/example_dags/example_python_operator.py took 0.059 seconds
[2024-08-10 08:55:22,179] {scheduler_job.py:182} INFO - Started process (PID=1589) to work on /home/airflow/.local/lib/python3.6/site-packages/airflow/example_dags/example_python_operator.py
[2024-08-10 08:55:22,180] {scheduler_job.py:629} INFO - Processing file /home/airflow/.local/lib/python3.6/site-packages/airflow/example_dags/example_python_operator.py for tasks to queue
[2024-08-10 08:55:22,181] {logging_mixin.py:104} INFO - [2024-08-10 08:55:22,180] {dagbag.py:451} INFO - Filling up the DagBag from /home/airflow/.local/lib/python3.6/site-packages/airflow/example_dags/example_python_operator.py
[2024-08-10 08:55:22,192] {scheduler_job.py:639} INFO - DAG(s) dict_keys(['example_python_operator']) retrieved from /home/airflow/.local/lib/python3.6/site-packages/airflow/example_dags/example_python_operator.py
[2024-08-10 08:55:22,211] {logging_mixin.py:104} INFO - [2024-08-10 08:55:22,210] {dag.py:1824} INFO - Sync 1 DAGs
[2024-08-10 08:55:22,224] {logging_mixin.py:104} INFO - [2024-08-10 08:55:22,224] {dag.py:2280} INFO - Setting next_dagrun for example_python_operator to None
[2024-08-10 08:55:22,233] {scheduler_job.py:190} INFO - Processing /home/airflow/.local/lib/python3.6/site-packages/airflow/example_dags/example_python_operator.py took 0.057 seconds
[2024-08-10 08:55:52,440] {scheduler_job.py:182} INFO - Started process (PID=1689) to work on /home/airflow/.local/lib/python3.6/site-packages/airflow/example_dags/example_python_operator.py
[2024-08-10 08:55:52,441] {scheduler_job.py:629} INFO - Processing file /home/airflow/.local/lib/python3.6/site-packages/airflow/example_dags/example_python_operator.py for tasks to queue
[2024-08-10 08:55:52,442] {logging_mixin.py:104} INFO - [2024-08-10 08:55:52,442] {dagbag.py:451} INFO - Filling up the DagBag from /home/airflow/.local/lib/python3.6/site-packages/airflow/example_dags/example_python_operator.py
[2024-08-10 08:55:52,456] {scheduler_job.py:639} INFO - DAG(s) dict_keys(['example_python_operator']) retrieved from /home/airflow/.local/lib/python3.6/site-packages/airflow/example_dags/example_python_operator.py
[2024-08-10 08:55:52,477] {logging_mixin.py:104} INFO - [2024-08-10 08:55:52,477] {dag.py:1824} INFO - Sync 1 DAGs
[2024-08-10 08:55:52,490] {logging_mixin.py:104} INFO - [2024-08-10 08:55:52,490] {dag.py:2280} INFO - Setting next_dagrun for example_python_operator to None
[2024-08-10 08:55:52,499] {scheduler_job.py:190} INFO - Processing /home/airflow/.local/lib/python3.6/site-packages/airflow/example_dags/example_python_operator.py took 0.063 seconds
[2024-08-10 08:56:22,536] {scheduler_job.py:182} INFO - Started process (PID=1824) to work on /home/airflow/.local/lib/python3.6/site-packages/airflow/example_dags/example_python_operator.py
[2024-08-10 08:56:22,537] {scheduler_job.py:629} INFO - Processing file /home/airflow/.local/lib/python3.6/site-packages/airflow/example_dags/example_python_operator.py for tasks to queue
[2024-08-10 08:56:22,537] {logging_mixin.py:104} INFO - [2024-08-10 08:56:22,537] {dagbag.py:451} INFO - Filling up the DagBag from /home/airflow/.local/lib/python3.6/site-packages/airflow/example_dags/example_python_operator.py
[2024-08-10 08:56:22,549] {scheduler_job.py:639} INFO - DAG(s) dict_keys(['example_python_operator']) retrieved from /home/airflow/.local/lib/python3.6/site-packages/airflow/example_dags/example_python_operator.py
[2024-08-10 08:56:22,568] {logging_mixin.py:104} INFO - [2024-08-10 08:56:22,568] {dag.py:1824} INFO - Sync 1 DAGs
[2024-08-10 08:56:22,581] {logging_mixin.py:104} INFO - [2024-08-10 08:56:22,581] {dag.py:2280} INFO - Setting next_dagrun for example_python_operator to None
[2024-08-10 08:56:22,591] {scheduler_job.py:190} INFO - Processing /home/airflow/.local/lib/python3.6/site-packages/airflow/example_dags/example_python_operator.py took 0.058 seconds
[2024-08-10 08:56:52,891] {scheduler_job.py:182} INFO - Started process (PID=1963) to work on /home/airflow/.local/lib/python3.6/site-packages/airflow/example_dags/example_python_operator.py
[2024-08-10 08:56:52,894] {scheduler_job.py:629} INFO - Processing file /home/airflow/.local/lib/python3.6/site-packages/airflow/example_dags/example_python_operator.py for tasks to queue
[2024-08-10 08:56:52,896] {logging_mixin.py:104} INFO - [2024-08-10 08:56:52,896] {dagbag.py:451} INFO - Filling up the DagBag from /home/airflow/.local/lib/python3.6/site-packages/airflow/example_dags/example_python_operator.py
[2024-08-10 08:56:52,921] {scheduler_job.py:639} INFO - DAG(s) dict_keys(['example_python_operator']) retrieved from /home/airflow/.local/lib/python3.6/site-packages/airflow/example_dags/example_python_operator.py
[2024-08-10 08:56:52,961] {logging_mixin.py:104} INFO - [2024-08-10 08:56:52,961] {dag.py:1824} INFO - Sync 1 DAGs
[2024-08-10 08:56:52,992] {logging_mixin.py:104} INFO - [2024-08-10 08:56:52,992] {dag.py:2280} INFO - Setting next_dagrun for example_python_operator to None
[2024-08-10 08:56:53,009] {scheduler_job.py:190} INFO - Processing /home/airflow/.local/lib/python3.6/site-packages/airflow/example_dags/example_python_operator.py took 0.126 seconds
[2024-08-10 08:57:23,406] {scheduler_job.py:182} INFO - Started process (PID=2109) to work on /home/airflow/.local/lib/python3.6/site-packages/airflow/example_dags/example_python_operator.py
[2024-08-10 08:57:23,407] {scheduler_job.py:629} INFO - Processing file /home/airflow/.local/lib/python3.6/site-packages/airflow/example_dags/example_python_operator.py for tasks to queue
[2024-08-10 08:57:23,408] {logging_mixin.py:104} INFO - [2024-08-10 08:57:23,408] {dagbag.py:451} INFO - Filling up the DagBag from /home/airflow/.local/lib/python3.6/site-packages/airflow/example_dags/example_python_operator.py
[2024-08-10 08:57:23,421] {scheduler_job.py:639} INFO - DAG(s) dict_keys(['example_python_operator']) retrieved from /home/airflow/.local/lib/python3.6/site-packages/airflow/example_dags/example_python_operator.py
[2024-08-10 08:57:23,441] {logging_mixin.py:104} INFO - [2024-08-10 08:57:23,441] {dag.py:1824} INFO - Sync 1 DAGs
[2024-08-10 08:57:23,457] {logging_mixin.py:104} INFO - [2024-08-10 08:57:23,457] {dag.py:2280} INFO - Setting next_dagrun for example_python_operator to None
[2024-08-10 08:57:23,468] {scheduler_job.py:190} INFO - Processing /home/airflow/.local/lib/python3.6/site-packages/airflow/example_dags/example_python_operator.py took 0.065 seconds
[2024-08-10 08:57:53,659] {scheduler_job.py:182} INFO - Started process (PID=2244) to work on /home/airflow/.local/lib/python3.6/site-packages/airflow/example_dags/example_python_operator.py
[2024-08-10 08:57:53,659] {scheduler_job.py:629} INFO - Processing file /home/airflow/.local/lib/python3.6/site-packages/airflow/example_dags/example_python_operator.py for tasks to queue
[2024-08-10 08:57:53,660] {logging_mixin.py:104} INFO - [2024-08-10 08:57:53,660] {dagbag.py:451} INFO - Filling up the DagBag from /home/airflow/.local/lib/python3.6/site-packages/airflow/example_dags/example_python_operator.py
[2024-08-10 08:57:53,671] {scheduler_job.py:639} INFO - DAG(s) dict_keys(['example_python_operator']) retrieved from /home/airflow/.local/lib/python3.6/site-packages/airflow/example_dags/example_python_operator.py
[2024-08-10 08:57:53,692] {logging_mixin.py:104} INFO - [2024-08-10 08:57:53,692] {dag.py:1824} INFO - Sync 1 DAGs
[2024-08-10 08:57:53,707] {logging_mixin.py:104} INFO - [2024-08-10 08:57:53,707] {dag.py:2280} INFO - Setting next_dagrun for example_python_operator to None
[2024-08-10 08:57:53,717] {scheduler_job.py:190} INFO - Processing /home/airflow/.local/lib/python3.6/site-packages/airflow/example_dags/example_python_operator.py took 0.062 seconds
[2024-08-10 08:58:23,806] {scheduler_job.py:182} INFO - Started process (PID=2381) to work on /home/airflow/.local/lib/python3.6/site-packages/airflow/example_dags/example_python_operator.py
[2024-08-10 08:58:23,806] {scheduler_job.py:629} INFO - Processing file /home/airflow/.local/lib/python3.6/site-packages/airflow/example_dags/example_python_operator.py for tasks to queue
[2024-08-10 08:58:23,807] {logging_mixin.py:104} INFO - [2024-08-10 08:58:23,807] {dagbag.py:451} INFO - Filling up the DagBag from /home/airflow/.local/lib/python3.6/site-packages/airflow/example_dags/example_python_operator.py
[2024-08-10 08:58:23,818] {scheduler_job.py:639} INFO - DAG(s) dict_keys(['example_python_operator']) retrieved from /home/airflow/.local/lib/python3.6/site-packages/airflow/example_dags/example_python_operator.py
[2024-08-10 08:58:23,836] {logging_mixin.py:104} INFO - [2024-08-10 08:58:23,836] {dag.py:1824} INFO - Sync 1 DAGs
[2024-08-10 08:58:23,849] {logging_mixin.py:104} INFO - [2024-08-10 08:58:23,849] {dag.py:2280} INFO - Setting next_dagrun for example_python_operator to None
[2024-08-10 08:58:23,858] {scheduler_job.py:190} INFO - Processing /home/airflow/.local/lib/python3.6/site-packages/airflow/example_dags/example_python_operator.py took 0.055 seconds
[2024-08-10 08:58:54,163] {scheduler_job.py:182} INFO - Started process (PID=2514) to work on /home/airflow/.local/lib/python3.6/site-packages/airflow/example_dags/example_python_operator.py
[2024-08-10 08:58:54,165] {scheduler_job.py:629} INFO - Processing file /home/airflow/.local/lib/python3.6/site-packages/airflow/example_dags/example_python_operator.py for tasks to queue
[2024-08-10 08:58:54,166] {logging_mixin.py:104} INFO - [2024-08-10 08:58:54,165] {dagbag.py:451} INFO - Filling up the DagBag from /home/airflow/.local/lib/python3.6/site-packages/airflow/example_dags/example_python_operator.py
[2024-08-10 08:58:54,178] {scheduler_job.py:639} INFO - DAG(s) dict_keys(['example_python_operator']) retrieved from /home/airflow/.local/lib/python3.6/site-packages/airflow/example_dags/example_python_operator.py
[2024-08-10 08:58:54,198] {logging_mixin.py:104} INFO - [2024-08-10 08:58:54,198] {dag.py:1824} INFO - Sync 1 DAGs
[2024-08-10 08:58:54,212] {logging_mixin.py:104} INFO - [2024-08-10 08:58:54,212] {dag.py:2280} INFO - Setting next_dagrun for example_python_operator to None
[2024-08-10 08:58:54,222] {scheduler_job.py:190} INFO - Processing /home/airflow/.local/lib/python3.6/site-packages/airflow/example_dags/example_python_operator.py took 0.062 seconds
[2024-08-10 08:59:24,340] {scheduler_job.py:182} INFO - Started process (PID=2649) to work on /home/airflow/.local/lib/python3.6/site-packages/airflow/example_dags/example_python_operator.py
[2024-08-10 08:59:24,341] {scheduler_job.py:629} INFO - Processing file /home/airflow/.local/lib/python3.6/site-packages/airflow/example_dags/example_python_operator.py for tasks to queue
[2024-08-10 08:59:24,341] {logging_mixin.py:104} INFO - [2024-08-10 08:59:24,341] {dagbag.py:451} INFO - Filling up the DagBag from /home/airflow/.local/lib/python3.6/site-packages/airflow/example_dags/example_python_operator.py
[2024-08-10 08:59:24,354] {scheduler_job.py:639} INFO - DAG(s) dict_keys(['example_python_operator']) retrieved from /home/airflow/.local/lib/python3.6/site-packages/airflow/example_dags/example_python_operator.py
[2024-08-10 08:59:24,375] {logging_mixin.py:104} INFO - [2024-08-10 08:59:24,375] {dag.py:1824} INFO - Sync 1 DAGs
[2024-08-10 08:59:24,390] {logging_mixin.py:104} INFO - [2024-08-10 08:59:24,390] {dag.py:2280} INFO - Setting next_dagrun for example_python_operator to None
[2024-08-10 08:59:24,399] {scheduler_job.py:190} INFO - Processing /home/airflow/.local/lib/python3.6/site-packages/airflow/example_dags/example_python_operator.py took 0.062 seconds
[2024-08-10 08:59:54,601] {scheduler_job.py:182} INFO - Started process (PID=2784) to work on /home/airflow/.local/lib/python3.6/site-packages/airflow/example_dags/example_python_operator.py
[2024-08-10 08:59:54,602] {scheduler_job.py:629} INFO - Processing file /home/airflow/.local/lib/python3.6/site-packages/airflow/example_dags/example_python_operator.py for tasks to queue
[2024-08-10 08:59:54,602] {logging_mixin.py:104} INFO - [2024-08-10 08:59:54,602] {dagbag.py:451} INFO - Filling up the DagBag from /home/airflow/.local/lib/python3.6/site-packages/airflow/example_dags/example_python_operator.py
[2024-08-10 08:59:54,614] {scheduler_job.py:639} INFO - DAG(s) dict_keys(['example_python_operator']) retrieved from /home/airflow/.local/lib/python3.6/site-packages/airflow/example_dags/example_python_operator.py
[2024-08-10 08:59:54,632] {logging_mixin.py:104} INFO - [2024-08-10 08:59:54,632] {dag.py:1824} INFO - Sync 1 DAGs
[2024-08-10 08:59:54,645] {logging_mixin.py:104} INFO - [2024-08-10 08:59:54,645] {dag.py:2280} INFO - Setting next_dagrun for example_python_operator to None
[2024-08-10 08:59:54,654] {scheduler_job.py:190} INFO - Processing /home/airflow/.local/lib/python3.6/site-packages/airflow/example_dags/example_python_operator.py took 0.056 seconds
[2024-08-10 09:00:25,040] {scheduler_job.py:182} INFO - Started process (PID=2919) to work on /home/airflow/.local/lib/python3.6/site-packages/airflow/example_dags/example_python_operator.py
[2024-08-10 09:00:25,041] {scheduler_job.py:629} INFO - Processing file /home/airflow/.local/lib/python3.6/site-packages/airflow/example_dags/example_python_operator.py for tasks to queue
[2024-08-10 09:00:25,042] {logging_mixin.py:104} INFO - [2024-08-10 09:00:25,042] {dagbag.py:451} INFO - Filling up the DagBag from /home/airflow/.local/lib/python3.6/site-packages/airflow/example_dags/example_python_operator.py
[2024-08-10 09:00:25,063] {scheduler_job.py:639} INFO - DAG(s) dict_keys(['example_python_operator']) retrieved from /home/airflow/.local/lib/python3.6/site-packages/airflow/example_dags/example_python_operator.py
[2024-08-10 09:00:25,098] {logging_mixin.py:104} INFO - [2024-08-10 09:00:25,098] {dag.py:1824} INFO - Sync 1 DAGs
[2024-08-10 09:00:25,127] {logging_mixin.py:104} INFO - [2024-08-10 09:00:25,126] {dag.py:2280} INFO - Setting next_dagrun for example_python_operator to None
[2024-08-10 09:00:25,146] {scheduler_job.py:190} INFO - Processing /home/airflow/.local/lib/python3.6/site-packages/airflow/example_dags/example_python_operator.py took 0.113 seconds
[2024-08-10 09:00:55,332] {scheduler_job.py:182} INFO - Started process (PID=3054) to work on /home/airflow/.local/lib/python3.6/site-packages/airflow/example_dags/example_python_operator.py
[2024-08-10 09:00:55,333] {scheduler_job.py:629} INFO - Processing file /home/airflow/.local/lib/python3.6/site-packages/airflow/example_dags/example_python_operator.py for tasks to queue
[2024-08-10 09:00:55,334] {logging_mixin.py:104} INFO - [2024-08-10 09:00:55,333] {dagbag.py:451} INFO - Filling up the DagBag from /home/airflow/.local/lib/python3.6/site-packages/airflow/example_dags/example_python_operator.py
[2024-08-10 09:00:55,344] {scheduler_job.py:639} INFO - DAG(s) dict_keys(['example_python_operator']) retrieved from /home/airflow/.local/lib/python3.6/site-packages/airflow/example_dags/example_python_operator.py
[2024-08-10 09:00:55,361] {logging_mixin.py:104} INFO - [2024-08-10 09:00:55,361] {dag.py:1824} INFO - Sync 1 DAGs
[2024-08-10 09:00:55,374] {logging_mixin.py:104} INFO - [2024-08-10 09:00:55,374] {dag.py:2280} INFO - Setting next_dagrun for example_python_operator to None
[2024-08-10 09:00:55,383] {scheduler_job.py:190} INFO - Processing /home/airflow/.local/lib/python3.6/site-packages/airflow/example_dags/example_python_operator.py took 0.054 seconds
[2024-08-10 09:01:25,575] {scheduler_job.py:182} INFO - Started process (PID=3189) to work on /home/airflow/.local/lib/python3.6/site-packages/airflow/example_dags/example_python_operator.py
[2024-08-10 09:01:25,576] {scheduler_job.py:629} INFO - Processing file /home/airflow/.local/lib/python3.6/site-packages/airflow/example_dags/example_python_operator.py for tasks to queue
[2024-08-10 09:01:25,577] {logging_mixin.py:104} INFO - [2024-08-10 09:01:25,577] {dagbag.py:451} INFO - Filling up the DagBag from /home/airflow/.local/lib/python3.6/site-packages/airflow/example_dags/example_python_operator.py
[2024-08-10 09:01:25,589] {scheduler_job.py:639} INFO - DAG(s) dict_keys(['example_python_operator']) retrieved from /home/airflow/.local/lib/python3.6/site-packages/airflow/example_dags/example_python_operator.py
[2024-08-10 09:01:25,611] {logging_mixin.py:104} INFO - [2024-08-10 09:01:25,611] {dag.py:1824} INFO - Sync 1 DAGs
[2024-08-10 09:01:25,627] {logging_mixin.py:104} INFO - [2024-08-10 09:01:25,627] {dag.py:2280} INFO - Setting next_dagrun for example_python_operator to None
[2024-08-10 09:01:25,637] {scheduler_job.py:190} INFO - Processing /home/airflow/.local/lib/python3.6/site-packages/airflow/example_dags/example_python_operator.py took 0.065 seconds
[2024-08-10 09:01:55,859] {scheduler_job.py:182} INFO - Started process (PID=3324) to work on /home/airflow/.local/lib/python3.6/site-packages/airflow/example_dags/example_python_operator.py
[2024-08-10 09:01:55,860] {scheduler_job.py:629} INFO - Processing file /home/airflow/.local/lib/python3.6/site-packages/airflow/example_dags/example_python_operator.py for tasks to queue
[2024-08-10 09:01:55,860] {logging_mixin.py:104} INFO - [2024-08-10 09:01:55,860] {dagbag.py:451} INFO - Filling up the DagBag from /home/airflow/.local/lib/python3.6/site-packages/airflow/example_dags/example_python_operator.py
[2024-08-10 09:01:55,872] {scheduler_job.py:639} INFO - DAG(s) dict_keys(['example_python_operator']) retrieved from /home/airflow/.local/lib/python3.6/site-packages/airflow/example_dags/example_python_operator.py
[2024-08-10 09:01:55,891] {logging_mixin.py:104} INFO - [2024-08-10 09:01:55,891] {dag.py:1824} INFO - Sync 1 DAGs
[2024-08-10 09:01:55,906] {logging_mixin.py:104} INFO - [2024-08-10 09:01:55,906] {dag.py:2280} INFO - Setting next_dagrun for example_python_operator to None
[2024-08-10 09:01:55,915] {scheduler_job.py:190} INFO - Processing /home/airflow/.local/lib/python3.6/site-packages/airflow/example_dags/example_python_operator.py took 0.060 seconds
[2024-08-10 09:02:26,125] {scheduler_job.py:182} INFO - Started process (PID=3459) to work on /home/airflow/.local/lib/python3.6/site-packages/airflow/example_dags/example_python_operator.py
[2024-08-10 09:02:26,126] {scheduler_job.py:629} INFO - Processing file /home/airflow/.local/lib/python3.6/site-packages/airflow/example_dags/example_python_operator.py for tasks to queue
[2024-08-10 09:02:26,126] {logging_mixin.py:104} INFO - [2024-08-10 09:02:26,126] {dagbag.py:451} INFO - Filling up the DagBag from /home/airflow/.local/lib/python3.6/site-packages/airflow/example_dags/example_python_operator.py
[2024-08-10 09:02:26,138] {scheduler_job.py:639} INFO - DAG(s) dict_keys(['example_python_operator']) retrieved from /home/airflow/.local/lib/python3.6/site-packages/airflow/example_dags/example_python_operator.py
[2024-08-10 09:02:26,159] {logging_mixin.py:104} INFO - [2024-08-10 09:02:26,159] {dag.py:1824} INFO - Sync 1 DAGs
[2024-08-10 09:02:26,172] {logging_mixin.py:104} INFO - [2024-08-10 09:02:26,172] {dag.py:2280} INFO - Setting next_dagrun for example_python_operator to None
[2024-08-10 09:02:26,181] {scheduler_job.py:190} INFO - Processing /home/airflow/.local/lib/python3.6/site-packages/airflow/example_dags/example_python_operator.py took 0.059 seconds
[2024-08-10 09:02:56,387] {scheduler_job.py:182} INFO - Started process (PID=3594) to work on /home/airflow/.local/lib/python3.6/site-packages/airflow/example_dags/example_python_operator.py
[2024-08-10 09:02:56,392] {scheduler_job.py:629} INFO - Processing file /home/airflow/.local/lib/python3.6/site-packages/airflow/example_dags/example_python_operator.py for tasks to queue
[2024-08-10 09:02:56,393] {logging_mixin.py:104} INFO - [2024-08-10 09:02:56,393] {dagbag.py:451} INFO - Filling up the DagBag from /home/airflow/.local/lib/python3.6/site-packages/airflow/example_dags/example_python_operator.py
[2024-08-10 09:02:56,417] {scheduler_job.py:639} INFO - DAG(s) dict_keys(['example_python_operator']) retrieved from /home/airflow/.local/lib/python3.6/site-packages/airflow/example_dags/example_python_operator.py
[2024-08-10 09:02:56,453] {logging_mixin.py:104} INFO - [2024-08-10 09:02:56,453] {dag.py:1824} INFO - Sync 1 DAGs
[2024-08-10 09:02:56,469] {logging_mixin.py:104} INFO - [2024-08-10 09:02:56,469] {dag.py:2280} INFO - Setting next_dagrun for example_python_operator to None
[2024-08-10 09:02:56,477] {scheduler_job.py:190} INFO - Processing /home/airflow/.local/lib/python3.6/site-packages/airflow/example_dags/example_python_operator.py took 0.094 seconds
[2024-08-10 09:03:26,785] {scheduler_job.py:182} INFO - Started process (PID=3729) to work on /home/airflow/.local/lib/python3.6/site-packages/airflow/example_dags/example_python_operator.py
[2024-08-10 09:03:26,785] {scheduler_job.py:629} INFO - Processing file /home/airflow/.local/lib/python3.6/site-packages/airflow/example_dags/example_python_operator.py for tasks to queue
[2024-08-10 09:03:26,786] {logging_mixin.py:104} INFO - [2024-08-10 09:03:26,786] {dagbag.py:451} INFO - Filling up the DagBag from /home/airflow/.local/lib/python3.6/site-packages/airflow/example_dags/example_python_operator.py
[2024-08-10 09:03:26,800] {scheduler_job.py:639} INFO - DAG(s) dict_keys(['example_python_operator']) retrieved from /home/airflow/.local/lib/python3.6/site-packages/airflow/example_dags/example_python_operator.py
[2024-08-10 09:03:26,818] {logging_mixin.py:104} INFO - [2024-08-10 09:03:26,817] {dag.py:1824} INFO - Sync 1 DAGs
[2024-08-10 09:03:26,832] {logging_mixin.py:104} INFO - [2024-08-10 09:03:26,832] {dag.py:2280} INFO - Setting next_dagrun for example_python_operator to None
[2024-08-10 09:03:26,841] {scheduler_job.py:190} INFO - Processing /home/airflow/.local/lib/python3.6/site-packages/airflow/example_dags/example_python_operator.py took 0.059 seconds
[2024-08-10 09:03:57,018] {scheduler_job.py:182} INFO - Started process (PID=3864) to work on /home/airflow/.local/lib/python3.6/site-packages/airflow/example_dags/example_python_operator.py
[2024-08-10 09:03:57,018] {scheduler_job.py:629} INFO - Processing file /home/airflow/.local/lib/python3.6/site-packages/airflow/example_dags/example_python_operator.py for tasks to queue
[2024-08-10 09:03:57,019] {logging_mixin.py:104} INFO - [2024-08-10 09:03:57,019] {dagbag.py:451} INFO - Filling up the DagBag from /home/airflow/.local/lib/python3.6/site-packages/airflow/example_dags/example_python_operator.py
[2024-08-10 09:03:57,032] {scheduler_job.py:639} INFO - DAG(s) dict_keys(['example_python_operator']) retrieved from /home/airflow/.local/lib/python3.6/site-packages/airflow/example_dags/example_python_operator.py
[2024-08-10 09:03:57,050] {logging_mixin.py:104} INFO - [2024-08-10 09:03:57,050] {dag.py:1824} INFO - Sync 1 DAGs
[2024-08-10 09:03:57,065] {logging_mixin.py:104} INFO - [2024-08-10 09:03:57,064] {dag.py:2280} INFO - Setting next_dagrun for example_python_operator to None
[2024-08-10 09:03:57,074] {scheduler_job.py:190} INFO - Processing /home/airflow/.local/lib/python3.6/site-packages/airflow/example_dags/example_python_operator.py took 0.059 seconds
[2024-08-10 09:04:27,580] {scheduler_job.py:182} INFO - Started process (PID=4001) to work on /home/airflow/.local/lib/python3.6/site-packages/airflow/example_dags/example_python_operator.py
[2024-08-10 09:04:27,583] {scheduler_job.py:629} INFO - Processing file /home/airflow/.local/lib/python3.6/site-packages/airflow/example_dags/example_python_operator.py for tasks to queue
[2024-08-10 09:04:27,584] {logging_mixin.py:104} INFO - [2024-08-10 09:04:27,584] {dagbag.py:451} INFO - Filling up the DagBag from /home/airflow/.local/lib/python3.6/site-packages/airflow/example_dags/example_python_operator.py
[2024-08-10 09:04:27,603] {scheduler_job.py:639} INFO - DAG(s) dict_keys(['example_python_operator']) retrieved from /home/airflow/.local/lib/python3.6/site-packages/airflow/example_dags/example_python_operator.py
[2024-08-10 09:04:27,630] {logging_mixin.py:104} INFO - [2024-08-10 09:04:27,630] {dag.py:1824} INFO - Sync 1 DAGs
[2024-08-10 09:04:27,659] {logging_mixin.py:104} INFO - [2024-08-10 09:04:27,659] {dag.py:2280} INFO - Setting next_dagrun for example_python_operator to None
[2024-08-10 09:04:27,675] {scheduler_job.py:190} INFO - Processing /home/airflow/.local/lib/python3.6/site-packages/airflow/example_dags/example_python_operator.py took 0.102 seconds
[2024-08-10 09:04:57,716] {scheduler_job.py:182} INFO - Started process (PID=4134) to work on /home/airflow/.local/lib/python3.6/site-packages/airflow/example_dags/example_python_operator.py
[2024-08-10 09:04:57,717] {scheduler_job.py:629} INFO - Processing file /home/airflow/.local/lib/python3.6/site-packages/airflow/example_dags/example_python_operator.py for tasks to queue
[2024-08-10 09:04:57,718] {logging_mixin.py:104} INFO - [2024-08-10 09:04:57,718] {dagbag.py:451} INFO - Filling up the DagBag from /home/airflow/.local/lib/python3.6/site-packages/airflow/example_dags/example_python_operator.py
[2024-08-10 09:04:57,731] {scheduler_job.py:639} INFO - DAG(s) dict_keys(['example_python_operator']) retrieved from /home/airflow/.local/lib/python3.6/site-packages/airflow/example_dags/example_python_operator.py
[2024-08-10 09:04:57,752] {logging_mixin.py:104} INFO - [2024-08-10 09:04:57,752] {dag.py:1824} INFO - Sync 1 DAGs
[2024-08-10 09:04:57,767] {logging_mixin.py:104} INFO - [2024-08-10 09:04:57,767] {dag.py:2280} INFO - Setting next_dagrun for example_python_operator to None
[2024-08-10 09:04:57,776] {scheduler_job.py:190} INFO - Processing /home/airflow/.local/lib/python3.6/site-packages/airflow/example_dags/example_python_operator.py took 0.063 seconds
[2024-08-10 09:05:27,825] {scheduler_job.py:182} INFO - Started process (PID=4259) to work on /home/airflow/.local/lib/python3.6/site-packages/airflow/example_dags/example_python_operator.py
[2024-08-10 09:05:27,827] {scheduler_job.py:629} INFO - Processing file /home/airflow/.local/lib/python3.6/site-packages/airflow/example_dags/example_python_operator.py for tasks to queue
[2024-08-10 09:05:27,827] {logging_mixin.py:104} INFO - [2024-08-10 09:05:27,827] {dagbag.py:451} INFO - Filling up the DagBag from /home/airflow/.local/lib/python3.6/site-packages/airflow/example_dags/example_python_operator.py
[2024-08-10 09:05:27,843] {scheduler_job.py:639} INFO - DAG(s) dict_keys(['example_python_operator']) retrieved from /home/airflow/.local/lib/python3.6/site-packages/airflow/example_dags/example_python_operator.py
[2024-08-10 09:05:27,869] {logging_mixin.py:104} INFO - [2024-08-10 09:05:27,868] {dag.py:1824} INFO - Sync 1 DAGs
[2024-08-10 09:05:27,885] {logging_mixin.py:104} INFO - [2024-08-10 09:05:27,885] {dag.py:2280} INFO - Setting next_dagrun for example_python_operator to None
[2024-08-10 09:05:27,895] {scheduler_job.py:190} INFO - Processing /home/airflow/.local/lib/python3.6/site-packages/airflow/example_dags/example_python_operator.py took 0.075 seconds
[2024-08-10 09:05:58,129] {scheduler_job.py:182} INFO - Started process (PID=4404) to work on /home/airflow/.local/lib/python3.6/site-packages/airflow/example_dags/example_python_operator.py
[2024-08-10 09:05:58,130] {scheduler_job.py:629} INFO - Processing file /home/airflow/.local/lib/python3.6/site-packages/airflow/example_dags/example_python_operator.py for tasks to queue
[2024-08-10 09:05:58,131] {logging_mixin.py:104} INFO - [2024-08-10 09:05:58,131] {dagbag.py:451} INFO - Filling up the DagBag from /home/airflow/.local/lib/python3.6/site-packages/airflow/example_dags/example_python_operator.py
[2024-08-10 09:05:58,148] {scheduler_job.py:639} INFO - DAG(s) dict_keys(['example_python_operator']) retrieved from /home/airflow/.local/lib/python3.6/site-packages/airflow/example_dags/example_python_operator.py
[2024-08-10 09:05:58,167] {logging_mixin.py:104} INFO - [2024-08-10 09:05:58,167] {dag.py:1824} INFO - Sync 1 DAGs
[2024-08-10 09:05:58,182] {logging_mixin.py:104} INFO - [2024-08-10 09:05:58,182] {dag.py:2280} INFO - Setting next_dagrun for example_python_operator to None
[2024-08-10 09:05:58,190] {scheduler_job.py:190} INFO - Processing /home/airflow/.local/lib/python3.6/site-packages/airflow/example_dags/example_python_operator.py took 0.065 seconds
[2024-08-10 09:06:28,432] {scheduler_job.py:182} INFO - Started process (PID=4539) to work on /home/airflow/.local/lib/python3.6/site-packages/airflow/example_dags/example_python_operator.py
[2024-08-10 09:06:28,434] {scheduler_job.py:629} INFO - Processing file /home/airflow/.local/lib/python3.6/site-packages/airflow/example_dags/example_python_operator.py for tasks to queue
[2024-08-10 09:06:28,434] {logging_mixin.py:104} INFO - [2024-08-10 09:06:28,434] {dagbag.py:451} INFO - Filling up the DagBag from /home/airflow/.local/lib/python3.6/site-packages/airflow/example_dags/example_python_operator.py
[2024-08-10 09:06:28,447] {scheduler_job.py:639} INFO - DAG(s) dict_keys(['example_python_operator']) retrieved from /home/airflow/.local/lib/python3.6/site-packages/airflow/example_dags/example_python_operator.py
[2024-08-10 09:06:28,468] {logging_mixin.py:104} INFO - [2024-08-10 09:06:28,468] {dag.py:1824} INFO - Sync 1 DAGs
[2024-08-10 09:06:28,482] {logging_mixin.py:104} INFO - [2024-08-10 09:06:28,482] {dag.py:2280} INFO - Setting next_dagrun for example_python_operator to None
[2024-08-10 09:06:28,491] {scheduler_job.py:190} INFO - Processing /home/airflow/.local/lib/python3.6/site-packages/airflow/example_dags/example_python_operator.py took 0.062 seconds
[2024-08-10 09:06:58,767] {scheduler_job.py:182} INFO - Started process (PID=4674) to work on /home/airflow/.local/lib/python3.6/site-packages/airflow/example_dags/example_python_operator.py
[2024-08-10 09:06:58,769] {scheduler_job.py:629} INFO - Processing file /home/airflow/.local/lib/python3.6/site-packages/airflow/example_dags/example_python_operator.py for tasks to queue
[2024-08-10 09:06:58,769] {logging_mixin.py:104} INFO - [2024-08-10 09:06:58,769] {dagbag.py:451} INFO - Filling up the DagBag from /home/airflow/.local/lib/python3.6/site-packages/airflow/example_dags/example_python_operator.py
[2024-08-10 09:06:58,782] {scheduler_job.py:639} INFO - DAG(s) dict_keys(['example_python_operator']) retrieved from /home/airflow/.local/lib/python3.6/site-packages/airflow/example_dags/example_python_operator.py
[2024-08-10 09:06:58,802] {logging_mixin.py:104} INFO - [2024-08-10 09:06:58,802] {dag.py:1824} INFO - Sync 1 DAGs
[2024-08-10 09:06:58,817] {logging_mixin.py:104} INFO - [2024-08-10 09:06:58,817] {dag.py:2280} INFO - Setting next_dagrun for example_python_operator to None
[2024-08-10 09:06:58,828] {scheduler_job.py:190} INFO - Processing /home/airflow/.local/lib/python3.6/site-packages/airflow/example_dags/example_python_operator.py took 0.064 seconds
[2024-08-10 09:07:28,970] {scheduler_job.py:182} INFO - Started process (PID=4809) to work on /home/airflow/.local/lib/python3.6/site-packages/airflow/example_dags/example_python_operator.py
[2024-08-10 09:07:28,971] {scheduler_job.py:629} INFO - Processing file /home/airflow/.local/lib/python3.6/site-packages/airflow/example_dags/example_python_operator.py for tasks to queue
[2024-08-10 09:07:28,971] {logging_mixin.py:104} INFO - [2024-08-10 09:07:28,971] {dagbag.py:451} INFO - Filling up the DagBag from /home/airflow/.local/lib/python3.6/site-packages/airflow/example_dags/example_python_operator.py
[2024-08-10 09:07:28,986] {scheduler_job.py:639} INFO - DAG(s) dict_keys(['example_python_operator']) retrieved from /home/airflow/.local/lib/python3.6/site-packages/airflow/example_dags/example_python_operator.py
[2024-08-10 09:07:29,008] {logging_mixin.py:104} INFO - [2024-08-10 09:07:29,007] {dag.py:1824} INFO - Sync 1 DAGs
[2024-08-10 09:07:29,023] {logging_mixin.py:104} INFO - [2024-08-10 09:07:29,023] {dag.py:2280} INFO - Setting next_dagrun for example_python_operator to None
[2024-08-10 09:07:29,033] {scheduler_job.py:190} INFO - Processing /home/airflow/.local/lib/python3.6/site-packages/airflow/example_dags/example_python_operator.py took 0.067 seconds
[2024-08-10 09:07:59,508] {scheduler_job.py:182} INFO - Started process (PID=4944) to work on /home/airflow/.local/lib/python3.6/site-packages/airflow/example_dags/example_python_operator.py
[2024-08-10 09:07:59,509] {scheduler_job.py:629} INFO - Processing file /home/airflow/.local/lib/python3.6/site-packages/airflow/example_dags/example_python_operator.py for tasks to queue
[2024-08-10 09:07:59,510] {logging_mixin.py:104} INFO - [2024-08-10 09:07:59,510] {dagbag.py:451} INFO - Filling up the DagBag from /home/airflow/.local/lib/python3.6/site-packages/airflow/example_dags/example_python_operator.py
[2024-08-10 09:07:59,523] {scheduler_job.py:639} INFO - DAG(s) dict_keys(['example_python_operator']) retrieved from /home/airflow/.local/lib/python3.6/site-packages/airflow/example_dags/example_python_operator.py
[2024-08-10 09:07:59,545] {logging_mixin.py:104} INFO - [2024-08-10 09:07:59,545] {dag.py:1824} INFO - Sync 1 DAGs
[2024-08-10 09:07:59,561] {logging_mixin.py:104} INFO - [2024-08-10 09:07:59,561] {dag.py:2280} INFO - Setting next_dagrun for example_python_operator to None
[2024-08-10 09:07:59,574] {scheduler_job.py:190} INFO - Processing /home/airflow/.local/lib/python3.6/site-packages/airflow/example_dags/example_python_operator.py took 0.069 seconds
[2024-08-10 09:08:30,066] {scheduler_job.py:182} INFO - Started process (PID=5079) to work on /home/airflow/.local/lib/python3.6/site-packages/airflow/example_dags/example_python_operator.py
[2024-08-10 09:08:30,067] {scheduler_job.py:629} INFO - Processing file /home/airflow/.local/lib/python3.6/site-packages/airflow/example_dags/example_python_operator.py for tasks to queue
[2024-08-10 09:08:30,067] {logging_mixin.py:104} INFO - [2024-08-10 09:08:30,067] {dagbag.py:451} INFO - Filling up the DagBag from /home/airflow/.local/lib/python3.6/site-packages/airflow/example_dags/example_python_operator.py
[2024-08-10 09:08:30,080] {scheduler_job.py:639} INFO - DAG(s) dict_keys(['example_python_operator']) retrieved from /home/airflow/.local/lib/python3.6/site-packages/airflow/example_dags/example_python_operator.py
[2024-08-10 09:08:30,100] {logging_mixin.py:104} INFO - [2024-08-10 09:08:30,099] {dag.py:1824} INFO - Sync 1 DAGs
[2024-08-10 09:08:30,114] {logging_mixin.py:104} INFO - [2024-08-10 09:08:30,114] {dag.py:2280} INFO - Setting next_dagrun for example_python_operator to None
[2024-08-10 09:08:30,123] {scheduler_job.py:190} INFO - Processing /home/airflow/.local/lib/python3.6/site-packages/airflow/example_dags/example_python_operator.py took 0.061 seconds
[2024-08-10 09:09:00,460] {scheduler_job.py:182} INFO - Started process (PID=5214) to work on /home/airflow/.local/lib/python3.6/site-packages/airflow/example_dags/example_python_operator.py
[2024-08-10 09:09:00,461] {scheduler_job.py:629} INFO - Processing file /home/airflow/.local/lib/python3.6/site-packages/airflow/example_dags/example_python_operator.py for tasks to queue
[2024-08-10 09:09:00,462] {logging_mixin.py:104} INFO - [2024-08-10 09:09:00,461] {dagbag.py:451} INFO - Filling up the DagBag from /home/airflow/.local/lib/python3.6/site-packages/airflow/example_dags/example_python_operator.py
[2024-08-10 09:09:00,473] {scheduler_job.py:639} INFO - DAG(s) dict_keys(['example_python_operator']) retrieved from /home/airflow/.local/lib/python3.6/site-packages/airflow/example_dags/example_python_operator.py
[2024-08-10 09:09:00,494] {logging_mixin.py:104} INFO - [2024-08-10 09:09:00,494] {dag.py:1824} INFO - Sync 1 DAGs
[2024-08-10 09:09:00,509] {logging_mixin.py:104} INFO - [2024-08-10 09:09:00,508] {dag.py:2280} INFO - Setting next_dagrun for example_python_operator to None
[2024-08-10 09:09:00,519] {scheduler_job.py:190} INFO - Processing /home/airflow/.local/lib/python3.6/site-packages/airflow/example_dags/example_python_operator.py took 0.062 seconds
[2024-08-10 09:09:30,798] {scheduler_job.py:182} INFO - Started process (PID=5349) to work on /home/airflow/.local/lib/python3.6/site-packages/airflow/example_dags/example_python_operator.py
[2024-08-10 09:09:30,799] {scheduler_job.py:629} INFO - Processing file /home/airflow/.local/lib/python3.6/site-packages/airflow/example_dags/example_python_operator.py for tasks to queue
[2024-08-10 09:09:30,800] {logging_mixin.py:104} INFO - [2024-08-10 09:09:30,800] {dagbag.py:451} INFO - Filling up the DagBag from /home/airflow/.local/lib/python3.6/site-packages/airflow/example_dags/example_python_operator.py
[2024-08-10 09:09:30,813] {scheduler_job.py:639} INFO - DAG(s) dict_keys(['example_python_operator']) retrieved from /home/airflow/.local/lib/python3.6/site-packages/airflow/example_dags/example_python_operator.py
[2024-08-10 09:09:30,834] {logging_mixin.py:104} INFO - [2024-08-10 09:09:30,834] {dag.py:1824} INFO - Sync 1 DAGs
[2024-08-10 09:09:30,848] {logging_mixin.py:104} INFO - [2024-08-10 09:09:30,848] {dag.py:2280} INFO - Setting next_dagrun for example_python_operator to None
[2024-08-10 09:09:30,857] {scheduler_job.py:190} INFO - Processing /home/airflow/.local/lib/python3.6/site-packages/airflow/example_dags/example_python_operator.py took 0.062 seconds
[2024-08-10 09:10:01,192] {scheduler_job.py:182} INFO - Started process (PID=5484) to work on /home/airflow/.local/lib/python3.6/site-packages/airflow/example_dags/example_python_operator.py
[2024-08-10 09:10:01,193] {scheduler_job.py:629} INFO - Processing file /home/airflow/.local/lib/python3.6/site-packages/airflow/example_dags/example_python_operator.py for tasks to queue
[2024-08-10 09:10:01,194] {logging_mixin.py:104} INFO - [2024-08-10 09:10:01,193] {dagbag.py:451} INFO - Filling up the DagBag from /home/airflow/.local/lib/python3.6/site-packages/airflow/example_dags/example_python_operator.py
[2024-08-10 09:10:01,206] {scheduler_job.py:639} INFO - DAG(s) dict_keys(['example_python_operator']) retrieved from /home/airflow/.local/lib/python3.6/site-packages/airflow/example_dags/example_python_operator.py
[2024-08-10 09:10:01,227] {logging_mixin.py:104} INFO - [2024-08-10 09:10:01,227] {dag.py:1824} INFO - Sync 1 DAGs
[2024-08-10 09:10:01,244] {logging_mixin.py:104} INFO - [2024-08-10 09:10:01,244] {dag.py:2280} INFO - Setting next_dagrun for example_python_operator to None
[2024-08-10 09:10:01,255] {scheduler_job.py:190} INFO - Processing /home/airflow/.local/lib/python3.6/site-packages/airflow/example_dags/example_python_operator.py took 0.066 seconds
[2024-08-10 09:10:31,554] {scheduler_job.py:182} INFO - Started process (PID=5619) to work on /home/airflow/.local/lib/python3.6/site-packages/airflow/example_dags/example_python_operator.py
[2024-08-10 09:10:31,555] {scheduler_job.py:629} INFO - Processing file /home/airflow/.local/lib/python3.6/site-packages/airflow/example_dags/example_python_operator.py for tasks to queue
[2024-08-10 09:10:31,556] {logging_mixin.py:104} INFO - [2024-08-10 09:10:31,556] {dagbag.py:451} INFO - Filling up the DagBag from /home/airflow/.local/lib/python3.6/site-packages/airflow/example_dags/example_python_operator.py
[2024-08-10 09:10:31,567] {scheduler_job.py:639} INFO - DAG(s) dict_keys(['example_python_operator']) retrieved from /home/airflow/.local/lib/python3.6/site-packages/airflow/example_dags/example_python_operator.py
[2024-08-10 09:10:31,587] {logging_mixin.py:104} INFO - [2024-08-10 09:10:31,587] {dag.py:1824} INFO - Sync 1 DAGs
[2024-08-10 09:10:31,602] {logging_mixin.py:104} INFO - [2024-08-10 09:10:31,601] {dag.py:2280} INFO - Setting next_dagrun for example_python_operator to None
[2024-08-10 09:10:31,611] {scheduler_job.py:190} INFO - Processing /home/airflow/.local/lib/python3.6/site-packages/airflow/example_dags/example_python_operator.py took 0.062 seconds
[2024-08-10 09:11:01,708] {scheduler_job.py:182} INFO - Started process (PID=5749) to work on /home/airflow/.local/lib/python3.6/site-packages/airflow/example_dags/example_python_operator.py
[2024-08-10 09:11:01,709] {scheduler_job.py:629} INFO - Processing file /home/airflow/.local/lib/python3.6/site-packages/airflow/example_dags/example_python_operator.py for tasks to queue
[2024-08-10 09:11:01,710] {logging_mixin.py:104} INFO - [2024-08-10 09:11:01,710] {dagbag.py:451} INFO - Filling up the DagBag from /home/airflow/.local/lib/python3.6/site-packages/airflow/example_dags/example_python_operator.py
[2024-08-10 09:11:01,721] {scheduler_job.py:639} INFO - DAG(s) dict_keys(['example_python_operator']) retrieved from /home/airflow/.local/lib/python3.6/site-packages/airflow/example_dags/example_python_operator.py
[2024-08-10 09:11:01,740] {logging_mixin.py:104} INFO - [2024-08-10 09:11:01,740] {dag.py:1824} INFO - Sync 1 DAGs
[2024-08-10 09:11:01,754] {logging_mixin.py:104} INFO - [2024-08-10 09:11:01,754] {dag.py:2280} INFO - Setting next_dagrun for example_python_operator to None
[2024-08-10 09:11:01,765] {scheduler_job.py:190} INFO - Processing /home/airflow/.local/lib/python3.6/site-packages/airflow/example_dags/example_python_operator.py took 0.060 seconds
[2024-08-10 09:11:32,052] {scheduler_job.py:182} INFO - Started process (PID=5884) to work on /home/airflow/.local/lib/python3.6/site-packages/airflow/example_dags/example_python_operator.py
[2024-08-10 09:11:32,054] {scheduler_job.py:629} INFO - Processing file /home/airflow/.local/lib/python3.6/site-packages/airflow/example_dags/example_python_operator.py for tasks to queue
[2024-08-10 09:11:32,055] {logging_mixin.py:104} INFO - [2024-08-10 09:11:32,055] {dagbag.py:451} INFO - Filling up the DagBag from /home/airflow/.local/lib/python3.6/site-packages/airflow/example_dags/example_python_operator.py
[2024-08-10 09:11:32,072] {scheduler_job.py:639} INFO - DAG(s) dict_keys(['example_python_operator']) retrieved from /home/airflow/.local/lib/python3.6/site-packages/airflow/example_dags/example_python_operator.py
[2024-08-10 09:11:32,096] {logging_mixin.py:104} INFO - [2024-08-10 09:11:32,096] {dag.py:1824} INFO - Sync 1 DAGs
[2024-08-10 09:11:32,111] {logging_mixin.py:104} INFO - [2024-08-10 09:11:32,111] {dag.py:2280} INFO - Setting next_dagrun for example_python_operator to None
[2024-08-10 09:11:32,121] {scheduler_job.py:190} INFO - Processing /home/airflow/.local/lib/python3.6/site-packages/airflow/example_dags/example_python_operator.py took 0.072 seconds
[2024-08-10 09:12:02,407] {scheduler_job.py:182} INFO - Started process (PID=5989) to work on /home/airflow/.local/lib/python3.6/site-packages/airflow/example_dags/example_python_operator.py
[2024-08-10 09:12:02,408] {scheduler_job.py:629} INFO - Processing file /home/airflow/.local/lib/python3.6/site-packages/airflow/example_dags/example_python_operator.py for tasks to queue
[2024-08-10 09:12:02,408] {logging_mixin.py:104} INFO - [2024-08-10 09:12:02,408] {dagbag.py:451} INFO - Filling up the DagBag from /home/airflow/.local/lib/python3.6/site-packages/airflow/example_dags/example_python_operator.py
[2024-08-10 09:12:02,429] {scheduler_job.py:639} INFO - DAG(s) dict_keys(['example_python_operator']) retrieved from /home/airflow/.local/lib/python3.6/site-packages/airflow/example_dags/example_python_operator.py
[2024-08-10 09:12:02,460] {logging_mixin.py:104} INFO - [2024-08-10 09:12:02,460] {dag.py:1824} INFO - Sync 1 DAGs
[2024-08-10 09:12:02,482] {logging_mixin.py:104} INFO - [2024-08-10 09:12:02,481] {dag.py:2280} INFO - Setting next_dagrun for example_python_operator to None
[2024-08-10 09:12:02,495] {scheduler_job.py:190} INFO - Processing /home/airflow/.local/lib/python3.6/site-packages/airflow/example_dags/example_python_operator.py took 0.092 seconds
[2024-08-10 09:12:33,186] {scheduler_job.py:182} INFO - Started process (PID=6114) to work on /home/airflow/.local/lib/python3.6/site-packages/airflow/example_dags/example_python_operator.py
[2024-08-10 09:12:33,187] {scheduler_job.py:629} INFO - Processing file /home/airflow/.local/lib/python3.6/site-packages/airflow/example_dags/example_python_operator.py for tasks to queue
[2024-08-10 09:12:33,188] {logging_mixin.py:104} INFO - [2024-08-10 09:12:33,187] {dagbag.py:451} INFO - Filling up the DagBag from /home/airflow/.local/lib/python3.6/site-packages/airflow/example_dags/example_python_operator.py
[2024-08-10 09:12:33,201] {scheduler_job.py:639} INFO - DAG(s) dict_keys(['example_python_operator']) retrieved from /home/airflow/.local/lib/python3.6/site-packages/airflow/example_dags/example_python_operator.py
[2024-08-10 09:12:33,223] {logging_mixin.py:104} INFO - [2024-08-10 09:12:33,223] {dag.py:1824} INFO - Sync 1 DAGs
[2024-08-10 09:12:33,238] {logging_mixin.py:104} INFO - [2024-08-10 09:12:33,238] {dag.py:2280} INFO - Setting next_dagrun for example_python_operator to None
[2024-08-10 09:12:33,248] {scheduler_job.py:190} INFO - Processing /home/airflow/.local/lib/python3.6/site-packages/airflow/example_dags/example_python_operator.py took 0.066 seconds
[2024-08-10 09:13:03,644] {scheduler_job.py:182} INFO - Started process (PID=6249) to work on /home/airflow/.local/lib/python3.6/site-packages/airflow/example_dags/example_python_operator.py
[2024-08-10 09:13:03,645] {scheduler_job.py:629} INFO - Processing file /home/airflow/.local/lib/python3.6/site-packages/airflow/example_dags/example_python_operator.py for tasks to queue
[2024-08-10 09:13:03,646] {logging_mixin.py:104} INFO - [2024-08-10 09:13:03,646] {dagbag.py:451} INFO - Filling up the DagBag from /home/airflow/.local/lib/python3.6/site-packages/airflow/example_dags/example_python_operator.py
[2024-08-10 09:13:03,659] {scheduler_job.py:639} INFO - DAG(s) dict_keys(['example_python_operator']) retrieved from /home/airflow/.local/lib/python3.6/site-packages/airflow/example_dags/example_python_operator.py
[2024-08-10 09:13:03,680] {logging_mixin.py:104} INFO - [2024-08-10 09:13:03,680] {dag.py:1824} INFO - Sync 1 DAGs
[2024-08-10 09:13:03,695] {logging_mixin.py:104} INFO - [2024-08-10 09:13:03,695] {dag.py:2280} INFO - Setting next_dagrun for example_python_operator to None
[2024-08-10 09:13:03,705] {scheduler_job.py:190} INFO - Processing /home/airflow/.local/lib/python3.6/site-packages/airflow/example_dags/example_python_operator.py took 0.064 seconds
[2024-08-10 09:13:34,174] {scheduler_job.py:182} INFO - Started process (PID=6384) to work on /home/airflow/.local/lib/python3.6/site-packages/airflow/example_dags/example_python_operator.py
[2024-08-10 09:13:34,175] {scheduler_job.py:629} INFO - Processing file /home/airflow/.local/lib/python3.6/site-packages/airflow/example_dags/example_python_operator.py for tasks to queue
[2024-08-10 09:13:34,175] {logging_mixin.py:104} INFO - [2024-08-10 09:13:34,175] {dagbag.py:451} INFO - Filling up the DagBag from /home/airflow/.local/lib/python3.6/site-packages/airflow/example_dags/example_python_operator.py
[2024-08-10 09:13:34,189] {scheduler_job.py:639} INFO - DAG(s) dict_keys(['example_python_operator']) retrieved from /home/airflow/.local/lib/python3.6/site-packages/airflow/example_dags/example_python_operator.py
[2024-08-10 09:13:34,211] {logging_mixin.py:104} INFO - [2024-08-10 09:13:34,211] {dag.py:1824} INFO - Sync 1 DAGs
[2024-08-10 09:13:34,227] {logging_mixin.py:104} INFO - [2024-08-10 09:13:34,227] {dag.py:2280} INFO - Setting next_dagrun for example_python_operator to None
[2024-08-10 09:13:34,237] {scheduler_job.py:190} INFO - Processing /home/airflow/.local/lib/python3.6/site-packages/airflow/example_dags/example_python_operator.py took 0.066 seconds
[2024-08-10 09:14:04,431] {scheduler_job.py:182} INFO - Started process (PID=6519) to work on /home/airflow/.local/lib/python3.6/site-packages/airflow/example_dags/example_python_operator.py
[2024-08-10 09:14:04,432] {scheduler_job.py:629} INFO - Processing file /home/airflow/.local/lib/python3.6/site-packages/airflow/example_dags/example_python_operator.py for tasks to queue
[2024-08-10 09:14:04,432] {logging_mixin.py:104} INFO - [2024-08-10 09:14:04,432] {dagbag.py:451} INFO - Filling up the DagBag from /home/airflow/.local/lib/python3.6/site-packages/airflow/example_dags/example_python_operator.py
[2024-08-10 09:14:04,445] {scheduler_job.py:639} INFO - DAG(s) dict_keys(['example_python_operator']) retrieved from /home/airflow/.local/lib/python3.6/site-packages/airflow/example_dags/example_python_operator.py
[2024-08-10 09:14:04,464] {logging_mixin.py:104} INFO - [2024-08-10 09:14:04,464] {dag.py:1824} INFO - Sync 1 DAGs
[2024-08-10 09:14:04,478] {logging_mixin.py:104} INFO - [2024-08-10 09:14:04,478] {dag.py:2280} INFO - Setting next_dagrun for example_python_operator to None
[2024-08-10 09:14:04,488] {scheduler_job.py:190} INFO - Processing /home/airflow/.local/lib/python3.6/site-packages/airflow/example_dags/example_python_operator.py took 0.060 seconds
[2024-08-10 09:14:35,016] {scheduler_job.py:182} INFO - Started process (PID=6684) to work on /home/airflow/.local/lib/python3.6/site-packages/airflow/example_dags/example_python_operator.py
[2024-08-10 09:14:35,017] {scheduler_job.py:629} INFO - Processing file /home/airflow/.local/lib/python3.6/site-packages/airflow/example_dags/example_python_operator.py for tasks to queue
[2024-08-10 09:14:35,018] {logging_mixin.py:104} INFO - [2024-08-10 09:14:35,018] {dagbag.py:451} INFO - Filling up the DagBag from /home/airflow/.local/lib/python3.6/site-packages/airflow/example_dags/example_python_operator.py
[2024-08-10 09:14:35,030] {scheduler_job.py:639} INFO - DAG(s) dict_keys(['example_python_operator']) retrieved from /home/airflow/.local/lib/python3.6/site-packages/airflow/example_dags/example_python_operator.py
[2024-08-10 09:14:35,051] {logging_mixin.py:104} INFO - [2024-08-10 09:14:35,050] {dag.py:1824} INFO - Sync 1 DAGs
[2024-08-10 09:14:35,064] {logging_mixin.py:104} INFO - [2024-08-10 09:14:35,064] {dag.py:2280} INFO - Setting next_dagrun for example_python_operator to None
[2024-08-10 09:14:35,074] {scheduler_job.py:190} INFO - Processing /home/airflow/.local/lib/python3.6/site-packages/airflow/example_dags/example_python_operator.py took 0.061 seconds
[2024-08-10 09:15:05,475] {scheduler_job.py:182} INFO - Started process (PID=6829) to work on /home/airflow/.local/lib/python3.6/site-packages/airflow/example_dags/example_python_operator.py
[2024-08-10 09:15:05,476] {scheduler_job.py:629} INFO - Processing file /home/airflow/.local/lib/python3.6/site-packages/airflow/example_dags/example_python_operator.py for tasks to queue
[2024-08-10 09:15:05,476] {logging_mixin.py:104} INFO - [2024-08-10 09:15:05,476] {dagbag.py:451} INFO - Filling up the DagBag from /home/airflow/.local/lib/python3.6/site-packages/airflow/example_dags/example_python_operator.py
[2024-08-10 09:15:05,488] {scheduler_job.py:639} INFO - DAG(s) dict_keys(['example_python_operator']) retrieved from /home/airflow/.local/lib/python3.6/site-packages/airflow/example_dags/example_python_operator.py
[2024-08-10 09:15:05,507] {logging_mixin.py:104} INFO - [2024-08-10 09:15:05,507] {dag.py:1824} INFO - Sync 1 DAGs
[2024-08-10 09:15:05,520] {logging_mixin.py:104} INFO - [2024-08-10 09:15:05,520] {dag.py:2280} INFO - Setting next_dagrun for example_python_operator to None
[2024-08-10 09:15:05,529] {scheduler_job.py:190} INFO - Processing /home/airflow/.local/lib/python3.6/site-packages/airflow/example_dags/example_python_operator.py took 0.058 seconds
[2024-08-10 09:15:35,791] {scheduler_job.py:182} INFO - Started process (PID=6964) to work on /home/airflow/.local/lib/python3.6/site-packages/airflow/example_dags/example_python_operator.py
[2024-08-10 09:15:35,792] {scheduler_job.py:629} INFO - Processing file /home/airflow/.local/lib/python3.6/site-packages/airflow/example_dags/example_python_operator.py for tasks to queue
[2024-08-10 09:15:35,793] {logging_mixin.py:104} INFO - [2024-08-10 09:15:35,793] {dagbag.py:451} INFO - Filling up the DagBag from /home/airflow/.local/lib/python3.6/site-packages/airflow/example_dags/example_python_operator.py
[2024-08-10 09:15:35,805] {scheduler_job.py:639} INFO - DAG(s) dict_keys(['example_python_operator']) retrieved from /home/airflow/.local/lib/python3.6/site-packages/airflow/example_dags/example_python_operator.py
[2024-08-10 09:15:35,825] {logging_mixin.py:104} INFO - [2024-08-10 09:15:35,825] {dag.py:1824} INFO - Sync 1 DAGs
[2024-08-10 09:15:35,838] {logging_mixin.py:104} INFO - [2024-08-10 09:15:35,838] {dag.py:2280} INFO - Setting next_dagrun for example_python_operator to None
[2024-08-10 09:15:35,847] {scheduler_job.py:190} INFO - Processing /home/airflow/.local/lib/python3.6/site-packages/airflow/example_dags/example_python_operator.py took 0.059 seconds
[2024-08-10 09:16:05,922] {scheduler_job.py:182} INFO - Started process (PID=7099) to work on /home/airflow/.local/lib/python3.6/site-packages/airflow/example_dags/example_python_operator.py
[2024-08-10 09:16:05,923] {scheduler_job.py:629} INFO - Processing file /home/airflow/.local/lib/python3.6/site-packages/airflow/example_dags/example_python_operator.py for tasks to queue
[2024-08-10 09:16:05,923] {logging_mixin.py:104} INFO - [2024-08-10 09:16:05,923] {dagbag.py:451} INFO - Filling up the DagBag from /home/airflow/.local/lib/python3.6/site-packages/airflow/example_dags/example_python_operator.py
[2024-08-10 09:16:05,935] {scheduler_job.py:639} INFO - DAG(s) dict_keys(['example_python_operator']) retrieved from /home/airflow/.local/lib/python3.6/site-packages/airflow/example_dags/example_python_operator.py
[2024-08-10 09:16:05,955] {logging_mixin.py:104} INFO - [2024-08-10 09:16:05,955] {dag.py:1824} INFO - Sync 1 DAGs
[2024-08-10 09:16:05,969] {logging_mixin.py:104} INFO - [2024-08-10 09:16:05,969] {dag.py:2280} INFO - Setting next_dagrun for example_python_operator to None
[2024-08-10 09:16:05,978] {scheduler_job.py:190} INFO - Processing /home/airflow/.local/lib/python3.6/site-packages/airflow/example_dags/example_python_operator.py took 0.059 seconds
