[2024-08-10 08:48:26,999] {taskinstance.py:877} INFO - Dependencies all met for <TaskInstance: migrate_data_dag.completeness_check 2024-08-10T08:48:22.318395+00:00 [queued]>
[2024-08-10 08:48:27,008] {taskinstance.py:877} INFO - Dependencies all met for <TaskInstance: migrate_data_dag.completeness_check 2024-08-10T08:48:22.318395+00:00 [queued]>
[2024-08-10 08:48:27,008] {taskinstance.py:1068} INFO - 
--------------------------------------------------------------------------------
[2024-08-10 08:48:27,008] {taskinstance.py:1069} INFO - Starting attempt 1 of 2
[2024-08-10 08:48:27,009] {taskinstance.py:1070} INFO - 
--------------------------------------------------------------------------------
[2024-08-10 08:48:27,021] {taskinstance.py:1089} INFO - Executing <Task(PythonOperator): completeness_check> on 2024-08-10T08:48:22.318395+00:00
[2024-08-10 08:48:27,024] {standard_task_runner.py:52} INFO - Started process 32185 to run task
[2024-08-10 08:48:27,027] {standard_task_runner.py:76} INFO - Running: ['airflow', 'tasks', 'run', 'migrate_data_dag', 'completeness_check', '2024-08-10T08:48:22.318395+00:00', '--job-id', '145', '--pool', 'default_pool', '--raw', '--subdir', 'DAGS_FOLDER/dag.py', '--cfg-path', '/tmp/tmpkfdgp59l', '--error-file', '/tmp/tmpjn0i2_li']
[2024-08-10 08:48:27,030] {standard_task_runner.py:77} INFO - Job 145: Subtask completeness_check
[2024-08-10 08:48:27,067] {logging_mixin.py:104} INFO - Running <TaskInstance: migrate_data_dag.completeness_check 2024-08-10T08:48:22.318395+00:00 [running]> on host bcea38538591
[2024-08-10 08:48:27,101] {taskinstance.py:1283} INFO - Exporting the following env vars:
AIRFLOW_CTX_DAG_OWNER=airflow
AIRFLOW_CTX_DAG_ID=migrate_data_dag
AIRFLOW_CTX_TASK_ID=completeness_check
AIRFLOW_CTX_EXECUTION_DATE=2024-08-10T08:48:22.318395+00:00
AIRFLOW_CTX_DAG_RUN_ID=manual__2024-08-10T08:48:22.318395+00:00
[2024-08-10 08:48:27,108] {base.py:78} INFO - Using connection to: id: postgres_source. Host: postgres, Port: 5432, Schema: source, Login: postgres, Password: XXXXXXXX, extra: None
[2024-08-10 08:48:27,115] {base.py:78} INFO - Using connection to: id: mysql_dest. Host: mysql-db-migrate, Port: 3306, Schema: db, Login: root, Password: XXXXXXXX, extra: None
[2024-08-10 08:48:27,120] {base.py:78} INFO - Using connection to: id: mysql_dest. Host: mysql-db-migrate, Port: 3306, Schema: db, Login: root, Password: XXXXXXXX, extra: None
[2024-08-10 08:48:27,156] {logging_mixin.py:104} INFO -    table_name
0  film_actor
1     address
2        city
3       actor
4  actor_info
[2024-08-10 08:48:27,157] {logging_mixin.py:104} INFO - 0    film_actor
1       address
2          city
3         actor
4    actor_info
Name: table_name, dtype: object
[2024-08-10 08:48:27,396] {python.py:118} INFO - Done. Returned value was: None
[2024-08-10 08:48:27,418] {taskinstance.py:1192} INFO - Marking task as SUCCESS. dag_id=migrate_data_dag, task_id=completeness_check, execution_date=20240810T084822, start_date=20240810T084827, end_date=20240810T084827
[2024-08-10 08:48:27,440] {taskinstance.py:1246} INFO - 0 downstream tasks scheduled from follow-on schedule check
[2024-08-10 08:48:27,480] {local_task_job.py:146} INFO - Task exited with return code 0
